exec ${PAGER:-/usr/bin/less} "$0" || exit 1
-----------------------------------------------------------------------------
JUnit4 Test Runner
.E.E..E.....E...........
Provider:BC
AlgorithmParameterGenerator.1.2.804.2.1.1.1.1.1.3.5.1
AlgorithmParameterGenerator.1.2.804.2.1.1.1.1.1.3.5.2
AlgorithmParameterGenerator.1.2.804.2.1.1.1.1.1.3.5.3
AlgorithmParameterGenerator.1.2.840.113549.3.2
AlgorithmParameterGenerator.1.3.6.1.4.1.188.7.1.1.2
AlgorithmParameterGenerator.AES
AlgorithmParameterGenerator.ARIA
AlgorithmParameterGenerator.ARIACCM
AlgorithmParameterGenerator.ARIAGCM
AlgorithmParameterGenerator.CAMELLIA
AlgorithmParameterGenerator.CAST5
AlgorithmParameterGenerator.CCM
AlgorithmParameterGenerator.DES
AlgorithmParameterGenerator.DESEDE
AlgorithmParameterGenerator.DH
AlgorithmParameterGenerator.DSA
AlgorithmParameterGenerator.DSTU7624
AlgorithmParameterGenerator.ELGAMAL
AlgorithmParameterGenerator.ElGamal
AlgorithmParameterGenerator.GCM
AlgorithmParameterGenerator.GOST28147
AlgorithmParameterGenerator.GOST3410
AlgorithmParameterGenerator.IDEA
AlgorithmParameterGenerator.NOEKEON
AlgorithmParameterGenerator.OID.1.2.804.2.1.1.1.1.1.3.5.1
AlgorithmParameterGenerator.OID.1.2.804.2.1.1.1.1.1.3.5.2
AlgorithmParameterGenerator.OID.1.2.804.2.1.1.1.1.1.3.5.3
AlgorithmParameterGenerator.RC2
AlgorithmParameterGenerator.SEED
AlgorithmParameterGenerator.SHACAL-2
AlgorithmParameterGenerator.SM4
AlgorithmParameterGenerator.Shacal2
AlgorithmParameters.1.2.804.2.1.1.1.1.1.3.5.1
AlgorithmParameters.1.2.804.2.1.1.1.1.1.3.5.2
AlgorithmParameters.1.2.804.2.1.1.1.1.1.3.5.3
AlgorithmParameters.1.2.840.113549.3.2
AlgorithmParameters.1.3.6.1.4.1.188.7.1.1.2
AlgorithmParameters.AES
AlgorithmParameters.ARIA
AlgorithmParameters.BLOWFISH
AlgorithmParameters.CAMELLIA
AlgorithmParameters.CAST5
AlgorithmParameters.CCM
AlgorithmParameters.DES
AlgorithmParameters.DESEDE
AlgorithmParameters.DH
AlgorithmParameters.DSA
AlgorithmParameters.DSTU7624
AlgorithmParameters.EC
AlgorithmParameters.ECGOST3410
AlgorithmParameters.ECIES
AlgorithmParameters.ELGAMAL
AlgorithmParameters.ElGamal
AlgorithmParameters.GCM
AlgorithmParameters.GOST28147
AlgorithmParameters.GOST3410
AlgorithmParameters.IDEA
AlgorithmParameters.IES
AlgorithmParameters.NOEKEON
AlgorithmParameters.OAEP
AlgorithmParameters.OID.1.2.804.2.1.1.1.1.1.3.5.1
AlgorithmParameters.OID.1.2.804.2.1.1.1.1.1.3.5.2
AlgorithmParameters.OID.1.2.804.2.1.1.1.1.1.3.5.3
AlgorithmParameters.PBKDF1
AlgorithmParameters.PBKDF2
AlgorithmParameters.PKCS12PBE
AlgorithmParameters.PSS
AlgorithmParameters.RC2
AlgorithmParameters.RC5
AlgorithmParameters.RC5-64
AlgorithmParameters.RC6
AlgorithmParameters.RIJNDAEL
AlgorithmParameters.SEED
AlgorithmParameters.SHACAL-2
AlgorithmParameters.SKIPJACK
AlgorithmParameters.SM4
AlgorithmParameters.Serpent
AlgorithmParameters.Shacal2
AlgorithmParameters.TEA
AlgorithmParameters.Threefish-1024
AlgorithmParameters.Threefish-256
AlgorithmParameters.Threefish-512
AlgorithmParameters.Tnepres
AlgorithmParameters.Twofish
AlgorithmParameters.XTEA
CertPathBuilder.PKIX
CertPathBuilder.RFC3280
CertPathBuilder.RFC3281
CertPathValidator.PKIX
CertPathValidator.RFC3280
CertPathValidator.RFC3281
CertStore.Collection
CertStore.LDAP
CertStore.Multi
CertificateFactory.X.509
Cipher.1.2.392.200011.61.1.1.1.2
Cipher.1.2.392.200011.61.1.1.1.3
Cipher.1.2.392.200011.61.1.1.1.4
Cipher.1.2.410.200004.1.4
Cipher.1.2.410.200046.1.1.1
Cipher.1.2.410.200046.1.1.11
Cipher.1.2.410.200046.1.1.12
Cipher.1.2.410.200046.1.1.13
Cipher.1.2.410.200046.1.1.14
Cipher.1.2.410.200046.1.1.2
Cipher.1.2.410.200046.1.1.3
Cipher.1.2.410.200046.1.1.4
Cipher.1.2.410.200046.1.1.6
Cipher.1.2.410.200046.1.1.7
Cipher.1.2.410.200046.1.1.8
Cipher.1.2.410.200046.1.1.9
Cipher.1.2.643.2.2.13.0
Cipher.1.2.643.2.2.13.1
Cipher.1.2.643.2.2.21
Cipher.1.2.804.2.1.1.1.1.1.3.1.1
Cipher.1.2.804.2.1.1.1.1.1.3.1.2
Cipher.1.2.804.2.1.1.1.1.1.3.1.3
Cipher.1.2.804.2.1.1.1.1.1.3.2.1
Cipher.1.2.804.2.1.1.1.1.1.3.2.2
Cipher.1.2.804.2.1.1.1.1.1.3.2.3
Cipher.1.2.804.2.1.1.1.1.1.3.3.1
Cipher.1.2.804.2.1.1.1.1.1.3.3.2
Cipher.1.2.804.2.1.1.1.1.1.3.3.3
Cipher.1.2.804.2.1.1.1.1.1.3.5.1
Cipher.1.2.804.2.1.1.1.1.1.3.5.2
Cipher.1.2.804.2.1.1.1.1.1.3.5.3
Cipher.1.2.804.2.1.1.1.1.1.3.6.1
Cipher.1.2.804.2.1.1.1.1.1.3.6.2
Cipher.1.2.804.2.1.1.1.1.1.3.6.3
Cipher.1.2.804.2.1.1.1.1.1.3.8.1
Cipher.1.2.804.2.1.1.1.1.1.3.8.2
Cipher.1.2.804.2.1.1.1.1.1.3.8.3
Cipher.1.2.840.113533.7.66.10
Cipher.1.2.840.113549.1.1.1
Cipher.1.2.840.113549.1.1.7
Cipher.1.2.840.113549.1.9.16.3.6
Cipher.1.2.840.113549.3.2
Cipher.1.2.840.113549.3.7
Cipher.1.3.14.3.2.7
Cipher.1.3.6.1.4.1.11591.13.2.1
Cipher.1.3.6.1.4.1.11591.13.2.2
Cipher.1.3.6.1.4.1.11591.13.2.21
Cipher.1.3.6.1.4.1.11591.13.2.22
Cipher.1.3.6.1.4.1.11591.13.2.23
Cipher.1.3.6.1.4.1.11591.13.2.24
Cipher.1.3.6.1.4.1.11591.13.2.3
Cipher.1.3.6.1.4.1.11591.13.2.4
Cipher.1.3.6.1.4.1.11591.13.2.41
Cipher.1.3.6.1.4.1.11591.13.2.42
Cipher.1.3.6.1.4.1.11591.13.2.43
Cipher.1.3.6.1.4.1.11591.13.2.44
Cipher.1.3.6.1.4.1.188.7.1.1.2
Cipher.1.3.6.1.4.1.3029.1.1.2
Cipher.2.16.840.1.101.3.4.1.1
Cipher.2.16.840.1.101.3.4.1.2
Cipher.2.16.840.1.101.3.4.1.21
Cipher.2.16.840.1.101.3.4.1.22
Cipher.2.16.840.1.101.3.4.1.23
Cipher.2.16.840.1.101.3.4.1.24
Cipher.2.16.840.1.101.3.4.1.3
Cipher.2.16.840.1.101.3.4.1.4
Cipher.2.16.840.1.101.3.4.1.41
Cipher.2.16.840.1.101.3.4.1.42
Cipher.2.16.840.1.101.3.4.1.43
Cipher.2.16.840.1.101.3.4.1.44
Cipher.2.5.8.1.1
Cipher.AES
Cipher.AES SupportedKeyClasses
Cipher.AES SupportedKeyFormats
Cipher.AESRFC3211WRAP
Cipher.AESRFC5649WRAP
Cipher.AESWRAP
Cipher.AESWRAP SupportedKeyClasses
Cipher.AESWRAP SupportedKeyFormats
Cipher.AESWRAPPAD
Cipher.AESWRAPPAD SupportedKeyClasses
Cipher.AESWRAPPAD SupportedKeyFormats
Cipher.ARC4
Cipher.ARIA
Cipher.ARIARFC3211WRAP
Cipher.ARIAWRAP
Cipher.ARIAWRAPPAD
Cipher.BLOWFISH
Cipher.BROKENPBEWITHMD5ANDDES
Cipher.BROKENPBEWITHSHA1ANDDES
Cipher.BROKENPBEWITHSHAAND2-KEYTRIPLEDES-CBC
Cipher.BROKENPBEWITHSHAAND3-KEYTRIPLEDES-CBC
Cipher.CAMELLIA
Cipher.CAMELLIARFC3211WRAP
Cipher.CAMELLIAWRAP
Cipher.CAST5
Cipher.CAST6
Cipher.CCM
Cipher.CCM SupportedKeyClasses
Cipher.CCM SupportedKeyFormats
Cipher.CHACHA
Cipher.CHACHA7539
Cipher.DES
Cipher.DESEDE
Cipher.DESEDERFC3211WRAP
Cipher.DESEDEWRAP
Cipher.DESRFC3211WRAP
Cipher.DHIES
Cipher.DHIESWITHAES-CBC
Cipher.DHIESWITHDESEDE-CBC
Cipher.DHIESwithAES-CBC
Cipher.DSTU7624
Cipher.DSTU7624-128
Cipher.DSTU7624-128KW
Cipher.DSTU7624-256
Cipher.DSTU7624-256KW
Cipher.DSTU7624-512
Cipher.DSTU7624-512KW
Cipher.DSTU7624KW
Cipher.ECIES
Cipher.ECIESWITHAES-CBC
Cipher.ECIESWITHDESEDE-CBC
Cipher.ECIESwithAES-CBC
Cipher.ECIESwithDESEDE-CBC
Cipher.ELGAMAL
Cipher.ELGAMAL/PKCS1
Cipher.ElGamal
Cipher.GCM
Cipher.GCM SupportedKeyClasses
Cipher.GCM SupportedKeyFormats
Cipher.GOST28147
Cipher.GOST3412-2015
Cipher.GOST3412-2015/CBC
Cipher.GOST3412-2015/CFB
Cipher.GOST3412-2015/CFB8
Cipher.GOST3412-2015/CTR
Cipher.GOST3412-2015/OFB
Cipher.Grain128
Cipher.Grainv1
Cipher.HC128
Cipher.HC256
Cipher.IDEA
Cipher.IES
Cipher.IESWITHAES-CBC
Cipher.IESWITHDESEDE-CBC
Cipher.IESwithAES-CBC
Cipher.NOEKEON
Cipher.OID.1.2.392.200011.61.1.1.1.2
Cipher.OID.1.2.392.200011.61.1.1.1.3
Cipher.OID.1.2.392.200011.61.1.1.1.4
Cipher.OID.1.2.410.200004.1.4
Cipher.OID.1.2.410.200046.1.1.1
Cipher.OID.1.2.410.200046.1.1.11
Cipher.OID.1.2.410.200046.1.1.12
Cipher.OID.1.2.410.200046.1.1.13
Cipher.OID.1.2.410.200046.1.1.14
Cipher.OID.1.2.410.200046.1.1.2
Cipher.OID.1.2.410.200046.1.1.3
Cipher.OID.1.2.410.200046.1.1.4
Cipher.OID.1.2.410.200046.1.1.6
Cipher.OID.1.2.410.200046.1.1.7
Cipher.OID.1.2.410.200046.1.1.8
Cipher.OID.1.2.410.200046.1.1.9
Cipher.OID.1.2.804.2.1.1.1.1.1.3.1.1
Cipher.OID.1.2.804.2.1.1.1.1.1.3.1.2
Cipher.OID.1.2.804.2.1.1.1.1.1.3.1.3
Cipher.OID.1.2.804.2.1.1.1.1.1.3.2.1
Cipher.OID.1.2.804.2.1.1.1.1.1.3.2.2
Cipher.OID.1.2.804.2.1.1.1.1.1.3.2.3
Cipher.OID.1.2.804.2.1.1.1.1.1.3.3.1
Cipher.OID.1.2.804.2.1.1.1.1.1.3.3.2
Cipher.OID.1.2.804.2.1.1.1.1.1.3.3.3
Cipher.OID.1.2.804.2.1.1.1.1.1.3.5.1
Cipher.OID.1.2.804.2.1.1.1.1.1.3.5.2
Cipher.OID.1.2.804.2.1.1.1.1.1.3.5.3
Cipher.OID.1.2.804.2.1.1.1.1.1.3.6.1
Cipher.OID.1.2.804.2.1.1.1.1.1.3.6.2
Cipher.OID.1.2.804.2.1.1.1.1.1.3.6.3
Cipher.OID.1.2.804.2.1.1.1.1.1.3.8.1
Cipher.OID.1.2.804.2.1.1.1.1.1.3.8.2
Cipher.OID.1.2.804.2.1.1.1.1.1.3.8.3
Cipher.OID.1.2.840.113533.7.66.10
Cipher.OID.1.2.840.113549.1.1.1
Cipher.OID.1.2.840.113549.1.1.7
Cipher.OID.1.2.840.113549.1.9.16.3.6
Cipher.OID.1.2.840.113549.3.2
Cipher.OID.1.2.840.113549.3.7
Cipher.OID.1.3.14.3.2.7
Cipher.OID.1.3.6.1.4.1.11591.13.2.1
Cipher.OID.1.3.6.1.4.1.11591.13.2.2
Cipher.OID.1.3.6.1.4.1.11591.13.2.21
Cipher.OID.1.3.6.1.4.1.11591.13.2.22
Cipher.OID.1.3.6.1.4.1.11591.13.2.23
Cipher.OID.1.3.6.1.4.1.11591.13.2.24
Cipher.OID.1.3.6.1.4.1.11591.13.2.3
Cipher.OID.1.3.6.1.4.1.11591.13.2.4
Cipher.OID.1.3.6.1.4.1.11591.13.2.41
Cipher.OID.1.3.6.1.4.1.11591.13.2.42
Cipher.OID.1.3.6.1.4.1.11591.13.2.43
Cipher.OID.1.3.6.1.4.1.11591.13.2.44
Cipher.OID.1.3.6.1.4.1.188.7.1.1.2
Cipher.OID.1.3.6.1.4.1.3029.1.1.2
Cipher.OID.2.16.840.1.101.3.4.1.1
Cipher.OID.2.16.840.1.101.3.4.1.2
Cipher.OID.2.16.840.1.101.3.4.1.21
Cipher.OID.2.16.840.1.101.3.4.1.22
Cipher.OID.2.16.840.1.101.3.4.1.23
Cipher.OID.2.16.840.1.101.3.4.1.24
Cipher.OID.2.16.840.1.101.3.4.1.3
Cipher.OID.2.16.840.1.101.3.4.1.4
Cipher.OID.2.16.840.1.101.3.4.1.41
Cipher.OID.2.16.840.1.101.3.4.1.42
Cipher.OID.2.16.840.1.101.3.4.1.43
Cipher.OID.2.16.840.1.101.3.4.1.44
Cipher.OID.2.5.8.1.1
Cipher.OLDPBEWITHSHAAND3-KEYTRIPLEDES-CBC
Cipher.OLDPBEWITHSHAANDTWOFISH-CBC
Cipher.PBEWITHMD2ANDDES
Cipher.PBEWITHMD5AND128BITAES-CBC-OPENSSL
Cipher.PBEWITHMD5AND192BITAES-CBC-OPENSSL
Cipher.PBEWITHMD5AND256BITAES-CBC-OPENSSL
Cipher.PBEWITHMD5ANDDES
Cipher.PBEWITHMD5ANDRC2
Cipher.PBEWITHSHA1ANDDES
Cipher.PBEWITHSHA1ANDRC2
Cipher.PBEWITHSHA256AND128BITAES-CBC-BC
Cipher.PBEWITHSHA256AND192BITAES-CBC-BC
Cipher.PBEWITHSHA256AND256BITAES-CBC-BC
Cipher.PBEWITHSHAAND128BITAES-CBC-BC
Cipher.PBEWITHSHAAND128BITRC2-CBC
Cipher.PBEWITHSHAAND128BITRC4
Cipher.PBEWITHSHAAND192BITAES-CBC-BC
Cipher.PBEWITHSHAAND2-KEYTRIPLEDES-CBC
Cipher.PBEWITHSHAAND256BITAES-CBC-BC
Cipher.PBEWITHSHAAND3-KEYTRIPLEDES-CBC
Cipher.PBEWITHSHAAND40BITRC2-CBC
Cipher.PBEWITHSHAAND40BITRC4
Cipher.PBEWITHSHAANDIDEA-CBC
Cipher.PBEWITHSHAANDTWOFISH-CBC
Cipher.RC2
Cipher.RC2WRAP
Cipher.RC5
Cipher.RC5-64
Cipher.RC6
Cipher.RIJNDAEL
Cipher.RSA
Cipher.RSA SupportedKeyClasses
Cipher.RSA SupportedKeyFormats
Cipher.RSA/1
Cipher.RSA/2
Cipher.RSA/ISO9796-1
Cipher.RSA/OAEP
Cipher.RSA/PKCS1
Cipher.RSA/RAW
Cipher.SALSA20
Cipher.SEED
Cipher.SEEDWRAP
Cipher.SHACAL-2
Cipher.SKIPJACK
Cipher.SM4
Cipher.Serpent
Cipher.Shacal2
Cipher.TEA
Cipher.Threefish-1024
Cipher.Threefish-256
Cipher.Threefish-512
Cipher.Tnepres
Cipher.Twofish
Cipher.VMPC
Cipher.VMPC-KSA3
Cipher.XSALSA20
Cipher.XTEA
KeyAgreement.1.2.840.113549.1.9.16.3.10
KeyAgreement.1.2.840.113549.1.9.16.3.5
KeyAgreement.1.3.132.1.11.0
KeyAgreement.1.3.132.1.11.1
KeyAgreement.1.3.132.1.11.2
KeyAgreement.1.3.132.1.11.3
KeyAgreement.1.3.132.1.14.0
KeyAgreement.1.3.132.1.14.1
KeyAgreement.1.3.132.1.14.2
KeyAgreement.1.3.132.1.14.3
KeyAgreement.1.3.132.1.15.0
KeyAgreement.1.3.132.1.15.1
KeyAgreement.1.3.132.1.15.2
KeyAgreement.1.3.132.1.15.3
KeyAgreement.1.3.133.16.840.63.0.16
KeyAgreement.1.3.133.16.840.63.0.2
KeyAgreement.1.3.133.16.840.63.0.3
KeyAgreement.DH
KeyAgreement.DH SupportedKeyClasses
KeyAgreement.DH SupportedKeyFormats
KeyAgreement.ECCDH
KeyAgreement.ECCDH SupportedKeyClasses
KeyAgreement.ECCDH SupportedKeyFormats
KeyAgreement.ECCDHU
KeyAgreement.ECCDHU SupportedKeyClasses
KeyAgreement.ECCDHU SupportedKeyFormats
KeyAgreement.ECCDHUWITHSHA1CKDF
KeyAgreement.ECCDHUWITHSHA224CKDF
KeyAgreement.ECCDHUWITHSHA256CKDF
KeyAgreement.ECCDHUWITHSHA384CKDF
KeyAgreement.ECCDHUWITHSHA512CKDF
KeyAgreement.ECCDHWITHSHA1CKDF
KeyAgreement.ECCDHWITHSHA1KDF
KeyAgreement.ECCDHWITHSHA224KDF
KeyAgreement.ECCDHWITHSHA256CKDF
KeyAgreement.ECCDHWITHSHA256KDF
KeyAgreement.ECCDHWITHSHA384CKDF
KeyAgreement.ECCDHWITHSHA384KDF
KeyAgreement.ECCDHWITHSHA512CKDF
KeyAgreement.ECCDHWITHSHA512KDF
KeyAgreement.ECDH
KeyAgreement.ECDH SupportedKeyClasses
KeyAgreement.ECDH SupportedKeyFormats
KeyAgreement.ECDHC
KeyAgreement.ECDHC SupportedKeyClasses
KeyAgreement.ECDHC SupportedKeyFormats
KeyAgreement.ECDHWITHSHA1KDF
KeyAgreement.ECDHWITHSHA224KDF
KeyAgreement.ECDHWITHSHA256KDF
KeyAgreement.ECDHWITHSHA384KDF
KeyAgreement.ECDHWITHSHA512KDF
KeyAgreement.ECGOST3410
KeyAgreement.ECGOST3410-2012-256
KeyAgreement.ECGOST3410-2012-512
KeyAgreement.ECMQV
KeyAgreement.ECMQVWITHSHA1CKDF
KeyAgreement.ECMQVWITHSHA224CKDF
KeyAgreement.ECMQVWITHSHA256CKDF
KeyAgreement.ECMQVWITHSHA384CKDF
KeyAgreement.ECMQVWITHSHA512CKDF
KeyAgreement.OID.1.2.840.113549.1.9.16.3.10
KeyAgreement.OID.1.2.840.113549.1.9.16.3.5
KeyFactory.DH
KeyFactory.DSA
KeyFactory.DSTU4145
KeyFactory.EC
KeyFactory.ECDH
KeyFactory.ECDHC
KeyFactory.ECDSA
KeyFactory.ECGOST3410
KeyFactory.ECGOST3410-2012
KeyFactory.ECMQV
KeyFactory.ELGAMAL
KeyFactory.ElGamal
KeyFactory.GOST3410
KeyFactory.RSA
KeyFactory.X.509
KeyGenerator.1.2.392.200011.61.1.1.1.2
KeyGenerator.1.2.392.200011.61.1.1.1.3
KeyGenerator.1.2.392.200011.61.1.1.1.4
KeyGenerator.1.2.392.200011.61.1.1.3.2
KeyGenerator.1.2.392.200011.61.1.1.3.3
KeyGenerator.1.2.392.200011.61.1.1.3.4
KeyGenerator.1.2.410.200004.1.4
KeyGenerator.1.2.410.200004.7.1.1.1
KeyGenerator.1.2.410.200046.1.1.1
KeyGenerator.1.2.410.200046.1.1.11
KeyGenerator.1.2.410.200046.1.1.12
KeyGenerator.1.2.410.200046.1.1.13
KeyGenerator.1.2.410.200046.1.1.14
KeyGenerator.1.2.410.200046.1.1.2
KeyGenerator.1.2.410.200046.1.1.3
KeyGenerator.1.2.410.200046.1.1.34
KeyGenerator.1.2.410.200046.1.1.35
KeyGenerator.1.2.410.200046.1.1.36
KeyGenerator.1.2.410.200046.1.1.37
KeyGenerator.1.2.410.200046.1.1.38
KeyGenerator.1.2.410.200046.1.1.39
KeyGenerator.1.2.410.200046.1.1.4
KeyGenerator.1.2.410.200046.1.1.40
KeyGenerator.1.2.410.200046.1.1.41
KeyGenerator.1.2.410.200046.1.1.42
KeyGenerator.1.2.410.200046.1.1.43
KeyGenerator.1.2.410.200046.1.1.44
KeyGenerator.1.2.410.200046.1.1.45
KeyGenerator.1.2.410.200046.1.1.6
KeyGenerator.1.2.410.200046.1.1.7
KeyGenerator.1.2.410.200046.1.1.8
KeyGenerator.1.2.410.200046.1.1.9
KeyGenerator.1.2.804.2.1.1.1.1.1.3.1.1
KeyGenerator.1.2.804.2.1.1.1.1.1.3.1.2
KeyGenerator.1.2.804.2.1.1.1.1.1.3.1.3
KeyGenerator.1.2.804.2.1.1.1.1.1.3.10.1
KeyGenerator.1.2.804.2.1.1.1.1.1.3.10.2
KeyGenerator.1.2.804.2.1.1.1.1.1.3.10.3
KeyGenerator.1.2.804.2.1.1.1.1.1.3.2.1
KeyGenerator.1.2.804.2.1.1.1.1.1.3.2.2
KeyGenerator.1.2.804.2.1.1.1.1.1.3.2.3
KeyGenerator.1.2.804.2.1.1.1.1.1.3.3.1
KeyGenerator.1.2.804.2.1.1.1.1.1.3.3.2
KeyGenerator.1.2.804.2.1.1.1.1.1.3.3.3
KeyGenerator.1.2.804.2.1.1.1.1.1.3.5.1
KeyGenerator.1.2.804.2.1.1.1.1.1.3.5.2
KeyGenerator.1.2.804.2.1.1.1.1.1.3.5.3
KeyGenerator.1.2.804.2.1.1.1.1.1.3.6.1
KeyGenerator.1.2.804.2.1.1.1.1.1.3.6.2
KeyGenerator.1.2.804.2.1.1.1.1.1.3.6.3
KeyGenerator.1.2.804.2.1.1.1.1.1.3.7.1
KeyGenerator.1.2.804.2.1.1.1.1.1.3.7.2
KeyGenerator.1.2.804.2.1.1.1.1.1.3.7.3
KeyGenerator.1.2.804.2.1.1.1.1.1.3.8.1
KeyGenerator.1.2.804.2.1.1.1.1.1.3.8.2
KeyGenerator.1.2.804.2.1.1.1.1.1.3.8.3
KeyGenerator.1.2.840.113549.3.2
KeyGenerator.1.2.840.113549.3.7
KeyGenerator.1.3.6.1.4.1.188.7.1.1.2
KeyGenerator.2.16.840.1.101.3.4.1.1
KeyGenerator.2.16.840.1.101.3.4.1.2
KeyGenerator.2.16.840.1.101.3.4.1.21
KeyGenerator.2.16.840.1.101.3.4.1.22
KeyGenerator.2.16.840.1.101.3.4.1.23
KeyGenerator.2.16.840.1.101.3.4.1.24
KeyGenerator.2.16.840.1.101.3.4.1.25
KeyGenerator.2.16.840.1.101.3.4.1.26
KeyGenerator.2.16.840.1.101.3.4.1.27
KeyGenerator.2.16.840.1.101.3.4.1.28
KeyGenerator.2.16.840.1.101.3.4.1.3
KeyGenerator.2.16.840.1.101.3.4.1.4
KeyGenerator.2.16.840.1.101.3.4.1.41
KeyGenerator.2.16.840.1.101.3.4.1.42
KeyGenerator.2.16.840.1.101.3.4.1.43
KeyGenerator.2.16.840.1.101.3.4.1.44
KeyGenerator.2.16.840.1.101.3.4.1.45
KeyGenerator.2.16.840.1.101.3.4.1.46
KeyGenerator.2.16.840.1.101.3.4.1.47
KeyGenerator.2.16.840.1.101.3.4.1.48
KeyGenerator.2.16.840.1.101.3.4.1.5
KeyGenerator.2.16.840.1.101.3.4.1.6
KeyGenerator.2.16.840.1.101.3.4.1.7
KeyGenerator.2.16.840.1.101.3.4.1.8
KeyGenerator.2.16.840.1.101.3.4.2
KeyGenerator.2.16.840.1.101.3.4.22
KeyGenerator.2.16.840.1.101.3.4.42
KeyGenerator.AES
KeyGenerator.AES-GMAC
KeyGenerator.AESWRAP
KeyGenerator.AESWRAPPAD
KeyGenerator.ARC4
KeyGenerator.ARIA
KeyGenerator.ARIA-GMAC
KeyGenerator.BLOWFISH
KeyGenerator.CAMELLIA
KeyGenerator.CAMELLIA-GMAC
KeyGenerator.CAST5
KeyGenerator.CAST6
KeyGenerator.CAST6-GMAC
KeyGenerator.CHACHA
KeyGenerator.CHACHA7539
KeyGenerator.DES
KeyGenerator.DESEDE
KeyGenerator.DESEDEWRAP
KeyGenerator.DSTU7624
KeyGenerator.GOST28147
KeyGenerator.GOST3412-2015
KeyGenerator.Grain128
KeyGenerator.Grainv1
KeyGenerator.HC128
KeyGenerator.HC256
KeyGenerator.HMACDSTU7564-256
KeyGenerator.HMACDSTU7564-384
KeyGenerator.HMACDSTU7564-512
KeyGenerator.HMACGOST3411
KeyGenerator.HMACGOST3411-2012-256
KeyGenerator.HMACGOST3411-2012-512
KeyGenerator.HMACKECCAK224
KeyGenerator.HMACKECCAK256
KeyGenerator.HMACKECCAK288
KeyGenerator.HMACKECCAK384
KeyGenerator.HMACKECCAK512
KeyGenerator.HMACMD2
KeyGenerator.HMACMD4
KeyGenerator.HMACMD5
KeyGenerator.HMACRIPEMD128
KeyGenerator.HMACRIPEMD160
KeyGenerator.HMACRIPEMD256
KeyGenerator.HMACRIPEMD320
KeyGenerator.HMACSHA1
KeyGenerator.HMACSHA224
KeyGenerator.HMACSHA256
KeyGenerator.HMACSHA3-224
KeyGenerator.HMACSHA3-256
KeyGenerator.HMACSHA3-384
KeyGenerator.HMACSHA3-512
KeyGenerator.HMACSHA384
KeyGenerator.HMACSHA512
KeyGenerator.HMACSHA512/224
KeyGenerator.HMACSHA512/256
KeyGenerator.HMACSkein-1024-1024
KeyGenerator.HMACSkein-1024-384
KeyGenerator.HMACSkein-1024-512
KeyGenerator.HMACSkein-256-128
KeyGenerator.HMACSkein-256-160
KeyGenerator.HMACSkein-256-224
KeyGenerator.HMACSkein-256-256
KeyGenerator.HMACSkein-512-128
KeyGenerator.HMACSkein-512-160
KeyGenerator.HMACSkein-512-224
KeyGenerator.HMACSkein-512-256
KeyGenerator.HMACSkein-512-384
KeyGenerator.HMACSkein-512-512
KeyGenerator.HMACTIGER
KeyGenerator.HMACWHIRLPOOL
KeyGenerator.IDEA
KeyGenerator.NOEKEON
KeyGenerator.NOEKEON-GMAC
KeyGenerator.OID.1.2.392.200011.61.1.1.1.2
KeyGenerator.OID.1.2.392.200011.61.1.1.1.3
KeyGenerator.OID.1.2.392.200011.61.1.1.1.4
KeyGenerator.OID.1.2.392.200011.61.1.1.3.2
KeyGenerator.OID.1.2.392.200011.61.1.1.3.3
KeyGenerator.OID.1.2.392.200011.61.1.1.3.4
KeyGenerator.OID.1.2.410.200004.1.4
KeyGenerator.OID.1.2.410.200004.7.1.1.1
KeyGenerator.OID.1.2.410.200046.1.1.1
KeyGenerator.OID.1.2.410.200046.1.1.11
KeyGenerator.OID.1.2.410.200046.1.1.12
KeyGenerator.OID.1.2.410.200046.1.1.13
KeyGenerator.OID.1.2.410.200046.1.1.14
KeyGenerator.OID.1.2.410.200046.1.1.2
KeyGenerator.OID.1.2.410.200046.1.1.3
KeyGenerator.OID.1.2.410.200046.1.1.34
KeyGenerator.OID.1.2.410.200046.1.1.35
KeyGenerator.OID.1.2.410.200046.1.1.36
KeyGenerator.OID.1.2.410.200046.1.1.37
KeyGenerator.OID.1.2.410.200046.1.1.38
KeyGenerator.OID.1.2.410.200046.1.1.39
KeyGenerator.OID.1.2.410.200046.1.1.4
KeyGenerator.OID.1.2.410.200046.1.1.40
KeyGenerator.OID.1.2.410.200046.1.1.41
KeyGenerator.OID.1.2.410.200046.1.1.42
KeyGenerator.OID.1.2.410.200046.1.1.43
KeyGenerator.OID.1.2.410.200046.1.1.44
KeyGenerator.OID.1.2.410.200046.1.1.45
KeyGenerator.OID.1.2.410.200046.1.1.6
KeyGenerator.OID.1.2.410.200046.1.1.7
KeyGenerator.OID.1.2.410.200046.1.1.8
KeyGenerator.OID.1.2.410.200046.1.1.9
KeyGenerator.OID.1.2.804.2.1.1.1.1.1.3.1.1
KeyGenerator.OID.1.2.804.2.1.1.1.1.1.3.1.2
KeyGenerator.OID.1.2.804.2.1.1.1.1.1.3.1.3
KeyGenerator.OID.1.2.804.2.1.1.1.1.1.3.10.1
KeyGenerator.OID.1.2.804.2.1.1.1.1.1.3.10.2
KeyGenerator.OID.1.2.804.2.1.1.1.1.1.3.10.3
KeyGenerator.OID.1.2.804.2.1.1.1.1.1.3.2.1
KeyGenerator.OID.1.2.804.2.1.1.1.1.1.3.2.2
KeyGenerator.OID.1.2.804.2.1.1.1.1.1.3.2.3
KeyGenerator.OID.1.2.804.2.1.1.1.1.1.3.3.1
KeyGenerator.OID.1.2.804.2.1.1.1.1.1.3.3.2
KeyGenerator.OID.1.2.804.2.1.1.1.1.1.3.3.3
KeyGenerator.OID.1.2.804.2.1.1.1.1.1.3.5.1
KeyGenerator.OID.1.2.804.2.1.1.1.1.1.3.5.2
KeyGenerator.OID.1.2.804.2.1.1.1.1.1.3.5.3
KeyGenerator.OID.1.2.804.2.1.1.1.1.1.3.6.1
KeyGenerator.OID.1.2.804.2.1.1.1.1.1.3.6.2
KeyGenerator.OID.1.2.804.2.1.1.1.1.1.3.6.3
KeyGenerator.OID.1.2.804.2.1.1.1.1.1.3.7.1
KeyGenerator.OID.1.2.804.2.1.1.1.1.1.3.7.2
KeyGenerator.OID.1.2.804.2.1.1.1.1.1.3.7.3
KeyGenerator.OID.1.2.804.2.1.1.1.1.1.3.8.1
KeyGenerator.OID.1.2.804.2.1.1.1.1.1.3.8.2
KeyGenerator.OID.1.2.804.2.1.1.1.1.1.3.8.3
KeyGenerator.OID.1.3.6.1.4.1.188.7.1.1.2
KeyGenerator.OID.2.16.840.1.101.3.4.1.1
KeyGenerator.OID.2.16.840.1.101.3.4.1.2
KeyGenerator.OID.2.16.840.1.101.3.4.1.21
KeyGenerator.OID.2.16.840.1.101.3.4.1.22
KeyGenerator.OID.2.16.840.1.101.3.4.1.23
KeyGenerator.OID.2.16.840.1.101.3.4.1.24
KeyGenerator.OID.2.16.840.1.101.3.4.1.25
KeyGenerator.OID.2.16.840.1.101.3.4.1.26
KeyGenerator.OID.2.16.840.1.101.3.4.1.27
KeyGenerator.OID.2.16.840.1.101.3.4.1.28
KeyGenerator.OID.2.16.840.1.101.3.4.1.3
KeyGenerator.OID.2.16.840.1.101.3.4.1.4
KeyGenerator.OID.2.16.840.1.101.3.4.1.41
KeyGenerator.OID.2.16.840.1.101.3.4.1.42
KeyGenerator.OID.2.16.840.1.101.3.4.1.43
KeyGenerator.OID.2.16.840.1.101.3.4.1.44
KeyGenerator.OID.2.16.840.1.101.3.4.1.45
KeyGenerator.OID.2.16.840.1.101.3.4.1.46
KeyGenerator.OID.2.16.840.1.101.3.4.1.47
KeyGenerator.OID.2.16.840.1.101.3.4.1.48
KeyGenerator.OID.2.16.840.1.101.3.4.1.5
KeyGenerator.OID.2.16.840.1.101.3.4.1.6
KeyGenerator.OID.2.16.840.1.101.3.4.1.7
KeyGenerator.OID.2.16.840.1.101.3.4.1.8
KeyGenerator.POLY1305
KeyGenerator.POLY1305-AES
KeyGenerator.POLY1305-ARIA
KeyGenerator.POLY1305-CAMELLIA
KeyGenerator.POLY1305-CAST6
KeyGenerator.POLY1305-NOEKEON
KeyGenerator.POLY1305-RC6
KeyGenerator.POLY1305-SEED
KeyGenerator.POLY1305-SERPENT
KeyGenerator.POLY1305-SM4
KeyGenerator.POLY1305-Twofish
KeyGenerator.RC2
KeyGenerator.RC5
KeyGenerator.RC5-64
KeyGenerator.RC6
KeyGenerator.RC6-GMAC
KeyGenerator.RIJNDAEL
KeyGenerator.SALSA20
KeyGenerator.SEED
KeyGenerator.SEED-CMAC
KeyGenerator.SEED-GMAC
KeyGenerator.SERPENT-GMAC
KeyGenerator.SHACAL-2
KeyGenerator.SIPHASH
KeyGenerator.SKIPJACK
KeyGenerator.SM4
KeyGenerator.SM4-CMAC
KeyGenerator.SM4-GMAC
KeyGenerator.Serpent
KeyGenerator.Shacal2
KeyGenerator.Skein-MAC-1024-1024
KeyGenerator.Skein-MAC-1024-384
KeyGenerator.Skein-MAC-1024-512
KeyGenerator.Skein-MAC-256-128
KeyGenerator.Skein-MAC-256-160
KeyGenerator.Skein-MAC-256-224
KeyGenerator.Skein-MAC-256-256
KeyGenerator.Skein-MAC-512-128
KeyGenerator.Skein-MAC-512-160
KeyGenerator.Skein-MAC-512-224
KeyGenerator.Skein-MAC-512-256
KeyGenerator.Skein-MAC-512-384
KeyGenerator.Skein-MAC-512-512
KeyGenerator.TEA
KeyGenerator.TNEPRES-GMAC
KeyGenerator.Threefish-1024
KeyGenerator.Threefish-256
KeyGenerator.Threefish-512
KeyGenerator.Tnepres
KeyGenerator.Twofish
KeyGenerator.Twofish-GMAC
KeyGenerator.VMPC
KeyGenerator.VMPC-KSA3
KeyGenerator.XSALSA20
KeyGenerator.XTEA
KeyPairGenerator.DH
KeyPairGenerator.DSA
KeyPairGenerator.DSTU4145
KeyPairGenerator.EC
KeyPairGenerator.ECDH
KeyPairGenerator.ECDHC
KeyPairGenerator.ECDHWITHSHA1KDF
KeyPairGenerator.ECDSA
KeyPairGenerator.ECGOST3410
KeyPairGenerator.ECGOST3410-2012
KeyPairGenerator.ECIES
KeyPairGenerator.ECMQV
KeyPairGenerator.ELGAMAL
KeyPairGenerator.ElGamal
KeyPairGenerator.GOST3410
KeyPairGenerator.RSA
KeyStore.BCFKS
KeyStore.BCFKS-DEF
KeyStore.BCPKCS12
KeyStore.BKS
KeyStore.BKS-V1
KeyStore.BouncyCastle
KeyStore.PKCS12
KeyStore.PKCS12-3DES-3DES
KeyStore.PKCS12-3DES-40RC2
KeyStore.PKCS12-DEF
KeyStore.PKCS12-DEF-3DES-3DES
KeyStore.PKCS12-DEF-3DES-40RC2
Mac.AES-GMAC
Mac.AESCCMMAC
Mac.AESCMAC
Mac.ARIA-GMAC
Mac.BLOWFISHCMAC
Mac.CAMELLIA-GMAC
Mac.CAST6-GMAC
Mac.DESCMAC
Mac.DESEDECMAC
Mac.DESEDEMAC
Mac.DESEDEMAC/CFB8
Mac.DESEDEMAC64
Mac.DESEDEMAC64WITHISO7816-4PADDING
Mac.DESMAC
Mac.DESMAC/CFB8
Mac.DESMAC64
Mac.DESMAC64WITHISO7816-4PADDING
Mac.DESWITHISO9797
Mac.DSTU7624-128GMAC
Mac.DSTU7624-256GMAC
Mac.DSTU7624-512GMAC
Mac.DSTU7624GMAC
Mac.GOST28147MAC
Mac.GOST3412MAC
Mac.HMACDSTU7564-256
Mac.HMACDSTU7564-384
Mac.HMACDSTU7564-512
Mac.HMACGOST3411
Mac.HMACGOST3411-2012-256
Mac.HMACGOST3411-2012-512
Mac.HMACKECCAK224
Mac.HMACKECCAK256
Mac.HMACKECCAK288
Mac.HMACKECCAK384
Mac.HMACKECCAK512
Mac.HMACMD2
Mac.HMACMD4
Mac.HMACMD5
Mac.HMACRIPEMD128
Mac.HMACRIPEMD160
Mac.HMACRIPEMD256
Mac.HMACRIPEMD320
Mac.HMACSHA1
Mac.HMACSHA224
Mac.HMACSHA256
Mac.HMACSHA3-224
Mac.HMACSHA3-256
Mac.HMACSHA3-384
Mac.HMACSHA3-512
Mac.HMACSHA384
Mac.HMACSHA512
Mac.HMACSHA512/224
Mac.HMACSHA512/256
Mac.HMACSkein-1024-1024
Mac.HMACSkein-1024-384
Mac.HMACSkein-1024-512
Mac.HMACSkein-256-128
Mac.HMACSkein-256-160
Mac.HMACSkein-256-224
Mac.HMACSkein-256-256
Mac.HMACSkein-512-128
Mac.HMACSkein-512-160
Mac.HMACSkein-512-224
Mac.HMACSkein-512-256
Mac.HMACSkein-512-384
Mac.HMACSkein-512-512
Mac.HMACTIGER
Mac.HMACWHIRLPOOL
Mac.IDEAMAC
Mac.IDEAMAC/CFB8
Mac.ISO9797ALG3MAC
Mac.ISO9797ALG3WITHISO7816-4PADDING
Mac.NOEKEON-GMAC
Mac.OLDHMACSHA384
Mac.OLDHMACSHA512
Mac.PBEWITHHMACRIPEMD160
Mac.PBEWITHHMACSHA
Mac.PBEWITHHMACSHA1
Mac.PBEWITHHMACSHA224
Mac.PBEWITHHMACSHA256
Mac.PBEWITHHMACSHA384
Mac.PBEWITHHMACSHA512
Mac.POLY1305
Mac.POLY1305-AES
Mac.POLY1305-ARIA
Mac.POLY1305-CAMELLIA
Mac.POLY1305-CAST6
Mac.POLY1305-NOEKEON
Mac.POLY1305-RC6
Mac.POLY1305-SEED
Mac.POLY1305-SERPENT
Mac.POLY1305-SM4
Mac.POLY1305-Twofish
Mac.RC2MAC
Mac.RC2MAC/CFB8
Mac.RC5MAC
Mac.RC5MAC/CFB8
Mac.RC6-GMAC
Mac.SEED-CMAC
Mac.SEED-GMAC
Mac.SERPENT-GMAC
Mac.SIPHASH-2-4
Mac.SIPHASH-4-8
Mac.SKIPJACKMAC
Mac.SKIPJACKMAC/CFB8
Mac.SM4-CMAC
Mac.SM4-GMAC
Mac.Shacal-2CMAC
Mac.Skein-MAC-1024-1024
Mac.Skein-MAC-1024-384
Mac.Skein-MAC-1024-512
Mac.Skein-MAC-256-128
Mac.Skein-MAC-256-160
Mac.Skein-MAC-256-224
Mac.Skein-MAC-256-256
Mac.Skein-MAC-512-128
Mac.Skein-MAC-512-160
Mac.Skein-MAC-512-224
Mac.Skein-MAC-512-256
Mac.Skein-MAC-512-384
Mac.Skein-MAC-512-512
Mac.TNEPRES-GMAC
Mac.Threefish-1024CMAC
Mac.Threefish-256CMAC
Mac.Threefish-512CMAC
Mac.Twofish-GMAC
Mac.VMPCMAC
MessageDigest.1.2.804.2.1.1.1.1.2.2.1
MessageDigest.1.2.804.2.1.1.1.1.2.2.2
MessageDigest.1.2.804.2.1.1.1.1.2.2.3
MessageDigest.2.16.840.1.101.3.4.2.10
MessageDigest.2.16.840.1.101.3.4.2.7
MessageDigest.2.16.840.1.101.3.4.2.8
MessageDigest.2.16.840.1.101.3.4.2.9
MessageDigest.BLAKE2B-160
MessageDigest.BLAKE2B-256
MessageDigest.BLAKE2B-384
MessageDigest.BLAKE2B-512
MessageDigest.BLAKE2S-128
MessageDigest.BLAKE2S-160
MessageDigest.BLAKE2S-224
MessageDigest.BLAKE2S-256
MessageDigest.DSTU7564-256
MessageDigest.DSTU7564-384
MessageDigest.DSTU7564-512
MessageDigest.GOST3411
MessageDigest.GOST3411-2012-256
MessageDigest.GOST3411-2012-512
MessageDigest.KECCAK-224
MessageDigest.KECCAK-256
MessageDigest.KECCAK-288
MessageDigest.KECCAK-384
MessageDigest.KECCAK-512
MessageDigest.MD2
MessageDigest.MD4
MessageDigest.MD5
MessageDigest.OID.1.2.804.2.1.1.1.1.2.2.1
MessageDigest.OID.1.2.804.2.1.1.1.1.2.2.2
MessageDigest.OID.1.2.804.2.1.1.1.1.2.2.3
MessageDigest.OID.2.16.840.1.101.3.4.2.10
MessageDigest.OID.2.16.840.1.101.3.4.2.7
MessageDigest.OID.2.16.840.1.101.3.4.2.8
MessageDigest.OID.2.16.840.1.101.3.4.2.9
MessageDigest.RIPEMD128
MessageDigest.RIPEMD160
MessageDigest.RIPEMD256
MessageDigest.RIPEMD320
MessageDigest.SHA-1
MessageDigest.SHA-224
MessageDigest.SHA-256
MessageDigest.SHA-384
MessageDigest.SHA-512
MessageDigest.SHA-512/224
MessageDigest.SHA-512/256
MessageDigest.SHA3-224
MessageDigest.SHA3-256
MessageDigest.SHA3-384
MessageDigest.SHA3-512
MessageDigest.SM3
MessageDigest.Skein-1024-1024
MessageDigest.Skein-1024-384
MessageDigest.Skein-1024-512
MessageDigest.Skein-256-128
MessageDigest.Skein-256-160
MessageDigest.Skein-256-224
MessageDigest.Skein-256-256
MessageDigest.Skein-512-128
MessageDigest.Skein-512-160
MessageDigest.Skein-512-224
MessageDigest.Skein-512-256
MessageDigest.Skein-512-384
MessageDigest.Skein-512-512
MessageDigest.TIGER
MessageDigest.Tiger
MessageDigest.WHIRLPOOL
Provider.id className
Provider.id info
Provider.id name
Provider.id version
SecretKeyFactory.1.3.14.3.2.17
SecretKeyFactory.1.3.6.1.4.1.11591.4.11
SecretKeyFactory.2.16.840.1.101.3.4.1
SecretKeyFactory.AES
SecretKeyFactory.DES
SecretKeyFactory.DESEDE
SecretKeyFactory.OID.1.3.14.3.2.17
SecretKeyFactory.OID.1.3.6.1.4.1.11591.4.11
SecretKeyFactory.OID.2.16.840.1.101.3.4.1
SecretKeyFactory.PBEWITHHMACGOST3411
SecretKeyFactory.PBEWITHHMACRIPEMD160
SecretKeyFactory.PBEWITHHMACSHA1
SecretKeyFactory.PBEWITHHMACSHA256
SecretKeyFactory.PBEWITHHMACTIGER
SecretKeyFactory.PBEWITHMD2ANDDES
SecretKeyFactory.PBEWITHMD2ANDRC2
SecretKeyFactory.PBEWITHMD5AND128BITAES-CBC-OPENSSL
SecretKeyFactory.PBEWITHMD5AND192BITAES-CBC-OPENSSL
SecretKeyFactory.PBEWITHMD5AND256BITAES-CBC-OPENSSL
SecretKeyFactory.PBEWITHMD5ANDDES
SecretKeyFactory.PBEWITHMD5ANDRC2
SecretKeyFactory.PBEWITHSHA1ANDDES
SecretKeyFactory.PBEWITHSHA1ANDRC2
SecretKeyFactory.PBEWITHSHA256AND128BITAES-CBC-BC
SecretKeyFactory.PBEWITHSHA256AND192BITAES-CBC-BC
SecretKeyFactory.PBEWITHSHA256AND256BITAES-CBC-BC
SecretKeyFactory.PBEWITHSHAAND128BITAES-CBC-BC
SecretKeyFactory.PBEWITHSHAAND128BITRC2-CBC
SecretKeyFactory.PBEWITHSHAAND128BITRC4
SecretKeyFactory.PBEWITHSHAAND192BITAES-CBC-BC
SecretKeyFactory.PBEWITHSHAAND2-KEYTRIPLEDES-CBC
SecretKeyFactory.PBEWITHSHAAND256BITAES-CBC-BC
SecretKeyFactory.PBEWITHSHAAND3-KEYTRIPLEDES-CBC
SecretKeyFactory.PBEWITHSHAAND40BITRC2-CBC
SecretKeyFactory.PBEWITHSHAAND40BITRC4
SecretKeyFactory.PBEWITHSHAANDIDEA-CBC
SecretKeyFactory.PBEWITHSHAANDTWOFISH-CBC
SecretKeyFactory.PBKDF-OPENSSL
SecretKeyFactory.PBKDF2
SecretKeyFactory.PBKDF2WITHASCII
SecretKeyFactory.PBKDF2WITHHMACGOST3411
SecretKeyFactory.PBKDF2WITHHMACSHA224
SecretKeyFactory.PBKDF2WITHHMACSHA256
SecretKeyFactory.PBKDF2WITHHMACSHA3-224
SecretKeyFactory.PBKDF2WITHHMACSHA3-256
SecretKeyFactory.PBKDF2WITHHMACSHA3-384
SecretKeyFactory.PBKDF2WITHHMACSHA3-512
SecretKeyFactory.PBKDF2WITHHMACSHA384
SecretKeyFactory.PBKDF2WITHHMACSHA512
SecretKeyFactory.SCRYPT
SecretKeyFactory.TLS10KDF
SecretKeyFactory.TLS11KDF
SecretKeyFactory.TLS12WITHSHA256KDF
SecretKeyFactory.TLS12WITHSHA384KDF
SecretKeyFactory.TLS12WITHSHA512KDF
SecureRandom.DEFAULT
SecureRandom.NONCEANDIV
Signature.1.2.840.113549.1.1.10
Signature.DDSA
Signature.DETDSA
Signature.DSA
Signature.DSTU4145
Signature.ECDDSA
Signature.ECDSA
Signature.ECGOST3410
Signature.ECGOST3410-2012-256
Signature.ECGOST3410-2012-512
Signature.GOST3410
Signature.GOST3411-2012-256WITHECGOST3410-2012-256
Signature.GOST3411-2012-512WITHECGOST3410-2012-512
Signature.GOST3411WITHDSTU4145
Signature.GOST3411WITHDSTU4145LE
Signature.GOST3411WITHECGOST3410
Signature.MD2WITHRSA
Signature.MD4WITHRSA
Signature.MD5WITHRSA
Signature.MD5WITHRSA/ISO9796-2
Signature.NONEWITHDSA
Signature.NONEwithECDSA
Signature.OID.1.2.840.113549.1.1.10
Signature.RAWRSASSA-PSS
Signature.RIPEMD128WITHRSA
Signature.RIPEMD128WITHRSA/X9.31
Signature.RIPEMD160WITHECDSA
Signature.RIPEMD160WITHPLAIN-ECDSA
Signature.RIPEMD160WITHRSA
Signature.RIPEMD160WITHRSA/X9.31
Signature.RIPEMD160withRSA/ISO9796-2
Signature.RIPEMD256WITHRSA
Signature.RMD128WITHRSA
Signature.RMD128WITHRSA/X9.31
Signature.RMD160WITHRSA
Signature.RMD160WITHRSA/X9.31
Signature.RMD256WITHRSA
Signature.RSA
Signature.RSASSA-PSS
Signature.SHA1WITHCVC-ECDSA
Signature.SHA1WITHDDSA
Signature.SHA1WITHDETDSA
Signature.SHA1WITHECDDSA
Signature.SHA1WITHECNR
Signature.SHA1WITHPLAIN-ECDSA
Signature.SHA1WITHRSA
Signature.SHA1WITHRSA/ISO9796-2
Signature.SHA1WITHRSA/X9.31
Signature.SHA1WITHRSAANDMGF1
Signature.SHA224WITHCVC-ECDSA
Signature.SHA224WITHDDSA
Signature.SHA224WITHDETDSA
Signature.SHA224WITHDSA
Signature.SHA224WITHECDDSA
Signature.SHA224WITHECDSA
Signature.SHA224WITHECNR
Signature.SHA224WITHPLAIN-ECDSA
Signature.SHA224WITHRSA
Signature.SHA224WITHRSA/ISO9796-2
Signature.SHA224WITHRSA/X9.31
Signature.SHA224WITHRSAANDMGF1
Signature.SHA256WITHCVC-ECDSA
Signature.SHA256WITHDDSA
Signature.SHA256WITHDETDSA
Signature.SHA256WITHDSA
Signature.SHA256WITHECDDSA
Signature.SHA256WITHECDSA
Signature.SHA256WITHECNR
Signature.SHA256WITHPLAIN-ECDSA
Signature.SHA256WITHRSA
Signature.SHA256WITHRSA/ISO9796-2
Signature.SHA256WITHRSA/X9.31
Signature.SHA256WITHRSAANDMGF1
Signature.SHA3-224WITHDDSA
Signature.SHA3-224WITHDSA
Signature.SHA3-224WITHECDDSA
Signature.SHA3-224WITHECDSA
Signature.SHA3-224WITHRSA
Signature.SHA3-224WITHRSAANDMGF1
Signature.SHA3-256WITHDDSA
Signature.SHA3-256WITHDSA
Signature.SHA3-256WITHECDDSA
Signature.SHA3-256WITHECDSA
Signature.SHA3-256WITHRSA
Signature.SHA3-256WITHRSAANDMGF1
Signature.SHA3-384WITHDDSA
Signature.SHA3-384WITHDSA
Signature.SHA3-384WITHECDDSA
Signature.SHA3-384WITHECDSA
Signature.SHA3-384WITHRSA
Signature.SHA3-384WITHRSAANDMGF1
Signature.SHA3-512WITHDDSA
Signature.SHA3-512WITHDSA
Signature.SHA3-512WITHECDDSA
Signature.SHA3-512WITHECDSA
Signature.SHA3-512WITHRSA
Signature.SHA3-512WITHRSAANDMGF1
Signature.SHA384WITHCVC-ECDSA
Signature.SHA384WITHDDSA
Signature.SHA384WITHDETDSA
Signature.SHA384WITHDSA
Signature.SHA384WITHECDDSA
Signature.SHA384WITHECDSA
Signature.SHA384WITHECNR
Signature.SHA384WITHPLAIN-ECDSA
Signature.SHA384WITHRSA
Signature.SHA384WITHRSA/ISO9796-2
Signature.SHA384WITHRSA/X9.31
Signature.SHA384WITHRSAANDMGF1
Signature.SHA512(224)WITHRSA
Signature.SHA512(224)WITHRSA/ISO9796-2
Signature.SHA512(224)WITHRSA/X9.31
Signature.SHA512(224)WITHRSAANDMGF1
Signature.SHA512(256)WITHRSA
Signature.SHA512(256)WITHRSA/ISO9796-2
Signature.SHA512(256)WITHRSA/X9.31
Signature.SHA512(256)WITHRSAANDMGF1
Signature.SHA512WITHCVC-ECDSA
Signature.SHA512WITHDDSA
Signature.SHA512WITHDETDSA
Signature.SHA512WITHDSA
Signature.SHA512WITHECDDSA
Signature.SHA512WITHECDSA
Signature.SHA512WITHECNR
Signature.SHA512WITHPLAIN-ECDSA
Signature.SHA512WITHRSA
Signature.SHA512WITHRSA/ISO9796-2
Signature.SHA512WITHRSA/X9.31
Signature.SHA512WITHRSAANDMGF1
Signature.SM3WITHSM2
Signature.WHIRLPOOLWITHRSA/ISO9796-2
Signature.WHIRLPOOLWITHRSA/X9.31
Signature.WhirlpoolWITHRSA/ISO9796-2
Signature.WhirlpoolWITHRSA/X9.31
X509Store.ATTRIBUTECERTIFICATE/COLLECTION
X509Store.ATTRIBUTECERTIFICATE/LDAP
X509Store.CERTIFICATE/COLLECTION
X509Store.CERTIFICATE/LDAP
X509Store.CERTIFICATEPAIR/COLLECTION
X509Store.CERTIFICATEPAIR/LDAP
X509Store.CRL/COLLECTION
X509Store.CRL/LDAP
X509StreamParser.ATTRIBUTECERTIFICATE
X509StreamParser.CERTIFICATE
X509StreamParser.CERTIFICATEPAIR
X509StreamParser.CRL
..E.E..E.E.E....No implementation for:DHIESWithAES
...E.No implementation for:DHIESWITHDESEDE
.....testDefaultSize: keysize=2048
....testTiming: SHA1WITHDSA
count:50000 cutoff:2613024 relative average:1.0008606511917093 sigmas:0.3333287732383658
count:25000 cutoff:630914 relative average:0.9999169699697992 sigmas:0.022738710245660328
count:12501 cutoff:587530 relative average:1.0030946142461579 sigmas:0.5992934422147616
count:6250 cutoff:571888 relative average:1.0048194050706887 sigmas:0.6599242177427467
count:3125 cutoff:565995 relative average:1.0172198898201648 sigmas:1.667308662425623
count:1563 cutoff:562721 relative average:1.02306763533877 sigmas:1.5795857009906933
count:782 cutoff:560510 relative average:1.0353194723829853 sigmas:1.7107171576861047
count:391 cutoff:558677 relative average:1.036802187367001 sigmas:1.260441338234406
count:196 cutoff:557309 relative average:1.0304862494002165 sigmas:0.7392522605074783
count:98 cutoff:555817 relative average:1.009688050391892 sigmas:0.16611546043754177
count:49 cutoff:554400 relative average:1.0930096360787545 sigmas:1.1276819069732589
count:25 cutoff:553409 relative average:1.119583845980221 sigmas:1.0356264850111692
count:13 cutoff:552552 relative average:1.2225244613087243 sigmas:1.3896648154676654
...java.security.spec.InvalidKeySpecException: encoded key spec not recognized: n is not positive
java.security.spec.InvalidKeySpecException: encoded key spec not recognized: Zero length BigInteger
java.security.spec.InvalidKeySpecException: encoded key spec not recognized: h is not positive
java.security.spec.InvalidKeySpecException: encoded key spec not recognized: Zero length BigInteger
java.security.spec.InvalidKeySpecException: encoded key spec not recognized: h is not positive
..Encoded ECPrivateKey:3082024b0201003081ec06072a8648ce3d02013081e0020101302c06072a8648ce3d0101022100ffffffff00000001000000000000000000000000ffffffffffffffffffffffff30440420ffffffff00000001000000000000000000000000fffffffffffffffffffffffc04205ac635d8aa3a93e7b3ebbd55769886bc651d06b0cc53b0f63bce3c3e27d2604b0441046b17d1f2e12c4247f8bce6e563a440f277037d812deb33a0f4a13945d898c2964fe342e2fe1a7f9b8ee7eb4a7c0f9e162bce33576b315ececbb6406837bf51f5022100ffffffff00000000ffffffffffffffffbce6faada7179e84f3b9cac2fc63255102010104820155308201510201010420a528214bd3ff84f349b00832add6bbe499aa5f768f002400c85d7b3fda41a0a4a081e33081e0020101302c06072a8648ce3d0101022100ffffffff00000001000000000000000000000000ffffffffffffffffffffffff30440420ffffffff00000001000000000000000000000000fffffffffffffffffffffffc04205ac635d8aa3a93e7b3ebbd55769886bc651d06b0cc53b0f63bce3c3e27d2604b0441046b17d1f2e12c4247f8bce6e563a440f277037d812deb33a0f4a13945d898c2964fe342e2fe1a7f9b8ee7eb4a7c0f9e162bce33576b315ececbb6406837bf51f5022100ffffffff00000000ffffffffffffffffbce6faada7179e84f3b9cac2fc632551020101a14403420004ce0bb7ae77cb0658cb9ef6341a65b5678f447b71be0d089e21e3cf8e39a23ccfd0903fdf424d177f1c090f2ffce67575bac084a2aaec95fc25a3984b3e1ca3af
...testWrongOrder:org.bouncycastle.jcajce.provider.asymmetric.ec.KeyAgreementSpi$1: calculation failed: ECDHC public key has wrong domain parameters
testWrongOrder:org.bouncycastle.jcajce.provider.asymmetric.ec.KeyAgreementSpi$1: calculation failed: ECDHC public key has wrong domain parameters
..testModifiedPublic:public point not on curve throws java.security.spec.InvalidKeySpecException: encoded key spec not recognized: Invalid point coordinates
testModifiedPublic:public point = (0,0) throws java.security.spec.InvalidKeySpecException: encoded key spec not recognized: Invalid point coordinates
testModifiedPublic:order = 1 throws org.bouncycastle.jcajce.provider.asymmetric.ec.KeyAgreementSpi$1: calculation failed: ECDH public key has wrong domain parameters
testModifiedPublic:order = 26959946660873538060741835960514744168612397095220107664918121663170 throws org.bouncycastle.jcajce.provider.asymmetric.ec.KeyAgreementSpi$1: calculation failed: ECDH public key has wrong domain parameters
testModifiedPublic:generator = (0,0) throws java.security.spec.InvalidKeySpecException: encoded key spec not recognized: Invalid point coordinates
testModifiedPublic:generator not on curve throws java.security.spec.InvalidKeySpecException: encoded key spec not recognized: Invalid point coordinates
testModifiedPublic:cofactor = 2 throws org.bouncycastle.jcajce.provider.asymmetric.ec.KeyAgreementSpi$1: calculation failed: ECDH public key has wrong domain parameters
testModifiedPublic:cofactor = None throws org.bouncycastle.jcajce.provider.asymmetric.ec.KeyAgreementSpi$1: calculation failed: null
testModifiedPublic:modified prime throws org.bouncycastle.jcajce.provider.asymmetric.ec.KeyAgreementSpi$1: calculation failed: ECDH public key has wrong domain parameters
testModifiedPublic:using secp224r1 throws org.bouncycastle.jcajce.provider.asymmetric.ec.KeyAgreementSpi$1: calculation failed: ECDH public key has wrong domain parameters
testModifiedPublic:a = 0 throws org.bouncycastle.jcajce.provider.asymmetric.ec.KeyAgreementSpi$1: calculation failed: ECDH public key has wrong domain parameters
testModifiedPublic:new curve with generator of order 3 that is also on secp256r1 throws org.bouncycastle.jcajce.provider.asymmetric.ec.KeyAgreementSpi$1: calculation failed: ECDH public key has wrong domain parameters
testModifiedPublic:order = -115792089210356248762697446949407573529996955224135760342422259061068512044369 throws java.security.spec.InvalidKeySpecException: encoded key spec not recognized: n is not positive
testModifiedPublic:order = 0 throws java.security.spec.InvalidKeySpecException: encoded key spec not recognized: n is not positive
testModifiedPublic:cofactor = -1 throws java.security.spec.InvalidKeySpecException: encoded key spec not recognized: h is not positive
testModifiedPublic:cofactor = 0 throws java.security.spec.InvalidKeySpecException: encoded key spec not recognized: h is not positive
testModifiedPublic:public point not on curve throws java.security.spec.InvalidKeySpecException: encoded key spec not recognized: Invalid point coordinates
testModifiedPublic:public point = (0,0) throws java.security.spec.InvalidKeySpecException: encoded key spec not recognized: Invalid point coordinates
testModifiedPublic:order = 1 throws org.bouncycastle.jcajce.provider.asymmetric.ec.KeyAgreementSpi$1: calculation failed: ECDHC public key has wrong domain parameters
testModifiedPublic:order = 26959946660873538060741835960514744168612397095220107664918121663170 throws org.bouncycastle.jcajce.provider.asymmetric.ec.KeyAgreementSpi$1: calculation failed: ECDHC public key has wrong domain parameters
testModifiedPublic:generator = (0,0) throws java.security.spec.InvalidKeySpecException: encoded key spec not recognized: Invalid point coordinates
testModifiedPublic:generator not on curve throws java.security.spec.InvalidKeySpecException: encoded key spec not recognized: Invalid point coordinates
testModifiedPublic:cofactor = 2 throws org.bouncycastle.jcajce.provider.asymmetric.ec.KeyAgreementSpi$1: calculation failed: ECDHC public key has wrong domain parameters
testModifiedPublic:cofactor = None throws org.bouncycastle.jcajce.provider.asymmetric.ec.KeyAgreementSpi$1: calculation failed: null
testModifiedPublic:modified prime throws org.bouncycastle.jcajce.provider.asymmetric.ec.KeyAgreementSpi$1: calculation failed: ECDHC public key has wrong domain parameters
testModifiedPublic:using secp224r1 throws org.bouncycastle.jcajce.provider.asymmetric.ec.KeyAgreementSpi$1: calculation failed: ECDHC public key has wrong domain parameters
testModifiedPublic:a = 0 throws org.bouncycastle.jcajce.provider.asymmetric.ec.KeyAgreementSpi$1: calculation failed: ECDHC public key has wrong domain parameters
testModifiedPublic:new curve with generator of order 3 that is also on secp256r1 throws org.bouncycastle.jcajce.provider.asymmetric.ec.KeyAgreementSpi$1: calculation failed: ECDHC public key has wrong domain parameters
testModifiedPublic:order = -115792089210356248762697446949407573529996955224135760342422259061068512044369 throws java.security.spec.InvalidKeySpecException: encoded key spec not recognized: n is not positive
testModifiedPublic:order = 0 throws java.security.spec.InvalidKeySpecException: encoded key spec not recognized: n is not positive
testModifiedPublic:cofactor = -1 throws java.security.spec.InvalidKeySpecException: encoded key spec not recognized: h is not positive
testModifiedPublic:cofactor = 0 throws java.security.spec.InvalidKeySpecException: encoded key spec not recognized: h is not positive
.testWrongOrder:org.bouncycastle.jcajce.provider.asymmetric.ec.KeyAgreementSpi$1: calculation failed: ECDH public key has wrong domain parameters
testWrongOrder:org.bouncycastle.jcajce.provider.asymmetric.ec.KeyAgreementSpi$1: calculation failed: ECDH public key has wrong domain parameters
..testModifiedPublic:public point not on curve throws java.security.spec.InvalidKeySpecException: invalid KeySpec: point not on curve
testModifiedPublic:public point = (0,0) throws java.security.spec.InvalidKeySpecException: invalid KeySpec: point not on curve
testModifiedPublic:order = 1 throws org.bouncycastle.jcajce.provider.asymmetric.ec.KeyAgreementSpi$1: calculation failed: ECDH public key has wrong domain parameters
testModifiedPublic:order = 26959946660873538060741835960514744168612397095220107664918121663170 throws org.bouncycastle.jcajce.provider.asymmetric.ec.KeyAgreementSpi$1: calculation failed: ECDH public key has wrong domain parameters
testModifiedPublic:generator = (0,0) throws org.bouncycastle.jcajce.provider.asymmetric.ec.KeyAgreementSpi$1: calculation failed: ECDH public key has wrong domain parameters
testModifiedPublic:generator not on curve throws org.bouncycastle.jcajce.provider.asymmetric.ec.KeyAgreementSpi$1: calculation failed: ECDH public key has wrong domain parameters
testModifiedPublic:cofactor = 2 throws org.bouncycastle.jcajce.provider.asymmetric.ec.KeyAgreementSpi$1: calculation failed: ECDH public key has wrong domain parameters
modified prime throws java.lang.IllegalArgumentException: first coefficient is too large
testModifiedPublic:using secp224r1 throws org.bouncycastle.jcajce.provider.asymmetric.ec.KeyAgreementSpi$1: calculation failed: ECDH public key has wrong domain parameters
testModifiedPublic:a = 0 throws org.bouncycastle.jcajce.provider.asymmetric.ec.KeyAgreementSpi$1: calculation failed: ECDH public key has wrong domain parameters
testModifiedPublic:new curve with generator of order 3 that is also on secp256r1 throws org.bouncycastle.jcajce.provider.asymmetric.ec.KeyAgreementSpi$1: calculation failed: ECDH public key has wrong domain parameters
order = -115792089210356248762697446949407573529996955224135760342422259061068512044369 throws java.lang.IllegalArgumentException: n is not positive
order = 0 throws java.lang.IllegalArgumentException: n is not positive
cofactor = -1 throws java.lang.IllegalArgumentException: h is not positive
cofactor = 0 throws java.lang.IllegalArgumentException: h is not positive
testModifiedPublic:public point not on curve throws java.security.spec.InvalidKeySpecException: invalid KeySpec: point not on curve
testModifiedPublic:public point = (0,0) throws java.security.spec.InvalidKeySpecException: invalid KeySpec: point not on curve
testModifiedPublic:order = 1 throws org.bouncycastle.jcajce.provider.asymmetric.ec.KeyAgreementSpi$1: calculation failed: ECDHC public key has wrong domain parameters
testModifiedPublic:order = 26959946660873538060741835960514744168612397095220107664918121663170 throws org.bouncycastle.jcajce.provider.asymmetric.ec.KeyAgreementSpi$1: calculation failed: ECDHC public key has wrong domain parameters
testModifiedPublic:generator = (0,0) throws org.bouncycastle.jcajce.provider.asymmetric.ec.KeyAgreementSpi$1: calculation failed: ECDHC public key has wrong domain parameters
testModifiedPublic:generator not on curve throws org.bouncycastle.jcajce.provider.asymmetric.ec.KeyAgreementSpi$1: calculation failed: ECDHC public key has wrong domain parameters
testModifiedPublic:cofactor = 2 throws org.bouncycastle.jcajce.provider.asymmetric.ec.KeyAgreementSpi$1: calculation failed: ECDHC public key has wrong domain parameters
modified prime throws java.lang.IllegalArgumentException: first coefficient is too large
testModifiedPublic:using secp224r1 throws org.bouncycastle.jcajce.provider.asymmetric.ec.KeyAgreementSpi$1: calculation failed: ECDHC public key has wrong domain parameters
testModifiedPublic:a = 0 throws org.bouncycastle.jcajce.provider.asymmetric.ec.KeyAgreementSpi$1: calculation failed: ECDHC public key has wrong domain parameters
testModifiedPublic:new curve with generator of order 3 that is also on secp256r1 throws org.bouncycastle.jcajce.provider.asymmetric.ec.KeyAgreementSpi$1: calculation failed: ECDHC public key has wrong domain parameters
order = -115792089210356248762697446949407573529996955224135760342422259061068512044369 throws java.lang.IllegalArgumentException: n is not positive
order = 0 throws java.lang.IllegalArgumentException: n is not positive
cofactor = -1 throws java.lang.IllegalArgumentException: h is not positive
cofactor = 0 throws java.lang.IllegalArgumentException: h is not positive
...E..Message:Hello
Hash:185f8db32271fe25f561a6fc938b2e264306ec304eda518007d1764826381969
Curve:secp256r1
Order:115792089210356248762697446949407573529996955224135760342422259061068512044369
Private key:
S:3862242592028930855359318856049666955109054403517567571661795852861791367171
encoded:308193020100301306072a8648ce3d020106082a8648ce3d0301070479307702010104200889f3abc72b6d54f0ba1d77d8cfc6c3ad0d47c396638e47c51090abb3a17003a00a06082a8648ce3d030107a14403420004667a0b7ac932a1afe79be1b7eba15d354161848cb6d04b413aa7e1a69c2c0110c034604beb16cce39737e8380170909f522980a2caac2ff898de3f38098ae71c
Public key:
X:46351545126908041844411416378978791395309020105171017335122914303256054989072
Y:86936607589758682544385340900690074855726303759393466913977564655975672768284
encoded:3059301306072a8648ce3d020106082a8648ce3d03010703420004667a0b7ac932a1afe79be1b7eba15d354161848cb6d04b413aa7e1a69c2c0110c034604beb16cce39737e8380170909f522980a2caac2ff898de3f38098ae71c
Signature:3046022100a2a5f96112d4b041f9ae27a79d0046d73e5d5e3745fc53340fb1b737b0458e82022100924ce8177aa983d1764d783e83dff7db18ae31189d2329759070489fc400214b
r:73567932388115882121656487998978607584539742707255470157008231780029678587522
s:66173558108229112641626688199136090013223829613761896047812242857888709615947
.BC curve:secp256r1 countLsb:508 countMsb:516
BC curve:secp224r1 countLsb:516 countMsb:513
BC curve:secp384r1 countLsb:522 countMsb:545
BC curve:secp521r1 countLsb:497 countMsb:538
BC curve:brainpoolP256r1 countLsb:517 countMsb:482
..testTiming algorithm:SHA256WithECDSA
count:50000 cutoff:1673457 relative average:1.0023790841819393 sigmas:0.9214153415876214
count:25001 cutoff:184260 relative average:1.001173146913709 sigmas:0.32128593947904377
count:12504 cutoff:180676 relative average:0.9948911148044179 sigmas:0.9894896443655747
count:6258 cutoff:179875 relative average:0.9908699257661127 sigmas:1.2509867661421925
count:3125 cutoff:179323 relative average:0.9798839777485905 sigmas:1.947725479291176
count:1563 cutoff:178914 relative average:0.9685680211063096 sigmas:2.1523447759237047
count:782 cutoff:178585 relative average:0.9637252979280808 sigmas:1.7569842083563632
count:394 cutoff:178262 relative average:0.993948391199816 sigmas:0.20805568351114231
count:196 cutoff:177967 relative average:1.0390280768047453 sigmas:0.946380567265269
count:99 cutoff:177729 relative average:0.9684586346954711 sigmas:0.5435740468476218
count:49 cutoff:177513 relative average:0.9255827116511287 sigmas:0.9022616706722401
count:26 cutoff:177360 relative average:1.0022905067034489 sigmas:0.020229207467580976
count:13 cutoff:177232 relative average:0.884400966671641 sigmas:0.7219157317523913
..E.E.E.E..E.No implementation for:ECIESwithDESede
..E.No implementation for:ECIESWithAES
.E..E...........testDefaultSize: keysize=2048
....Message:Hello
Hash:185f8db32271fe25f561a6fc938b2e264306ec304eda518007d1764826381969
Public key:
Modulus:23785390121118787438025409312316433074698417193577003555839955401084148641641774590334800287679450946063680902669985696510486560867536757635254306416164153722379202628921565812731327056569367672767606950723044510550220306912770423160207032881259505158026036856627908880231860004698844495687807469657783335894279285525958718633285343393756583111310220892236875946801375554095515425906769720074062454969080978096976308541473885906077114751507530582272188603033371348968212544680906123359982900431139626591937424404261350378110480110917633251656113376207239283704341289828667127206878829227168304602899807737718287633849
E:65537
encoded:30820122300d06092a864886f70d01010105000382010f003082010a0282010100bc6aa53660346d565e3f9c7287517d7a5a8af073df8321d0a04be518bb5d5d83697953ea520c66330ca666f8c983a743b5b4e0f0f9cd05029400663667f0def3137a4478ff40d97e66c30bb15bb11cdfe1f7e930e602d6ce00a83f1e4bd4ab822fe9a1845b1db9c3698d7fc92e1a0b3d497c4d5b64fef8e06daedc8f872f7e62ae50705eeb8a009944a6e5b6e7587f1d185073bd6ab2b8b7289ddbb8722af49be99f9945193583863d2ae103cf1e5db02984fb7c5a83e9cb6fea7c7e1f66d421f382f1a2623182f3ec697908451784efab661f360965b9cb0606645ef6d9d1ac70af8cf6b39147674969a5a36388dce08d5649a7e25f5f313b6e4d7f62a40db90203010001
Private key:
D:1664218783288679674032462798138868179257970185408965161745336458667185919347061314737937756063813148498939664299452514020306637851260964068182227170473484091337257330285485146318560511129573148961286932153447985155378415511062587170623149507560850525689738498955815435102357356173559232723140228452870370733201065288827836420389684053828770923921109624563320236712388219504928272480506249697813197302975935165866779848475342491111445398882218711078703164698779934522084334012449232386047382553091194608168956986839294268638936617870573172427389638531091231219933730652379067357626847619814767207116698975072549643329
encoded:308204bc020100300d06092a864886f70d0101010500048204a6308204a20201000282010100bc6aa53660346d565e3f9c7287517d7a5a8af073df8321d0a04be518bb5d5d83697953ea520c66330ca666f8c983a743b5b4e0f0f9cd05029400663667f0def3137a4478ff40d97e66c30bb15bb11cdfe1f7e930e602d6ce00a83f1e4bd4ab822fe9a1845b1db9c3698d7fc92e1a0b3d497c4d5b64fef8e06daedc8f872f7e62ae50705eeb8a009944a6e5b6e7587f1d185073bd6ab2b8b7289ddbb8722af49be99f9945193583863d2ae103cf1e5db02984fb7c5a83e9cb6fea7c7e1f66d421f382f1a2623182f3ec697908451784efab661f360965b9cb0606645ef6d9d1ac70af8cf6b39147674969a5a36388dce08d5649a7e25f5f313b6e4d7f62a40db90203010001028201000d2ee30f6a6cd0a7a5e18a8742eb933d7fdf4fd2b3b55fa4d2ca6ca5adda6b041a59a862f149b7cee39833053e484d6841eafd802ee246f2f6bb0e6bc91b03e67b1ae77695d98a3e3b5f734e7e0d66e94d4cc4ceac914f494ba779ff1b2c2eb1e5bb51974aaeca441f7b0c915d7dea0268455fbe40d34c439bb90beaa8f94c3ce9807b5bcf35c0e6b11b7c766fc7b2fdc99a7e53a6f4cdba7c64e908d74ce815f2b8ea0189f9fead7041f2cb4f1579123d7cbeec653b93b5d3aad6e40058182a7dd060f5e090c7c77ba2513149da2903826a3c2ae5e60413ab0aeb746e817867758fdae9b7e3dd456e570b43dccd50ad394ff8d5953172851782e944b5dca44102818100eefb6f121330cced599676eb8520bc5ff3bb18e228ea8018cbb148a11ae56d47166e91ef18af17f728c98c44e1078c3e30f3847100f9752c2755f28fb3edea57a238f2e091ca0963e4dd2ae6079801d3410dcd12040726ea0c8ddb59c2de3ef73b1cc3146b8aa80fe9b0282c46c26a66310c897840c823254996be52e15029b102818100c9d56ae928fd1b6ad276426a573d70a4efa484221d70c18c84dffd4325b5d554d5ef4e61409d2959b62609e4d0f5820bb0c624d459ae945daa1327602815178963f886cbc727e52f4197b42e8519beb2b572b91494af62e98270b82ced4f4adc670c29111ab054bd07e15f9a397d25608a6426357ddbeb512456a2ee234b1e890281805ee697e7dc990f77dd90a3aec952039c32e4847023016456f464754c0cab38e6f6e077b133e32c282919484b7df50a5b14034fffb3fc5bec69be76b15c29495afd7f91eb5dd9963b060251ebc0ee3b2351fd12076a74109ef6d74a58edca65c4b5c3a9302db8851eb495108eec967dbc1114426eef82ca7a1f2bee6e692cf53102818013526d13b92ad1ef1e0ad83cd9f135d17467a986a28ee2d892f7e685011d313917e9faf4f07c9b32cd6f42cf36f9e9e3389f1f737cca6bc5b3bc75ae8ce7c8030d2103b68a70554e7ad70d16cf0331f065d27fc96a9a87bb9713376e85a16ba741ee36183f17d664ea563712caa2226be593c4dca619e1a338f95a4bb5f1411102818015f78e63bd9d27fbd6d0a0c716a68051a9c9726ddbbb327809e5a4f0a37a61479fb3daee0c51a5d379fe14e487a2acb0670862fda53e385034ca8ca146cb5dae3e13e3165ff28fae7cf989108ea2e9f4b1456ed7c9aa90433495f4dabf0f9ad7ecf947f27af43dff2844102311cb7dcdeda3372c805395be1344556bf3fd3a0f
Signature:30530cd928fa670b822d0f5c850f520b2680a7c79f0854f46c106b08151691379d6d895c201e4453113246c1d3f5ab06c3ba635da217604a15fa489978c6ac23f894aa9fab5d82f87cd67177c37e1006b093ffe6dc05667a1853e5ad6860e49db0fa001add190e8e3677b5c1b836d3f57fa0761371670e9b86461449b54e310dad881a60f2346440e9bd29b1a38d3bd201486b121eb99bb4333def74acf941650cfef18160f97dbdf17f26525ea9e2c0ab141dbc1daca7e2cb2ee101a4e8772b588410800e5cb46d107796e537bacab21d523b9045790487d8867231f8178d772572ed59bc8ca6c58ed0e920e09cc2b88d665a3776f1c4bcbcc543f5f7b5313b
..Verfied legacy signature:253e1d19bbe91064f2364c1e7db3ba8eb6dc5b19202e440eab6fbdf28c8c6ec05b812983713c338c72b6e99b8edf506a89ff9fc8e5c2c52362097a56dc228060eca01e1ff318c6c81617691438703411c1f953b21cd74331f87c9b8b189fdffdfe8550bd2bd1d47be915f8604a0f472199dd705e19b1b815f99b68d60bc257c7

Time: 76.712
There were 19 failures:
1) testEax(com.google.security.wycheproof.AesEaxTest)
java.security.InvalidKeyException: Illegal key size
	at javax.crypto.Cipher.checkCryptoPerm(Cipher.java:1039)
	at javax.crypto.Cipher.implInit(Cipher.java:805)
	at javax.crypto.Cipher.chooseProvider(Cipher.java:864)
	at javax.crypto.Cipher.init(Cipher.java:1396)
	at javax.crypto.Cipher.init(Cipher.java:1327)
	at com.google.security.wycheproof.AesEaxTest.testEax(AesEaxTest.java:264)
	at sun.reflect.NativeMethodAccessorImpl.invoke0(Native Method)
	at sun.reflect.NativeMethodAccessorImpl.invoke(NativeMethodAccessorImpl.java:62)
	at sun.reflect.DelegatingMethodAccessorImpl.invoke(DelegatingMethodAccessorImpl.java:43)
	at java.lang.reflect.Method.invoke(Method.java:498)
	at org.junit.runners.model.FrameworkMethod$1.runReflectiveCall(FrameworkMethod.java:47)
	at org.junit.internal.runners.model.ReflectiveCallable.run(ReflectiveCallable.java:12)
	at org.junit.runners.model.FrameworkMethod.invokeExplosively(FrameworkMethod.java:44)
	at org.junit.internal.runners.statements.InvokeMethod.evaluate(InvokeMethod.java:17)
	at org.junit.runners.ParentRunner.runLeaf(ParentRunner.java:271)
	at org.junit.runners.BlockJUnit4ClassRunner.runChild(BlockJUnit4ClassRunner.java:70)
	at org.junit.runners.BlockJUnit4ClassRunner.runChild(BlockJUnit4ClassRunner.java:50)
	at org.junit.runners.ParentRunner$3.run(ParentRunner.java:238)
	at org.junit.runners.ParentRunner$1.schedule(ParentRunner.java:63)
	at org.junit.runners.ParentRunner.runChildren(ParentRunner.java:236)
	at org.junit.runners.ParentRunner.access$000(ParentRunner.java:53)
	at org.junit.runners.ParentRunner$2.evaluate(ParentRunner.java:229)
	at org.junit.runners.ParentRunner.run(ParentRunner.java:309)
	at org.junit.runners.Suite.runChild(Suite.java:127)
	at org.junit.runners.Suite.runChild(Suite.java:26)
	at org.junit.runners.ParentRunner$3.run(ParentRunner.java:238)
	at org.junit.runners.ParentRunner$1.schedule(ParentRunner.java:63)
	at org.junit.runners.ParentRunner.runChildren(ParentRunner.java:236)
	at org.junit.runners.ParentRunner.access$000(ParentRunner.java:53)
	at org.junit.runners.ParentRunner$2.evaluate(ParentRunner.java:229)
	at org.junit.internal.runners.statements.RunBefores.evaluate(RunBefores.java:26)
	at org.junit.runners.ParentRunner.run(ParentRunner.java:309)
	at com.google.testing.junit.runner.internal.junit4.CancellableRequestFactory$CancellableRunner.run(CancellableRequestFactory.java:89)
	at org.junit.runner.JUnitCore.run(JUnitCore.java:160)
	at org.junit.runner.JUnitCore.run(JUnitCore.java:138)
	at com.google.testing.junit.runner.junit4.JUnit4Runner.run(JUnit4Runner.java:112)
	at com.google.testing.junit.runner.BazelTestRunner.runTestsInSuite(BazelTestRunner.java:144)
	at com.google.testing.junit.runner.BazelTestRunner.main(BazelTestRunner.java:82)
2) testLateUpdateAAD(com.google.security.wycheproof.AesEaxTest)
java.security.InvalidKeyException: Illegal key size
	at javax.crypto.Cipher.checkCryptoPerm(Cipher.java:1039)
	at javax.crypto.Cipher.implInit(Cipher.java:805)
	at javax.crypto.Cipher.chooseProvider(Cipher.java:864)
	at javax.crypto.Cipher.init(Cipher.java:1396)
	at javax.crypto.Cipher.init(Cipher.java:1327)
	at com.google.security.wycheproof.AesEaxTest.testLateUpdateAAD(AesEaxTest.java:275)
	at sun.reflect.NativeMethodAccessorImpl.invoke0(Native Method)
	at sun.reflect.NativeMethodAccessorImpl.invoke(NativeMethodAccessorImpl.java:62)
	at sun.reflect.DelegatingMethodAccessorImpl.invoke(DelegatingMethodAccessorImpl.java:43)
	at java.lang.reflect.Method.invoke(Method.java:498)
	at org.junit.runners.model.FrameworkMethod$1.runReflectiveCall(FrameworkMethod.java:47)
	at org.junit.internal.runners.model.ReflectiveCallable.run(ReflectiveCallable.java:12)
	at org.junit.runners.model.FrameworkMethod.invokeExplosively(FrameworkMethod.java:44)
	at org.junit.internal.runners.statements.InvokeMethod.evaluate(InvokeMethod.java:17)
	at org.junit.runners.ParentRunner.runLeaf(ParentRunner.java:271)
	at org.junit.runners.BlockJUnit4ClassRunner.runChild(BlockJUnit4ClassRunner.java:70)
	at org.junit.runners.BlockJUnit4ClassRunner.runChild(BlockJUnit4ClassRunner.java:50)
	at org.junit.runners.ParentRunner$3.run(ParentRunner.java:238)
	at org.junit.runners.ParentRunner$1.schedule(ParentRunner.java:63)
	at org.junit.runners.ParentRunner.runChildren(ParentRunner.java:236)
	at org.junit.runners.ParentRunner.access$000(ParentRunner.java:53)
	at org.junit.runners.ParentRunner$2.evaluate(ParentRunner.java:229)
	at org.junit.runners.ParentRunner.run(ParentRunner.java:309)
	at org.junit.runners.Suite.runChild(Suite.java:127)
	at org.junit.runners.Suite.runChild(Suite.java:26)
	at org.junit.runners.ParentRunner$3.run(ParentRunner.java:238)
	at org.junit.runners.ParentRunner$1.schedule(ParentRunner.java:63)
	at org.junit.runners.ParentRunner.runChildren(ParentRunner.java:236)
	at org.junit.runners.ParentRunner.access$000(ParentRunner.java:53)
	at org.junit.runners.ParentRunner$2.evaluate(ParentRunner.java:229)
	at org.junit.internal.runners.statements.RunBefores.evaluate(RunBefores.java:26)
	at org.junit.runners.ParentRunner.run(ParentRunner.java:309)
	at com.google.testing.junit.runner.internal.junit4.CancellableRequestFactory$CancellableRunner.run(CancellableRequestFactory.java:89)
	at org.junit.runner.JUnitCore.run(JUnitCore.java:160)
	at org.junit.runner.JUnitCore.run(JUnitCore.java:138)
	at com.google.testing.junit.runner.junit4.JUnit4Runner.run(JUnit4Runner.java:112)
	at com.google.testing.junit.runner.BazelTestRunner.runTestsInSuite(BazelTestRunner.java:144)
	at com.google.testing.junit.runner.BazelTestRunner.main(BazelTestRunner.java:82)
3) testLargeArrayAlias(com.google.security.wycheproof.AesGcmTest)
java.lang.AssertionError: testLargeByteBufferAlias failed with outputOffset=1
	at com.google.security.wycheproof.AesGcmTest.testLargeArrayAlias(AesGcmTest.java:470)
	at sun.reflect.NativeMethodAccessorImpl.invoke0(Native Method)
	at sun.reflect.NativeMethodAccessorImpl.invoke(NativeMethodAccessorImpl.java:62)
	at sun.reflect.DelegatingMethodAccessorImpl.invoke(DelegatingMethodAccessorImpl.java:43)
	at java.lang.reflect.Method.invoke(Method.java:498)
	at org.junit.runners.model.FrameworkMethod$1.runReflectiveCall(FrameworkMethod.java:47)
	at org.junit.internal.runners.model.ReflectiveCallable.run(ReflectiveCallable.java:12)
	at org.junit.runners.model.FrameworkMethod.invokeExplosively(FrameworkMethod.java:44)
	at org.junit.internal.runners.statements.InvokeMethod.evaluate(InvokeMethod.java:17)
	at org.junit.runners.ParentRunner.runLeaf(ParentRunner.java:271)
	at org.junit.runners.BlockJUnit4ClassRunner.runChild(BlockJUnit4ClassRunner.java:70)
	at org.junit.runners.BlockJUnit4ClassRunner.runChild(BlockJUnit4ClassRunner.java:50)
	at org.junit.runners.ParentRunner$3.run(ParentRunner.java:238)
	at org.junit.runners.ParentRunner$1.schedule(ParentRunner.java:63)
	at org.junit.runners.ParentRunner.runChildren(ParentRunner.java:236)
	at org.junit.runners.ParentRunner.access$000(ParentRunner.java:53)
	at org.junit.runners.ParentRunner$2.evaluate(ParentRunner.java:229)
	at org.junit.runners.ParentRunner.run(ParentRunner.java:309)
	at org.junit.runners.Suite.runChild(Suite.java:127)
	at org.junit.runners.Suite.runChild(Suite.java:26)
	at org.junit.runners.ParentRunner$3.run(ParentRunner.java:238)
	at org.junit.runners.ParentRunner$1.schedule(ParentRunner.java:63)
	at org.junit.runners.ParentRunner.runChildren(ParentRunner.java:236)
	at org.junit.runners.ParentRunner.access$000(ParentRunner.java:53)
	at org.junit.runners.ParentRunner$2.evaluate(ParentRunner.java:229)
	at org.junit.internal.runners.statements.RunBefores.evaluate(RunBefores.java:26)
	at org.junit.runners.ParentRunner.run(ParentRunner.java:309)
	at com.google.testing.junit.runner.internal.junit4.CancellableRequestFactory$CancellableRunner.run(CancellableRequestFactory.java:89)
	at org.junit.runner.JUnitCore.run(JUnitCore.java:160)
	at org.junit.runner.JUnitCore.run(JUnitCore.java:138)
	at com.google.testing.junit.runner.junit4.JUnit4Runner.run(JUnit4Runner.java:112)
	at com.google.testing.junit.runner.BazelTestRunner.runTestsInSuite(BazelTestRunner.java:144)
	at com.google.testing.junit.runner.BazelTestRunner.main(BazelTestRunner.java:82)
Caused by: arrays first differed at element [16]; expected:<0> but was:<120>
	at org.junit.internal.ComparisonCriteria.arrayEquals(ComparisonCriteria.java:50)
	at org.junit.Assert.internalArrayEquals(Assert.java:473)
	at org.junit.Assert.assertArrayEquals(Assert.java:294)
	at org.junit.Assert.assertArrayEquals(Assert.java:305)
	at com.google.security.wycheproof.AesGcmTest.testLargeArrayAlias(AesGcmTest.java:465)
	... 32 more
4) testByteBufferShiftedAlias(com.google.security.wycheproof.AesGcmTest)
java.lang.AssertionError: Overlapping buffers test failed with buffer type: array backed buffers and output offset 1
	at com.google.security.wycheproof.AesGcmTest.testByteBufferShiftedAlias(AesGcmTest.java:583)
	at sun.reflect.NativeMethodAccessorImpl.invoke0(Native Method)
	at sun.reflect.NativeMethodAccessorImpl.invoke(NativeMethodAccessorImpl.java:62)
	at sun.reflect.DelegatingMethodAccessorImpl.invoke(DelegatingMethodAccessorImpl.java:43)
	at java.lang.reflect.Method.invoke(Method.java:498)
	at org.junit.runners.model.FrameworkMethod$1.runReflectiveCall(FrameworkMethod.java:47)
	at org.junit.internal.runners.model.ReflectiveCallable.run(ReflectiveCallable.java:12)
	at org.junit.runners.model.FrameworkMethod.invokeExplosively(FrameworkMethod.java:44)
	at org.junit.internal.runners.statements.InvokeMethod.evaluate(InvokeMethod.java:17)
	at org.junit.runners.ParentRunner.runLeaf(ParentRunner.java:271)
	at org.junit.runners.BlockJUnit4ClassRunner.runChild(BlockJUnit4ClassRunner.java:70)
	at org.junit.runners.BlockJUnit4ClassRunner.runChild(BlockJUnit4ClassRunner.java:50)
	at org.junit.runners.ParentRunner$3.run(ParentRunner.java:238)
	at org.junit.runners.ParentRunner$1.schedule(ParentRunner.java:63)
	at org.junit.runners.ParentRunner.runChildren(ParentRunner.java:236)
	at org.junit.runners.ParentRunner.access$000(ParentRunner.java:53)
	at org.junit.runners.ParentRunner$2.evaluate(ParentRunner.java:229)
	at org.junit.runners.ParentRunner.run(ParentRunner.java:309)
	at org.junit.runners.Suite.runChild(Suite.java:127)
	at org.junit.runners.Suite.runChild(Suite.java:26)
	at org.junit.runners.ParentRunner$3.run(ParentRunner.java:238)
	at org.junit.runners.ParentRunner$1.schedule(ParentRunner.java:63)
	at org.junit.runners.ParentRunner.runChildren(ParentRunner.java:236)
	at org.junit.runners.ParentRunner.access$000(ParentRunner.java:53)
	at org.junit.runners.ParentRunner$2.evaluate(ParentRunner.java:229)
	at org.junit.internal.runners.statements.RunBefores.evaluate(RunBefores.java:26)
	at org.junit.runners.ParentRunner.run(ParentRunner.java:309)
	at com.google.testing.junit.runner.internal.junit4.CancellableRequestFactory$CancellableRunner.run(CancellableRequestFactory.java:89)
	at org.junit.runner.JUnitCore.run(JUnitCore.java:160)
	at org.junit.runner.JUnitCore.run(JUnitCore.java:138)
	at com.google.testing.junit.runner.junit4.JUnit4Runner.run(JUnit4Runner.java:112)
	at com.google.testing.junit.runner.BazelTestRunner.runTestsInSuite(BazelTestRunner.java:144)
	at com.google.testing.junit.runner.BazelTestRunner.main(BazelTestRunner.java:82)
Caused by: java.lang.AssertionError: expected:<java.nio.HeapByteBuffer[pos=0 lim=8192 cap=8192]> but was:<java.nio.HeapByteBuffer[pos=0 lim=8192 cap=8208]>
	at org.junit.Assert.fail(Assert.java:88)
	at org.junit.Assert.failNotEquals(Assert.java:743)
	at org.junit.Assert.assertEquals(Assert.java:118)
	at org.junit.Assert.assertEquals(Assert.java:144)
	at com.google.security.wycheproof.AesGcmTest.testByteBufferShiftedAlias(AesGcmTest.java:581)
	... 32 more
5) testCorruptAesGcm(com.google.security.wycheproof.CipherInputStreamTest)
java.lang.AssertionError: this should fail; decrypted:c08c259fae5affd694ddb1ea7518c876 pt: c08c259fae5affd694ddb1ea7518c876
	at org.junit.Assert.fail(Assert.java:88)
	at com.google.security.wycheproof.CipherInputStreamTest.testCorruptDecrypt(CipherInputStreamTest.java:190)
	at com.google.security.wycheproof.CipherInputStreamTest.testCorruptAesGcm(CipherInputStreamTest.java:252)
	at sun.reflect.NativeMethodAccessorImpl.invoke0(Native Method)
	at sun.reflect.NativeMethodAccessorImpl.invoke(NativeMethodAccessorImpl.java:62)
	at sun.reflect.DelegatingMethodAccessorImpl.invoke(DelegatingMethodAccessorImpl.java:43)
	at java.lang.reflect.Method.invoke(Method.java:498)
	at org.junit.runners.model.FrameworkMethod$1.runReflectiveCall(FrameworkMethod.java:47)
	at org.junit.internal.runners.model.ReflectiveCallable.run(ReflectiveCallable.java:12)
	at org.junit.runners.model.FrameworkMethod.invokeExplosively(FrameworkMethod.java:44)
	at org.junit.internal.runners.statements.InvokeMethod.evaluate(InvokeMethod.java:17)
	at org.junit.runners.ParentRunner.runLeaf(ParentRunner.java:271)
	at org.junit.runners.BlockJUnit4ClassRunner.runChild(BlockJUnit4ClassRunner.java:70)
	at org.junit.runners.BlockJUnit4ClassRunner.runChild(BlockJUnit4ClassRunner.java:50)
	at org.junit.runners.ParentRunner$3.run(ParentRunner.java:238)
	at org.junit.runners.ParentRunner$1.schedule(ParentRunner.java:63)
	at org.junit.runners.ParentRunner.runChildren(ParentRunner.java:236)
	at org.junit.runners.ParentRunner.access$000(ParentRunner.java:53)
	at org.junit.runners.ParentRunner$2.evaluate(ParentRunner.java:229)
	at org.junit.runners.ParentRunner.run(ParentRunner.java:309)
	at org.junit.runners.Suite.runChild(Suite.java:127)
	at org.junit.runners.Suite.runChild(Suite.java:26)
	at org.junit.runners.ParentRunner$3.run(ParentRunner.java:238)
	at org.junit.runners.ParentRunner$1.schedule(ParentRunner.java:63)
	at org.junit.runners.ParentRunner.runChildren(ParentRunner.java:236)
	at org.junit.runners.ParentRunner.access$000(ParentRunner.java:53)
	at org.junit.runners.ParentRunner$2.evaluate(ParentRunner.java:229)
	at org.junit.internal.runners.statements.RunBefores.evaluate(RunBefores.java:26)
	at org.junit.runners.ParentRunner.run(ParentRunner.java:309)
	at com.google.testing.junit.runner.internal.junit4.CancellableRequestFactory$CancellableRunner.run(CancellableRequestFactory.java:89)
	at org.junit.runner.JUnitCore.run(JUnitCore.java:160)
	at org.junit.runner.JUnitCore.run(JUnitCore.java:138)
	at com.google.testing.junit.runner.junit4.JUnit4Runner.run(JUnit4Runner.java:112)
	at com.google.testing.junit.runner.BazelTestRunner.runTestsInSuite(BazelTestRunner.java:144)
	at com.google.testing.junit.runner.BazelTestRunner.main(BazelTestRunner.java:82)
6) testAesEax(com.google.security.wycheproof.CipherInputStreamTest)
java.lang.AssertionError: this should fail; decrypted:67f9e8484e6a09086c83dda22c5594cf pt: 67f9e8484e6a09086c83dda22c5594cf
	at org.junit.Assert.fail(Assert.java:88)
	at com.google.security.wycheproof.CipherInputStreamTest.testCorruptDecrypt(CipherInputStreamTest.java:190)
	at com.google.security.wycheproof.CipherInputStreamTest.testAesEax(CipherInputStreamTest.java:291)
	at sun.reflect.NativeMethodAccessorImpl.invoke0(Native Method)
	at sun.reflect.NativeMethodAccessorImpl.invoke(NativeMethodAccessorImpl.java:62)
	at sun.reflect.DelegatingMethodAccessorImpl.invoke(DelegatingMethodAccessorImpl.java:43)
	at java.lang.reflect.Method.invoke(Method.java:498)
	at org.junit.runners.model.FrameworkMethod$1.runReflectiveCall(FrameworkMethod.java:47)
	at org.junit.internal.runners.model.ReflectiveCallable.run(ReflectiveCallable.java:12)
	at org.junit.runners.model.FrameworkMethod.invokeExplosively(FrameworkMethod.java:44)
	at org.junit.internal.runners.statements.InvokeMethod.evaluate(InvokeMethod.java:17)
	at org.junit.runners.ParentRunner.runLeaf(ParentRunner.java:271)
	at org.junit.runners.BlockJUnit4ClassRunner.runChild(BlockJUnit4ClassRunner.java:70)
	at org.junit.runners.BlockJUnit4ClassRunner.runChild(BlockJUnit4ClassRunner.java:50)
	at org.junit.runners.ParentRunner$3.run(ParentRunner.java:238)
	at org.junit.runners.ParentRunner$1.schedule(ParentRunner.java:63)
	at org.junit.runners.ParentRunner.runChildren(ParentRunner.java:236)
	at org.junit.runners.ParentRunner.access$000(ParentRunner.java:53)
	at org.junit.runners.ParentRunner$2.evaluate(ParentRunner.java:229)
	at org.junit.runners.ParentRunner.run(ParentRunner.java:309)
	at org.junit.runners.Suite.runChild(Suite.java:127)
	at org.junit.runners.Suite.runChild(Suite.java:26)
	at org.junit.runners.ParentRunner$3.run(ParentRunner.java:238)
	at org.junit.runners.ParentRunner$1.schedule(ParentRunner.java:63)
	at org.junit.runners.ParentRunner.runChildren(ParentRunner.java:236)
	at org.junit.runners.ParentRunner.access$000(ParentRunner.java:53)
	at org.junit.runners.ParentRunner$2.evaluate(ParentRunner.java:229)
	at org.junit.internal.runners.statements.RunBefores.evaluate(RunBefores.java:26)
	at org.junit.runners.ParentRunner.run(ParentRunner.java:309)
	at com.google.testing.junit.runner.internal.junit4.CancellableRequestFactory$CancellableRunner.run(CancellableRequestFactory.java:89)
	at org.junit.runner.JUnitCore.run(JUnitCore.java:160)
	at org.junit.runner.JUnitCore.run(JUnitCore.java:138)
	at com.google.testing.junit.runner.junit4.JUnit4Runner.run(JUnit4Runner.java:112)
	at com.google.testing.junit.runner.BazelTestRunner.runTestsInSuite(BazelTestRunner.java:144)
	at com.google.testing.junit.runner.BazelTestRunner.main(BazelTestRunner.java:82)
7) testEmptyPlaintext(com.google.security.wycheproof.CipherOutputStreamTest)
java.lang.AssertionError: this should fail; decrypted: pt: 
	at org.junit.Assert.fail(Assert.java:88)
	at com.google.security.wycheproof.CipherOutputStreamTest.testCorruptDecryptEmpty(CipherOutputStreamTest.java:186)
	at com.google.security.wycheproof.CipherOutputStreamTest.testEmptyPlaintext(CipherOutputStreamTest.java:227)
	at sun.reflect.NativeMethodAccessorImpl.invoke0(Native Method)
	at sun.reflect.NativeMethodAccessorImpl.invoke(NativeMethodAccessorImpl.java:62)
	at sun.reflect.DelegatingMethodAccessorImpl.invoke(DelegatingMethodAccessorImpl.java:43)
	at java.lang.reflect.Method.invoke(Method.java:498)
	at org.junit.runners.model.FrameworkMethod$1.runReflectiveCall(FrameworkMethod.java:47)
	at org.junit.internal.runners.model.ReflectiveCallable.run(ReflectiveCallable.java:12)
	at org.junit.runners.model.FrameworkMethod.invokeExplosively(FrameworkMethod.java:44)
	at org.junit.internal.runners.statements.InvokeMethod.evaluate(InvokeMethod.java:17)
	at org.junit.runners.ParentRunner.runLeaf(ParentRunner.java:271)
	at org.junit.runners.BlockJUnit4ClassRunner.runChild(BlockJUnit4ClassRunner.java:70)
	at org.junit.runners.BlockJUnit4ClassRunner.runChild(BlockJUnit4ClassRunner.java:50)
	at org.junit.runners.ParentRunner$3.run(ParentRunner.java:238)
	at org.junit.runners.ParentRunner$1.schedule(ParentRunner.java:63)
	at org.junit.runners.ParentRunner.runChildren(ParentRunner.java:236)
	at org.junit.runners.ParentRunner.access$000(ParentRunner.java:53)
	at org.junit.runners.ParentRunner$2.evaluate(ParentRunner.java:229)
	at org.junit.runners.ParentRunner.run(ParentRunner.java:309)
	at org.junit.runners.Suite.runChild(Suite.java:127)
	at org.junit.runners.Suite.runChild(Suite.java:26)
	at org.junit.runners.ParentRunner$3.run(ParentRunner.java:238)
	at org.junit.runners.ParentRunner$1.schedule(ParentRunner.java:63)
	at org.junit.runners.ParentRunner.runChildren(ParentRunner.java:236)
	at org.junit.runners.ParentRunner.access$000(ParentRunner.java:53)
	at org.junit.runners.ParentRunner$2.evaluate(ParentRunner.java:229)
	at org.junit.internal.runners.statements.RunBefores.evaluate(RunBefores.java:26)
	at org.junit.runners.ParentRunner.run(ParentRunner.java:309)
	at com.google.testing.junit.runner.internal.junit4.CancellableRequestFactory$CancellableRunner.run(CancellableRequestFactory.java:89)
	at org.junit.runner.JUnitCore.run(JUnitCore.java:160)
	at org.junit.runner.JUnitCore.run(JUnitCore.java:138)
	at com.google.testing.junit.runner.junit4.JUnit4Runner.run(JUnit4Runner.java:112)
	at com.google.testing.junit.runner.BazelTestRunner.runTestsInSuite(BazelTestRunner.java:144)
	at com.google.testing.junit.runner.BazelTestRunner.main(BazelTestRunner.java:82)
8) testAesEax(com.google.security.wycheproof.CipherOutputStreamTest)
java.lang.AssertionError: this should fail; decrypted:8a9f050386bb3510554fd4cd27f297c6 pt: 8a9f050386bb3510554fd4cd27f297c6
	at org.junit.Assert.fail(Assert.java:88)
	at com.google.security.wycheproof.CipherOutputStreamTest.testCorruptDecrypt(CipherOutputStreamTest.java:159)
	at com.google.security.wycheproof.CipherOutputStreamTest.testAesEax(CipherOutputStreamTest.java:250)
	at sun.reflect.NativeMethodAccessorImpl.invoke0(Native Method)
	at sun.reflect.NativeMethodAccessorImpl.invoke(NativeMethodAccessorImpl.java:62)
	at sun.reflect.DelegatingMethodAccessorImpl.invoke(DelegatingMethodAccessorImpl.java:43)
	at java.lang.reflect.Method.invoke(Method.java:498)
	at org.junit.runners.model.FrameworkMethod$1.runReflectiveCall(FrameworkMethod.java:47)
	at org.junit.internal.runners.model.ReflectiveCallable.run(ReflectiveCallable.java:12)
	at org.junit.runners.model.FrameworkMethod.invokeExplosively(FrameworkMethod.java:44)
	at org.junit.internal.runners.statements.InvokeMethod.evaluate(InvokeMethod.java:17)
	at org.junit.runners.ParentRunner.runLeaf(ParentRunner.java:271)
	at org.junit.runners.BlockJUnit4ClassRunner.runChild(BlockJUnit4ClassRunner.java:70)
	at org.junit.runners.BlockJUnit4ClassRunner.runChild(BlockJUnit4ClassRunner.java:50)
	at org.junit.runners.ParentRunner$3.run(ParentRunner.java:238)
	at org.junit.runners.ParentRunner$1.schedule(ParentRunner.java:63)
	at org.junit.runners.ParentRunner.runChildren(ParentRunner.java:236)
	at org.junit.runners.ParentRunner.access$000(ParentRunner.java:53)
	at org.junit.runners.ParentRunner$2.evaluate(ParentRunner.java:229)
	at org.junit.runners.ParentRunner.run(ParentRunner.java:309)
	at org.junit.runners.Suite.runChild(Suite.java:127)
	at org.junit.runners.Suite.runChild(Suite.java:26)
	at org.junit.runners.ParentRunner$3.run(ParentRunner.java:238)
	at org.junit.runners.ParentRunner$1.schedule(ParentRunner.java:63)
	at org.junit.runners.ParentRunner.runChildren(ParentRunner.java:236)
	at org.junit.runners.ParentRunner.access$000(ParentRunner.java:53)
	at org.junit.runners.ParentRunner$2.evaluate(ParentRunner.java:229)
	at org.junit.internal.runners.statements.RunBefores.evaluate(RunBefores.java:26)
	at org.junit.runners.ParentRunner.run(ParentRunner.java:309)
	at com.google.testing.junit.runner.internal.junit4.CancellableRequestFactory$CancellableRunner.run(CancellableRequestFactory.java:89)
	at org.junit.runner.JUnitCore.run(JUnitCore.java:160)
	at org.junit.runner.JUnitCore.run(JUnitCore.java:138)
	at com.google.testing.junit.runner.junit4.JUnit4Runner.run(JUnit4Runner.java:112)
	at com.google.testing.junit.runner.BazelTestRunner.runTestsInSuite(BazelTestRunner.java:144)
	at com.google.testing.junit.runner.BazelTestRunner.main(BazelTestRunner.java:82)
9) testAesGcm(com.google.security.wycheproof.CipherOutputStreamTest)
java.lang.AssertionError: this should fail; decrypted:d013684dad5c724ddca83a02d5cbd54d pt: d013684dad5c724ddca83a02d5cbd54d
	at org.junit.Assert.fail(Assert.java:88)
	at com.google.security.wycheproof.CipherOutputStreamTest.testCorruptDecrypt(CipherOutputStreamTest.java:159)
	at com.google.security.wycheproof.CipherOutputStreamTest.testAesGcm(CipherOutputStreamTest.java:208)
	at sun.reflect.NativeMethodAccessorImpl.invoke0(Native Method)
	at sun.reflect.NativeMethodAccessorImpl.invoke(NativeMethodAccessorImpl.java:62)
	at sun.reflect.DelegatingMethodAccessorImpl.invoke(DelegatingMethodAccessorImpl.java:43)
	at java.lang.reflect.Method.invoke(Method.java:498)
	at org.junit.runners.model.FrameworkMethod$1.runReflectiveCall(FrameworkMethod.java:47)
	at org.junit.internal.runners.model.ReflectiveCallable.run(ReflectiveCallable.java:12)
	at org.junit.runners.model.FrameworkMethod.invokeExplosively(FrameworkMethod.java:44)
	at org.junit.internal.runners.statements.InvokeMethod.evaluate(InvokeMethod.java:17)
	at org.junit.runners.ParentRunner.runLeaf(ParentRunner.java:271)
	at org.junit.runners.BlockJUnit4ClassRunner.runChild(BlockJUnit4ClassRunner.java:70)
	at org.junit.runners.BlockJUnit4ClassRunner.runChild(BlockJUnit4ClassRunner.java:50)
	at org.junit.runners.ParentRunner$3.run(ParentRunner.java:238)
	at org.junit.runners.ParentRunner$1.schedule(ParentRunner.java:63)
	at org.junit.runners.ParentRunner.runChildren(ParentRunner.java:236)
	at org.junit.runners.ParentRunner.access$000(ParentRunner.java:53)
	at org.junit.runners.ParentRunner$2.evaluate(ParentRunner.java:229)
	at org.junit.runners.ParentRunner.run(ParentRunner.java:309)
	at org.junit.runners.Suite.runChild(Suite.java:127)
	at org.junit.runners.Suite.runChild(Suite.java:26)
	at org.junit.runners.ParentRunner$3.run(ParentRunner.java:238)
	at org.junit.runners.ParentRunner$1.schedule(ParentRunner.java:63)
	at org.junit.runners.ParentRunner.runChildren(ParentRunner.java:236)
	at org.junit.runners.ParentRunner.access$000(ParentRunner.java:53)
	at org.junit.runners.ParentRunner$2.evaluate(ParentRunner.java:229)
	at org.junit.internal.runners.statements.RunBefores.evaluate(RunBefores.java:26)
	at org.junit.runners.ParentRunner.run(ParentRunner.java:309)
	at com.google.testing.junit.runner.internal.junit4.CancellableRequestFactory$CancellableRunner.run(CancellableRequestFactory.java:89)
	at org.junit.runner.JUnitCore.run(JUnitCore.java:160)
	at org.junit.runner.JUnitCore.run(JUnitCore.java:138)
	at com.google.testing.junit.runner.junit4.JUnit4Runner.run(JUnit4Runner.java:112)
	at com.google.testing.junit.runner.BazelTestRunner.runTestsInSuite(BazelTestRunner.java:144)
	at com.google.testing.junit.runner.BazelTestRunner.main(BazelTestRunner.java:82)
10) testSemanticSecurityDhies(com.google.security.wycheproof.DhiesTest)
java.security.InvalidKeyException: Illegal key size or default parameters
	at javax.crypto.Cipher.checkCryptoPerm(Cipher.java:1026)
	at javax.crypto.Cipher.implInit(Cipher.java:801)
	at javax.crypto.Cipher.chooseProvider(Cipher.java:864)
	at javax.crypto.Cipher.init(Cipher.java:1249)
	at javax.crypto.Cipher.init(Cipher.java:1186)
	at com.google.security.wycheproof.DhiesTest.testNotEcb(DhiesTest.java:165)
	at com.google.security.wycheproof.DhiesTest.testSemanticSecurityDhies(DhiesTest.java:178)
	at sun.reflect.NativeMethodAccessorImpl.invoke0(Native Method)
	at sun.reflect.NativeMethodAccessorImpl.invoke(NativeMethodAccessorImpl.java:62)
	at sun.reflect.DelegatingMethodAccessorImpl.invoke(DelegatingMethodAccessorImpl.java:43)
	at java.lang.reflect.Method.invoke(Method.java:498)
	at org.junit.runners.model.FrameworkMethod$1.runReflectiveCall(FrameworkMethod.java:47)
	at org.junit.internal.runners.model.ReflectiveCallable.run(ReflectiveCallable.java:12)
	at org.junit.runners.model.FrameworkMethod.invokeExplosively(FrameworkMethod.java:44)
	at org.junit.internal.runners.statements.InvokeMethod.evaluate(InvokeMethod.java:17)
	at org.junit.runners.ParentRunner.runLeaf(ParentRunner.java:271)
	at org.junit.runners.BlockJUnit4ClassRunner.runChild(BlockJUnit4ClassRunner.java:70)
	at org.junit.runners.BlockJUnit4ClassRunner.runChild(BlockJUnit4ClassRunner.java:50)
	at org.junit.runners.ParentRunner$3.run(ParentRunner.java:238)
	at org.junit.runners.ParentRunner$1.schedule(ParentRunner.java:63)
	at org.junit.runners.ParentRunner.runChildren(ParentRunner.java:236)
	at org.junit.runners.ParentRunner.access$000(ParentRunner.java:53)
	at org.junit.runners.ParentRunner$2.evaluate(ParentRunner.java:229)
	at org.junit.runners.ParentRunner.run(ParentRunner.java:309)
	at org.junit.runners.Suite.runChild(Suite.java:127)
	at org.junit.runners.Suite.runChild(Suite.java:26)
	at org.junit.runners.ParentRunner$3.run(ParentRunner.java:238)
	at org.junit.runners.ParentRunner$1.schedule(ParentRunner.java:63)
	at org.junit.runners.ParentRunner.runChildren(ParentRunner.java:236)
	at org.junit.runners.ParentRunner.access$000(ParentRunner.java:53)
	at org.junit.runners.ParentRunner$2.evaluate(ParentRunner.java:229)
	at org.junit.internal.runners.statements.RunBefores.evaluate(RunBefores.java:26)
	at org.junit.runners.ParentRunner.run(ParentRunner.java:309)
	at com.google.testing.junit.runner.internal.junit4.CancellableRequestFactory$CancellableRunner.run(CancellableRequestFactory.java:89)
	at org.junit.runner.JUnitCore.run(JUnitCore.java:160)
	at org.junit.runner.JUnitCore.run(JUnitCore.java:138)
	at com.google.testing.junit.runner.junit4.JUnit4Runner.run(JUnit4Runner.java:112)
	at com.google.testing.junit.runner.BazelTestRunner.runTestsInSuite(BazelTestRunner.java:144)
	at com.google.testing.junit.runner.BazelTestRunner.main(BazelTestRunner.java:82)
11) testEncode(com.google.security.wycheproof.EcdhTest)
org.junit.ComparisonFailure: expected:<30[8201333081ec06072a8648ce3d02013081e0020101302c06072a8648ce3d0101022100ffffffff00000001000000000000000000000000ffffffffffffffffffffffff30440420ffffffff00000001000000000000000000000000fffffffffffffffffffffffc04205ac635d8aa3a93e7b3ebbd55769886bc651d06b0cc53b0f63bce3c3e27d2604b0441046b17d1f2e12c4247f8bce6e563a440f277037d812deb33a0f4a13945d898c2964fe342e2fe1a7f9b8ee7eb4a7c0f9e162bce33576b315ececbb6406837bf51f5022100ffffffff00000000ffffffffffffffffbce6faada7179e84f3b9cac2fc632551020101]03420004cdeb39edd03e...> but was:<30[59301306072a8648ce3d020106082a8648ce3d030107]03420004cdeb39edd03e...>
	at org.junit.Assert.assertEquals(Assert.java:115)
	at org.junit.Assert.assertEquals(Assert.java:144)
	at com.google.security.wycheproof.EcdhTest.testEncode(EcdhTest.java:1894)
	at sun.reflect.NativeMethodAccessorImpl.invoke0(Native Method)
	at sun.reflect.NativeMethodAccessorImpl.invoke(NativeMethodAccessorImpl.java:62)
	at sun.reflect.DelegatingMethodAccessorImpl.invoke(DelegatingMethodAccessorImpl.java:43)
	at java.lang.reflect.Method.invoke(Method.java:498)
	at org.junit.runners.model.FrameworkMethod$1.runReflectiveCall(FrameworkMethod.java:47)
	at org.junit.internal.runners.model.ReflectiveCallable.run(ReflectiveCallable.java:12)
	at org.junit.runners.model.FrameworkMethod.invokeExplosively(FrameworkMethod.java:44)
	at org.junit.internal.runners.statements.InvokeMethod.evaluate(InvokeMethod.java:17)
	at org.junit.runners.ParentRunner.runLeaf(ParentRunner.java:271)
	at org.junit.runners.BlockJUnit4ClassRunner.runChild(BlockJUnit4ClassRunner.java:70)
	at org.junit.runners.BlockJUnit4ClassRunner.runChild(BlockJUnit4ClassRunner.java:50)
	at org.junit.runners.ParentRunner$3.run(ParentRunner.java:238)
	at org.junit.runners.ParentRunner$1.schedule(ParentRunner.java:63)
	at org.junit.runners.ParentRunner.runChildren(ParentRunner.java:236)
	at org.junit.runners.ParentRunner.access$000(ParentRunner.java:53)
	at org.junit.runners.ParentRunner$2.evaluate(ParentRunner.java:229)
	at org.junit.runners.ParentRunner.run(ParentRunner.java:309)
	at org.junit.runners.Suite.runChild(Suite.java:127)
	at org.junit.runners.Suite.runChild(Suite.java:26)
	at org.junit.runners.ParentRunner$3.run(ParentRunner.java:238)
	at org.junit.runners.ParentRunner$1.schedule(ParentRunner.java:63)
	at org.junit.runners.ParentRunner.runChildren(ParentRunner.java:236)
	at org.junit.runners.ParentRunner.access$000(ParentRunner.java:53)
	at org.junit.runners.ParentRunner$2.evaluate(ParentRunner.java:229)
	at org.junit.internal.runners.statements.RunBefores.evaluate(RunBefores.java:26)
	at org.junit.runners.ParentRunner.run(ParentRunner.java:309)
	at com.google.testing.junit.runner.internal.junit4.CancellableRequestFactory$CancellableRunner.run(CancellableRequestFactory.java:89)
	at org.junit.runner.JUnitCore.run(JUnitCore.java:160)
	at org.junit.runner.JUnitCore.run(JUnitCore.java:138)
	at com.google.testing.junit.runner.junit4.JUnit4Runner.run(JUnit4Runner.java:112)
	at com.google.testing.junit.runner.BazelTestRunner.runTestsInSuite(BazelTestRunner.java:144)
	at com.google.testing.junit.runner.BazelTestRunner.main(BazelTestRunner.java:82)
12) testModifyPoint(com.google.security.wycheproof.EciesTest)
java.security.InvalidKeyException: Illegal key size or default parameters
	at javax.crypto.Cipher.checkCryptoPerm(Cipher.java:1026)
	at javax.crypto.Cipher.implInit(Cipher.java:801)
	at javax.crypto.Cipher.chooseProvider(Cipher.java:864)
	at javax.crypto.Cipher.init(Cipher.java:1249)
	at javax.crypto.Cipher.init(Cipher.java:1186)
	at com.google.security.wycheproof.EciesTest.testModifyPoint(EciesTest.java:227)
	at sun.reflect.NativeMethodAccessorImpl.invoke0(Native Method)
	at sun.reflect.NativeMethodAccessorImpl.invoke(NativeMethodAccessorImpl.java:62)
	at sun.reflect.DelegatingMethodAccessorImpl.invoke(DelegatingMethodAccessorImpl.java:43)
	at java.lang.reflect.Method.invoke(Method.java:498)
	at org.junit.runners.model.FrameworkMethod$1.runReflectiveCall(FrameworkMethod.java:47)
	at org.junit.internal.runners.model.ReflectiveCallable.run(ReflectiveCallable.java:12)
	at org.junit.runners.model.FrameworkMethod.invokeExplosively(FrameworkMethod.java:44)
	at org.junit.internal.runners.statements.InvokeMethod.evaluate(InvokeMethod.java:17)
	at org.junit.runners.ParentRunner.runLeaf(ParentRunner.java:271)
	at org.junit.runners.BlockJUnit4ClassRunner.runChild(BlockJUnit4ClassRunner.java:70)
	at org.junit.runners.BlockJUnit4ClassRunner.runChild(BlockJUnit4ClassRunner.java:50)
	at org.junit.runners.ParentRunner$3.run(ParentRunner.java:238)
	at org.junit.runners.ParentRunner$1.schedule(ParentRunner.java:63)
	at org.junit.runners.ParentRunner.runChildren(ParentRunner.java:236)
	at org.junit.runners.ParentRunner.access$000(ParentRunner.java:53)
	at org.junit.runners.ParentRunner$2.evaluate(ParentRunner.java:229)
	at org.junit.runners.ParentRunner.run(ParentRunner.java:309)
	at org.junit.runners.Suite.runChild(Suite.java:127)
	at org.junit.runners.Suite.runChild(Suite.java:26)
	at org.junit.runners.ParentRunner$3.run(ParentRunner.java:238)
	at org.junit.runners.ParentRunner$1.schedule(ParentRunner.java:63)
	at org.junit.runners.ParentRunner.runChildren(ParentRunner.java:236)
	at org.junit.runners.ParentRunner.access$000(ParentRunner.java:53)
	at org.junit.runners.ParentRunner$2.evaluate(ParentRunner.java:229)
	at org.junit.internal.runners.statements.RunBefores.evaluate(RunBefores.java:26)
	at org.junit.runners.ParentRunner.run(ParentRunner.java:309)
	at com.google.testing.junit.runner.internal.junit4.CancellableRequestFactory$CancellableRunner.run(CancellableRequestFactory.java:89)
	at org.junit.runner.JUnitCore.run(JUnitCore.java:160)
	at org.junit.runner.JUnitCore.run(JUnitCore.java:138)
	at com.google.testing.junit.runner.junit4.JUnit4Runner.run(JUnit4Runner.java:112)
	at com.google.testing.junit.runner.BazelTestRunner.runTestsInSuite(BazelTestRunner.java:144)
	at com.google.testing.junit.runner.BazelTestRunner.main(BazelTestRunner.java:82)
13) testAlias(com.google.security.wycheproof.EciesTest)
java.security.InvalidKeyException: Illegal key size or default parameters
	at javax.crypto.Cipher.checkCryptoPerm(Cipher.java:1026)
	at javax.crypto.Cipher.implInit(Cipher.java:801)
	at javax.crypto.Cipher.chooseProvider(Cipher.java:864)
	at javax.crypto.Cipher.init(Cipher.java:1249)
	at javax.crypto.Cipher.init(Cipher.java:1186)
	at com.google.security.wycheproof.EciesTest.testIsAlias(EciesTest.java:322)
	at com.google.security.wycheproof.EciesTest.testAlias(EciesTest.java:332)
	at sun.reflect.NativeMethodAccessorImpl.invoke0(Native Method)
	at sun.reflect.NativeMethodAccessorImpl.invoke(NativeMethodAccessorImpl.java:62)
	at sun.reflect.DelegatingMethodAccessorImpl.invoke(DelegatingMethodAccessorImpl.java:43)
	at java.lang.reflect.Method.invoke(Method.java:498)
	at org.junit.runners.model.FrameworkMethod$1.runReflectiveCall(FrameworkMethod.java:47)
	at org.junit.internal.runners.model.ReflectiveCallable.run(ReflectiveCallable.java:12)
	at org.junit.runners.model.FrameworkMethod.invokeExplosively(FrameworkMethod.java:44)
	at org.junit.internal.runners.statements.InvokeMethod.evaluate(InvokeMethod.java:17)
	at org.junit.runners.ParentRunner.runLeaf(ParentRunner.java:271)
	at org.junit.runners.BlockJUnit4ClassRunner.runChild(BlockJUnit4ClassRunner.java:70)
	at org.junit.runners.BlockJUnit4ClassRunner.runChild(BlockJUnit4ClassRunner.java:50)
	at org.junit.runners.ParentRunner$3.run(ParentRunner.java:238)
	at org.junit.runners.ParentRunner$1.schedule(ParentRunner.java:63)
	at org.junit.runners.ParentRunner.runChildren(ParentRunner.java:236)
	at org.junit.runners.ParentRunner.access$000(ParentRunner.java:53)
	at org.junit.runners.ParentRunner$2.evaluate(ParentRunner.java:229)
	at org.junit.runners.ParentRunner.run(ParentRunner.java:309)
	at org.junit.runners.Suite.runChild(Suite.java:127)
	at org.junit.runners.Suite.runChild(Suite.java:26)
	at org.junit.runners.ParentRunner$3.run(ParentRunner.java:238)
	at org.junit.runners.ParentRunner$1.schedule(ParentRunner.java:63)
	at org.junit.runners.ParentRunner.runChildren(ParentRunner.java:236)
	at org.junit.runners.ParentRunner.access$000(ParentRunner.java:53)
	at org.junit.runners.ParentRunner$2.evaluate(ParentRunner.java:229)
	at org.junit.internal.runners.statements.RunBefores.evaluate(RunBefores.java:26)
	at org.junit.runners.ParentRunner.run(ParentRunner.java:309)
	at com.google.testing.junit.runner.internal.junit4.CancellableRequestFactory$CancellableRunner.run(CancellableRequestFactory.java:89)
	at org.junit.runner.JUnitCore.run(JUnitCore.java:160)
	at org.junit.runner.JUnitCore.run(JUnitCore.java:138)
	at com.google.testing.junit.runner.junit4.JUnit4Runner.run(JUnit4Runner.java:112)
	at com.google.testing.junit.runner.BazelTestRunner.runTestsInSuite(BazelTestRunner.java:144)
	at com.google.testing.junit.runner.BazelTestRunner.main(BazelTestRunner.java:82)
14) testEciesCorruptDefault(com.google.security.wycheproof.EciesTest)
java.security.InvalidKeyException: Illegal key size or default parameters
	at javax.crypto.Cipher.checkCryptoPerm(Cipher.java:1026)
	at javax.crypto.Cipher.implInit(Cipher.java:801)
	at javax.crypto.Cipher.chooseProvider(Cipher.java:864)
	at javax.crypto.Cipher.init(Cipher.java:1249)
	at javax.crypto.Cipher.init(Cipher.java:1186)
	at com.google.security.wycheproof.EciesTest.testExceptions(EciesTest.java:183)
	at com.google.security.wycheproof.EciesTest.testEciesCorruptDefault(EciesTest.java:209)
	at sun.reflect.NativeMethodAccessorImpl.invoke0(Native Method)
	at sun.reflect.NativeMethodAccessorImpl.invoke(NativeMethodAccessorImpl.java:62)
	at sun.reflect.DelegatingMethodAccessorImpl.invoke(DelegatingMethodAccessorImpl.java:43)
	at java.lang.reflect.Method.invoke(Method.java:498)
	at org.junit.runners.model.FrameworkMethod$1.runReflectiveCall(FrameworkMethod.java:47)
	at org.junit.internal.runners.model.ReflectiveCallable.run(ReflectiveCallable.java:12)
	at org.junit.runners.model.FrameworkMethod.invokeExplosively(FrameworkMethod.java:44)
	at org.junit.internal.runners.statements.InvokeMethod.evaluate(InvokeMethod.java:17)
	at org.junit.runners.ParentRunner.runLeaf(ParentRunner.java:271)
	at org.junit.runners.BlockJUnit4ClassRunner.runChild(BlockJUnit4ClassRunner.java:70)
	at org.junit.runners.BlockJUnit4ClassRunner.runChild(BlockJUnit4ClassRunner.java:50)
	at org.junit.runners.ParentRunner$3.run(ParentRunner.java:238)
	at org.junit.runners.ParentRunner$1.schedule(ParentRunner.java:63)
	at org.junit.runners.ParentRunner.runChildren(ParentRunner.java:236)
	at org.junit.runners.ParentRunner.access$000(ParentRunner.java:53)
	at org.junit.runners.ParentRunner$2.evaluate(ParentRunner.java:229)
	at org.junit.runners.ParentRunner.run(ParentRunner.java:309)
	at org.junit.runners.Suite.runChild(Suite.java:127)
	at org.junit.runners.Suite.runChild(Suite.java:26)
	at org.junit.runners.ParentRunner$3.run(ParentRunner.java:238)
	at org.junit.runners.ParentRunner$1.schedule(ParentRunner.java:63)
	at org.junit.runners.ParentRunner.runChildren(ParentRunner.java:236)
	at org.junit.runners.ParentRunner.access$000(ParentRunner.java:53)
	at org.junit.runners.ParentRunner$2.evaluate(ParentRunner.java:229)
	at org.junit.internal.runners.statements.RunBefores.evaluate(RunBefores.java:26)
	at org.junit.runners.ParentRunner.run(ParentRunner.java:309)
	at com.google.testing.junit.runner.internal.junit4.CancellableRequestFactory$CancellableRunner.run(CancellableRequestFactory.java:89)
	at org.junit.runner.JUnitCore.run(JUnitCore.java:160)
	at org.junit.runner.JUnitCore.run(JUnitCore.java:138)
	at com.google.testing.junit.runner.junit4.JUnit4Runner.run(JUnit4Runner.java:112)
	at com.google.testing.junit.runner.BazelTestRunner.runTestsInSuite(BazelTestRunner.java:144)
	at com.google.testing.junit.runner.BazelTestRunner.main(BazelTestRunner.java:82)
15) testEciesBasic(com.google.security.wycheproof.EciesTest)
java.security.InvalidKeyException: Illegal key size or default parameters
	at javax.crypto.Cipher.checkCryptoPerm(Cipher.java:1026)
	at javax.crypto.Cipher.implInit(Cipher.java:801)
	at javax.crypto.Cipher.chooseProvider(Cipher.java:864)
	at javax.crypto.Cipher.init(Cipher.java:1249)
	at javax.crypto.Cipher.init(Cipher.java:1186)
	at com.google.security.wycheproof.EciesTest.testEciesBasic(EciesTest.java:89)
	at sun.reflect.NativeMethodAccessorImpl.invoke0(Native Method)
	at sun.reflect.NativeMethodAccessorImpl.invoke(NativeMethodAccessorImpl.java:62)
	at sun.reflect.DelegatingMethodAccessorImpl.invoke(DelegatingMethodAccessorImpl.java:43)
	at java.lang.reflect.Method.invoke(Method.java:498)
	at org.junit.runners.model.FrameworkMethod$1.runReflectiveCall(FrameworkMethod.java:47)
	at org.junit.internal.runners.model.ReflectiveCallable.run(ReflectiveCallable.java:12)
	at org.junit.runners.model.FrameworkMethod.invokeExplosively(FrameworkMethod.java:44)
	at org.junit.internal.runners.statements.InvokeMethod.evaluate(InvokeMethod.java:17)
	at org.junit.runners.ParentRunner.runLeaf(ParentRunner.java:271)
	at org.junit.runners.BlockJUnit4ClassRunner.runChild(BlockJUnit4ClassRunner.java:70)
	at org.junit.runners.BlockJUnit4ClassRunner.runChild(BlockJUnit4ClassRunner.java:50)
	at org.junit.runners.ParentRunner$3.run(ParentRunner.java:238)
	at org.junit.runners.ParentRunner$1.schedule(ParentRunner.java:63)
	at org.junit.runners.ParentRunner.runChildren(ParentRunner.java:236)
	at org.junit.runners.ParentRunner.access$000(ParentRunner.java:53)
	at org.junit.runners.ParentRunner$2.evaluate(ParentRunner.java:229)
	at org.junit.runners.ParentRunner.run(ParentRunner.java:309)
	at org.junit.runners.Suite.runChild(Suite.java:127)
	at org.junit.runners.Suite.runChild(Suite.java:26)
	at org.junit.runners.ParentRunner$3.run(ParentRunner.java:238)
	at org.junit.runners.ParentRunner$1.schedule(ParentRunner.java:63)
	at org.junit.runners.ParentRunner.runChildren(ParentRunner.java:236)
	at org.junit.runners.ParentRunner.access$000(ParentRunner.java:53)
	at org.junit.runners.ParentRunner$2.evaluate(ParentRunner.java:229)
	at org.junit.internal.runners.statements.RunBefores.evaluate(RunBefores.java:26)
	at org.junit.runners.ParentRunner.run(ParentRunner.java:309)
	at com.google.testing.junit.runner.internal.junit4.CancellableRequestFactory$CancellableRunner.run(CancellableRequestFactory.java:89)
	at org.junit.runner.JUnitCore.run(JUnitCore.java:160)
	at org.junit.runner.JUnitCore.run(JUnitCore.java:138)
	at com.google.testing.junit.runner.junit4.JUnit4Runner.run(JUnit4Runner.java:112)
	at com.google.testing.junit.runner.BazelTestRunner.runTestsInSuite(BazelTestRunner.java:144)
	at com.google.testing.junit.runner.BazelTestRunner.main(BazelTestRunner.java:82)
16) testByteBuffer(com.google.security.wycheproof.EciesTest)
java.security.InvalidKeyException: Illegal key size or default parameters
	at javax.crypto.Cipher.checkCryptoPerm(Cipher.java:1026)
	at javax.crypto.Cipher.implInit(Cipher.java:801)
	at javax.crypto.Cipher.chooseProvider(Cipher.java:864)
	at javax.crypto.Cipher.init(Cipher.java:1249)
	at javax.crypto.Cipher.init(Cipher.java:1186)
	at com.google.security.wycheproof.EciesTest.testByteBuffer(EciesTest.java:359)
	at sun.reflect.NativeMethodAccessorImpl.invoke0(Native Method)
	at sun.reflect.NativeMethodAccessorImpl.invoke(NativeMethodAccessorImpl.java:62)
	at sun.reflect.DelegatingMethodAccessorImpl.invoke(DelegatingMethodAccessorImpl.java:43)
	at java.lang.reflect.Method.invoke(Method.java:498)
	at org.junit.runners.model.FrameworkMethod$1.runReflectiveCall(FrameworkMethod.java:47)
	at org.junit.internal.runners.model.ReflectiveCallable.run(ReflectiveCallable.java:12)
	at org.junit.runners.model.FrameworkMethod.invokeExplosively(FrameworkMethod.java:44)
	at org.junit.internal.runners.statements.InvokeMethod.evaluate(InvokeMethod.java:17)
	at org.junit.runners.ParentRunner.runLeaf(ParentRunner.java:271)
	at org.junit.runners.BlockJUnit4ClassRunner.runChild(BlockJUnit4ClassRunner.java:70)
	at org.junit.runners.BlockJUnit4ClassRunner.runChild(BlockJUnit4ClassRunner.java:50)
	at org.junit.runners.ParentRunner$3.run(ParentRunner.java:238)
	at org.junit.runners.ParentRunner$1.schedule(ParentRunner.java:63)
	at org.junit.runners.ParentRunner.runChildren(ParentRunner.java:236)
	at org.junit.runners.ParentRunner.access$000(ParentRunner.java:53)
	at org.junit.runners.ParentRunner$2.evaluate(ParentRunner.java:229)
	at org.junit.runners.ParentRunner.run(ParentRunner.java:309)
	at org.junit.runners.Suite.runChild(Suite.java:127)
	at org.junit.runners.Suite.runChild(Suite.java:26)
	at org.junit.runners.ParentRunner$3.run(ParentRunner.java:238)
	at org.junit.runners.ParentRunner$1.schedule(ParentRunner.java:63)
	at org.junit.runners.ParentRunner.runChildren(ParentRunner.java:236)
	at org.junit.runners.ParentRunner.access$000(ParentRunner.java:53)
	at org.junit.runners.ParentRunner$2.evaluate(ParentRunner.java:229)
	at org.junit.internal.runners.statements.RunBefores.evaluate(RunBefores.java:26)
	at org.junit.runners.ParentRunner.run(ParentRunner.java:309)
	at com.google.testing.junit.runner.internal.junit4.CancellableRequestFactory$CancellableRunner.run(CancellableRequestFactory.java:89)
	at org.junit.runner.JUnitCore.run(JUnitCore.java:160)
	at org.junit.runner.JUnitCore.run(JUnitCore.java:138)
	at com.google.testing.junit.runner.junit4.JUnit4Runner.run(JUnit4Runner.java:112)
	at com.google.testing.junit.runner.BazelTestRunner.runTestsInSuite(BazelTestRunner.java:144)
	at com.google.testing.junit.runner.BazelTestRunner.main(BazelTestRunner.java:82)
17) testDefaultEcies(com.google.security.wycheproof.EciesTest)
java.security.InvalidKeyException: Illegal key size or default parameters
	at javax.crypto.Cipher.checkCryptoPerm(Cipher.java:1026)
	at javax.crypto.Cipher.implInit(Cipher.java:801)
	at javax.crypto.Cipher.chooseProvider(Cipher.java:864)
	at javax.crypto.Cipher.init(Cipher.java:1249)
	at javax.crypto.Cipher.init(Cipher.java:1186)
	at com.google.security.wycheproof.EciesTest.testNotEcb(EciesTest.java:273)
	at com.google.security.wycheproof.EciesTest.testDefaultEcies(EciesTest.java:282)
	at sun.reflect.NativeMethodAccessorImpl.invoke0(Native Method)
	at sun.reflect.NativeMethodAccessorImpl.invoke(NativeMethodAccessorImpl.java:62)
	at sun.reflect.DelegatingMethodAccessorImpl.invoke(DelegatingMethodAccessorImpl.java:43)
	at java.lang.reflect.Method.invoke(Method.java:498)
	at org.junit.runners.model.FrameworkMethod$1.runReflectiveCall(FrameworkMethod.java:47)
	at org.junit.internal.runners.model.ReflectiveCallable.run(ReflectiveCallable.java:12)
	at org.junit.runners.model.FrameworkMethod.invokeExplosively(FrameworkMethod.java:44)
	at org.junit.internal.runners.statements.InvokeMethod.evaluate(InvokeMethod.java:17)
	at org.junit.runners.ParentRunner.runLeaf(ParentRunner.java:271)
	at org.junit.runners.BlockJUnit4ClassRunner.runChild(BlockJUnit4ClassRunner.java:70)
	at org.junit.runners.BlockJUnit4ClassRunner.runChild(BlockJUnit4ClassRunner.java:50)
	at org.junit.runners.ParentRunner$3.run(ParentRunner.java:238)
	at org.junit.runners.ParentRunner$1.schedule(ParentRunner.java:63)
	at org.junit.runners.ParentRunner.runChildren(ParentRunner.java:236)
	at org.junit.runners.ParentRunner.access$000(ParentRunner.java:53)
	at org.junit.runners.ParentRunner$2.evaluate(ParentRunner.java:229)
	at org.junit.runners.ParentRunner.run(ParentRunner.java:309)
	at org.junit.runners.Suite.runChild(Suite.java:127)
	at org.junit.runners.Suite.runChild(Suite.java:26)
	at org.junit.runners.ParentRunner$3.run(ParentRunner.java:238)
	at org.junit.runners.ParentRunner$1.schedule(ParentRunner.java:63)
	at org.junit.runners.ParentRunner.runChildren(ParentRunner.java:236)
	at org.junit.runners.ParentRunner.access$000(ParentRunner.java:53)
	at org.junit.runners.ParentRunner$2.evaluate(ParentRunner.java:229)
	at org.junit.internal.runners.statements.RunBefores.evaluate(RunBefores.java:26)
	at org.junit.runners.ParentRunner.run(ParentRunner.java:309)
	at com.google.testing.junit.runner.internal.junit4.CancellableRequestFactory$CancellableRunner.run(CancellableRequestFactory.java:89)
	at org.junit.runner.JUnitCore.run(JUnitCore.java:160)
	at org.junit.runner.JUnitCore.run(JUnitCore.java:138)
	at com.google.testing.junit.runner.junit4.JUnit4Runner.run(JUnit4Runner.java:112)
	at com.google.testing.junit.runner.BazelTestRunner.runTestsInSuite(BazelTestRunner.java:144)
	at com.google.testing.junit.runner.BazelTestRunner.main(BazelTestRunner.java:82)
18) testEciesCorruptAesCbc(com.google.security.wycheproof.EciesTest)
java.security.InvalidKeyException: Illegal key size or default parameters
	at javax.crypto.Cipher.checkCryptoPerm(Cipher.java:1026)
	at javax.crypto.Cipher.implInit(Cipher.java:801)
	at javax.crypto.Cipher.chooseProvider(Cipher.java:864)
	at javax.crypto.Cipher.init(Cipher.java:1249)
	at javax.crypto.Cipher.init(Cipher.java:1186)
	at com.google.security.wycheproof.EciesTest.testExceptions(EciesTest.java:183)
	at com.google.security.wycheproof.EciesTest.testEciesCorruptAesCbc(EciesTest.java:213)
	at sun.reflect.NativeMethodAccessorImpl.invoke0(Native Method)
	at sun.reflect.NativeMethodAccessorImpl.invoke(NativeMethodAccessorImpl.java:62)
	at sun.reflect.DelegatingMethodAccessorImpl.invoke(DelegatingMethodAccessorImpl.java:43)
	at java.lang.reflect.Method.invoke(Method.java:498)
	at org.junit.runners.model.FrameworkMethod$1.runReflectiveCall(FrameworkMethod.java:47)
	at org.junit.internal.runners.model.ReflectiveCallable.run(ReflectiveCallable.java:12)
	at org.junit.runners.model.FrameworkMethod.invokeExplosively(FrameworkMethod.java:44)
	at org.junit.internal.runners.statements.InvokeMethod.evaluate(InvokeMethod.java:17)
	at org.junit.runners.ParentRunner.runLeaf(ParentRunner.java:271)
	at org.junit.runners.BlockJUnit4ClassRunner.runChild(BlockJUnit4ClassRunner.java:70)
	at org.junit.runners.BlockJUnit4ClassRunner.runChild(BlockJUnit4ClassRunner.java:50)
	at org.junit.runners.ParentRunner$3.run(ParentRunner.java:238)
	at org.junit.runners.ParentRunner$1.schedule(ParentRunner.java:63)
	at org.junit.runners.ParentRunner.runChildren(ParentRunner.java:236)
	at org.junit.runners.ParentRunner.access$000(ParentRunner.java:53)
	at org.junit.runners.ParentRunner$2.evaluate(ParentRunner.java:229)
	at org.junit.runners.ParentRunner.run(ParentRunner.java:309)
	at org.junit.runners.Suite.runChild(Suite.java:127)
	at org.junit.runners.Suite.runChild(Suite.java:26)
	at org.junit.runners.ParentRunner$3.run(ParentRunner.java:238)
	at org.junit.runners.ParentRunner$1.schedule(ParentRunner.java:63)
	at org.junit.runners.ParentRunner.runChildren(ParentRunner.java:236)
	at org.junit.runners.ParentRunner.access$000(ParentRunner.java:53)
	at org.junit.runners.ParentRunner$2.evaluate(ParentRunner.java:229)
	at org.junit.internal.runners.statements.RunBefores.evaluate(RunBefores.java:26)
	at org.junit.runners.ParentRunner.run(ParentRunner.java:309)
	at com.google.testing.junit.runner.internal.junit4.CancellableRequestFactory$CancellableRunner.run(CancellableRequestFactory.java:89)
	at org.junit.runner.JUnitCore.run(JUnitCore.java:160)
	at org.junit.runner.JUnitCore.run(JUnitCore.java:138)
	at com.google.testing.junit.runner.junit4.JUnit4Runner.run(JUnit4Runner.java:112)
	at com.google.testing.junit.runner.BazelTestRunner.runTestsInSuite(BazelTestRunner.java:144)
	at com.google.testing.junit.runner.BazelTestRunner.main(BazelTestRunner.java:82)
19) testByteBufferAlias(com.google.security.wycheproof.EciesTest)
java.security.InvalidKeyException: Illegal key size or default parameters
	at javax.crypto.Cipher.checkCryptoPerm(Cipher.java:1026)
	at javax.crypto.Cipher.implInit(Cipher.java:801)
	at javax.crypto.Cipher.chooseProvider(Cipher.java:864)
	at javax.crypto.Cipher.init(Cipher.java:1249)
	at javax.crypto.Cipher.init(Cipher.java:1186)
	at com.google.security.wycheproof.EciesTest.testByteBufferAlias(EciesTest.java:394)
	at sun.reflect.NativeMethodAccessorImpl.invoke0(Native Method)
	at sun.reflect.NativeMethodAccessorImpl.invoke(NativeMethodAccessorImpl.java:62)
	at sun.reflect.DelegatingMethodAccessorImpl.invoke(DelegatingMethodAccessorImpl.java:43)
	at java.lang.reflect.Method.invoke(Method.java:498)
	at org.junit.runners.model.FrameworkMethod$1.runReflectiveCall(FrameworkMethod.java:47)
	at org.junit.internal.runners.model.ReflectiveCallable.run(ReflectiveCallable.java:12)
	at org.junit.runners.model.FrameworkMethod.invokeExplosively(FrameworkMethod.java:44)
	at org.junit.internal.runners.statements.InvokeMethod.evaluate(InvokeMethod.java:17)
	at org.junit.runners.ParentRunner.runLeaf(ParentRunner.java:271)
	at org.junit.runners.BlockJUnit4ClassRunner.runChild(BlockJUnit4ClassRunner.java:70)
	at org.junit.runners.BlockJUnit4ClassRunner.runChild(BlockJUnit4ClassRunner.java:50)
	at org.junit.runners.ParentRunner$3.run(ParentRunner.java:238)
	at org.junit.runners.ParentRunner$1.schedule(ParentRunner.java:63)
	at org.junit.runners.ParentRunner.runChildren(ParentRunner.java:236)
	at org.junit.runners.ParentRunner.access$000(ParentRunner.java:53)
	at org.junit.runners.ParentRunner$2.evaluate(ParentRunner.java:229)
	at org.junit.runners.ParentRunner.run(ParentRunner.java:309)
	at org.junit.runners.Suite.runChild(Suite.java:127)
	at org.junit.runners.Suite.runChild(Suite.java:26)
	at org.junit.runners.ParentRunner$3.run(ParentRunner.java:238)
	at org.junit.runners.ParentRunner$1.schedule(ParentRunner.java:63)
	at org.junit.runners.ParentRunner.runChildren(ParentRunner.java:236)
	at org.junit.runners.ParentRunner.access$000(ParentRunner.java:53)
	at org.junit.runners.ParentRunner$2.evaluate(ParentRunner.java:229)
	at org.junit.internal.runners.statements.RunBefores.evaluate(RunBefores.java:26)
	at org.junit.runners.ParentRunner.run(ParentRunner.java:309)
	at com.google.testing.junit.runner.internal.junit4.CancellableRequestFactory$CancellableRunner.run(CancellableRequestFactory.java:89)
	at org.junit.runner.JUnitCore.run(JUnitCore.java:160)
	at org.junit.runner.JUnitCore.run(JUnitCore.java:138)
	at com.google.testing.junit.runner.junit4.JUnit4Runner.run(JUnit4Runner.java:112)
	at com.google.testing.junit.runner.BazelTestRunner.runTestsInSuite(BazelTestRunner.java:144)
	at com.google.testing.junit.runner.BazelTestRunner.main(BazelTestRunner.java:82)

FAILURES!!!
Tests run: 96,  Failures: 19


BazelTestRunner exiting with a return value of 1
JVM shutdown hooks (if any) will run now.
The JVM will exit once they complete.

-- JVM shutdown starting at 2018-04-06 18:55:46 --

