exec ${PAGER:-/usr/bin/less} "$0" || exit 1
-----------------------------------------------------------------------------
JUnit4 Test Runner
....E.....E.........E..
Provider:BC
AlgorithmParameterGenerator.1.2.840.113549.3.2
AlgorithmParameterGenerator.1.3.6.1.4.1.188.7.1.1.2
AlgorithmParameterGenerator.AES
AlgorithmParameterGenerator.CAMELLIA
AlgorithmParameterGenerator.CAST5
AlgorithmParameterGenerator.CCM
AlgorithmParameterGenerator.DES
AlgorithmParameterGenerator.DESEDE
AlgorithmParameterGenerator.DH
AlgorithmParameterGenerator.DSA
AlgorithmParameterGenerator.ELGAMAL
AlgorithmParameterGenerator.ElGamal
AlgorithmParameterGenerator.GCM
AlgorithmParameterGenerator.GOST3410
AlgorithmParameterGenerator.IDEA
AlgorithmParameterGenerator.NOEKEON
AlgorithmParameterGenerator.RC2
AlgorithmParameterGenerator.SEED
AlgorithmParameterGenerator.SHACAL-2
AlgorithmParameterGenerator.SM4
AlgorithmParameterGenerator.Shacal2
AlgorithmParameters.1.2.840.113549.3.2
AlgorithmParameters.1.3.6.1.4.1.188.7.1.1.2
AlgorithmParameters.AES
AlgorithmParameters.BLOWFISH
AlgorithmParameters.CAMELLIA
AlgorithmParameters.CAST5
AlgorithmParameters.CCM
AlgorithmParameters.DES
AlgorithmParameters.DESEDE
AlgorithmParameters.DH
AlgorithmParameters.DSA
AlgorithmParameters.EC
AlgorithmParameters.ECIES
AlgorithmParameters.ELGAMAL
AlgorithmParameters.ElGamal
AlgorithmParameters.GCM
AlgorithmParameters.GOST3410
AlgorithmParameters.IDEA
AlgorithmParameters.IES
AlgorithmParameters.NOEKEON
AlgorithmParameters.OAEP
AlgorithmParameters.PBKDF2
AlgorithmParameters.PKCS12PBE
AlgorithmParameters.PSS
AlgorithmParameters.RC2
AlgorithmParameters.RC5
AlgorithmParameters.RC5-64
AlgorithmParameters.RC6
AlgorithmParameters.RIJNDAEL
AlgorithmParameters.SEED
AlgorithmParameters.SHACAL-2
AlgorithmParameters.SKIPJACK
AlgorithmParameters.SM4
AlgorithmParameters.Serpent
AlgorithmParameters.Shacal2
AlgorithmParameters.TEA
AlgorithmParameters.Threefish-1024
AlgorithmParameters.Threefish-256
AlgorithmParameters.Threefish-512
AlgorithmParameters.Tnepres
AlgorithmParameters.Twofish
AlgorithmParameters.XTEA
CertPathBuilder.PKIX
CertPathBuilder.RFC3280
CertPathBuilder.RFC3281
CertPathValidator.PKIX
CertPathValidator.RFC3280
CertPathValidator.RFC3281
CertStore.Collection
CertStore.LDAP
CertStore.Multi
CertificateFactory.X.509
Cipher.1.2.392.200011.61.1.1.1.2
Cipher.1.2.392.200011.61.1.1.1.3
Cipher.1.2.392.200011.61.1.1.1.4
Cipher.1.2.410.200004.1.4
Cipher.1.2.643.2.2.21
Cipher.1.2.840.113533.7.66.10
Cipher.1.2.840.113549.1.1.1
Cipher.1.2.840.113549.1.1.7
Cipher.1.2.840.113549.1.9.16.3.6
Cipher.1.2.840.113549.3.2
Cipher.1.2.840.113549.3.7
Cipher.1.3.14.3.2.7
Cipher.1.3.6.1.4.1.11591.13.2.1
Cipher.1.3.6.1.4.1.11591.13.2.2
Cipher.1.3.6.1.4.1.11591.13.2.21
Cipher.1.3.6.1.4.1.11591.13.2.22
Cipher.1.3.6.1.4.1.11591.13.2.23
Cipher.1.3.6.1.4.1.11591.13.2.24
Cipher.1.3.6.1.4.1.11591.13.2.3
Cipher.1.3.6.1.4.1.11591.13.2.4
Cipher.1.3.6.1.4.1.11591.13.2.41
Cipher.1.3.6.1.4.1.11591.13.2.42
Cipher.1.3.6.1.4.1.11591.13.2.43
Cipher.1.3.6.1.4.1.11591.13.2.44
Cipher.1.3.6.1.4.1.188.7.1.1.2
Cipher.1.3.6.1.4.1.3029.1.1.2
Cipher.2.16.840.1.101.3.4.1.1
Cipher.2.16.840.1.101.3.4.1.2
Cipher.2.16.840.1.101.3.4.1.21
Cipher.2.16.840.1.101.3.4.1.22
Cipher.2.16.840.1.101.3.4.1.23
Cipher.2.16.840.1.101.3.4.1.24
Cipher.2.16.840.1.101.3.4.1.3
Cipher.2.16.840.1.101.3.4.1.4
Cipher.2.16.840.1.101.3.4.1.41
Cipher.2.16.840.1.101.3.4.1.42
Cipher.2.16.840.1.101.3.4.1.43
Cipher.2.16.840.1.101.3.4.1.44
Cipher.2.5.8.1.1
Cipher.AES
Cipher.AESRFC3211WRAP
Cipher.AESRFC5649WRAP
Cipher.AESWRAP
Cipher.ARC4
Cipher.BLOWFISH
Cipher.BROKENPBEWITHMD5ANDDES
Cipher.BROKENPBEWITHSHA1ANDDES
Cipher.BROKENPBEWITHSHAAND2-KEYTRIPLEDES-CBC
Cipher.BROKENPBEWITHSHAAND3-KEYTRIPLEDES-CBC
Cipher.CAMELLIA
Cipher.CAMELLIARFC3211WRAP
Cipher.CAMELLIAWRAP
Cipher.CAST5
Cipher.CAST6
Cipher.CCM
Cipher.CHACHA
Cipher.CHACHA7539
Cipher.DES
Cipher.DESEDE
Cipher.DESEDERFC3211WRAP
Cipher.DESEDEWRAP
Cipher.DESRFC3211WRAP
Cipher.DHIES
Cipher.DHIESWITHAES-CBC
Cipher.DHIESWITHDESEDE-CBC
Cipher.DHIESwithAES-CBC
Cipher.ECIES
Cipher.ECIESWITHAES-CBC
Cipher.ECIESWITHDESEDE-CBC
Cipher.ECIESwithAES-CBC
Cipher.ECIESwithDESEDE-CBC
Cipher.ELGAMAL
Cipher.ELGAMAL/PKCS1
Cipher.ElGamal
Cipher.GCM
Cipher.GOST28147
Cipher.Grain128
Cipher.Grainv1
Cipher.HC128
Cipher.HC256
Cipher.IDEA
Cipher.IES
Cipher.IESWITHAES-CBC
Cipher.IESWITHDESEDE-CBC
Cipher.IESwithAES-CBC
Cipher.NOEKEON
Cipher.OID.1.2.392.200011.61.1.1.1.2
Cipher.OID.1.2.392.200011.61.1.1.1.3
Cipher.OID.1.2.392.200011.61.1.1.1.4
Cipher.OID.1.2.410.200004.1.4
Cipher.OID.1.2.840.113533.7.66.10
Cipher.OID.1.2.840.113549.1.1.1
Cipher.OID.1.2.840.113549.1.1.7
Cipher.OID.1.2.840.113549.1.9.16.3.6
Cipher.OID.1.2.840.113549.3.2
Cipher.OID.1.2.840.113549.3.7
Cipher.OID.1.3.14.3.2.7
Cipher.OID.1.3.6.1.4.1.11591.13.2.1
Cipher.OID.1.3.6.1.4.1.11591.13.2.2
Cipher.OID.1.3.6.1.4.1.11591.13.2.21
Cipher.OID.1.3.6.1.4.1.11591.13.2.22
Cipher.OID.1.3.6.1.4.1.11591.13.2.23
Cipher.OID.1.3.6.1.4.1.11591.13.2.24
Cipher.OID.1.3.6.1.4.1.11591.13.2.3
Cipher.OID.1.3.6.1.4.1.11591.13.2.4
Cipher.OID.1.3.6.1.4.1.11591.13.2.41
Cipher.OID.1.3.6.1.4.1.11591.13.2.42
Cipher.OID.1.3.6.1.4.1.11591.13.2.43
Cipher.OID.1.3.6.1.4.1.11591.13.2.44
Cipher.OID.1.3.6.1.4.1.188.7.1.1.2
Cipher.OID.1.3.6.1.4.1.3029.1.1.2
Cipher.OID.2.16.840.1.101.3.4.1.1
Cipher.OID.2.16.840.1.101.3.4.1.2
Cipher.OID.2.16.840.1.101.3.4.1.21
Cipher.OID.2.16.840.1.101.3.4.1.22
Cipher.OID.2.16.840.1.101.3.4.1.23
Cipher.OID.2.16.840.1.101.3.4.1.24
Cipher.OID.2.16.840.1.101.3.4.1.3
Cipher.OID.2.16.840.1.101.3.4.1.4
Cipher.OID.2.16.840.1.101.3.4.1.41
Cipher.OID.2.16.840.1.101.3.4.1.42
Cipher.OID.2.16.840.1.101.3.4.1.43
Cipher.OID.2.16.840.1.101.3.4.1.44
Cipher.OID.2.5.8.1.1
Cipher.OLDPBEWITHSHAAND3-KEYTRIPLEDES-CBC
Cipher.OLDPBEWITHSHAANDTWOFISH-CBC
Cipher.PBEWITHMD2ANDDES
Cipher.PBEWITHMD5AND128BITAES-CBC-OPENSSL
Cipher.PBEWITHMD5AND192BITAES-CBC-OPENSSL
Cipher.PBEWITHMD5AND256BITAES-CBC-OPENSSL
Cipher.PBEWITHMD5ANDDES
Cipher.PBEWITHMD5ANDRC2
Cipher.PBEWITHSHA1ANDDES
Cipher.PBEWITHSHA1ANDRC2
Cipher.PBEWITHSHA256AND128BITAES-CBC-BC
Cipher.PBEWITHSHA256AND192BITAES-CBC-BC
Cipher.PBEWITHSHA256AND256BITAES-CBC-BC
Cipher.PBEWITHSHAAND128BITAES-CBC-BC
Cipher.PBEWITHSHAAND128BITRC2-CBC
Cipher.PBEWITHSHAAND128BITRC4
Cipher.PBEWITHSHAAND192BITAES-CBC-BC
Cipher.PBEWITHSHAAND2-KEYTRIPLEDES-CBC
Cipher.PBEWITHSHAAND256BITAES-CBC-BC
Cipher.PBEWITHSHAAND3-KEYTRIPLEDES-CBC
Cipher.PBEWITHSHAAND40BITRC2-CBC
Cipher.PBEWITHSHAAND40BITRC4
Cipher.PBEWITHSHAANDIDEA-CBC
Cipher.PBEWITHSHAANDTWOFISH-CBC
Cipher.RC2
Cipher.RC2WRAP
Cipher.RC5
Cipher.RC5-64
Cipher.RC6
Cipher.RIJNDAEL
Cipher.RSA
Cipher.RSA/1
Cipher.RSA/2
Cipher.RSA/ISO9796-1
Cipher.RSA/OAEP
Cipher.RSA/PKCS1
Cipher.RSA/RAW
Cipher.SALSA20
Cipher.SEED
Cipher.SEEDWRAP
Cipher.SHACAL-2
Cipher.SKIPJACK
Cipher.SM4
Cipher.Serpent
Cipher.Shacal2
Cipher.TEA
Cipher.Threefish-1024
Cipher.Threefish-256
Cipher.Threefish-512
Cipher.Tnepres
Cipher.Twofish
Cipher.VMPC
Cipher.VMPC-KSA3
Cipher.XSALSA20
Cipher.XTEA
KeyAgreement.1.2.840.113549.1.9.16.3.10
KeyAgreement.1.2.840.113549.1.9.16.3.5
KeyAgreement.1.3.132.1.11.0
KeyAgreement.1.3.132.1.11.1
KeyAgreement.1.3.132.1.11.2
KeyAgreement.1.3.132.1.11.3
KeyAgreement.1.3.132.1.14.0
KeyAgreement.1.3.132.1.14.1
KeyAgreement.1.3.132.1.14.2
KeyAgreement.1.3.132.1.14.3
KeyAgreement.1.3.132.1.15.0
KeyAgreement.1.3.132.1.15.1
KeyAgreement.1.3.132.1.15.2
KeyAgreement.1.3.132.1.15.3
KeyAgreement.1.3.133.16.840.63.0.16
KeyAgreement.1.3.133.16.840.63.0.2
KeyAgreement.1.3.133.16.840.63.0.3
KeyAgreement.DH
KeyAgreement.ECCDH
KeyAgreement.ECCDHWITHSHA1CKDF
KeyAgreement.ECCDHWITHSHA256CKDF
KeyAgreement.ECCDHWITHSHA384CKDF
KeyAgreement.ECCDHWITHSHA512CKDF
KeyAgreement.ECDH
KeyAgreement.ECDHC
KeyAgreement.ECDHWITHSHA1KDF
KeyAgreement.ECMQV
KeyAgreement.ECMQVWITHSHA1CKDF
KeyAgreement.ECMQVWITHSHA224CKDF
KeyAgreement.ECMQVWITHSHA256CKDF
KeyAgreement.ECMQVWITHSHA384CKDF
KeyAgreement.ECMQVWITHSHA512CKDF
KeyAgreement.OID.1.2.840.113549.1.9.16.3.10
KeyAgreement.OID.1.2.840.113549.1.9.16.3.5
KeyFactory.DH
KeyFactory.DSA
KeyFactory.DSTU4145
KeyFactory.EC
KeyFactory.ECDH
KeyFactory.ECDHC
KeyFactory.ECDSA
KeyFactory.ECGOST3410
KeyFactory.ECMQV
KeyFactory.ELGAMAL
KeyFactory.ElGamal
KeyFactory.GOST3410
KeyFactory.RSA
KeyFactory.X.509
KeyGenerator.1.2.392.200011.61.1.1.1.2
KeyGenerator.1.2.392.200011.61.1.1.1.3
KeyGenerator.1.2.392.200011.61.1.1.1.4
KeyGenerator.1.2.392.200011.61.1.1.3.2
KeyGenerator.1.2.392.200011.61.1.1.3.3
KeyGenerator.1.2.392.200011.61.1.1.3.4
KeyGenerator.1.2.410.200004.1.4
KeyGenerator.1.2.410.200004.7.1.1.1
KeyGenerator.1.2.840.113549.3.2
KeyGenerator.1.2.840.113549.3.7
KeyGenerator.1.3.6.1.4.1.188.7.1.1.2
KeyGenerator.2.16.840.1.101.3.4.1.1
KeyGenerator.2.16.840.1.101.3.4.1.2
KeyGenerator.2.16.840.1.101.3.4.1.21
KeyGenerator.2.16.840.1.101.3.4.1.22
KeyGenerator.2.16.840.1.101.3.4.1.23
KeyGenerator.2.16.840.1.101.3.4.1.24
KeyGenerator.2.16.840.1.101.3.4.1.25
KeyGenerator.2.16.840.1.101.3.4.1.26
KeyGenerator.2.16.840.1.101.3.4.1.27
KeyGenerator.2.16.840.1.101.3.4.1.3
KeyGenerator.2.16.840.1.101.3.4.1.4
KeyGenerator.2.16.840.1.101.3.4.1.41
KeyGenerator.2.16.840.1.101.3.4.1.42
KeyGenerator.2.16.840.1.101.3.4.1.43
KeyGenerator.2.16.840.1.101.3.4.1.44
KeyGenerator.2.16.840.1.101.3.4.1.45
KeyGenerator.2.16.840.1.101.3.4.1.46
KeyGenerator.2.16.840.1.101.3.4.1.47
KeyGenerator.2.16.840.1.101.3.4.1.5
KeyGenerator.2.16.840.1.101.3.4.1.6
KeyGenerator.2.16.840.1.101.3.4.1.7
KeyGenerator.2.16.840.1.101.3.4.2
KeyGenerator.2.16.840.1.101.3.4.22
KeyGenerator.2.16.840.1.101.3.4.42
KeyGenerator.AES
KeyGenerator.AES-GMAC
KeyGenerator.AESWRAP
KeyGenerator.ARC4
KeyGenerator.BLOWFISH
KeyGenerator.CAMELLIA
KeyGenerator.CAMELLIA-GMAC
KeyGenerator.CAST5
KeyGenerator.CAST6
KeyGenerator.CAST6-GMAC
KeyGenerator.CHACHA
KeyGenerator.CHACHA7539
KeyGenerator.DES
KeyGenerator.DESEDE
KeyGenerator.DESEDEWRAP
KeyGenerator.GOST28147
KeyGenerator.Grain128
KeyGenerator.Grainv1
KeyGenerator.HC128
KeyGenerator.HC256
KeyGenerator.HMACGOST3411
KeyGenerator.HMACGOST3411-2012-256
KeyGenerator.HMACGOST3411-2012-512
KeyGenerator.HMACKECCAK224
KeyGenerator.HMACKECCAK256
KeyGenerator.HMACKECCAK288
KeyGenerator.HMACKECCAK384
KeyGenerator.HMACKECCAK512
KeyGenerator.HMACMD2
KeyGenerator.HMACMD4
KeyGenerator.HMACMD5
KeyGenerator.HMACRIPEMD128
KeyGenerator.HMACRIPEMD160
KeyGenerator.HMACRIPEMD256
KeyGenerator.HMACRIPEMD320
KeyGenerator.HMACSHA1
KeyGenerator.HMACSHA224
KeyGenerator.HMACSHA256
KeyGenerator.HMACSHA3-224
KeyGenerator.HMACSHA3-256
KeyGenerator.HMACSHA3-384
KeyGenerator.HMACSHA3-512
KeyGenerator.HMACSHA384
KeyGenerator.HMACSHA512
KeyGenerator.HMACSHA512/224
KeyGenerator.HMACSHA512/256
KeyGenerator.HMACSkein-1024-1024
KeyGenerator.HMACSkein-1024-384
KeyGenerator.HMACSkein-1024-512
KeyGenerator.HMACSkein-256-128
KeyGenerator.HMACSkein-256-160
KeyGenerator.HMACSkein-256-224
KeyGenerator.HMACSkein-256-256
KeyGenerator.HMACSkein-512-128
KeyGenerator.HMACSkein-512-160
KeyGenerator.HMACSkein-512-224
KeyGenerator.HMACSkein-512-256
KeyGenerator.HMACSkein-512-384
KeyGenerator.HMACSkein-512-512
KeyGenerator.HMACTIGER
KeyGenerator.HMACWHIRLPOOL
KeyGenerator.IDEA
KeyGenerator.NOEKEON
KeyGenerator.NOEKEON-GMAC
KeyGenerator.OID.1.2.392.200011.61.1.1.1.2
KeyGenerator.OID.1.2.392.200011.61.1.1.1.3
KeyGenerator.OID.1.2.392.200011.61.1.1.1.4
KeyGenerator.OID.1.2.392.200011.61.1.1.3.2
KeyGenerator.OID.1.2.392.200011.61.1.1.3.3
KeyGenerator.OID.1.2.392.200011.61.1.1.3.4
KeyGenerator.OID.1.2.410.200004.1.4
KeyGenerator.OID.1.2.410.200004.7.1.1.1
KeyGenerator.OID.1.3.6.1.4.1.188.7.1.1.2
KeyGenerator.OID.2.16.840.1.101.3.4.1.1
KeyGenerator.OID.2.16.840.1.101.3.4.1.2
KeyGenerator.OID.2.16.840.1.101.3.4.1.21
KeyGenerator.OID.2.16.840.1.101.3.4.1.22
KeyGenerator.OID.2.16.840.1.101.3.4.1.23
KeyGenerator.OID.2.16.840.1.101.3.4.1.24
KeyGenerator.OID.2.16.840.1.101.3.4.1.25
KeyGenerator.OID.2.16.840.1.101.3.4.1.26
KeyGenerator.OID.2.16.840.1.101.3.4.1.27
KeyGenerator.OID.2.16.840.1.101.3.4.1.3
KeyGenerator.OID.2.16.840.1.101.3.4.1.4
KeyGenerator.OID.2.16.840.1.101.3.4.1.41
KeyGenerator.OID.2.16.840.1.101.3.4.1.42
KeyGenerator.OID.2.16.840.1.101.3.4.1.43
KeyGenerator.OID.2.16.840.1.101.3.4.1.44
KeyGenerator.OID.2.16.840.1.101.3.4.1.45
KeyGenerator.OID.2.16.840.1.101.3.4.1.46
KeyGenerator.OID.2.16.840.1.101.3.4.1.47
KeyGenerator.OID.2.16.840.1.101.3.4.1.5
KeyGenerator.OID.2.16.840.1.101.3.4.1.6
KeyGenerator.OID.2.16.840.1.101.3.4.1.7
KeyGenerator.POLY1305
KeyGenerator.POLY1305-AES
KeyGenerator.POLY1305-CAMELLIA
KeyGenerator.POLY1305-CAST6
KeyGenerator.POLY1305-NOEKEON
KeyGenerator.POLY1305-RC6
KeyGenerator.POLY1305-SEED
KeyGenerator.POLY1305-SERPENT
KeyGenerator.POLY1305-SM4
KeyGenerator.POLY1305-Twofish
KeyGenerator.RC2
KeyGenerator.RC5
KeyGenerator.RC5-64
KeyGenerator.RC6
KeyGenerator.RC6-GMAC
KeyGenerator.RIJNDAEL
KeyGenerator.SALSA20
KeyGenerator.SEED
KeyGenerator.SEED-CMAC
KeyGenerator.SEED-GMAC
KeyGenerator.SERPENT-GMAC
KeyGenerator.SHACAL-2
KeyGenerator.SIPHASH
KeyGenerator.SKIPJACK
KeyGenerator.SM4
KeyGenerator.SM4-CMAC
KeyGenerator.SM4-GMAC
KeyGenerator.Serpent
KeyGenerator.Shacal2
KeyGenerator.Skein-MAC-1024-1024
KeyGenerator.Skein-MAC-1024-384
KeyGenerator.Skein-MAC-1024-512
KeyGenerator.Skein-MAC-256-128
KeyGenerator.Skein-MAC-256-160
KeyGenerator.Skein-MAC-256-224
KeyGenerator.Skein-MAC-256-256
KeyGenerator.Skein-MAC-512-128
KeyGenerator.Skein-MAC-512-160
KeyGenerator.Skein-MAC-512-224
KeyGenerator.Skein-MAC-512-256
KeyGenerator.Skein-MAC-512-384
KeyGenerator.Skein-MAC-512-512
KeyGenerator.TEA
KeyGenerator.TNEPRES-GMAC
KeyGenerator.Threefish-1024
KeyGenerator.Threefish-256
KeyGenerator.Threefish-512
KeyGenerator.Tnepres
KeyGenerator.Twofish
KeyGenerator.Twofish-GMAC
KeyGenerator.VMPC
KeyGenerator.VMPC-KSA3
KeyGenerator.XSALSA20
KeyGenerator.XTEA
KeyPairGenerator.DH
KeyPairGenerator.DSA
KeyPairGenerator.DSTU4145
KeyPairGenerator.EC
KeyPairGenerator.ECDH
KeyPairGenerator.ECDHC
KeyPairGenerator.ECDHWITHSHA1KDF
KeyPairGenerator.ECDSA
KeyPairGenerator.ECGOST3410
KeyPairGenerator.ECIES
KeyPairGenerator.ECMQV
KeyPairGenerator.ELGAMAL
KeyPairGenerator.ElGamal
KeyPairGenerator.GOST3410
KeyPairGenerator.RSA
KeyStore.BCFKS
KeyStore.BCFKS-DEF
KeyStore.BCPKCS12
KeyStore.BKS
KeyStore.BKS-V1
KeyStore.BouncyCastle
KeyStore.PKCS12
KeyStore.PKCS12-3DES-3DES
KeyStore.PKCS12-3DES-40RC2
KeyStore.PKCS12-DEF
KeyStore.PKCS12-DEF-3DES-3DES
KeyStore.PKCS12-DEF-3DES-40RC2
Mac.AES-GMAC
Mac.AESCCMMAC
Mac.AESCMAC
Mac.BLOWFISHCMAC
Mac.CAMELLIA-GMAC
Mac.CAST6-GMAC
Mac.DESCMAC
Mac.DESEDECMAC
Mac.DESEDEMAC
Mac.DESEDEMAC/CFB8
Mac.DESEDEMAC64
Mac.DESEDEMAC64WITHISO7816-4PADDING
Mac.DESMAC
Mac.DESMAC/CFB8
Mac.DESMAC64
Mac.DESMAC64WITHISO7816-4PADDING
Mac.DESWITHISO9797
Mac.GOST28147MAC
Mac.HMACGOST3411
Mac.HMACGOST3411-2012-256
Mac.HMACGOST3411-2012-512
Mac.HMACKECCAK224
Mac.HMACKECCAK256
Mac.HMACKECCAK288
Mac.HMACKECCAK384
Mac.HMACKECCAK512
Mac.HMACMD2
Mac.HMACMD4
Mac.HMACMD5
Mac.HMACRIPEMD128
Mac.HMACRIPEMD160
Mac.HMACRIPEMD256
Mac.HMACRIPEMD320
Mac.HMACSHA1
Mac.HMACSHA224
Mac.HMACSHA256
Mac.HMACSHA3-224
Mac.HMACSHA3-256
Mac.HMACSHA3-384
Mac.HMACSHA3-512
Mac.HMACSHA384
Mac.HMACSHA512
Mac.HMACSHA512/224
Mac.HMACSHA512/256
Mac.HMACSkein-1024-1024
Mac.HMACSkein-1024-384
Mac.HMACSkein-1024-512
Mac.HMACSkein-256-128
Mac.HMACSkein-256-160
Mac.HMACSkein-256-224
Mac.HMACSkein-256-256
Mac.HMACSkein-512-128
Mac.HMACSkein-512-160
Mac.HMACSkein-512-224
Mac.HMACSkein-512-256
Mac.HMACSkein-512-384
Mac.HMACSkein-512-512
Mac.HMACTIGER
Mac.HMACWHIRLPOOL
Mac.IDEAMAC
Mac.IDEAMAC/CFB8
Mac.ISO9797ALG3MAC
Mac.ISO9797ALG3WITHISO7816-4PADDING
Mac.NOEKEON-GMAC
Mac.OLDHMACSHA384
Mac.OLDHMACSHA512
Mac.PBEWITHHMACRIPEMD160
Mac.PBEWITHHMACSHA
Mac.PBEWITHHMACSHA1
Mac.PBEWITHHMACSHA224
Mac.PBEWITHHMACSHA256
Mac.PBEWITHHMACSHA384
Mac.PBEWITHHMACSHA512
Mac.POLY1305
Mac.POLY1305-AES
Mac.POLY1305-CAMELLIA
Mac.POLY1305-CAST6
Mac.POLY1305-NOEKEON
Mac.POLY1305-RC6
Mac.POLY1305-SEED
Mac.POLY1305-SERPENT
Mac.POLY1305-SM4
Mac.POLY1305-Twofish
Mac.RC2MAC
Mac.RC2MAC/CFB8
Mac.RC5MAC
Mac.RC5MAC/CFB8
Mac.RC6-GMAC
Mac.SEED-CMAC
Mac.SEED-GMAC
Mac.SERPENT-GMAC
Mac.SIPHASH-2-4
Mac.SIPHASH-4-8
Mac.SKIPJACKMAC
Mac.SKIPJACKMAC/CFB8
Mac.SM4-CMAC
Mac.SM4-GMAC
Mac.Shacal-2CMAC
Mac.Skein-MAC-1024-1024
Mac.Skein-MAC-1024-384
Mac.Skein-MAC-1024-512
Mac.Skein-MAC-256-128
Mac.Skein-MAC-256-160
Mac.Skein-MAC-256-224
Mac.Skein-MAC-256-256
Mac.Skein-MAC-512-128
Mac.Skein-MAC-512-160
Mac.Skein-MAC-512-224
Mac.Skein-MAC-512-256
Mac.Skein-MAC-512-384
Mac.Skein-MAC-512-512
Mac.TNEPRES-GMAC
Mac.Threefish-1024CMAC
Mac.Threefish-256CMAC
Mac.Threefish-512CMAC
Mac.Twofish-GMAC
Mac.VMPCMAC
MessageDigest.2.16.840.1.101.3.4.2.10
MessageDigest.2.16.840.1.101.3.4.2.7
MessageDigest.2.16.840.1.101.3.4.2.8
MessageDigest.2.16.840.1.101.3.4.2.9
MessageDigest.BLAKE2B-160
MessageDigest.BLAKE2B-256
MessageDigest.BLAKE2B-384
MessageDigest.BLAKE2B-512
MessageDigest.GOST3411
MessageDigest.GOST3411-2012-256
MessageDigest.GOST3411-2012-512
MessageDigest.KECCAK-224
MessageDigest.KECCAK-256
MessageDigest.KECCAK-288
MessageDigest.KECCAK-384
MessageDigest.KECCAK-512
MessageDigest.MD2
MessageDigest.MD4
MessageDigest.MD5
MessageDigest.OID.2.16.840.1.101.3.4.2.10
MessageDigest.OID.2.16.840.1.101.3.4.2.7
MessageDigest.OID.2.16.840.1.101.3.4.2.8
MessageDigest.OID.2.16.840.1.101.3.4.2.9
MessageDigest.RIPEMD128
MessageDigest.RIPEMD160
MessageDigest.RIPEMD256
MessageDigest.RIPEMD320
MessageDigest.SHA-1
MessageDigest.SHA-224
MessageDigest.SHA-256
MessageDigest.SHA-384
MessageDigest.SHA-512
MessageDigest.SHA-512/224
MessageDigest.SHA-512/256
MessageDigest.SHA3-224
MessageDigest.SHA3-256
MessageDigest.SHA3-384
MessageDigest.SHA3-512
MessageDigest.SM3
MessageDigest.Skein-1024-1024
MessageDigest.Skein-1024-384
MessageDigest.Skein-1024-512
MessageDigest.Skein-256-128
MessageDigest.Skein-256-160
MessageDigest.Skein-256-224
MessageDigest.Skein-256-256
MessageDigest.Skein-512-128
MessageDigest.Skein-512-160
MessageDigest.Skein-512-224
MessageDigest.Skein-512-256
MessageDigest.Skein-512-384
MessageDigest.Skein-512-512
MessageDigest.TIGER
MessageDigest.Tiger
MessageDigest.WHIRLPOOL
Provider.id className
Provider.id info
Provider.id name
Provider.id version
SecretKeyFactory.1.3.14.3.2.17
SecretKeyFactory.2.16.840.1.101.3.4.1
SecretKeyFactory.AES
SecretKeyFactory.DES
SecretKeyFactory.DESEDE
SecretKeyFactory.OID.1.3.14.3.2.17
SecretKeyFactory.OID.2.16.840.1.101.3.4.1
SecretKeyFactory.PBEWITHHMACGOST3411
SecretKeyFactory.PBEWITHHMACRIPEMD160
SecretKeyFactory.PBEWITHHMACSHA1
SecretKeyFactory.PBEWITHHMACSHA256
SecretKeyFactory.PBEWITHHMACTIGER
SecretKeyFactory.PBEWITHMD2ANDDES
SecretKeyFactory.PBEWITHMD2ANDRC2
SecretKeyFactory.PBEWITHMD5AND128BITAES-CBC-OPENSSL
SecretKeyFactory.PBEWITHMD5AND192BITAES-CBC-OPENSSL
SecretKeyFactory.PBEWITHMD5AND256BITAES-CBC-OPENSSL
SecretKeyFactory.PBEWITHMD5ANDDES
SecretKeyFactory.PBEWITHMD5ANDRC2
SecretKeyFactory.PBEWITHSHA1ANDDES
SecretKeyFactory.PBEWITHSHA1ANDRC2
SecretKeyFactory.PBEWITHSHA256AND128BITAES-CBC-BC
SecretKeyFactory.PBEWITHSHA256AND192BITAES-CBC-BC
SecretKeyFactory.PBEWITHSHA256AND256BITAES-CBC-BC
SecretKeyFactory.PBEWITHSHAAND128BITAES-CBC-BC
SecretKeyFactory.PBEWITHSHAAND128BITRC2-CBC
SecretKeyFactory.PBEWITHSHAAND128BITRC4
SecretKeyFactory.PBEWITHSHAAND192BITAES-CBC-BC
SecretKeyFactory.PBEWITHSHAAND2-KEYTRIPLEDES-CBC
SecretKeyFactory.PBEWITHSHAAND256BITAES-CBC-BC
SecretKeyFactory.PBEWITHSHAAND3-KEYTRIPLEDES-CBC
SecretKeyFactory.PBEWITHSHAAND40BITRC2-CBC
SecretKeyFactory.PBEWITHSHAAND40BITRC4
SecretKeyFactory.PBEWITHSHAANDIDEA-CBC
SecretKeyFactory.PBEWITHSHAANDTWOFISH-CBC
SecretKeyFactory.PBKDF-OPENSSL
SecretKeyFactory.PBKDF2
SecretKeyFactory.PBKDF2WITHASCII
SecretKeyFactory.PBKDF2WITHHMACSHA224
SecretKeyFactory.PBKDF2WITHHMACSHA256
SecretKeyFactory.PBKDF2WITHHMACSHA384
SecretKeyFactory.PBKDF2WITHHMACSHA512
SecretKeyFactory.TLS10KDF
SecretKeyFactory.TLS11KDF
SecretKeyFactory.TLS12WITHSHA256KDF
SecretKeyFactory.TLS12WITHSHA384KDF
SecretKeyFactory.TLS12WITHSHA512KDF
SecureRandom.DEFAULT
SecureRandom.NONCEANDIV
Signature.1.2.840.113549.1.1.10
Signature.DDSA
Signature.DETDSA
Signature.DSA
Signature.DSTU4145
Signature.ECDDSA
Signature.ECDSA
Signature.ECGOST3410
Signature.GOST3410
Signature.GOST3411WITHDSTU4145
Signature.GOST3411WITHDSTU4145LE
Signature.GOST3411WITHECGOST3410
Signature.MD2WITHRSA
Signature.MD4WITHRSA
Signature.MD5WITHRSA
Signature.MD5WITHRSA/ISO9796-2
Signature.NONEWITHDSA
Signature.NONEwithECDSA
Signature.OID.1.2.840.113549.1.1.10
Signature.RAWRSASSA-PSS
Signature.RIPEMD128WITHRSA
Signature.RIPEMD128WITHRSA/X9.31
Signature.RIPEMD160WITHECDSA
Signature.RIPEMD160WITHPLAIN-ECDSA
Signature.RIPEMD160WITHRSA
Signature.RIPEMD160WITHRSA/X9.31
Signature.RIPEMD160withRSA/ISO9796-2
Signature.RIPEMD256WITHRSA
Signature.RMD128WITHRSA
Signature.RMD128WITHRSA/X9.31
Signature.RMD160WITHRSA
Signature.RMD160WITHRSA/X9.31
Signature.RMD256WITHRSA
Signature.RSA
Signature.RSASSA-PSS
Signature.SHA1WITHCVC-ECDSA
Signature.SHA1WITHDDSA
Signature.SHA1WITHDETDSA
Signature.SHA1WITHECDDSA
Signature.SHA1WITHECNR
Signature.SHA1WITHPLAIN-ECDSA
Signature.SHA1WITHRSA
Signature.SHA1WITHRSA/ISO9796-2
Signature.SHA1WITHRSA/X9.31
Signature.SHA1WITHRSAANDMGF1
Signature.SHA224WITHCVC-ECDSA
Signature.SHA224WITHDDSA
Signature.SHA224WITHDETDSA
Signature.SHA224WITHDSA
Signature.SHA224WITHECDDSA
Signature.SHA224WITHECDSA
Signature.SHA224WITHECNR
Signature.SHA224WITHPLAIN-ECDSA
Signature.SHA224WITHRSA
Signature.SHA224WITHRSA/ISO9796-2
Signature.SHA224WITHRSA/X9.31
Signature.SHA224WITHRSAANDMGF1
Signature.SHA256WITHCVC-ECDSA
Signature.SHA256WITHDDSA
Signature.SHA256WITHDETDSA
Signature.SHA256WITHDSA
Signature.SHA256WITHECDDSA
Signature.SHA256WITHECDSA
Signature.SHA256WITHECNR
Signature.SHA256WITHPLAIN-ECDSA
Signature.SHA256WITHRSA
Signature.SHA256WITHRSA/ISO9796-2
Signature.SHA256WITHRSA/X9.31
Signature.SHA256WITHRSAANDMGF1
Signature.SHA3-224WITHDDSA
Signature.SHA3-224WITHDSA
Signature.SHA3-224WITHECDDSA
Signature.SHA3-224WITHECDSA
Signature.SHA3-224WITHRSA
Signature.SHA3-224WITHRSAANDMGF1
Signature.SHA3-256WITHDDSA
Signature.SHA3-256WITHDSA
Signature.SHA3-256WITHECDDSA
Signature.SHA3-256WITHECDSA
Signature.SHA3-256WITHRSA
Signature.SHA3-256WITHRSAANDMGF1
Signature.SHA3-384WITHDDSA
Signature.SHA3-384WITHDSA
Signature.SHA3-384WITHECDDSA
Signature.SHA3-384WITHECDSA
Signature.SHA3-384WITHRSA
Signature.SHA3-384WITHRSAANDMGF1
Signature.SHA3-512WITHDDSA
Signature.SHA3-512WITHDSA
Signature.SHA3-512WITHECDDSA
Signature.SHA3-512WITHECDSA
Signature.SHA3-512WITHRSA
Signature.SHA3-512WITHRSAANDMGF1
Signature.SHA384WITHCVC-ECDSA
Signature.SHA384WITHDDSA
Signature.SHA384WITHDETDSA
Signature.SHA384WITHDSA
Signature.SHA384WITHECDDSA
Signature.SHA384WITHECDSA
Signature.SHA384WITHECNR
Signature.SHA384WITHPLAIN-ECDSA
Signature.SHA384WITHRSA
Signature.SHA384WITHRSA/ISO9796-2
Signature.SHA384WITHRSA/X9.31
Signature.SHA384WITHRSAANDMGF1
Signature.SHA512(224)WITHRSA
Signature.SHA512(224)WITHRSA/ISO9796-2
Signature.SHA512(224)WITHRSA/X9.31
Signature.SHA512(224)WITHRSAANDMGF1
Signature.SHA512(256)WITHRSA
Signature.SHA512(256)WITHRSA/ISO9796-2
Signature.SHA512(256)WITHRSA/X9.31
Signature.SHA512(256)WITHRSAANDMGF1
Signature.SHA512WITHCVC-ECDSA
Signature.SHA512WITHDDSA
Signature.SHA512WITHDETDSA
Signature.SHA512WITHDSA
Signature.SHA512WITHECDDSA
Signature.SHA512WITHECDSA
Signature.SHA512WITHECNR
Signature.SHA512WITHPLAIN-ECDSA
Signature.SHA512WITHRSA
Signature.SHA512WITHRSA/ISO9796-2
Signature.SHA512WITHRSA/X9.31
Signature.SHA512WITHRSAANDMGF1
Signature.WHIRLPOOLWITHRSA/ISO9796-2
Signature.WHIRLPOOLWITHRSA/X9.31
Signature.WhirlpoolWITHRSA/ISO9796-2
Signature.WhirlpoolWITHRSA/X9.31
X509Store.ATTRIBUTECERTIFICATE/COLLECTION
X509Store.ATTRIBUTECERTIFICATE/LDAP
X509Store.CERTIFICATE/COLLECTION
X509Store.CERTIFICATE/LDAP
X509Store.CERTIFICATEPAIR/COLLECTION
X509Store.CERTIFICATEPAIR/LDAP
X509Store.CRL/COLLECTION
X509Store.CRL/LDAP
X509StreamParser.ATTRIBUTECERTIFICATE
X509StreamParser.CERTIFICATE
X509StreamParser.CERTIFICATEPAIR
X509StreamParser.CRL
..E.E..E.E.E....No implementation for:DHIESWithAES
....No implementation for:DHIESWITHDESEDE
.....testDefaultSize: keysize=1024
E....testTiming: SHA1WITHDSA
count:50000 cutoff:1811433 relative average:0.9999423596962682 sigmas:0.02232399364235667
count:25000 cutoff:238930 relative average:1.0000205046175745 sigmas:0.005615420789313401
count:12500 cutoff:213806 relative average:1.0027383219351627 sigmas:0.5302737625719579
count:6251 cutoff:197590 relative average:1.0014128512000817 sigmas:0.1934780945611636
count:3127 cutoff:192052 relative average:0.9927710289218769 sigmas:0.7001660605458475
count:1563 cutoff:190318 relative average:0.9949223765063668 sigmas:0.34769673387706246
count:782 cutoff:189130 relative average:0.9876038955657908 sigmas:0.6004118157293427
count:391 cutoff:187995 relative average:0.9984636044280014 sigmas:0.05262014650150245
count:196 cutoff:186747 relative average:0.963912612335451 sigmas:0.875072645264065
count:98 cutoff:185743 relative average:0.9780972777708911 sigmas:0.37555345407461954
count:49 cutoff:185047 relative average:0.9978774405891685 sigmas:0.025734665191505336
count:25 cutoff:184481 relative average:0.9584298642653108 sigmas:0.3600079358500813
count:13 cutoff:183581 relative average:0.7959048016315772 sigmas:1.2745741052935249
...java.security.spec.InvalidKeySpecException: encoded key spec not recognized: n is not positive
java.security.spec.InvalidKeySpecException: encoded key spec not recognized: Zero length BigInteger
java.security.spec.InvalidKeySpecException: encoded key spec not recognized: h is not positive
java.security.spec.InvalidKeySpecException: encoded key spec not recognized: Zero length BigInteger
java.security.spec.InvalidKeySpecException: encoded key spec not recognized: h is not positive
..Encoded ECPrivateKey:3082024b0201003081ec06072a8648ce3d02013081e0020101302c06072a8648ce3d0101022100ffffffff00000001000000000000000000000000ffffffffffffffffffffffff30440420ffffffff00000001000000000000000000000000fffffffffffffffffffffffc04205ac635d8aa3a93e7b3ebbd55769886bc651d06b0cc53b0f63bce3c3e27d2604b0441046b17d1f2e12c4247f8bce6e563a440f277037d812deb33a0f4a13945d898c2964fe342e2fe1a7f9b8ee7eb4a7c0f9e162bce33576b315ececbb6406837bf51f5022100ffffffff00000000ffffffffffffffffbce6faada7179e84f3b9cac2fc632551020101048201553082015102010104204888e26d070e5307f99a7ee01000f97ff2df65fca44f209f4bc39267cf82247ea081e33081e0020101302c06072a8648ce3d0101022100ffffffff00000001000000000000000000000000ffffffffffffffffffffffff30440420ffffffff00000001000000000000000000000000fffffffffffffffffffffffc04205ac635d8aa3a93e7b3ebbd55769886bc651d06b0cc53b0f63bce3c3e27d2604b0441046b17d1f2e12c4247f8bce6e563a440f277037d812deb33a0f4a13945d898c2964fe342e2fe1a7f9b8ee7eb4a7c0f9e162bce33576b315ececbb6406837bf51f5022100ffffffff00000000ffffffffffffffffbce6faada7179e84f3b9cac2fc632551020101a14403420004b737685fb618d2d8996859a1be19a9c416a96c5b4d51154b6c0f2230b84498ae90c843638beb711811a88ff517eb6aa60f1bf53d42ce2318bd746c02df5abedd
...testWrongOrder:org.bouncycastle.jcajce.provider.asymmetric.ec.KeyAgreementSpi$1: calculation failed: ECDHC public key has wrong domain parameters
testWrongOrder:org.bouncycastle.jcajce.provider.asymmetric.ec.KeyAgreementSpi$1: calculation failed: ECDHC public key has wrong domain parameters
..testModifiedPublic:public point not on curve throws java.security.spec.InvalidKeySpecException: encoded key spec not recognized: Invalid point coordinates
testModifiedPublic:public point = (0,0) throws java.security.spec.InvalidKeySpecException: encoded key spec not recognized: Invalid point coordinates
testModifiedPublic:order = 1 throws org.bouncycastle.jcajce.provider.asymmetric.ec.KeyAgreementSpi$1: calculation failed: ECDH public key has wrong domain parameters
testModifiedPublic:order = 26959946660873538060741835960514744168612397095220107664918121663170 throws org.bouncycastle.jcajce.provider.asymmetric.ec.KeyAgreementSpi$1: calculation failed: ECDH public key has wrong domain parameters
testModifiedPublic:generator = (0,0) throws java.security.spec.InvalidKeySpecException: encoded key spec not recognized: Invalid point coordinates
testModifiedPublic:generator not on curve throws java.security.spec.InvalidKeySpecException: encoded key spec not recognized: Invalid point coordinates
testModifiedPublic:cofactor = 2 throws org.bouncycastle.jcajce.provider.asymmetric.ec.KeyAgreementSpi$1: calculation failed: ECDH public key has wrong domain parameters
testModifiedPublic:cofactor = None throws org.bouncycastle.jcajce.provider.asymmetric.ec.KeyAgreementSpi$1: calculation failed: null
testModifiedPublic:modified prime throws org.bouncycastle.jcajce.provider.asymmetric.ec.KeyAgreementSpi$1: calculation failed: ECDH public key has wrong domain parameters
testModifiedPublic:using secp224r1 throws org.bouncycastle.jcajce.provider.asymmetric.ec.KeyAgreementSpi$1: calculation failed: ECDH public key has wrong domain parameters
testModifiedPublic:a = 0 throws org.bouncycastle.jcajce.provider.asymmetric.ec.KeyAgreementSpi$1: calculation failed: ECDH public key has wrong domain parameters
testModifiedPublic:new curve with generator of order 3 that is also on secp256r1 throws org.bouncycastle.jcajce.provider.asymmetric.ec.KeyAgreementSpi$1: calculation failed: ECDH public key has wrong domain parameters
testModifiedPublic:order = -115792089210356248762697446949407573529996955224135760342422259061068512044369 throws java.security.spec.InvalidKeySpecException: encoded key spec not recognized: n is not positive
testModifiedPublic:order = 0 throws java.security.spec.InvalidKeySpecException: encoded key spec not recognized: n is not positive
testModifiedPublic:cofactor = -1 throws java.security.spec.InvalidKeySpecException: encoded key spec not recognized: h is not positive
testModifiedPublic:cofactor = 0 throws java.security.spec.InvalidKeySpecException: encoded key spec not recognized: h is not positive
testModifiedPublic:public point not on curve throws java.security.spec.InvalidKeySpecException: encoded key spec not recognized: Invalid point coordinates
testModifiedPublic:public point = (0,0) throws java.security.spec.InvalidKeySpecException: encoded key spec not recognized: Invalid point coordinates
testModifiedPublic:order = 1 throws org.bouncycastle.jcajce.provider.asymmetric.ec.KeyAgreementSpi$1: calculation failed: ECDHC public key has wrong domain parameters
testModifiedPublic:order = 26959946660873538060741835960514744168612397095220107664918121663170 throws org.bouncycastle.jcajce.provider.asymmetric.ec.KeyAgreementSpi$1: calculation failed: ECDHC public key has wrong domain parameters
testModifiedPublic:generator = (0,0) throws java.security.spec.InvalidKeySpecException: encoded key spec not recognized: Invalid point coordinates
testModifiedPublic:generator not on curve throws java.security.spec.InvalidKeySpecException: encoded key spec not recognized: Invalid point coordinates
testModifiedPublic:cofactor = 2 throws org.bouncycastle.jcajce.provider.asymmetric.ec.KeyAgreementSpi$1: calculation failed: ECDHC public key has wrong domain parameters
testModifiedPublic:cofactor = None throws org.bouncycastle.jcajce.provider.asymmetric.ec.KeyAgreementSpi$1: calculation failed: null
testModifiedPublic:modified prime throws org.bouncycastle.jcajce.provider.asymmetric.ec.KeyAgreementSpi$1: calculation failed: ECDHC public key has wrong domain parameters
testModifiedPublic:using secp224r1 throws org.bouncycastle.jcajce.provider.asymmetric.ec.KeyAgreementSpi$1: calculation failed: ECDHC public key has wrong domain parameters
testModifiedPublic:a = 0 throws org.bouncycastle.jcajce.provider.asymmetric.ec.KeyAgreementSpi$1: calculation failed: ECDHC public key has wrong domain parameters
testModifiedPublic:new curve with generator of order 3 that is also on secp256r1 throws org.bouncycastle.jcajce.provider.asymmetric.ec.KeyAgreementSpi$1: calculation failed: ECDHC public key has wrong domain parameters
testModifiedPublic:order = -115792089210356248762697446949407573529996955224135760342422259061068512044369 throws java.security.spec.InvalidKeySpecException: encoded key spec not recognized: n is not positive
testModifiedPublic:order = 0 throws java.security.spec.InvalidKeySpecException: encoded key spec not recognized: n is not positive
testModifiedPublic:cofactor = -1 throws java.security.spec.InvalidKeySpecException: encoded key spec not recognized: h is not positive
testModifiedPublic:cofactor = 0 throws java.security.spec.InvalidKeySpecException: encoded key spec not recognized: h is not positive
.testWrongOrder:org.bouncycastle.jcajce.provider.asymmetric.ec.KeyAgreementSpi$1: calculation failed: ECDH public key has wrong domain parameters
testWrongOrder:org.bouncycastle.jcajce.provider.asymmetric.ec.KeyAgreementSpi$1: calculation failed: ECDH public key has wrong domain parameters
..testModifiedPublic:public point not on curve throws java.security.spec.InvalidKeySpecException: invalid KeySpec: point not on curve
testModifiedPublic:public point = (0,0) throws java.security.spec.InvalidKeySpecException: invalid KeySpec: point not on curve
testModifiedPublic:order = 1 throws org.bouncycastle.jcajce.provider.asymmetric.ec.KeyAgreementSpi$1: calculation failed: ECDH public key has wrong domain parameters
testModifiedPublic:order = 26959946660873538060741835960514744168612397095220107664918121663170 throws org.bouncycastle.jcajce.provider.asymmetric.ec.KeyAgreementSpi$1: calculation failed: ECDH public key has wrong domain parameters
testModifiedPublic:generator = (0,0) throws org.bouncycastle.jcajce.provider.asymmetric.ec.KeyAgreementSpi$1: calculation failed: ECDH public key has wrong domain parameters
testModifiedPublic:generator not on curve throws org.bouncycastle.jcajce.provider.asymmetric.ec.KeyAgreementSpi$1: calculation failed: ECDH public key has wrong domain parameters
testModifiedPublic:cofactor = 2 throws org.bouncycastle.jcajce.provider.asymmetric.ec.KeyAgreementSpi$1: calculation failed: ECDH public key has wrong domain parameters
modified prime throws java.lang.IllegalArgumentException: first coefficient is too large
testModifiedPublic:using secp224r1 throws org.bouncycastle.jcajce.provider.asymmetric.ec.KeyAgreementSpi$1: calculation failed: ECDH public key has wrong domain parameters
testModifiedPublic:a = 0 throws org.bouncycastle.jcajce.provider.asymmetric.ec.KeyAgreementSpi$1: calculation failed: ECDH public key has wrong domain parameters
testModifiedPublic:new curve with generator of order 3 that is also on secp256r1 throws org.bouncycastle.jcajce.provider.asymmetric.ec.KeyAgreementSpi$1: calculation failed: ECDH public key has wrong domain parameters
order = -115792089210356248762697446949407573529996955224135760342422259061068512044369 throws java.lang.IllegalArgumentException: n is not positive
order = 0 throws java.lang.IllegalArgumentException: n is not positive
cofactor = -1 throws java.lang.IllegalArgumentException: h is not positive
cofactor = 0 throws java.lang.IllegalArgumentException: h is not positive
testModifiedPublic:public point not on curve throws java.security.spec.InvalidKeySpecException: invalid KeySpec: point not on curve
testModifiedPublic:public point = (0,0) throws java.security.spec.InvalidKeySpecException: invalid KeySpec: point not on curve
testModifiedPublic:order = 1 throws org.bouncycastle.jcajce.provider.asymmetric.ec.KeyAgreementSpi$1: calculation failed: ECDHC public key has wrong domain parameters
testModifiedPublic:order = 26959946660873538060741835960514744168612397095220107664918121663170 throws org.bouncycastle.jcajce.provider.asymmetric.ec.KeyAgreementSpi$1: calculation failed: ECDHC public key has wrong domain parameters
testModifiedPublic:generator = (0,0) throws org.bouncycastle.jcajce.provider.asymmetric.ec.KeyAgreementSpi$1: calculation failed: ECDHC public key has wrong domain parameters
testModifiedPublic:generator not on curve throws org.bouncycastle.jcajce.provider.asymmetric.ec.KeyAgreementSpi$1: calculation failed: ECDHC public key has wrong domain parameters
testModifiedPublic:cofactor = 2 throws org.bouncycastle.jcajce.provider.asymmetric.ec.KeyAgreementSpi$1: calculation failed: ECDHC public key has wrong domain parameters
modified prime throws java.lang.IllegalArgumentException: first coefficient is too large
testModifiedPublic:using secp224r1 throws org.bouncycastle.jcajce.provider.asymmetric.ec.KeyAgreementSpi$1: calculation failed: ECDHC public key has wrong domain parameters
testModifiedPublic:a = 0 throws org.bouncycastle.jcajce.provider.asymmetric.ec.KeyAgreementSpi$1: calculation failed: ECDHC public key has wrong domain parameters
testModifiedPublic:new curve with generator of order 3 that is also on secp256r1 throws org.bouncycastle.jcajce.provider.asymmetric.ec.KeyAgreementSpi$1: calculation failed: ECDHC public key has wrong domain parameters
order = -115792089210356248762697446949407573529996955224135760342422259061068512044369 throws java.lang.IllegalArgumentException: n is not positive
order = 0 throws java.lang.IllegalArgumentException: n is not positive
cofactor = -1 throws java.lang.IllegalArgumentException: h is not positive
cofactor = 0 throws java.lang.IllegalArgumentException: h is not positive
...E..Message:Hello
Hash:185f8db32271fe25f561a6fc938b2e264306ec304eda518007d1764826381969
Curve:secp256r1
Order:115792089210356248762697446949407573529996955224135760342422259061068512044369
Private key:
S:112621878369185157716341915812845916675913740076445052528474121996578523200531
encoded:308193020100301306072a8648ce3d020106082a8648ce3d030107047930770201010420f8fdb9677d5157e93e408be5c96c89776341ebe9cb12b5851843bc23fbd83c13a00a06082a8648ce3d030107a144034200041491efe6f8acb3700aaf5a462c17954af335e99fab254e668f08aabb04f424e25b1951b452f25b7f4dc65eff462615435c49c33a8d929addc0defc25f80a8a4d
Public key:
X:9304105540411303259622716637011245420835737315898050876114684594828988392674
Y:41205204300676499045994631188440135374411820633777543228212595645375515888205
encoded:3059301306072a8648ce3d020106082a8648ce3d030107034200041491efe6f8acb3700aaf5a462c17954af335e99fab254e668f08aabb04f424e25b1951b452f25b7f4dc65eff462615435c49c33a8d929addc0defc25f80a8a4d
Signature:3046022100c74341916ea5c5eecbcbe580536d66615d60a6f3466de153f01b335b0323f593022100d5a52cc363bcc449c72045ade2af21ff53ca02f2196486907f1278985cc56220
r:90129088155767518372135339545897056494647226433410717045531932567678929335699
s:96634475458456604029429613773152759301196551374633329576419109212133846770208
.BC curve:secp256r1 countLsb:496 countMsb:513
BC curve:secp224r1 countLsb:510 countMsb:540
BC curve:secp384r1 countLsb:505 countMsb:547
BC curve:secp521r1 countLsb:526 countMsb:494
BC curve:brainpoolP256r1 countLsb:501 countMsb:534
..testTiming algorithm:SHA256WithECDSA
count:50000 cutoff:5531507 relative average:0.9992092472624787 sigmas:0.30625721833879527
count:25000 cutoff:168385 relative average:0.9938200101346059 sigmas:1.692459927214855
count:12500 cutoff:163986 relative average:0.984429739116076 sigmas:3.0151680549771243
count:6251 cutoff:161987 relative average:0.9756010436715562 sigmas:3.3412319566530106
count:3126 cutoff:160739 relative average:0.9557552339961449 sigmas:4.2846664293857435
count:1564 cutoff:159790 relative average:0.9393344342859679 sigmas:4.155480546349539
count:782 cutoff:158998 relative average:0.9312097592483237 sigmas:3.331891367435651
count:392 cutoff:158266 relative average:0.8795009722081785 sigmas:4.132255856279767
count:196 cutoff:157451 relative average:0.8962685639277921 sigmas:2.515353646668058
count:98 cutoff:156599 relative average:0.9146148203735168 sigmas:1.4640508517653879
count:49 cutoff:155424 relative average:0.9395140825133661 sigmas:0.7333527756048812
count:25 cutoff:153859 relative average:0.965024314982561 sigmas:0.30289831739864964
count:13 cutoff:151639 relative average:1.2263136385092632 sigmas:1.4133282195006076
...Skipping because of:java.security.NoSuchAlgorithmException: Cannot find any provider supporting ECIESWITHAES
.04e5ccd42e9ac795778ce936228ed4d624a8154d3ebd4ceb8d49d4d40e0bc9d57dd8989edc77f9b2f84aa139a3a2f2f5939e4334f242c048c9ff11685873d4d25444fcbabc296f778a99fb9a33a8380d4f9c457fb7495d03633666ab3798d277139471c4d76b176abc949902d9ba1c091c13507b85b9b39270f3664075
ECIES:org.bouncycastle.jcajce.provider.util.BadBlockException: unable to process block
.testEciesBasic:04493e8842483789b0b3d04a03b4b540779bf84d7b57e1bf7153150837fa881aabd63c53a428b4ef036c9eb1a0ffff62120093f2dc08e46f185d9dcdbbfbd6d40d494b8debb92361a77d605d74bd65fb74cf8b2e72c555a6f396883b82bc04c79f79f9bdfa
..No implementation for:ECIESwithDESede
...No implementation for:ECIESWithAES
.042333275d1e0fcc22c48de3d542ba8bd7100e502242812f0782ec4d859a3b3b9d62a18376cca2a28cf816b11182a8232103c169449964ae370036dcdbc4cf15f3ab50b90758d8c1950b93521afe9cd860b244a9b25e2059ddf69da6fc14fb03469f01785096ab624015e3033f22ea424287d22f010c3ace2ed1fa216094edc5d3b0197b5b
ECIESWithAES-CBC:org.bouncycastle.jcajce.provider.util.BadBlockException: unable to process block
..E...........testDefaultSize: keysize=2048
....Message:Hello
Hash:185f8db32271fe25f561a6fc938b2e264306ec304eda518007d1764826381969
Public key:
Modulus:27393122960710821198155745351984677055901024273927327586645834547305971654188322943521720893287112403393162805907688325158318500562068988482632022898730417448612321890804736859170898632525774541425714227991821784429152223072757482187582033879412486996406976371909249089758817972343845839808628029665663719478532914551929246677575018272820197831134045091256297267994013852020079830593197327316173610363840052451150007086800887885869054332853404907655413285837328393509097442512040125172324598888676077412095746157113194494289348674673786446184075010288989026890035142321679419926373033547585601335639707109608017930767
E:65537
encoded:30820122300d06092a864886f70d01010105000382010f003082010a0282010100d8fece1c648c55fe591a3f11ebe2b8ce819c6f2c2ff550f35c7d0f8f6f40fd880b644dc84fd84e54def52359fba1d04764a4b6c390af60137ea56372033b1f20de17faeb0a24c6f07d090100ba624dcfa2d78533122068555f2e61df7d84a136a4e80d5de061575ee67a50399ac9500d41b1ff8faabc5467a65d05dd6e4469a206c253010a9f6145b034b5dc965b35c80a1849e153c731ca13c0be38128d2a53a53d322059f8cb394ab7ddc5147a5ba18eb234121d35eaa98440c1f1f458c7418f923cbfc57b699a5c2939cb9613213e6b652523e44433cc4c8ae7b48d4812e44d28dcb62d0f5ec408509eb94bf20b8f5c8df5ce2f9dbb3c878106fc3228aa0f0203010001
Private key:
D:10327228673142844725169493237166202425479874837848229951737979417391127067852632697973097928969762572391726353463909078747107044152727764971460864943015118011376610817050796282221721744405916878744462430201381459920095191289960716711928881426912797693878654328226006254256618323262974672125237301722147586081262083448562327674677138907543462269389640176229396826540822259881506358175888851468977419942455510666918634152568100734951460395506384646742036015389202344047458038154898187346608721600007120105581886998687330443856201832840095344229970514048642598858100014749513345365722079672516297429504581022730738542933
encoded:308204bd020100300d06092a864886f70d0101010500048204a7308204a30201000282010100d8fece1c648c55fe591a3f11ebe2b8ce819c6f2c2ff550f35c7d0f8f6f40fd880b644dc84fd84e54def52359fba1d04764a4b6c390af60137ea56372033b1f20de17faeb0a24c6f07d090100ba624dcfa2d78533122068555f2e61df7d84a136a4e80d5de061575ee67a50399ac9500d41b1ff8faabc5467a65d05dd6e4469a206c253010a9f6145b034b5dc965b35c80a1849e153c731ca13c0be38128d2a53a53d322059f8cb394ab7ddc5147a5ba18eb234121d35eaa98440c1f1f458c7418f923cbfc57b699a5c2939cb9613213e6b652523e44433cc4c8ae7b48d4812e44d28dcb62d0f5ec408509eb94bf20b8f5c8df5ce2f9dbb3c878106fc3228aa0f02030100010282010051ceb25ed2eb736a1a26827b9bae14954a18f372b9bbe722708e7784d06134940b136c1da6387ac39570debc8858e7605b099c1b9b9afa822eff643ff206e283ee27254262471e374134594bf078aa342b04cca345e4b0e0eaaade5c37027f12ce55ebe025fd1cc6dae66703689f17ce7fa37f212731ac328d6e498d430a88b5cad5561756f00a96b51c1e99554eed0d7ecd7d5f530cdccb65ad4cc1e54db703aa8ebb2e6131bfbfd0c7c76165a5907b0c800093fe0532042b2e99c3b50ae27123eee42ea6753eb4126f157da857ca6dec5dde171d740e4119d7bc538c3e943473b49206006cad664803a0c6e2eecd1a833ad687bd9b50642fe0c8716819295502818100ed6521d391253298f503251a6dfc44ab8da83f902d1cfdb585a6a798d1acd9bbeb452c168dc7ffe93b5e406e884e28276971d77739ccb6a849c676101f4599b7e2e257ea9e1640892355e1649ab9b927779f2bfb54edb3a5975dcf9d6b0fda8d0c38acca83582a0acd0624b87056135afffef45239b73205cea9501d2369d6fb02818100ea00647eb61f6d95e49d49f9e840bed837ab9c4069cc69a28112146f100ee3f2332e431b2f5f427b51599f905ce7b79cd8701c52f4598015610375795f583308bef572958a28d1f50867ebc07fd6ba5dae19f78d78fdfcd77d6de436c55c6991134ea1f09f0ffce9ca56c5b7c5d3f8bace2d1ae4f1bac52b427de9072e575cfd02818100c50cc0223c0593553172f5d6555b23a8fec19c59518911f31dc832af7fc3a94bf9c3061086896f9baa42d6daa8dbaf2adfb4b633e9cf4a02b09242a7a93d7d960c86f290f5bde4bdb08df5b42b566421258302dff124098d36f29085cb3b729ec77937bc357ff60dd716f55dff290391f2922f3d1d5939f5661056468981ae0702818040efe8f38d00fdbd4a1b282b54fb9aba90006cb5276715ad861a0957a4e22cf9caa03cf92f554532c9a990715486ed5a7669ee424b13074b6787b932fc75927c0bda3b792a4517b6e3254bb43905d2e42a6b845a5b4848c1584a85b9795da2e222b4809630de13f6a133215d5565f4b18a83d3e1d2ff5cb61b96ab7355b5e2d502818036858f70efa89664c82149aef881eca6ea3135346483cedee14ffae7c29257e689428befa736b15f3ed7030307b16247c743ed88c58a9d4a45aec41b398d97b97cf84e789527fbe8c6cca894382ce40146934c3146adeda7b43f1c2b4c9e47995ee1fa14dce037b5b7922a31bb55eeb23edcd165d831ec81a6cad9cf1b622f25
Signature:a4d74d7bd7504f412d4adbfb80da87033c27b03057dfb92bc0ed7134f1c79e8380908a9a312915e7cabcb58e5bfb7a8469285a7e0f23600ce7a72eef135e89761ab537739f572d896adf8163b5a5db51f7c5d20f77724ec18bd5e3596b8501e155edca6c9fb8317a619e224adc684a6f62b9971a654cbab38d1200ced13fb0472645fd988985d210d898d6d698ccf811e3769f10791b180509452db652b5002373f68151809df24a786e8933586bd969857d7c2bb934330298938843b9fdab431ea008b20dd3dec1b8f5c2bae5712e5f2676dbe3bfd729736ae431a1bdded400be98901f35b9f1e4b7dc029347b19abc8832ad1d95a67eaa9b838e909ac01520
..Verfied legacy signature:253e1d19bbe91064f2364c1e7db3ba8eb6dc5b19202e440eab6fbdf28c8c6ec05b812983713c338c72b6e99b8edf506a89ff9fc8e5c2c52362097a56dc228060eca01e1ff318c6c81617691438703411c1f953b21cd74331f87c9b8b189fdffdfe8550bd2bd1d47be915f8604a0f472199dd705e19b1b815f99b68d60bc257c7

Time: 44.955
There were 11 failures:
1) testLargeArrayAlias(com.google.security.wycheproof.AesGcmTest)
java.lang.AssertionError: testLargeByteBufferAlias failed with outputOffset=1
	at com.google.security.wycheproof.AesGcmTest.testLargeArrayAlias(AesGcmTest.java:473)
	at java.base/jdk.internal.reflect.NativeMethodAccessorImpl.invoke0(Native Method)
	at java.base/jdk.internal.reflect.NativeMethodAccessorImpl.invoke(NativeMethodAccessorImpl.java:62)
	at java.base/jdk.internal.reflect.DelegatingMethodAccessorImpl.invoke(DelegatingMethodAccessorImpl.java:43)
	at java.base/java.lang.reflect.Method.invoke(Method.java:564)
	at org.junit.runners.model.FrameworkMethod$1.runReflectiveCall(FrameworkMethod.java:47)
	at org.junit.internal.runners.model.ReflectiveCallable.run(ReflectiveCallable.java:12)
	at org.junit.runners.model.FrameworkMethod.invokeExplosively(FrameworkMethod.java:44)
	at org.junit.internal.runners.statements.InvokeMethod.evaluate(InvokeMethod.java:17)
	at org.junit.runners.ParentRunner.runLeaf(ParentRunner.java:271)
	at org.junit.runners.BlockJUnit4ClassRunner.runChild(BlockJUnit4ClassRunner.java:70)
	at org.junit.runners.BlockJUnit4ClassRunner.runChild(BlockJUnit4ClassRunner.java:50)
	at org.junit.runners.ParentRunner$3.run(ParentRunner.java:238)
	at org.junit.runners.ParentRunner$1.schedule(ParentRunner.java:63)
	at org.junit.runners.ParentRunner.runChildren(ParentRunner.java:236)
	at org.junit.runners.ParentRunner.access$000(ParentRunner.java:53)
	at org.junit.runners.ParentRunner$2.evaluate(ParentRunner.java:229)
	at org.junit.runners.ParentRunner.run(ParentRunner.java:309)
	at org.junit.runners.Suite.runChild(Suite.java:127)
	at org.junit.runners.Suite.runChild(Suite.java:26)
	at org.junit.runners.ParentRunner$3.run(ParentRunner.java:238)
	at org.junit.runners.ParentRunner$1.schedule(ParentRunner.java:63)
	at org.junit.runners.ParentRunner.runChildren(ParentRunner.java:236)
	at org.junit.runners.ParentRunner.access$000(ParentRunner.java:53)
	at org.junit.runners.ParentRunner$2.evaluate(ParentRunner.java:229)
	at org.junit.internal.runners.statements.RunBefores.evaluate(RunBefores.java:26)
	at org.junit.runners.ParentRunner.run(ParentRunner.java:309)
	at com.google.testing.junit.runner.internal.junit4.CancellableRequestFactory$CancellableRunner.run(CancellableRequestFactory.java:89)
	at org.junit.runner.JUnitCore.run(JUnitCore.java:160)
	at org.junit.runner.JUnitCore.run(JUnitCore.java:138)
	at com.google.testing.junit.runner.junit4.JUnit4Runner.run(JUnit4Runner.java:112)
	at com.google.testing.junit.runner.BazelTestRunner.runTestsInSuite(BazelTestRunner.java:144)
	at com.google.testing.junit.runner.BazelTestRunner.main(BazelTestRunner.java:82)
Caused by: arrays first differed at element [16]; expected:<0> but was:<120>
	at org.junit.internal.ComparisonCriteria.arrayEquals(ComparisonCriteria.java:50)
	at org.junit.Assert.internalArrayEquals(Assert.java:473)
	at org.junit.Assert.assertArrayEquals(Assert.java:294)
	at org.junit.Assert.assertArrayEquals(Assert.java:305)
	at com.google.security.wycheproof.AesGcmTest.testLargeArrayAlias(AesGcmTest.java:468)
	... 32 more
2) testByteBufferShiftedAlias(com.google.security.wycheproof.AesGcmTest)
java.lang.AssertionError: Overlapping buffers test failed with buffer type: array backed buffers and output offset 1
	at com.google.security.wycheproof.AesGcmTest.testByteBufferShiftedAlias(AesGcmTest.java:590)
	at java.base/jdk.internal.reflect.NativeMethodAccessorImpl.invoke0(Native Method)
	at java.base/jdk.internal.reflect.NativeMethodAccessorImpl.invoke(NativeMethodAccessorImpl.java:62)
	at java.base/jdk.internal.reflect.DelegatingMethodAccessorImpl.invoke(DelegatingMethodAccessorImpl.java:43)
	at java.base/java.lang.reflect.Method.invoke(Method.java:564)
	at org.junit.runners.model.FrameworkMethod$1.runReflectiveCall(FrameworkMethod.java:47)
	at org.junit.internal.runners.model.ReflectiveCallable.run(ReflectiveCallable.java:12)
	at org.junit.runners.model.FrameworkMethod.invokeExplosively(FrameworkMethod.java:44)
	at org.junit.internal.runners.statements.InvokeMethod.evaluate(InvokeMethod.java:17)
	at org.junit.runners.ParentRunner.runLeaf(ParentRunner.java:271)
	at org.junit.runners.BlockJUnit4ClassRunner.runChild(BlockJUnit4ClassRunner.java:70)
	at org.junit.runners.BlockJUnit4ClassRunner.runChild(BlockJUnit4ClassRunner.java:50)
	at org.junit.runners.ParentRunner$3.run(ParentRunner.java:238)
	at org.junit.runners.ParentRunner$1.schedule(ParentRunner.java:63)
	at org.junit.runners.ParentRunner.runChildren(ParentRunner.java:236)
	at org.junit.runners.ParentRunner.access$000(ParentRunner.java:53)
	at org.junit.runners.ParentRunner$2.evaluate(ParentRunner.java:229)
	at org.junit.runners.ParentRunner.run(ParentRunner.java:309)
	at org.junit.runners.Suite.runChild(Suite.java:127)
	at org.junit.runners.Suite.runChild(Suite.java:26)
	at org.junit.runners.ParentRunner$3.run(ParentRunner.java:238)
	at org.junit.runners.ParentRunner$1.schedule(ParentRunner.java:63)
	at org.junit.runners.ParentRunner.runChildren(ParentRunner.java:236)
	at org.junit.runners.ParentRunner.access$000(ParentRunner.java:53)
	at org.junit.runners.ParentRunner$2.evaluate(ParentRunner.java:229)
	at org.junit.internal.runners.statements.RunBefores.evaluate(RunBefores.java:26)
	at org.junit.runners.ParentRunner.run(ParentRunner.java:309)
	at com.google.testing.junit.runner.internal.junit4.CancellableRequestFactory$CancellableRunner.run(CancellableRequestFactory.java:89)
	at org.junit.runner.JUnitCore.run(JUnitCore.java:160)
	at org.junit.runner.JUnitCore.run(JUnitCore.java:138)
	at com.google.testing.junit.runner.junit4.JUnit4Runner.run(JUnit4Runner.java:112)
	at com.google.testing.junit.runner.BazelTestRunner.runTestsInSuite(BazelTestRunner.java:144)
	at com.google.testing.junit.runner.BazelTestRunner.main(BazelTestRunner.java:82)
Caused by: java.lang.AssertionError: expected:<java.nio.HeapByteBuffer[pos=0 lim=8192 cap=8192]> but was:<java.nio.HeapByteBuffer[pos=0 lim=8192 cap=8208]>
	at org.junit.Assert.fail(Assert.java:88)
	at org.junit.Assert.failNotEquals(Assert.java:743)
	at org.junit.Assert.assertEquals(Assert.java:118)
	at org.junit.Assert.assertEquals(Assert.java:144)
	at com.google.security.wycheproof.AesGcmTest.testByteBufferShiftedAlias(AesGcmTest.java:588)
	... 32 more
3) testIvReuse(com.google.security.wycheproof.AesGcmTest)
java.lang.AssertionError: It should not possible to reuse an IV. ct1:26073cc1d851beff176384dc9896d5ff0a3ea7a5487cb5f7d70fb6c58d038554 ct2:26073cc1d851beff176384dc9896d5ff0a3ea7a5487cb5f7d70fb6c58d038554
	at org.junit.Assert.fail(Assert.java:88)
	at com.google.security.wycheproof.AesGcmTest.testIvReuse(AesGcmTest.java:325)
	at java.base/jdk.internal.reflect.NativeMethodAccessorImpl.invoke0(Native Method)
	at java.base/jdk.internal.reflect.NativeMethodAccessorImpl.invoke(NativeMethodAccessorImpl.java:62)
	at java.base/jdk.internal.reflect.DelegatingMethodAccessorImpl.invoke(DelegatingMethodAccessorImpl.java:43)
	at java.base/java.lang.reflect.Method.invoke(Method.java:564)
	at org.junit.runners.model.FrameworkMethod$1.runReflectiveCall(FrameworkMethod.java:47)
	at org.junit.internal.runners.model.ReflectiveCallable.run(ReflectiveCallable.java:12)
	at org.junit.runners.model.FrameworkMethod.invokeExplosively(FrameworkMethod.java:44)
	at org.junit.internal.runners.statements.InvokeMethod.evaluate(InvokeMethod.java:17)
	at org.junit.runners.ParentRunner.runLeaf(ParentRunner.java:271)
	at org.junit.runners.BlockJUnit4ClassRunner.runChild(BlockJUnit4ClassRunner.java:70)
	at org.junit.runners.BlockJUnit4ClassRunner.runChild(BlockJUnit4ClassRunner.java:50)
	at org.junit.runners.ParentRunner$3.run(ParentRunner.java:238)
	at org.junit.runners.ParentRunner$1.schedule(ParentRunner.java:63)
	at org.junit.runners.ParentRunner.runChildren(ParentRunner.java:236)
	at org.junit.runners.ParentRunner.access$000(ParentRunner.java:53)
	at org.junit.runners.ParentRunner$2.evaluate(ParentRunner.java:229)
	at org.junit.runners.ParentRunner.run(ParentRunner.java:309)
	at org.junit.runners.Suite.runChild(Suite.java:127)
	at org.junit.runners.Suite.runChild(Suite.java:26)
	at org.junit.runners.ParentRunner$3.run(ParentRunner.java:238)
	at org.junit.runners.ParentRunner$1.schedule(ParentRunner.java:63)
	at org.junit.runners.ParentRunner.runChildren(ParentRunner.java:236)
	at org.junit.runners.ParentRunner.access$000(ParentRunner.java:53)
	at org.junit.runners.ParentRunner$2.evaluate(ParentRunner.java:229)
	at org.junit.internal.runners.statements.RunBefores.evaluate(RunBefores.java:26)
	at org.junit.runners.ParentRunner.run(ParentRunner.java:309)
	at com.google.testing.junit.runner.internal.junit4.CancellableRequestFactory$CancellableRunner.run(CancellableRequestFactory.java:89)
	at org.junit.runner.JUnitCore.run(JUnitCore.java:160)
	at org.junit.runner.JUnitCore.run(JUnitCore.java:138)
	at com.google.testing.junit.runner.junit4.JUnit4Runner.run(JUnit4Runner.java:112)
	at com.google.testing.junit.runner.BazelTestRunner.runTestsInSuite(BazelTestRunner.java:144)
	at com.google.testing.junit.runner.BazelTestRunner.main(BazelTestRunner.java:82)
4) testCorruptAesGcm(com.google.security.wycheproof.CipherInputStreamTest)
java.lang.AssertionError: this should fail; decrypted:264d3e1eca989f7048e519a1eaebc120 pt: 264d3e1eca989f7048e519a1eaebc120
	at org.junit.Assert.fail(Assert.java:88)
	at com.google.security.wycheproof.CipherInputStreamTest.testCorruptDecrypt(CipherInputStreamTest.java:190)
	at com.google.security.wycheproof.CipherInputStreamTest.testCorruptAesGcm(CipherInputStreamTest.java:252)
	at java.base/jdk.internal.reflect.NativeMethodAccessorImpl.invoke0(Native Method)
	at java.base/jdk.internal.reflect.NativeMethodAccessorImpl.invoke(NativeMethodAccessorImpl.java:62)
	at java.base/jdk.internal.reflect.DelegatingMethodAccessorImpl.invoke(DelegatingMethodAccessorImpl.java:43)
	at java.base/java.lang.reflect.Method.invoke(Method.java:564)
	at org.junit.runners.model.FrameworkMethod$1.runReflectiveCall(FrameworkMethod.java:47)
	at org.junit.internal.runners.model.ReflectiveCallable.run(ReflectiveCallable.java:12)
	at org.junit.runners.model.FrameworkMethod.invokeExplosively(FrameworkMethod.java:44)
	at org.junit.internal.runners.statements.InvokeMethod.evaluate(InvokeMethod.java:17)
	at org.junit.runners.ParentRunner.runLeaf(ParentRunner.java:271)
	at org.junit.runners.BlockJUnit4ClassRunner.runChild(BlockJUnit4ClassRunner.java:70)
	at org.junit.runners.BlockJUnit4ClassRunner.runChild(BlockJUnit4ClassRunner.java:50)
	at org.junit.runners.ParentRunner$3.run(ParentRunner.java:238)
	at org.junit.runners.ParentRunner$1.schedule(ParentRunner.java:63)
	at org.junit.runners.ParentRunner.runChildren(ParentRunner.java:236)
	at org.junit.runners.ParentRunner.access$000(ParentRunner.java:53)
	at org.junit.runners.ParentRunner$2.evaluate(ParentRunner.java:229)
	at org.junit.runners.ParentRunner.run(ParentRunner.java:309)
	at org.junit.runners.Suite.runChild(Suite.java:127)
	at org.junit.runners.Suite.runChild(Suite.java:26)
	at org.junit.runners.ParentRunner$3.run(ParentRunner.java:238)
	at org.junit.runners.ParentRunner$1.schedule(ParentRunner.java:63)
	at org.junit.runners.ParentRunner.runChildren(ParentRunner.java:236)
	at org.junit.runners.ParentRunner.access$000(ParentRunner.java:53)
	at org.junit.runners.ParentRunner$2.evaluate(ParentRunner.java:229)
	at org.junit.internal.runners.statements.RunBefores.evaluate(RunBefores.java:26)
	at org.junit.runners.ParentRunner.run(ParentRunner.java:309)
	at com.google.testing.junit.runner.internal.junit4.CancellableRequestFactory$CancellableRunner.run(CancellableRequestFactory.java:89)
	at org.junit.runner.JUnitCore.run(JUnitCore.java:160)
	at org.junit.runner.JUnitCore.run(JUnitCore.java:138)
	at com.google.testing.junit.runner.junit4.JUnit4Runner.run(JUnit4Runner.java:112)
	at com.google.testing.junit.runner.BazelTestRunner.runTestsInSuite(BazelTestRunner.java:144)
	at com.google.testing.junit.runner.BazelTestRunner.main(BazelTestRunner.java:82)
5) testAesEax(com.google.security.wycheproof.CipherInputStreamTest)
java.lang.AssertionError: this should fail; decrypted:84d2f0799bd8c88fec90949695f65972 pt: 84d2f0799bd8c88fec90949695f65972
	at org.junit.Assert.fail(Assert.java:88)
	at com.google.security.wycheproof.CipherInputStreamTest.testCorruptDecrypt(CipherInputStreamTest.java:190)
	at com.google.security.wycheproof.CipherInputStreamTest.testAesEax(CipherInputStreamTest.java:291)
	at java.base/jdk.internal.reflect.NativeMethodAccessorImpl.invoke0(Native Method)
	at java.base/jdk.internal.reflect.NativeMethodAccessorImpl.invoke(NativeMethodAccessorImpl.java:62)
	at java.base/jdk.internal.reflect.DelegatingMethodAccessorImpl.invoke(DelegatingMethodAccessorImpl.java:43)
	at java.base/java.lang.reflect.Method.invoke(Method.java:564)
	at org.junit.runners.model.FrameworkMethod$1.runReflectiveCall(FrameworkMethod.java:47)
	at org.junit.internal.runners.model.ReflectiveCallable.run(ReflectiveCallable.java:12)
	at org.junit.runners.model.FrameworkMethod.invokeExplosively(FrameworkMethod.java:44)
	at org.junit.internal.runners.statements.InvokeMethod.evaluate(InvokeMethod.java:17)
	at org.junit.runners.ParentRunner.runLeaf(ParentRunner.java:271)
	at org.junit.runners.BlockJUnit4ClassRunner.runChild(BlockJUnit4ClassRunner.java:70)
	at org.junit.runners.BlockJUnit4ClassRunner.runChild(BlockJUnit4ClassRunner.java:50)
	at org.junit.runners.ParentRunner$3.run(ParentRunner.java:238)
	at org.junit.runners.ParentRunner$1.schedule(ParentRunner.java:63)
	at org.junit.runners.ParentRunner.runChildren(ParentRunner.java:236)
	at org.junit.runners.ParentRunner.access$000(ParentRunner.java:53)
	at org.junit.runners.ParentRunner$2.evaluate(ParentRunner.java:229)
	at org.junit.runners.ParentRunner.run(ParentRunner.java:309)
	at org.junit.runners.Suite.runChild(Suite.java:127)
	at org.junit.runners.Suite.runChild(Suite.java:26)
	at org.junit.runners.ParentRunner$3.run(ParentRunner.java:238)
	at org.junit.runners.ParentRunner$1.schedule(ParentRunner.java:63)
	at org.junit.runners.ParentRunner.runChildren(ParentRunner.java:236)
	at org.junit.runners.ParentRunner.access$000(ParentRunner.java:53)
	at org.junit.runners.ParentRunner$2.evaluate(ParentRunner.java:229)
	at org.junit.internal.runners.statements.RunBefores.evaluate(RunBefores.java:26)
	at org.junit.runners.ParentRunner.run(ParentRunner.java:309)
	at com.google.testing.junit.runner.internal.junit4.CancellableRequestFactory$CancellableRunner.run(CancellableRequestFactory.java:89)
	at org.junit.runner.JUnitCore.run(JUnitCore.java:160)
	at org.junit.runner.JUnitCore.run(JUnitCore.java:138)
	at com.google.testing.junit.runner.junit4.JUnit4Runner.run(JUnit4Runner.java:112)
	at com.google.testing.junit.runner.BazelTestRunner.runTestsInSuite(BazelTestRunner.java:144)
	at com.google.testing.junit.runner.BazelTestRunner.main(BazelTestRunner.java:82)
6) testEmptyPlaintext(com.google.security.wycheproof.CipherOutputStreamTest)
java.lang.AssertionError: this should fail; decrypted: pt: 
	at org.junit.Assert.fail(Assert.java:88)
	at com.google.security.wycheproof.CipherOutputStreamTest.testCorruptDecryptEmpty(CipherOutputStreamTest.java:186)
	at com.google.security.wycheproof.CipherOutputStreamTest.testEmptyPlaintext(CipherOutputStreamTest.java:227)
	at java.base/jdk.internal.reflect.NativeMethodAccessorImpl.invoke0(Native Method)
	at java.base/jdk.internal.reflect.NativeMethodAccessorImpl.invoke(NativeMethodAccessorImpl.java:62)
	at java.base/jdk.internal.reflect.DelegatingMethodAccessorImpl.invoke(DelegatingMethodAccessorImpl.java:43)
	at java.base/java.lang.reflect.Method.invoke(Method.java:564)
	at org.junit.runners.model.FrameworkMethod$1.runReflectiveCall(FrameworkMethod.java:47)
	at org.junit.internal.runners.model.ReflectiveCallable.run(ReflectiveCallable.java:12)
	at org.junit.runners.model.FrameworkMethod.invokeExplosively(FrameworkMethod.java:44)
	at org.junit.internal.runners.statements.InvokeMethod.evaluate(InvokeMethod.java:17)
	at org.junit.runners.ParentRunner.runLeaf(ParentRunner.java:271)
	at org.junit.runners.BlockJUnit4ClassRunner.runChild(BlockJUnit4ClassRunner.java:70)
	at org.junit.runners.BlockJUnit4ClassRunner.runChild(BlockJUnit4ClassRunner.java:50)
	at org.junit.runners.ParentRunner$3.run(ParentRunner.java:238)
	at org.junit.runners.ParentRunner$1.schedule(ParentRunner.java:63)
	at org.junit.runners.ParentRunner.runChildren(ParentRunner.java:236)
	at org.junit.runners.ParentRunner.access$000(ParentRunner.java:53)
	at org.junit.runners.ParentRunner$2.evaluate(ParentRunner.java:229)
	at org.junit.runners.ParentRunner.run(ParentRunner.java:309)
	at org.junit.runners.Suite.runChild(Suite.java:127)
	at org.junit.runners.Suite.runChild(Suite.java:26)
	at org.junit.runners.ParentRunner$3.run(ParentRunner.java:238)
	at org.junit.runners.ParentRunner$1.schedule(ParentRunner.java:63)
	at org.junit.runners.ParentRunner.runChildren(ParentRunner.java:236)
	at org.junit.runners.ParentRunner.access$000(ParentRunner.java:53)
	at org.junit.runners.ParentRunner$2.evaluate(ParentRunner.java:229)
	at org.junit.internal.runners.statements.RunBefores.evaluate(RunBefores.java:26)
	at org.junit.runners.ParentRunner.run(ParentRunner.java:309)
	at com.google.testing.junit.runner.internal.junit4.CancellableRequestFactory$CancellableRunner.run(CancellableRequestFactory.java:89)
	at org.junit.runner.JUnitCore.run(JUnitCore.java:160)
	at org.junit.runner.JUnitCore.run(JUnitCore.java:138)
	at com.google.testing.junit.runner.junit4.JUnit4Runner.run(JUnit4Runner.java:112)
	at com.google.testing.junit.runner.BazelTestRunner.runTestsInSuite(BazelTestRunner.java:144)
	at com.google.testing.junit.runner.BazelTestRunner.main(BazelTestRunner.java:82)
7) testAesEax(com.google.security.wycheproof.CipherOutputStreamTest)
java.lang.AssertionError: this should fail; decrypted:56f6c99636ce484f1c3f629e438c0810 pt: 56f6c99636ce484f1c3f629e438c0810
	at org.junit.Assert.fail(Assert.java:88)
	at com.google.security.wycheproof.CipherOutputStreamTest.testCorruptDecrypt(CipherOutputStreamTest.java:159)
	at com.google.security.wycheproof.CipherOutputStreamTest.testAesEax(CipherOutputStreamTest.java:250)
	at java.base/jdk.internal.reflect.NativeMethodAccessorImpl.invoke0(Native Method)
	at java.base/jdk.internal.reflect.NativeMethodAccessorImpl.invoke(NativeMethodAccessorImpl.java:62)
	at java.base/jdk.internal.reflect.DelegatingMethodAccessorImpl.invoke(DelegatingMethodAccessorImpl.java:43)
	at java.base/java.lang.reflect.Method.invoke(Method.java:564)
	at org.junit.runners.model.FrameworkMethod$1.runReflectiveCall(FrameworkMethod.java:47)
	at org.junit.internal.runners.model.ReflectiveCallable.run(ReflectiveCallable.java:12)
	at org.junit.runners.model.FrameworkMethod.invokeExplosively(FrameworkMethod.java:44)
	at org.junit.internal.runners.statements.InvokeMethod.evaluate(InvokeMethod.java:17)
	at org.junit.runners.ParentRunner.runLeaf(ParentRunner.java:271)
	at org.junit.runners.BlockJUnit4ClassRunner.runChild(BlockJUnit4ClassRunner.java:70)
	at org.junit.runners.BlockJUnit4ClassRunner.runChild(BlockJUnit4ClassRunner.java:50)
	at org.junit.runners.ParentRunner$3.run(ParentRunner.java:238)
	at org.junit.runners.ParentRunner$1.schedule(ParentRunner.java:63)
	at org.junit.runners.ParentRunner.runChildren(ParentRunner.java:236)
	at org.junit.runners.ParentRunner.access$000(ParentRunner.java:53)
	at org.junit.runners.ParentRunner$2.evaluate(ParentRunner.java:229)
	at org.junit.runners.ParentRunner.run(ParentRunner.java:309)
	at org.junit.runners.Suite.runChild(Suite.java:127)
	at org.junit.runners.Suite.runChild(Suite.java:26)
	at org.junit.runners.ParentRunner$3.run(ParentRunner.java:238)
	at org.junit.runners.ParentRunner$1.schedule(ParentRunner.java:63)
	at org.junit.runners.ParentRunner.runChildren(ParentRunner.java:236)
	at org.junit.runners.ParentRunner.access$000(ParentRunner.java:53)
	at org.junit.runners.ParentRunner$2.evaluate(ParentRunner.java:229)
	at org.junit.internal.runners.statements.RunBefores.evaluate(RunBefores.java:26)
	at org.junit.runners.ParentRunner.run(ParentRunner.java:309)
	at com.google.testing.junit.runner.internal.junit4.CancellableRequestFactory$CancellableRunner.run(CancellableRequestFactory.java:89)
	at org.junit.runner.JUnitCore.run(JUnitCore.java:160)
	at org.junit.runner.JUnitCore.run(JUnitCore.java:138)
	at com.google.testing.junit.runner.junit4.JUnit4Runner.run(JUnit4Runner.java:112)
	at com.google.testing.junit.runner.BazelTestRunner.runTestsInSuite(BazelTestRunner.java:144)
	at com.google.testing.junit.runner.BazelTestRunner.main(BazelTestRunner.java:82)
8) testAesGcm(com.google.security.wycheproof.CipherOutputStreamTest)
java.lang.AssertionError: this should fail; decrypted:cb19005718b5640d317dea1802ca967c pt: cb19005718b5640d317dea1802ca967c
	at org.junit.Assert.fail(Assert.java:88)
	at com.google.security.wycheproof.CipherOutputStreamTest.testCorruptDecrypt(CipherOutputStreamTest.java:159)
	at com.google.security.wycheproof.CipherOutputStreamTest.testAesGcm(CipherOutputStreamTest.java:208)
	at java.base/jdk.internal.reflect.NativeMethodAccessorImpl.invoke0(Native Method)
	at java.base/jdk.internal.reflect.NativeMethodAccessorImpl.invoke(NativeMethodAccessorImpl.java:62)
	at java.base/jdk.internal.reflect.DelegatingMethodAccessorImpl.invoke(DelegatingMethodAccessorImpl.java:43)
	at java.base/java.lang.reflect.Method.invoke(Method.java:564)
	at org.junit.runners.model.FrameworkMethod$1.runReflectiveCall(FrameworkMethod.java:47)
	at org.junit.internal.runners.model.ReflectiveCallable.run(ReflectiveCallable.java:12)
	at org.junit.runners.model.FrameworkMethod.invokeExplosively(FrameworkMethod.java:44)
	at org.junit.internal.runners.statements.InvokeMethod.evaluate(InvokeMethod.java:17)
	at org.junit.runners.ParentRunner.runLeaf(ParentRunner.java:271)
	at org.junit.runners.BlockJUnit4ClassRunner.runChild(BlockJUnit4ClassRunner.java:70)
	at org.junit.runners.BlockJUnit4ClassRunner.runChild(BlockJUnit4ClassRunner.java:50)
	at org.junit.runners.ParentRunner$3.run(ParentRunner.java:238)
	at org.junit.runners.ParentRunner$1.schedule(ParentRunner.java:63)
	at org.junit.runners.ParentRunner.runChildren(ParentRunner.java:236)
	at org.junit.runners.ParentRunner.access$000(ParentRunner.java:53)
	at org.junit.runners.ParentRunner$2.evaluate(ParentRunner.java:229)
	at org.junit.runners.ParentRunner.run(ParentRunner.java:309)
	at org.junit.runners.Suite.runChild(Suite.java:127)
	at org.junit.runners.Suite.runChild(Suite.java:26)
	at org.junit.runners.ParentRunner$3.run(ParentRunner.java:238)
	at org.junit.runners.ParentRunner$1.schedule(ParentRunner.java:63)
	at org.junit.runners.ParentRunner.runChildren(ParentRunner.java:236)
	at org.junit.runners.ParentRunner.access$000(ParentRunner.java:53)
	at org.junit.runners.ParentRunner$2.evaluate(ParentRunner.java:229)
	at org.junit.internal.runners.statements.RunBefores.evaluate(RunBefores.java:26)
	at org.junit.runners.ParentRunner.run(ParentRunner.java:309)
	at com.google.testing.junit.runner.internal.junit4.CancellableRequestFactory$CancellableRunner.run(CancellableRequestFactory.java:89)
	at org.junit.runner.JUnitCore.run(JUnitCore.java:160)
	at org.junit.runner.JUnitCore.run(JUnitCore.java:138)
	at com.google.testing.junit.runner.junit4.JUnit4Runner.run(JUnit4Runner.java:112)
	at com.google.testing.junit.runner.BazelTestRunner.runTestsInSuite(BazelTestRunner.java:144)
	at com.google.testing.junit.runner.BazelTestRunner.main(BazelTestRunner.java:82)
9) testDefaultKeySize(com.google.security.wycheproof.DsaTest)
java.lang.AssertionError: DSA default key size too small:1024
	at org.junit.Assert.fail(Assert.java:88)
	at com.google.security.wycheproof.DsaTest.testDefaultKeySize(DsaTest.java:942)
	at java.base/jdk.internal.reflect.NativeMethodAccessorImpl.invoke0(Native Method)
	at java.base/jdk.internal.reflect.NativeMethodAccessorImpl.invoke(NativeMethodAccessorImpl.java:62)
	at java.base/jdk.internal.reflect.DelegatingMethodAccessorImpl.invoke(DelegatingMethodAccessorImpl.java:43)
	at java.base/java.lang.reflect.Method.invoke(Method.java:564)
	at org.junit.runners.model.FrameworkMethod$1.runReflectiveCall(FrameworkMethod.java:47)
	at org.junit.internal.runners.model.ReflectiveCallable.run(ReflectiveCallable.java:12)
	at org.junit.runners.model.FrameworkMethod.invokeExplosively(FrameworkMethod.java:44)
	at org.junit.internal.runners.statements.InvokeMethod.evaluate(InvokeMethod.java:17)
	at org.junit.runners.ParentRunner.runLeaf(ParentRunner.java:271)
	at org.junit.runners.BlockJUnit4ClassRunner.runChild(BlockJUnit4ClassRunner.java:70)
	at org.junit.runners.BlockJUnit4ClassRunner.runChild(BlockJUnit4ClassRunner.java:50)
	at org.junit.runners.ParentRunner$3.run(ParentRunner.java:238)
	at org.junit.runners.ParentRunner$1.schedule(ParentRunner.java:63)
	at org.junit.runners.ParentRunner.runChildren(ParentRunner.java:236)
	at org.junit.runners.ParentRunner.access$000(ParentRunner.java:53)
	at org.junit.runners.ParentRunner$2.evaluate(ParentRunner.java:229)
	at org.junit.runners.ParentRunner.run(ParentRunner.java:309)
	at org.junit.runners.Suite.runChild(Suite.java:127)
	at org.junit.runners.Suite.runChild(Suite.java:26)
	at org.junit.runners.ParentRunner$3.run(ParentRunner.java:238)
	at org.junit.runners.ParentRunner$1.schedule(ParentRunner.java:63)
	at org.junit.runners.ParentRunner.runChildren(ParentRunner.java:236)
	at org.junit.runners.ParentRunner.access$000(ParentRunner.java:53)
	at org.junit.runners.ParentRunner$2.evaluate(ParentRunner.java:229)
	at org.junit.internal.runners.statements.RunBefores.evaluate(RunBefores.java:26)
	at org.junit.runners.ParentRunner.run(ParentRunner.java:309)
	at com.google.testing.junit.runner.internal.junit4.CancellableRequestFactory$CancellableRunner.run(CancellableRequestFactory.java:89)
	at org.junit.runner.JUnitCore.run(JUnitCore.java:160)
	at org.junit.runner.JUnitCore.run(JUnitCore.java:138)
	at com.google.testing.junit.runner.junit4.JUnit4Runner.run(JUnit4Runner.java:112)
	at com.google.testing.junit.runner.BazelTestRunner.runTestsInSuite(BazelTestRunner.java:144)
	at com.google.testing.junit.runner.BazelTestRunner.main(BazelTestRunner.java:82)
10) testEncode(com.google.security.wycheproof.EcdhTest)
org.junit.ComparisonFailure: expected:<30[8201333081ec06072a8648ce3d02013081e0020101302c06072a8648ce3d0101022100ffffffff00000001000000000000000000000000ffffffffffffffffffffffff30440420ffffffff00000001000000000000000000000000fffffffffffffffffffffffc04205ac635d8aa3a93e7b3ebbd55769886bc651d06b0cc53b0f63bce3c3e27d2604b0441046b17d1f2e12c4247f8bce6e563a440f277037d812deb33a0f4a13945d898c2964fe342e2fe1a7f9b8ee7eb4a7c0f9e162bce33576b315ececbb6406837bf51f5022100ffffffff00000000ffffffffffffffffbce6faada7179e84f3b9cac2fc632551020101]03420004cdeb39edd03e...> but was:<30[59301306072a8648ce3d020106082a8648ce3d030107]03420004cdeb39edd03e...>
	at org.junit.Assert.assertEquals(Assert.java:115)
	at org.junit.Assert.assertEquals(Assert.java:144)
	at com.google.security.wycheproof.EcdhTest.testEncode(EcdhTest.java:1894)
	at java.base/jdk.internal.reflect.NativeMethodAccessorImpl.invoke0(Native Method)
	at java.base/jdk.internal.reflect.NativeMethodAccessorImpl.invoke(NativeMethodAccessorImpl.java:62)
	at java.base/jdk.internal.reflect.DelegatingMethodAccessorImpl.invoke(DelegatingMethodAccessorImpl.java:43)
	at java.base/java.lang.reflect.Method.invoke(Method.java:564)
	at org.junit.runners.model.FrameworkMethod$1.runReflectiveCall(FrameworkMethod.java:47)
	at org.junit.internal.runners.model.ReflectiveCallable.run(ReflectiveCallable.java:12)
	at org.junit.runners.model.FrameworkMethod.invokeExplosively(FrameworkMethod.java:44)
	at org.junit.internal.runners.statements.InvokeMethod.evaluate(InvokeMethod.java:17)
	at org.junit.runners.ParentRunner.runLeaf(ParentRunner.java:271)
	at org.junit.runners.BlockJUnit4ClassRunner.runChild(BlockJUnit4ClassRunner.java:70)
	at org.junit.runners.BlockJUnit4ClassRunner.runChild(BlockJUnit4ClassRunner.java:50)
	at org.junit.runners.ParentRunner$3.run(ParentRunner.java:238)
	at org.junit.runners.ParentRunner$1.schedule(ParentRunner.java:63)
	at org.junit.runners.ParentRunner.runChildren(ParentRunner.java:236)
	at org.junit.runners.ParentRunner.access$000(ParentRunner.java:53)
	at org.junit.runners.ParentRunner$2.evaluate(ParentRunner.java:229)
	at org.junit.runners.ParentRunner.run(ParentRunner.java:309)
	at org.junit.runners.Suite.runChild(Suite.java:127)
	at org.junit.runners.Suite.runChild(Suite.java:26)
	at org.junit.runners.ParentRunner$3.run(ParentRunner.java:238)
	at org.junit.runners.ParentRunner$1.schedule(ParentRunner.java:63)
	at org.junit.runners.ParentRunner.runChildren(ParentRunner.java:236)
	at org.junit.runners.ParentRunner.access$000(ParentRunner.java:53)
	at org.junit.runners.ParentRunner$2.evaluate(ParentRunner.java:229)
	at org.junit.internal.runners.statements.RunBefores.evaluate(RunBefores.java:26)
	at org.junit.runners.ParentRunner.run(ParentRunner.java:309)
	at com.google.testing.junit.runner.internal.junit4.CancellableRequestFactory$CancellableRunner.run(CancellableRequestFactory.java:89)
	at org.junit.runner.JUnitCore.run(JUnitCore.java:160)
	at org.junit.runner.JUnitCore.run(JUnitCore.java:138)
	at com.google.testing.junit.runner.junit4.JUnit4Runner.run(JUnit4Runner.java:112)
	at com.google.testing.junit.runner.BazelTestRunner.runTestsInSuite(BazelTestRunner.java:144)
	at com.google.testing.junit.runner.BazelTestRunner.main(BazelTestRunner.java:82)
11) testByteBufferAlias(com.google.security.wycheproof.EciesTest)
javax.crypto.ShortBufferException: Need at least 102 bytes of space in output buffer
	at java.base/javax.crypto.CipherSpi.bufferCrypt(CipherSpi.java:759)
	at java.base/javax.crypto.CipherSpi.engineDoFinal(CipherSpi.java:730)
	at java.base/javax.crypto.Cipher.doFinal(Cipher.java:2486)
	at com.google.security.wycheproof.EciesTest.testByteBufferAlias(EciesTest.java:429)
	at java.base/jdk.internal.reflect.NativeMethodAccessorImpl.invoke0(Native Method)
	at java.base/jdk.internal.reflect.NativeMethodAccessorImpl.invoke(NativeMethodAccessorImpl.java:62)
	at java.base/jdk.internal.reflect.DelegatingMethodAccessorImpl.invoke(DelegatingMethodAccessorImpl.java:43)
	at java.base/java.lang.reflect.Method.invoke(Method.java:564)
	at org.junit.runners.model.FrameworkMethod$1.runReflectiveCall(FrameworkMethod.java:47)
	at org.junit.internal.runners.model.ReflectiveCallable.run(ReflectiveCallable.java:12)
	at org.junit.runners.model.FrameworkMethod.invokeExplosively(FrameworkMethod.java:44)
	at org.junit.internal.runners.statements.InvokeMethod.evaluate(InvokeMethod.java:17)
	at org.junit.runners.ParentRunner.runLeaf(ParentRunner.java:271)
	at org.junit.runners.BlockJUnit4ClassRunner.runChild(BlockJUnit4ClassRunner.java:70)
	at org.junit.runners.BlockJUnit4ClassRunner.runChild(BlockJUnit4ClassRunner.java:50)
	at org.junit.runners.ParentRunner$3.run(ParentRunner.java:238)
	at org.junit.runners.ParentRunner$1.schedule(ParentRunner.java:63)
	at org.junit.runners.ParentRunner.runChildren(ParentRunner.java:236)
	at org.junit.runners.ParentRunner.access$000(ParentRunner.java:53)
	at org.junit.runners.ParentRunner$2.evaluate(ParentRunner.java:229)
	at org.junit.runners.ParentRunner.run(ParentRunner.java:309)
	at org.junit.runners.Suite.runChild(Suite.java:127)
	at org.junit.runners.Suite.runChild(Suite.java:26)
	at org.junit.runners.ParentRunner$3.run(ParentRunner.java:238)
	at org.junit.runners.ParentRunner$1.schedule(ParentRunner.java:63)
	at org.junit.runners.ParentRunner.runChildren(ParentRunner.java:236)
	at org.junit.runners.ParentRunner.access$000(ParentRunner.java:53)
	at org.junit.runners.ParentRunner$2.evaluate(ParentRunner.java:229)
	at org.junit.internal.runners.statements.RunBefores.evaluate(RunBefores.java:26)
	at org.junit.runners.ParentRunner.run(ParentRunner.java:309)
	at com.google.testing.junit.runner.internal.junit4.CancellableRequestFactory$CancellableRunner.run(CancellableRequestFactory.java:89)
	at org.junit.runner.JUnitCore.run(JUnitCore.java:160)
	at org.junit.runner.JUnitCore.run(JUnitCore.java:138)
	at com.google.testing.junit.runner.junit4.JUnit4Runner.run(JUnit4Runner.java:112)
	at com.google.testing.junit.runner.BazelTestRunner.runTestsInSuite(BazelTestRunner.java:144)
	at com.google.testing.junit.runner.BazelTestRunner.main(BazelTestRunner.java:82)

FAILURES!!!
Tests run: 95,  Failures: 11


BazelTestRunner exiting with a return value of 1
JVM shutdown hooks (if any) will run now.
The JVM will exit once they complete.

-- JVM shutdown starting at 2018-04-07 05:27:29 --

