exec ${PAGER:-/usr/bin/less} "$0" || exit 1
-----------------------------------------------------------------------------
JUnit4 Test Runner
.E.E..E.....E...........
Provider:BC
AlgorithmParameterGenerator.1.2.804.2.1.1.1.1.1.3.5.1
AlgorithmParameterGenerator.1.2.804.2.1.1.1.1.1.3.5.2
AlgorithmParameterGenerator.1.2.804.2.1.1.1.1.1.3.5.3
AlgorithmParameterGenerator.1.2.840.113549.3.2
AlgorithmParameterGenerator.1.3.6.1.4.1.188.7.1.1.2
AlgorithmParameterGenerator.AES
AlgorithmParameterGenerator.ARIA
AlgorithmParameterGenerator.ARIACCM
AlgorithmParameterGenerator.ARIAGCM
AlgorithmParameterGenerator.CAMELLIA
AlgorithmParameterGenerator.CAST5
AlgorithmParameterGenerator.CCM
AlgorithmParameterGenerator.DES
AlgorithmParameterGenerator.DESEDE
AlgorithmParameterGenerator.DH
AlgorithmParameterGenerator.DSA
AlgorithmParameterGenerator.DSTU7624
AlgorithmParameterGenerator.ELGAMAL
AlgorithmParameterGenerator.ElGamal
AlgorithmParameterGenerator.GCM
AlgorithmParameterGenerator.GOST28147
AlgorithmParameterGenerator.GOST3410
AlgorithmParameterGenerator.IDEA
AlgorithmParameterGenerator.NOEKEON
AlgorithmParameterGenerator.OID.1.2.804.2.1.1.1.1.1.3.5.1
AlgorithmParameterGenerator.OID.1.2.804.2.1.1.1.1.1.3.5.2
AlgorithmParameterGenerator.OID.1.2.804.2.1.1.1.1.1.3.5.3
AlgorithmParameterGenerator.RC2
AlgorithmParameterGenerator.SEED
AlgorithmParameterGenerator.SHACAL-2
AlgorithmParameterGenerator.SM4
AlgorithmParameterGenerator.Shacal2
AlgorithmParameters.1.2.804.2.1.1.1.1.1.3.5.1
AlgorithmParameters.1.2.804.2.1.1.1.1.1.3.5.2
AlgorithmParameters.1.2.804.2.1.1.1.1.1.3.5.3
AlgorithmParameters.1.2.840.113549.3.2
AlgorithmParameters.1.3.6.1.4.1.188.7.1.1.2
AlgorithmParameters.AES
AlgorithmParameters.ARIA
AlgorithmParameters.BLOWFISH
AlgorithmParameters.CAMELLIA
AlgorithmParameters.CAST5
AlgorithmParameters.CCM
AlgorithmParameters.DES
AlgorithmParameters.DESEDE
AlgorithmParameters.DH
AlgorithmParameters.DSA
AlgorithmParameters.DSTU7624
AlgorithmParameters.EC
AlgorithmParameters.ECGOST3410
AlgorithmParameters.ECIES
AlgorithmParameters.ELGAMAL
AlgorithmParameters.ElGamal
AlgorithmParameters.GCM
AlgorithmParameters.GOST28147
AlgorithmParameters.GOST3410
AlgorithmParameters.IDEA
AlgorithmParameters.IES
AlgorithmParameters.NOEKEON
AlgorithmParameters.OAEP
AlgorithmParameters.OID.1.2.804.2.1.1.1.1.1.3.5.1
AlgorithmParameters.OID.1.2.804.2.1.1.1.1.1.3.5.2
AlgorithmParameters.OID.1.2.804.2.1.1.1.1.1.3.5.3
AlgorithmParameters.PBKDF1
AlgorithmParameters.PBKDF2
AlgorithmParameters.PKCS12PBE
AlgorithmParameters.PSS
AlgorithmParameters.RC2
AlgorithmParameters.RC5
AlgorithmParameters.RC5-64
AlgorithmParameters.RC6
AlgorithmParameters.RIJNDAEL
AlgorithmParameters.SEED
AlgorithmParameters.SHACAL-2
AlgorithmParameters.SKIPJACK
AlgorithmParameters.SM4
AlgorithmParameters.Serpent
AlgorithmParameters.Shacal2
AlgorithmParameters.TEA
AlgorithmParameters.Threefish-1024
AlgorithmParameters.Threefish-256
AlgorithmParameters.Threefish-512
AlgorithmParameters.Tnepres
AlgorithmParameters.Twofish
AlgorithmParameters.XTEA
CertPathBuilder.PKIX
CertPathBuilder.RFC3280
CertPathBuilder.RFC3281
CertPathValidator.PKIX
CertPathValidator.RFC3280
CertPathValidator.RFC3281
CertStore.Collection
CertStore.LDAP
CertStore.Multi
CertificateFactory.X.509
Cipher.1.2.392.200011.61.1.1.1.2
Cipher.1.2.392.200011.61.1.1.1.3
Cipher.1.2.392.200011.61.1.1.1.4
Cipher.1.2.410.200004.1.4
Cipher.1.2.410.200046.1.1.1
Cipher.1.2.410.200046.1.1.11
Cipher.1.2.410.200046.1.1.12
Cipher.1.2.410.200046.1.1.13
Cipher.1.2.410.200046.1.1.14
Cipher.1.2.410.200046.1.1.2
Cipher.1.2.410.200046.1.1.3
Cipher.1.2.410.200046.1.1.4
Cipher.1.2.410.200046.1.1.6
Cipher.1.2.410.200046.1.1.7
Cipher.1.2.410.200046.1.1.8
Cipher.1.2.410.200046.1.1.9
Cipher.1.2.643.2.2.13.0
Cipher.1.2.643.2.2.13.1
Cipher.1.2.643.2.2.21
Cipher.1.2.804.2.1.1.1.1.1.3.1.1
Cipher.1.2.804.2.1.1.1.1.1.3.1.2
Cipher.1.2.804.2.1.1.1.1.1.3.1.3
Cipher.1.2.804.2.1.1.1.1.1.3.2.1
Cipher.1.2.804.2.1.1.1.1.1.3.2.2
Cipher.1.2.804.2.1.1.1.1.1.3.2.3
Cipher.1.2.804.2.1.1.1.1.1.3.3.1
Cipher.1.2.804.2.1.1.1.1.1.3.3.2
Cipher.1.2.804.2.1.1.1.1.1.3.3.3
Cipher.1.2.804.2.1.1.1.1.1.3.5.1
Cipher.1.2.804.2.1.1.1.1.1.3.5.2
Cipher.1.2.804.2.1.1.1.1.1.3.5.3
Cipher.1.2.804.2.1.1.1.1.1.3.6.1
Cipher.1.2.804.2.1.1.1.1.1.3.6.2
Cipher.1.2.804.2.1.1.1.1.1.3.6.3
Cipher.1.2.804.2.1.1.1.1.1.3.8.1
Cipher.1.2.804.2.1.1.1.1.1.3.8.2
Cipher.1.2.804.2.1.1.1.1.1.3.8.3
Cipher.1.2.840.113533.7.66.10
Cipher.1.2.840.113549.1.1.1
Cipher.1.2.840.113549.1.1.7
Cipher.1.2.840.113549.1.9.16.3.6
Cipher.1.2.840.113549.3.2
Cipher.1.2.840.113549.3.7
Cipher.1.3.14.3.2.7
Cipher.1.3.6.1.4.1.11591.13.2.1
Cipher.1.3.6.1.4.1.11591.13.2.2
Cipher.1.3.6.1.4.1.11591.13.2.21
Cipher.1.3.6.1.4.1.11591.13.2.22
Cipher.1.3.6.1.4.1.11591.13.2.23
Cipher.1.3.6.1.4.1.11591.13.2.24
Cipher.1.3.6.1.4.1.11591.13.2.3
Cipher.1.3.6.1.4.1.11591.13.2.4
Cipher.1.3.6.1.4.1.11591.13.2.41
Cipher.1.3.6.1.4.1.11591.13.2.42
Cipher.1.3.6.1.4.1.11591.13.2.43
Cipher.1.3.6.1.4.1.11591.13.2.44
Cipher.1.3.6.1.4.1.188.7.1.1.2
Cipher.1.3.6.1.4.1.3029.1.1.2
Cipher.2.16.840.1.101.3.4.1.1
Cipher.2.16.840.1.101.3.4.1.2
Cipher.2.16.840.1.101.3.4.1.21
Cipher.2.16.840.1.101.3.4.1.22
Cipher.2.16.840.1.101.3.4.1.23
Cipher.2.16.840.1.101.3.4.1.24
Cipher.2.16.840.1.101.3.4.1.3
Cipher.2.16.840.1.101.3.4.1.4
Cipher.2.16.840.1.101.3.4.1.41
Cipher.2.16.840.1.101.3.4.1.42
Cipher.2.16.840.1.101.3.4.1.43
Cipher.2.16.840.1.101.3.4.1.44
Cipher.2.5.8.1.1
Cipher.AES
Cipher.AES SupportedKeyClasses
Cipher.AES SupportedKeyFormats
Cipher.AESRFC3211WRAP
Cipher.AESRFC5649WRAP
Cipher.AESWRAP
Cipher.AESWRAP SupportedKeyClasses
Cipher.AESWRAP SupportedKeyFormats
Cipher.AESWRAPPAD
Cipher.AESWRAPPAD SupportedKeyClasses
Cipher.AESWRAPPAD SupportedKeyFormats
Cipher.ARC4
Cipher.ARIA
Cipher.ARIARFC3211WRAP
Cipher.ARIAWRAP
Cipher.ARIAWRAPPAD
Cipher.BLOWFISH
Cipher.BROKENPBEWITHMD5ANDDES
Cipher.BROKENPBEWITHSHA1ANDDES
Cipher.BROKENPBEWITHSHAAND2-KEYTRIPLEDES-CBC
Cipher.BROKENPBEWITHSHAAND3-KEYTRIPLEDES-CBC
Cipher.CAMELLIA
Cipher.CAMELLIARFC3211WRAP
Cipher.CAMELLIAWRAP
Cipher.CAST5
Cipher.CAST6
Cipher.CCM
Cipher.CCM SupportedKeyClasses
Cipher.CCM SupportedKeyFormats
Cipher.CHACHA
Cipher.CHACHA7539
Cipher.DES
Cipher.DESEDE
Cipher.DESEDERFC3211WRAP
Cipher.DESEDEWRAP
Cipher.DESRFC3211WRAP
Cipher.DHIES
Cipher.DHIESWITHAES-CBC
Cipher.DHIESWITHDESEDE-CBC
Cipher.DHIESwithAES-CBC
Cipher.DSTU7624
Cipher.DSTU7624-128
Cipher.DSTU7624-128KW
Cipher.DSTU7624-256
Cipher.DSTU7624-256KW
Cipher.DSTU7624-512
Cipher.DSTU7624-512KW
Cipher.DSTU7624KW
Cipher.ECIES
Cipher.ECIESWITHAES-CBC
Cipher.ECIESWITHDESEDE-CBC
Cipher.ECIESwithAES-CBC
Cipher.ECIESwithDESEDE-CBC
Cipher.ELGAMAL
Cipher.ELGAMAL/PKCS1
Cipher.ElGamal
Cipher.GCM
Cipher.GCM SupportedKeyClasses
Cipher.GCM SupportedKeyFormats
Cipher.GOST28147
Cipher.Grain128
Cipher.Grainv1
Cipher.HC128
Cipher.HC256
Cipher.IDEA
Cipher.IES
Cipher.IESWITHAES-CBC
Cipher.IESWITHDESEDE-CBC
Cipher.IESwithAES-CBC
Cipher.NOEKEON
Cipher.OID.1.2.392.200011.61.1.1.1.2
Cipher.OID.1.2.392.200011.61.1.1.1.3
Cipher.OID.1.2.392.200011.61.1.1.1.4
Cipher.OID.1.2.410.200004.1.4
Cipher.OID.1.2.410.200046.1.1.1
Cipher.OID.1.2.410.200046.1.1.11
Cipher.OID.1.2.410.200046.1.1.12
Cipher.OID.1.2.410.200046.1.1.13
Cipher.OID.1.2.410.200046.1.1.14
Cipher.OID.1.2.410.200046.1.1.2
Cipher.OID.1.2.410.200046.1.1.3
Cipher.OID.1.2.410.200046.1.1.4
Cipher.OID.1.2.410.200046.1.1.6
Cipher.OID.1.2.410.200046.1.1.7
Cipher.OID.1.2.410.200046.1.1.8
Cipher.OID.1.2.410.200046.1.1.9
Cipher.OID.1.2.804.2.1.1.1.1.1.3.1.1
Cipher.OID.1.2.804.2.1.1.1.1.1.3.1.2
Cipher.OID.1.2.804.2.1.1.1.1.1.3.1.3
Cipher.OID.1.2.804.2.1.1.1.1.1.3.2.1
Cipher.OID.1.2.804.2.1.1.1.1.1.3.2.2
Cipher.OID.1.2.804.2.1.1.1.1.1.3.2.3
Cipher.OID.1.2.804.2.1.1.1.1.1.3.3.1
Cipher.OID.1.2.804.2.1.1.1.1.1.3.3.2
Cipher.OID.1.2.804.2.1.1.1.1.1.3.3.3
Cipher.OID.1.2.804.2.1.1.1.1.1.3.5.1
Cipher.OID.1.2.804.2.1.1.1.1.1.3.5.2
Cipher.OID.1.2.804.2.1.1.1.1.1.3.5.3
Cipher.OID.1.2.804.2.1.1.1.1.1.3.6.1
Cipher.OID.1.2.804.2.1.1.1.1.1.3.6.2
Cipher.OID.1.2.804.2.1.1.1.1.1.3.6.3
Cipher.OID.1.2.804.2.1.1.1.1.1.3.8.1
Cipher.OID.1.2.804.2.1.1.1.1.1.3.8.2
Cipher.OID.1.2.804.2.1.1.1.1.1.3.8.3
Cipher.OID.1.2.840.113533.7.66.10
Cipher.OID.1.2.840.113549.1.1.1
Cipher.OID.1.2.840.113549.1.1.7
Cipher.OID.1.2.840.113549.1.9.16.3.6
Cipher.OID.1.2.840.113549.3.2
Cipher.OID.1.2.840.113549.3.7
Cipher.OID.1.3.14.3.2.7
Cipher.OID.1.3.6.1.4.1.11591.13.2.1
Cipher.OID.1.3.6.1.4.1.11591.13.2.2
Cipher.OID.1.3.6.1.4.1.11591.13.2.21
Cipher.OID.1.3.6.1.4.1.11591.13.2.22
Cipher.OID.1.3.6.1.4.1.11591.13.2.23
Cipher.OID.1.3.6.1.4.1.11591.13.2.24
Cipher.OID.1.3.6.1.4.1.11591.13.2.3
Cipher.OID.1.3.6.1.4.1.11591.13.2.4
Cipher.OID.1.3.6.1.4.1.11591.13.2.41
Cipher.OID.1.3.6.1.4.1.11591.13.2.42
Cipher.OID.1.3.6.1.4.1.11591.13.2.43
Cipher.OID.1.3.6.1.4.1.11591.13.2.44
Cipher.OID.1.3.6.1.4.1.188.7.1.1.2
Cipher.OID.1.3.6.1.4.1.3029.1.1.2
Cipher.OID.2.16.840.1.101.3.4.1.1
Cipher.OID.2.16.840.1.101.3.4.1.2
Cipher.OID.2.16.840.1.101.3.4.1.21
Cipher.OID.2.16.840.1.101.3.4.1.22
Cipher.OID.2.16.840.1.101.3.4.1.23
Cipher.OID.2.16.840.1.101.3.4.1.24
Cipher.OID.2.16.840.1.101.3.4.1.3
Cipher.OID.2.16.840.1.101.3.4.1.4
Cipher.OID.2.16.840.1.101.3.4.1.41
Cipher.OID.2.16.840.1.101.3.4.1.42
Cipher.OID.2.16.840.1.101.3.4.1.43
Cipher.OID.2.16.840.1.101.3.4.1.44
Cipher.OID.2.5.8.1.1
Cipher.OLDPBEWITHSHAAND3-KEYTRIPLEDES-CBC
Cipher.OLDPBEWITHSHAANDTWOFISH-CBC
Cipher.PBEWITHMD2ANDDES
Cipher.PBEWITHMD5AND128BITAES-CBC-OPENSSL
Cipher.PBEWITHMD5AND192BITAES-CBC-OPENSSL
Cipher.PBEWITHMD5AND256BITAES-CBC-OPENSSL
Cipher.PBEWITHMD5ANDDES
Cipher.PBEWITHMD5ANDRC2
Cipher.PBEWITHSHA1ANDDES
Cipher.PBEWITHSHA1ANDRC2
Cipher.PBEWITHSHA256AND128BITAES-CBC-BC
Cipher.PBEWITHSHA256AND192BITAES-CBC-BC
Cipher.PBEWITHSHA256AND256BITAES-CBC-BC
Cipher.PBEWITHSHAAND128BITAES-CBC-BC
Cipher.PBEWITHSHAAND128BITRC2-CBC
Cipher.PBEWITHSHAAND128BITRC4
Cipher.PBEWITHSHAAND192BITAES-CBC-BC
Cipher.PBEWITHSHAAND2-KEYTRIPLEDES-CBC
Cipher.PBEWITHSHAAND256BITAES-CBC-BC
Cipher.PBEWITHSHAAND3-KEYTRIPLEDES-CBC
Cipher.PBEWITHSHAAND40BITRC2-CBC
Cipher.PBEWITHSHAAND40BITRC4
Cipher.PBEWITHSHAANDIDEA-CBC
Cipher.PBEWITHSHAANDTWOFISH-CBC
Cipher.RC2
Cipher.RC2WRAP
Cipher.RC5
Cipher.RC5-64
Cipher.RC6
Cipher.RIJNDAEL
Cipher.RSA
Cipher.RSA SupportedKeyClasses
Cipher.RSA SupportedKeyFormats
Cipher.RSA/1
Cipher.RSA/2
Cipher.RSA/ISO9796-1
Cipher.RSA/OAEP
Cipher.RSA/PKCS1
Cipher.RSA/RAW
Cipher.SALSA20
Cipher.SEED
Cipher.SEEDWRAP
Cipher.SHACAL-2
Cipher.SKIPJACK
Cipher.SM4
Cipher.Serpent
Cipher.Shacal2
Cipher.TEA
Cipher.Threefish-1024
Cipher.Threefish-256
Cipher.Threefish-512
Cipher.Tnepres
Cipher.Twofish
Cipher.VMPC
Cipher.VMPC-KSA3
Cipher.XSALSA20
Cipher.XTEA
KeyAgreement.1.2.840.113549.1.9.16.3.10
KeyAgreement.1.2.840.113549.1.9.16.3.5
KeyAgreement.1.3.132.1.11.0
KeyAgreement.1.3.132.1.11.1
KeyAgreement.1.3.132.1.11.2
KeyAgreement.1.3.132.1.11.3
KeyAgreement.1.3.132.1.14.0
KeyAgreement.1.3.132.1.14.1
KeyAgreement.1.3.132.1.14.2
KeyAgreement.1.3.132.1.14.3
KeyAgreement.1.3.132.1.15.0
KeyAgreement.1.3.132.1.15.1
KeyAgreement.1.3.132.1.15.2
KeyAgreement.1.3.132.1.15.3
KeyAgreement.1.3.133.16.840.63.0.16
KeyAgreement.1.3.133.16.840.63.0.2
KeyAgreement.1.3.133.16.840.63.0.3
KeyAgreement.DH
KeyAgreement.DH SupportedKeyClasses
KeyAgreement.DH SupportedKeyFormats
KeyAgreement.ECCDH
KeyAgreement.ECCDH SupportedKeyClasses
KeyAgreement.ECCDH SupportedKeyFormats
KeyAgreement.ECCDHWITHSHA1CKDF
KeyAgreement.ECCDHWITHSHA256CKDF
KeyAgreement.ECCDHWITHSHA384CKDF
KeyAgreement.ECCDHWITHSHA512CKDF
KeyAgreement.ECDH
KeyAgreement.ECDH SupportedKeyClasses
KeyAgreement.ECDH SupportedKeyFormats
KeyAgreement.ECDHC
KeyAgreement.ECDHC SupportedKeyClasses
KeyAgreement.ECDHC SupportedKeyFormats
KeyAgreement.ECDHWITHSHA1KDF
KeyAgreement.ECGOST3410
KeyAgreement.ECGOST3410-2012-256
KeyAgreement.ECGOST3410-2012-512
KeyAgreement.ECMQV
KeyAgreement.ECMQVWITHSHA1CKDF
KeyAgreement.ECMQVWITHSHA224CKDF
KeyAgreement.ECMQVWITHSHA256CKDF
KeyAgreement.ECMQVWITHSHA384CKDF
KeyAgreement.ECMQVWITHSHA512CKDF
KeyAgreement.OID.1.2.840.113549.1.9.16.3.10
KeyAgreement.OID.1.2.840.113549.1.9.16.3.5
KeyFactory.DH
KeyFactory.DSA
KeyFactory.DSTU4145
KeyFactory.EC
KeyFactory.ECDH
KeyFactory.ECDHC
KeyFactory.ECDSA
KeyFactory.ECGOST3410
KeyFactory.ECGOST3410-2012
KeyFactory.ECMQV
KeyFactory.ELGAMAL
KeyFactory.ElGamal
KeyFactory.GOST3410
KeyFactory.RSA
KeyFactory.X.509
KeyGenerator.1.2.392.200011.61.1.1.1.2
KeyGenerator.1.2.392.200011.61.1.1.1.3
KeyGenerator.1.2.392.200011.61.1.1.1.4
KeyGenerator.1.2.392.200011.61.1.1.3.2
KeyGenerator.1.2.392.200011.61.1.1.3.3
KeyGenerator.1.2.392.200011.61.1.1.3.4
KeyGenerator.1.2.410.200004.1.4
KeyGenerator.1.2.410.200004.7.1.1.1
KeyGenerator.1.2.410.200046.1.1.1
KeyGenerator.1.2.410.200046.1.1.11
KeyGenerator.1.2.410.200046.1.1.12
KeyGenerator.1.2.410.200046.1.1.13
KeyGenerator.1.2.410.200046.1.1.14
KeyGenerator.1.2.410.200046.1.1.2
KeyGenerator.1.2.410.200046.1.1.3
KeyGenerator.1.2.410.200046.1.1.34
KeyGenerator.1.2.410.200046.1.1.35
KeyGenerator.1.2.410.200046.1.1.36
KeyGenerator.1.2.410.200046.1.1.37
KeyGenerator.1.2.410.200046.1.1.38
KeyGenerator.1.2.410.200046.1.1.39
KeyGenerator.1.2.410.200046.1.1.4
KeyGenerator.1.2.410.200046.1.1.40
KeyGenerator.1.2.410.200046.1.1.41
KeyGenerator.1.2.410.200046.1.1.42
KeyGenerator.1.2.410.200046.1.1.43
KeyGenerator.1.2.410.200046.1.1.44
KeyGenerator.1.2.410.200046.1.1.45
KeyGenerator.1.2.410.200046.1.1.6
KeyGenerator.1.2.410.200046.1.1.7
KeyGenerator.1.2.410.200046.1.1.8
KeyGenerator.1.2.410.200046.1.1.9
KeyGenerator.1.2.804.2.1.1.1.1.1.3.1.1
KeyGenerator.1.2.804.2.1.1.1.1.1.3.1.2
KeyGenerator.1.2.804.2.1.1.1.1.1.3.1.3
KeyGenerator.1.2.804.2.1.1.1.1.1.3.10.1
KeyGenerator.1.2.804.2.1.1.1.1.1.3.10.2
KeyGenerator.1.2.804.2.1.1.1.1.1.3.10.3
KeyGenerator.1.2.804.2.1.1.1.1.1.3.2.1
KeyGenerator.1.2.804.2.1.1.1.1.1.3.2.2
KeyGenerator.1.2.804.2.1.1.1.1.1.3.2.3
KeyGenerator.1.2.804.2.1.1.1.1.1.3.3.1
KeyGenerator.1.2.804.2.1.1.1.1.1.3.3.2
KeyGenerator.1.2.804.2.1.1.1.1.1.3.3.3
KeyGenerator.1.2.804.2.1.1.1.1.1.3.5.1
KeyGenerator.1.2.804.2.1.1.1.1.1.3.5.2
KeyGenerator.1.2.804.2.1.1.1.1.1.3.5.3
KeyGenerator.1.2.804.2.1.1.1.1.1.3.6.1
KeyGenerator.1.2.804.2.1.1.1.1.1.3.6.2
KeyGenerator.1.2.804.2.1.1.1.1.1.3.6.3
KeyGenerator.1.2.804.2.1.1.1.1.1.3.7.1
KeyGenerator.1.2.804.2.1.1.1.1.1.3.7.2
KeyGenerator.1.2.804.2.1.1.1.1.1.3.7.3
KeyGenerator.1.2.804.2.1.1.1.1.1.3.8.1
KeyGenerator.1.2.804.2.1.1.1.1.1.3.8.2
KeyGenerator.1.2.804.2.1.1.1.1.1.3.8.3
KeyGenerator.1.2.840.113549.3.2
KeyGenerator.1.2.840.113549.3.7
KeyGenerator.1.3.6.1.4.1.188.7.1.1.2
KeyGenerator.2.16.840.1.101.3.4.1.1
KeyGenerator.2.16.840.1.101.3.4.1.2
KeyGenerator.2.16.840.1.101.3.4.1.21
KeyGenerator.2.16.840.1.101.3.4.1.22
KeyGenerator.2.16.840.1.101.3.4.1.23
KeyGenerator.2.16.840.1.101.3.4.1.24
KeyGenerator.2.16.840.1.101.3.4.1.25
KeyGenerator.2.16.840.1.101.3.4.1.26
KeyGenerator.2.16.840.1.101.3.4.1.27
KeyGenerator.2.16.840.1.101.3.4.1.28
KeyGenerator.2.16.840.1.101.3.4.1.3
KeyGenerator.2.16.840.1.101.3.4.1.4
KeyGenerator.2.16.840.1.101.3.4.1.41
KeyGenerator.2.16.840.1.101.3.4.1.42
KeyGenerator.2.16.840.1.101.3.4.1.43
KeyGenerator.2.16.840.1.101.3.4.1.44
KeyGenerator.2.16.840.1.101.3.4.1.45
KeyGenerator.2.16.840.1.101.3.4.1.46
KeyGenerator.2.16.840.1.101.3.4.1.47
KeyGenerator.2.16.840.1.101.3.4.1.48
KeyGenerator.2.16.840.1.101.3.4.1.5
KeyGenerator.2.16.840.1.101.3.4.1.6
KeyGenerator.2.16.840.1.101.3.4.1.7
KeyGenerator.2.16.840.1.101.3.4.1.8
KeyGenerator.2.16.840.1.101.3.4.2
KeyGenerator.2.16.840.1.101.3.4.22
KeyGenerator.2.16.840.1.101.3.4.42
KeyGenerator.AES
KeyGenerator.AES-GMAC
KeyGenerator.AESWRAP
KeyGenerator.AESWRAPPAD
KeyGenerator.ARC4
KeyGenerator.ARIA
KeyGenerator.ARIA-GMAC
KeyGenerator.BLOWFISH
KeyGenerator.CAMELLIA
KeyGenerator.CAMELLIA-GMAC
KeyGenerator.CAST5
KeyGenerator.CAST6
KeyGenerator.CAST6-GMAC
KeyGenerator.CHACHA
KeyGenerator.CHACHA7539
KeyGenerator.DES
KeyGenerator.DESEDE
KeyGenerator.DESEDEWRAP
KeyGenerator.DSTU7624
KeyGenerator.GOST28147
KeyGenerator.Grain128
KeyGenerator.Grainv1
KeyGenerator.HC128
KeyGenerator.HC256
KeyGenerator.HMACDSTU7564-256
KeyGenerator.HMACDSTU7564-384
KeyGenerator.HMACDSTU7564-512
KeyGenerator.HMACGOST3411
KeyGenerator.HMACGOST3411-2012-256
KeyGenerator.HMACGOST3411-2012-512
KeyGenerator.HMACKECCAK224
KeyGenerator.HMACKECCAK256
KeyGenerator.HMACKECCAK288
KeyGenerator.HMACKECCAK384
KeyGenerator.HMACKECCAK512
KeyGenerator.HMACMD2
KeyGenerator.HMACMD4
KeyGenerator.HMACMD5
KeyGenerator.HMACRIPEMD128
KeyGenerator.HMACRIPEMD160
KeyGenerator.HMACRIPEMD256
KeyGenerator.HMACRIPEMD320
KeyGenerator.HMACSHA1
KeyGenerator.HMACSHA224
KeyGenerator.HMACSHA256
KeyGenerator.HMACSHA3-224
KeyGenerator.HMACSHA3-256
KeyGenerator.HMACSHA3-384
KeyGenerator.HMACSHA3-512
KeyGenerator.HMACSHA384
KeyGenerator.HMACSHA512
KeyGenerator.HMACSHA512/224
KeyGenerator.HMACSHA512/256
KeyGenerator.HMACSkein-1024-1024
KeyGenerator.HMACSkein-1024-384
KeyGenerator.HMACSkein-1024-512
KeyGenerator.HMACSkein-256-128
KeyGenerator.HMACSkein-256-160
KeyGenerator.HMACSkein-256-224
KeyGenerator.HMACSkein-256-256
KeyGenerator.HMACSkein-512-128
KeyGenerator.HMACSkein-512-160
KeyGenerator.HMACSkein-512-224
KeyGenerator.HMACSkein-512-256
KeyGenerator.HMACSkein-512-384
KeyGenerator.HMACSkein-512-512
KeyGenerator.HMACTIGER
KeyGenerator.HMACWHIRLPOOL
KeyGenerator.IDEA
KeyGenerator.NOEKEON
KeyGenerator.NOEKEON-GMAC
KeyGenerator.OID.1.2.392.200011.61.1.1.1.2
KeyGenerator.OID.1.2.392.200011.61.1.1.1.3
KeyGenerator.OID.1.2.392.200011.61.1.1.1.4
KeyGenerator.OID.1.2.392.200011.61.1.1.3.2
KeyGenerator.OID.1.2.392.200011.61.1.1.3.3
KeyGenerator.OID.1.2.392.200011.61.1.1.3.4
KeyGenerator.OID.1.2.410.200004.1.4
KeyGenerator.OID.1.2.410.200004.7.1.1.1
KeyGenerator.OID.1.2.410.200046.1.1.1
KeyGenerator.OID.1.2.410.200046.1.1.11
KeyGenerator.OID.1.2.410.200046.1.1.12
KeyGenerator.OID.1.2.410.200046.1.1.13
KeyGenerator.OID.1.2.410.200046.1.1.14
KeyGenerator.OID.1.2.410.200046.1.1.2
KeyGenerator.OID.1.2.410.200046.1.1.3
KeyGenerator.OID.1.2.410.200046.1.1.34
KeyGenerator.OID.1.2.410.200046.1.1.35
KeyGenerator.OID.1.2.410.200046.1.1.36
KeyGenerator.OID.1.2.410.200046.1.1.37
KeyGenerator.OID.1.2.410.200046.1.1.38
KeyGenerator.OID.1.2.410.200046.1.1.39
KeyGenerator.OID.1.2.410.200046.1.1.4
KeyGenerator.OID.1.2.410.200046.1.1.40
KeyGenerator.OID.1.2.410.200046.1.1.41
KeyGenerator.OID.1.2.410.200046.1.1.42
KeyGenerator.OID.1.2.410.200046.1.1.43
KeyGenerator.OID.1.2.410.200046.1.1.44
KeyGenerator.OID.1.2.410.200046.1.1.45
KeyGenerator.OID.1.2.410.200046.1.1.6
KeyGenerator.OID.1.2.410.200046.1.1.7
KeyGenerator.OID.1.2.410.200046.1.1.8
KeyGenerator.OID.1.2.410.200046.1.1.9
KeyGenerator.OID.1.2.804.2.1.1.1.1.1.3.1.1
KeyGenerator.OID.1.2.804.2.1.1.1.1.1.3.1.2
KeyGenerator.OID.1.2.804.2.1.1.1.1.1.3.1.3
KeyGenerator.OID.1.2.804.2.1.1.1.1.1.3.10.1
KeyGenerator.OID.1.2.804.2.1.1.1.1.1.3.10.2
KeyGenerator.OID.1.2.804.2.1.1.1.1.1.3.10.3
KeyGenerator.OID.1.2.804.2.1.1.1.1.1.3.2.1
KeyGenerator.OID.1.2.804.2.1.1.1.1.1.3.2.2
KeyGenerator.OID.1.2.804.2.1.1.1.1.1.3.2.3
KeyGenerator.OID.1.2.804.2.1.1.1.1.1.3.3.1
KeyGenerator.OID.1.2.804.2.1.1.1.1.1.3.3.2
KeyGenerator.OID.1.2.804.2.1.1.1.1.1.3.3.3
KeyGenerator.OID.1.2.804.2.1.1.1.1.1.3.5.1
KeyGenerator.OID.1.2.804.2.1.1.1.1.1.3.5.2
KeyGenerator.OID.1.2.804.2.1.1.1.1.1.3.5.3
KeyGenerator.OID.1.2.804.2.1.1.1.1.1.3.6.1
KeyGenerator.OID.1.2.804.2.1.1.1.1.1.3.6.2
KeyGenerator.OID.1.2.804.2.1.1.1.1.1.3.6.3
KeyGenerator.OID.1.2.804.2.1.1.1.1.1.3.7.1
KeyGenerator.OID.1.2.804.2.1.1.1.1.1.3.7.2
KeyGenerator.OID.1.2.804.2.1.1.1.1.1.3.7.3
KeyGenerator.OID.1.2.804.2.1.1.1.1.1.3.8.1
KeyGenerator.OID.1.2.804.2.1.1.1.1.1.3.8.2
KeyGenerator.OID.1.2.804.2.1.1.1.1.1.3.8.3
KeyGenerator.OID.1.3.6.1.4.1.188.7.1.1.2
KeyGenerator.OID.2.16.840.1.101.3.4.1.1
KeyGenerator.OID.2.16.840.1.101.3.4.1.2
KeyGenerator.OID.2.16.840.1.101.3.4.1.21
KeyGenerator.OID.2.16.840.1.101.3.4.1.22
KeyGenerator.OID.2.16.840.1.101.3.4.1.23
KeyGenerator.OID.2.16.840.1.101.3.4.1.24
KeyGenerator.OID.2.16.840.1.101.3.4.1.25
KeyGenerator.OID.2.16.840.1.101.3.4.1.26
KeyGenerator.OID.2.16.840.1.101.3.4.1.27
KeyGenerator.OID.2.16.840.1.101.3.4.1.28
KeyGenerator.OID.2.16.840.1.101.3.4.1.3
KeyGenerator.OID.2.16.840.1.101.3.4.1.4
KeyGenerator.OID.2.16.840.1.101.3.4.1.41
KeyGenerator.OID.2.16.840.1.101.3.4.1.42
KeyGenerator.OID.2.16.840.1.101.3.4.1.43
KeyGenerator.OID.2.16.840.1.101.3.4.1.44
KeyGenerator.OID.2.16.840.1.101.3.4.1.45
KeyGenerator.OID.2.16.840.1.101.3.4.1.46
KeyGenerator.OID.2.16.840.1.101.3.4.1.47
KeyGenerator.OID.2.16.840.1.101.3.4.1.48
KeyGenerator.OID.2.16.840.1.101.3.4.1.5
KeyGenerator.OID.2.16.840.1.101.3.4.1.6
KeyGenerator.OID.2.16.840.1.101.3.4.1.7
KeyGenerator.OID.2.16.840.1.101.3.4.1.8
KeyGenerator.POLY1305
KeyGenerator.POLY1305-AES
KeyGenerator.POLY1305-ARIA
KeyGenerator.POLY1305-CAMELLIA
KeyGenerator.POLY1305-CAST6
KeyGenerator.POLY1305-NOEKEON
KeyGenerator.POLY1305-RC6
KeyGenerator.POLY1305-SEED
KeyGenerator.POLY1305-SERPENT
KeyGenerator.POLY1305-SM4
KeyGenerator.POLY1305-Twofish
KeyGenerator.RC2
KeyGenerator.RC5
KeyGenerator.RC5-64
KeyGenerator.RC6
KeyGenerator.RC6-GMAC
KeyGenerator.RIJNDAEL
KeyGenerator.SALSA20
KeyGenerator.SEED
KeyGenerator.SEED-CMAC
KeyGenerator.SEED-GMAC
KeyGenerator.SERPENT-GMAC
KeyGenerator.SHACAL-2
KeyGenerator.SIPHASH
KeyGenerator.SKIPJACK
KeyGenerator.SM4
KeyGenerator.SM4-CMAC
KeyGenerator.SM4-GMAC
KeyGenerator.Serpent
KeyGenerator.Shacal2
KeyGenerator.Skein-MAC-1024-1024
KeyGenerator.Skein-MAC-1024-384
KeyGenerator.Skein-MAC-1024-512
KeyGenerator.Skein-MAC-256-128
KeyGenerator.Skein-MAC-256-160
KeyGenerator.Skein-MAC-256-224
KeyGenerator.Skein-MAC-256-256
KeyGenerator.Skein-MAC-512-128
KeyGenerator.Skein-MAC-512-160
KeyGenerator.Skein-MAC-512-224
KeyGenerator.Skein-MAC-512-256
KeyGenerator.Skein-MAC-512-384
KeyGenerator.Skein-MAC-512-512
KeyGenerator.TEA
KeyGenerator.TNEPRES-GMAC
KeyGenerator.Threefish-1024
KeyGenerator.Threefish-256
KeyGenerator.Threefish-512
KeyGenerator.Tnepres
KeyGenerator.Twofish
KeyGenerator.Twofish-GMAC
KeyGenerator.VMPC
KeyGenerator.VMPC-KSA3
KeyGenerator.XSALSA20
KeyGenerator.XTEA
KeyPairGenerator.DH
KeyPairGenerator.DSA
KeyPairGenerator.DSTU4145
KeyPairGenerator.EC
KeyPairGenerator.ECDH
KeyPairGenerator.ECDHC
KeyPairGenerator.ECDHWITHSHA1KDF
KeyPairGenerator.ECDSA
KeyPairGenerator.ECGOST3410
KeyPairGenerator.ECGOST3410-2012
KeyPairGenerator.ECIES
KeyPairGenerator.ECMQV
KeyPairGenerator.ELGAMAL
KeyPairGenerator.ElGamal
KeyPairGenerator.GOST3410
KeyPairGenerator.RSA
KeyStore.BCFKS
KeyStore.BCFKS-DEF
KeyStore.BCPKCS12
KeyStore.BKS
KeyStore.BKS-V1
KeyStore.BouncyCastle
KeyStore.PKCS12
KeyStore.PKCS12-3DES-3DES
KeyStore.PKCS12-3DES-40RC2
KeyStore.PKCS12-DEF
KeyStore.PKCS12-DEF-3DES-3DES
KeyStore.PKCS12-DEF-3DES-40RC2
Mac.AES-GMAC
Mac.AESCCMMAC
Mac.AESCMAC
Mac.ARIA-GMAC
Mac.BLOWFISHCMAC
Mac.CAMELLIA-GMAC
Mac.CAST6-GMAC
Mac.DESCMAC
Mac.DESEDECMAC
Mac.DESEDEMAC
Mac.DESEDEMAC/CFB8
Mac.DESEDEMAC64
Mac.DESEDEMAC64WITHISO7816-4PADDING
Mac.DESMAC
Mac.DESMAC/CFB8
Mac.DESMAC64
Mac.DESMAC64WITHISO7816-4PADDING
Mac.DESWITHISO9797
Mac.DSTU7624-128GMAC
Mac.DSTU7624-256GMAC
Mac.DSTU7624-512GMAC
Mac.DSTU7624GMAC
Mac.GOST28147MAC
Mac.HMACDSTU7564-256
Mac.HMACDSTU7564-384
Mac.HMACDSTU7564-512
Mac.HMACGOST3411
Mac.HMACGOST3411-2012-256
Mac.HMACGOST3411-2012-512
Mac.HMACKECCAK224
Mac.HMACKECCAK256
Mac.HMACKECCAK288
Mac.HMACKECCAK384
Mac.HMACKECCAK512
Mac.HMACMD2
Mac.HMACMD4
Mac.HMACMD5
Mac.HMACRIPEMD128
Mac.HMACRIPEMD160
Mac.HMACRIPEMD256
Mac.HMACRIPEMD320
Mac.HMACSHA1
Mac.HMACSHA224
Mac.HMACSHA256
Mac.HMACSHA3-224
Mac.HMACSHA3-256
Mac.HMACSHA3-384
Mac.HMACSHA3-512
Mac.HMACSHA384
Mac.HMACSHA512
Mac.HMACSHA512/224
Mac.HMACSHA512/256
Mac.HMACSkein-1024-1024
Mac.HMACSkein-1024-384
Mac.HMACSkein-1024-512
Mac.HMACSkein-256-128
Mac.HMACSkein-256-160
Mac.HMACSkein-256-224
Mac.HMACSkein-256-256
Mac.HMACSkein-512-128
Mac.HMACSkein-512-160
Mac.HMACSkein-512-224
Mac.HMACSkein-512-256
Mac.HMACSkein-512-384
Mac.HMACSkein-512-512
Mac.HMACTIGER
Mac.HMACWHIRLPOOL
Mac.IDEAMAC
Mac.IDEAMAC/CFB8
Mac.ISO9797ALG3MAC
Mac.ISO9797ALG3WITHISO7816-4PADDING
Mac.NOEKEON-GMAC
Mac.OLDHMACSHA384
Mac.OLDHMACSHA512
Mac.PBEWITHHMACRIPEMD160
Mac.PBEWITHHMACSHA
Mac.PBEWITHHMACSHA1
Mac.PBEWITHHMACSHA224
Mac.PBEWITHHMACSHA256
Mac.PBEWITHHMACSHA384
Mac.PBEWITHHMACSHA512
Mac.POLY1305
Mac.POLY1305-AES
Mac.POLY1305-ARIA
Mac.POLY1305-CAMELLIA
Mac.POLY1305-CAST6
Mac.POLY1305-NOEKEON
Mac.POLY1305-RC6
Mac.POLY1305-SEED
Mac.POLY1305-SERPENT
Mac.POLY1305-SM4
Mac.POLY1305-Twofish
Mac.RC2MAC
Mac.RC2MAC/CFB8
Mac.RC5MAC
Mac.RC5MAC/CFB8
Mac.RC6-GMAC
Mac.SEED-CMAC
Mac.SEED-GMAC
Mac.SERPENT-GMAC
Mac.SIPHASH-2-4
Mac.SIPHASH-4-8
Mac.SKIPJACKMAC
Mac.SKIPJACKMAC/CFB8
Mac.SM4-CMAC
Mac.SM4-GMAC
Mac.Shacal-2CMAC
Mac.Skein-MAC-1024-1024
Mac.Skein-MAC-1024-384
Mac.Skein-MAC-1024-512
Mac.Skein-MAC-256-128
Mac.Skein-MAC-256-160
Mac.Skein-MAC-256-224
Mac.Skein-MAC-256-256
Mac.Skein-MAC-512-128
Mac.Skein-MAC-512-160
Mac.Skein-MAC-512-224
Mac.Skein-MAC-512-256
Mac.Skein-MAC-512-384
Mac.Skein-MAC-512-512
Mac.TNEPRES-GMAC
Mac.Threefish-1024CMAC
Mac.Threefish-256CMAC
Mac.Threefish-512CMAC
Mac.Twofish-GMAC
Mac.VMPCMAC
MessageDigest.1.2.804.2.1.1.1.1.2.2.1
MessageDigest.1.2.804.2.1.1.1.1.2.2.2
MessageDigest.1.2.804.2.1.1.1.1.2.2.3
MessageDigest.2.16.840.1.101.3.4.2.10
MessageDigest.2.16.840.1.101.3.4.2.7
MessageDigest.2.16.840.1.101.3.4.2.8
MessageDigest.2.16.840.1.101.3.4.2.9
MessageDigest.BLAKE2B-160
MessageDigest.BLAKE2B-256
MessageDigest.BLAKE2B-384
MessageDigest.BLAKE2B-512
MessageDigest.DSTU7564-256
MessageDigest.DSTU7564-384
MessageDigest.DSTU7564-512
MessageDigest.GOST3411
MessageDigest.GOST3411-2012-256
MessageDigest.GOST3411-2012-512
MessageDigest.KECCAK-224
MessageDigest.KECCAK-256
MessageDigest.KECCAK-288
MessageDigest.KECCAK-384
MessageDigest.KECCAK-512
MessageDigest.MD2
MessageDigest.MD4
MessageDigest.MD5
MessageDigest.OID.1.2.804.2.1.1.1.1.2.2.1
MessageDigest.OID.1.2.804.2.1.1.1.1.2.2.2
MessageDigest.OID.1.2.804.2.1.1.1.1.2.2.3
MessageDigest.OID.2.16.840.1.101.3.4.2.10
MessageDigest.OID.2.16.840.1.101.3.4.2.7
MessageDigest.OID.2.16.840.1.101.3.4.2.8
MessageDigest.OID.2.16.840.1.101.3.4.2.9
MessageDigest.RIPEMD128
MessageDigest.RIPEMD160
MessageDigest.RIPEMD256
MessageDigest.RIPEMD320
MessageDigest.SHA-1
MessageDigest.SHA-224
MessageDigest.SHA-256
MessageDigest.SHA-384
MessageDigest.SHA-512
MessageDigest.SHA-512/224
MessageDigest.SHA-512/256
MessageDigest.SHA3-224
MessageDigest.SHA3-256
MessageDigest.SHA3-384
MessageDigest.SHA3-512
MessageDigest.SM3
MessageDigest.Skein-1024-1024
MessageDigest.Skein-1024-384
MessageDigest.Skein-1024-512
MessageDigest.Skein-256-128
MessageDigest.Skein-256-160
MessageDigest.Skein-256-224
MessageDigest.Skein-256-256
MessageDigest.Skein-512-128
MessageDigest.Skein-512-160
MessageDigest.Skein-512-224
MessageDigest.Skein-512-256
MessageDigest.Skein-512-384
MessageDigest.Skein-512-512
MessageDigest.TIGER
MessageDigest.Tiger
MessageDigest.WHIRLPOOL
Provider.id className
Provider.id info
Provider.id name
Provider.id version
SecretKeyFactory.1.3.14.3.2.17
SecretKeyFactory.2.16.840.1.101.3.4.1
SecretKeyFactory.AES
SecretKeyFactory.DES
SecretKeyFactory.DESEDE
SecretKeyFactory.OID.1.3.14.3.2.17
SecretKeyFactory.OID.2.16.840.1.101.3.4.1
SecretKeyFactory.PBEWITHHMACGOST3411
SecretKeyFactory.PBEWITHHMACRIPEMD160
SecretKeyFactory.PBEWITHHMACSHA1
SecretKeyFactory.PBEWITHHMACSHA256
SecretKeyFactory.PBEWITHHMACTIGER
SecretKeyFactory.PBEWITHMD2ANDDES
SecretKeyFactory.PBEWITHMD2ANDRC2
SecretKeyFactory.PBEWITHMD5AND128BITAES-CBC-OPENSSL
SecretKeyFactory.PBEWITHMD5AND192BITAES-CBC-OPENSSL
SecretKeyFactory.PBEWITHMD5AND256BITAES-CBC-OPENSSL
SecretKeyFactory.PBEWITHMD5ANDDES
SecretKeyFactory.PBEWITHMD5ANDRC2
SecretKeyFactory.PBEWITHSHA1ANDDES
SecretKeyFactory.PBEWITHSHA1ANDRC2
SecretKeyFactory.PBEWITHSHA256AND128BITAES-CBC-BC
SecretKeyFactory.PBEWITHSHA256AND192BITAES-CBC-BC
SecretKeyFactory.PBEWITHSHA256AND256BITAES-CBC-BC
SecretKeyFactory.PBEWITHSHAAND128BITAES-CBC-BC
SecretKeyFactory.PBEWITHSHAAND128BITRC2-CBC
SecretKeyFactory.PBEWITHSHAAND128BITRC4
SecretKeyFactory.PBEWITHSHAAND192BITAES-CBC-BC
SecretKeyFactory.PBEWITHSHAAND2-KEYTRIPLEDES-CBC
SecretKeyFactory.PBEWITHSHAAND256BITAES-CBC-BC
SecretKeyFactory.PBEWITHSHAAND3-KEYTRIPLEDES-CBC
SecretKeyFactory.PBEWITHSHAAND40BITRC2-CBC
SecretKeyFactory.PBEWITHSHAAND40BITRC4
SecretKeyFactory.PBEWITHSHAANDIDEA-CBC
SecretKeyFactory.PBEWITHSHAANDTWOFISH-CBC
SecretKeyFactory.PBKDF-OPENSSL
SecretKeyFactory.PBKDF2
SecretKeyFactory.PBKDF2WITHASCII
SecretKeyFactory.PBKDF2WITHHMACGOST3411
SecretKeyFactory.PBKDF2WITHHMACSHA224
SecretKeyFactory.PBKDF2WITHHMACSHA256
SecretKeyFactory.PBKDF2WITHHMACSHA3-224
SecretKeyFactory.PBKDF2WITHHMACSHA3-256
SecretKeyFactory.PBKDF2WITHHMACSHA3-384
SecretKeyFactory.PBKDF2WITHHMACSHA3-512
SecretKeyFactory.PBKDF2WITHHMACSHA384
SecretKeyFactory.PBKDF2WITHHMACSHA512
SecretKeyFactory.TLS10KDF
SecretKeyFactory.TLS11KDF
SecretKeyFactory.TLS12WITHSHA256KDF
SecretKeyFactory.TLS12WITHSHA384KDF
SecretKeyFactory.TLS12WITHSHA512KDF
SecureRandom.DEFAULT
SecureRandom.NONCEANDIV
Signature.1.2.840.113549.1.1.10
Signature.DDSA
Signature.DETDSA
Signature.DSA
Signature.DSTU4145
Signature.ECDDSA
Signature.ECDSA
Signature.ECGOST3410
Signature.ECGOST3410-2012-256
Signature.ECGOST3410-2012-512
Signature.GOST3410
Signature.GOST3411-2012-256WITHECGOST3410-2012-256
Signature.GOST3411-2012-512WITHECGOST3410-2012-512
Signature.GOST3411WITHDSTU4145
Signature.GOST3411WITHDSTU4145LE
Signature.GOST3411WITHECGOST3410
Signature.MD2WITHRSA
Signature.MD4WITHRSA
Signature.MD5WITHRSA
Signature.MD5WITHRSA/ISO9796-2
Signature.NONEWITHDSA
Signature.NONEwithECDSA
Signature.OID.1.2.840.113549.1.1.10
Signature.RAWRSASSA-PSS
Signature.RIPEMD128WITHRSA
Signature.RIPEMD128WITHRSA/X9.31
Signature.RIPEMD160WITHECDSA
Signature.RIPEMD160WITHPLAIN-ECDSA
Signature.RIPEMD160WITHRSA
Signature.RIPEMD160WITHRSA/X9.31
Signature.RIPEMD160withRSA/ISO9796-2
Signature.RIPEMD256WITHRSA
Signature.RMD128WITHRSA
Signature.RMD128WITHRSA/X9.31
Signature.RMD160WITHRSA
Signature.RMD160WITHRSA/X9.31
Signature.RMD256WITHRSA
Signature.RSA
Signature.RSASSA-PSS
Signature.SHA1WITHCVC-ECDSA
Signature.SHA1WITHDDSA
Signature.SHA1WITHDETDSA
Signature.SHA1WITHECDDSA
Signature.SHA1WITHECNR
Signature.SHA1WITHPLAIN-ECDSA
Signature.SHA1WITHRSA
Signature.SHA1WITHRSA/ISO9796-2
Signature.SHA1WITHRSA/X9.31
Signature.SHA1WITHRSAANDMGF1
Signature.SHA224WITHCVC-ECDSA
Signature.SHA224WITHDDSA
Signature.SHA224WITHDETDSA
Signature.SHA224WITHDSA
Signature.SHA224WITHECDDSA
Signature.SHA224WITHECDSA
Signature.SHA224WITHECNR
Signature.SHA224WITHPLAIN-ECDSA
Signature.SHA224WITHRSA
Signature.SHA224WITHRSA/ISO9796-2
Signature.SHA224WITHRSA/X9.31
Signature.SHA224WITHRSAANDMGF1
Signature.SHA256WITHCVC-ECDSA
Signature.SHA256WITHDDSA
Signature.SHA256WITHDETDSA
Signature.SHA256WITHDSA
Signature.SHA256WITHECDDSA
Signature.SHA256WITHECDSA
Signature.SHA256WITHECNR
Signature.SHA256WITHPLAIN-ECDSA
Signature.SHA256WITHRSA
Signature.SHA256WITHRSA/ISO9796-2
Signature.SHA256WITHRSA/X9.31
Signature.SHA256WITHRSAANDMGF1
Signature.SHA3-224WITHDDSA
Signature.SHA3-224WITHDSA
Signature.SHA3-224WITHECDDSA
Signature.SHA3-224WITHECDSA
Signature.SHA3-224WITHRSA
Signature.SHA3-224WITHRSAANDMGF1
Signature.SHA3-256WITHDDSA
Signature.SHA3-256WITHDSA
Signature.SHA3-256WITHECDDSA
Signature.SHA3-256WITHECDSA
Signature.SHA3-256WITHRSA
Signature.SHA3-256WITHRSAANDMGF1
Signature.SHA3-384WITHDDSA
Signature.SHA3-384WITHDSA
Signature.SHA3-384WITHECDDSA
Signature.SHA3-384WITHECDSA
Signature.SHA3-384WITHRSA
Signature.SHA3-384WITHRSAANDMGF1
Signature.SHA3-512WITHDDSA
Signature.SHA3-512WITHDSA
Signature.SHA3-512WITHECDDSA
Signature.SHA3-512WITHECDSA
Signature.SHA3-512WITHRSA
Signature.SHA3-512WITHRSAANDMGF1
Signature.SHA384WITHCVC-ECDSA
Signature.SHA384WITHDDSA
Signature.SHA384WITHDETDSA
Signature.SHA384WITHDSA
Signature.SHA384WITHECDDSA
Signature.SHA384WITHECDSA
Signature.SHA384WITHECNR
Signature.SHA384WITHPLAIN-ECDSA
Signature.SHA384WITHRSA
Signature.SHA384WITHRSA/ISO9796-2
Signature.SHA384WITHRSA/X9.31
Signature.SHA384WITHRSAANDMGF1
Signature.SHA512(224)WITHRSA
Signature.SHA512(224)WITHRSA/ISO9796-2
Signature.SHA512(224)WITHRSA/X9.31
Signature.SHA512(224)WITHRSAANDMGF1
Signature.SHA512(256)WITHRSA
Signature.SHA512(256)WITHRSA/ISO9796-2
Signature.SHA512(256)WITHRSA/X9.31
Signature.SHA512(256)WITHRSAANDMGF1
Signature.SHA512WITHCVC-ECDSA
Signature.SHA512WITHDDSA
Signature.SHA512WITHDETDSA
Signature.SHA512WITHDSA
Signature.SHA512WITHECDDSA
Signature.SHA512WITHECDSA
Signature.SHA512WITHECNR
Signature.SHA512WITHPLAIN-ECDSA
Signature.SHA512WITHRSA
Signature.SHA512WITHRSA/ISO9796-2
Signature.SHA512WITHRSA/X9.31
Signature.SHA512WITHRSAANDMGF1
Signature.SM3WITHSM2
Signature.WHIRLPOOLWITHRSA/ISO9796-2
Signature.WHIRLPOOLWITHRSA/X9.31
Signature.WhirlpoolWITHRSA/ISO9796-2
Signature.WhirlpoolWITHRSA/X9.31
X509Store.ATTRIBUTECERTIFICATE/COLLECTION
X509Store.ATTRIBUTECERTIFICATE/LDAP
X509Store.CERTIFICATE/COLLECTION
X509Store.CERTIFICATE/LDAP
X509Store.CERTIFICATEPAIR/COLLECTION
X509Store.CERTIFICATEPAIR/LDAP
X509Store.CRL/COLLECTION
X509Store.CRL/LDAP
X509StreamParser.ATTRIBUTECERTIFICATE
X509StreamParser.CERTIFICATE
X509StreamParser.CERTIFICATEPAIR
X509StreamParser.CRL
..E.E..E.E.E....No implementation for:DHIESWithAES
...E.No implementation for:DHIESWITHDESEDE
.....testDefaultSize: keysize=2048
....testTiming: SHA1WITHDSA
count:50000 cutoff:1814742 relative average:1.0053631102299219 sigmas:2.0771236604362113
count:25000 cutoff:604410 relative average:1.0122313401758187 sigmas:3.349690461407549
count:12501 cutoff:592009 relative average:1.0171673619957882 sigmas:3.3245783305548375
count:6251 cutoff:587340 relative average:1.0167746167046305 sigmas:2.2971427400268443
count:3125 cutoff:584383 relative average:1.0165565925393687 sigmas:1.603085179372925
count:1563 cutoff:582024 relative average:1.0268087363422513 sigmas:1.8357623556098672
count:782 cutoff:580109 relative average:1.0375085002970053 sigmas:1.8167438720877527
count:391 cutoff:578427 relative average:1.014419726495704 sigmas:0.4938624756178563
count:196 cutoff:576872 relative average:0.9601926050066653 sigmas:0.9652780290358618
count:98 cutoff:575596 relative average:0.9953120674071986 sigmas:0.08038129960648316
count:49 cutoff:574139 relative average:0.9458401671824433 sigmas:0.6566530751861105
count:25 cutoff:572752 relative average:1.008497444691189 sigmas:0.07359002969822874
count:13 cutoff:571049 relative average:1.0143401760630917 sigmas:0.08955437081068844
...java.security.spec.InvalidKeySpecException: encoded key spec not recognized: n is not positive
java.security.spec.InvalidKeySpecException: encoded key spec not recognized: Zero length BigInteger
java.security.spec.InvalidKeySpecException: encoded key spec not recognized: h is not positive
java.security.spec.InvalidKeySpecException: encoded key spec not recognized: Zero length BigInteger
java.security.spec.InvalidKeySpecException: encoded key spec not recognized: h is not positive
..Encoded ECPrivateKey:3082024b0201003081ec06072a8648ce3d02013081e0020101302c06072a8648ce3d0101022100ffffffff00000001000000000000000000000000ffffffffffffffffffffffff30440420ffffffff00000001000000000000000000000000fffffffffffffffffffffffc04205ac635d8aa3a93e7b3ebbd55769886bc651d06b0cc53b0f63bce3c3e27d2604b0441046b17d1f2e12c4247f8bce6e563a440f277037d812deb33a0f4a13945d898c2964fe342e2fe1a7f9b8ee7eb4a7c0f9e162bce33576b315ececbb6406837bf51f5022100ffffffff00000000ffffffffffffffffbce6faada7179e84f3b9cac2fc63255102010104820155308201510201010420c36e9ec6379ed35fe635443caceffc78afc2880901cd1f493e9864f865c4c582a081e33081e0020101302c06072a8648ce3d0101022100ffffffff00000001000000000000000000000000ffffffffffffffffffffffff30440420ffffffff00000001000000000000000000000000fffffffffffffffffffffffc04205ac635d8aa3a93e7b3ebbd55769886bc651d06b0cc53b0f63bce3c3e27d2604b0441046b17d1f2e12c4247f8bce6e563a440f277037d812deb33a0f4a13945d898c2964fe342e2fe1a7f9b8ee7eb4a7c0f9e162bce33576b315ececbb6406837bf51f5022100ffffffff00000000ffffffffffffffffbce6faada7179e84f3b9cac2fc632551020101a1440342000402a281f2f36599f085f54c356d3488de0d01784b2127d7e9f346697e4a6a4530ff44be2c5bf11a5f97383bdb6ea27168b65616b13ab3cc7c1e0293be32780b41
...testWrongOrder:org.bouncycastle.jcajce.provider.asymmetric.ec.KeyAgreementSpi$1: calculation failed: ECDHC public key has wrong domain parameters
testWrongOrder:org.bouncycastle.jcajce.provider.asymmetric.ec.KeyAgreementSpi$1: calculation failed: ECDHC public key has wrong domain parameters
..testModifiedPublic:public point not on curve throws java.security.spec.InvalidKeySpecException: encoded key spec not recognized: Invalid point coordinates
testModifiedPublic:public point = (0,0) throws java.security.spec.InvalidKeySpecException: encoded key spec not recognized: Invalid point coordinates
testModifiedPublic:order = 1 throws org.bouncycastle.jcajce.provider.asymmetric.ec.KeyAgreementSpi$1: calculation failed: ECDH public key has wrong domain parameters
testModifiedPublic:order = 26959946660873538060741835960514744168612397095220107664918121663170 throws org.bouncycastle.jcajce.provider.asymmetric.ec.KeyAgreementSpi$1: calculation failed: ECDH public key has wrong domain parameters
testModifiedPublic:generator = (0,0) throws java.security.spec.InvalidKeySpecException: encoded key spec not recognized: Invalid point coordinates
testModifiedPublic:generator not on curve throws java.security.spec.InvalidKeySpecException: encoded key spec not recognized: Invalid point coordinates
testModifiedPublic:cofactor = 2 throws org.bouncycastle.jcajce.provider.asymmetric.ec.KeyAgreementSpi$1: calculation failed: ECDH public key has wrong domain parameters
testModifiedPublic:cofactor = None throws org.bouncycastle.jcajce.provider.asymmetric.ec.KeyAgreementSpi$1: calculation failed: null
testModifiedPublic:modified prime throws org.bouncycastle.jcajce.provider.asymmetric.ec.KeyAgreementSpi$1: calculation failed: ECDH public key has wrong domain parameters
testModifiedPublic:using secp224r1 throws org.bouncycastle.jcajce.provider.asymmetric.ec.KeyAgreementSpi$1: calculation failed: ECDH public key has wrong domain parameters
testModifiedPublic:a = 0 throws org.bouncycastle.jcajce.provider.asymmetric.ec.KeyAgreementSpi$1: calculation failed: ECDH public key has wrong domain parameters
testModifiedPublic:new curve with generator of order 3 that is also on secp256r1 throws org.bouncycastle.jcajce.provider.asymmetric.ec.KeyAgreementSpi$1: calculation failed: ECDH public key has wrong domain parameters
testModifiedPublic:order = -115792089210356248762697446949407573529996955224135760342422259061068512044369 throws java.security.spec.InvalidKeySpecException: encoded key spec not recognized: n is not positive
testModifiedPublic:order = 0 throws java.security.spec.InvalidKeySpecException: encoded key spec not recognized: n is not positive
testModifiedPublic:cofactor = -1 throws java.security.spec.InvalidKeySpecException: encoded key spec not recognized: h is not positive
testModifiedPublic:cofactor = 0 throws java.security.spec.InvalidKeySpecException: encoded key spec not recognized: h is not positive
testModifiedPublic:public point not on curve throws java.security.spec.InvalidKeySpecException: encoded key spec not recognized: Invalid point coordinates
testModifiedPublic:public point = (0,0) throws java.security.spec.InvalidKeySpecException: encoded key spec not recognized: Invalid point coordinates
testModifiedPublic:order = 1 throws org.bouncycastle.jcajce.provider.asymmetric.ec.KeyAgreementSpi$1: calculation failed: ECDHC public key has wrong domain parameters
testModifiedPublic:order = 26959946660873538060741835960514744168612397095220107664918121663170 throws org.bouncycastle.jcajce.provider.asymmetric.ec.KeyAgreementSpi$1: calculation failed: ECDHC public key has wrong domain parameters
testModifiedPublic:generator = (0,0) throws java.security.spec.InvalidKeySpecException: encoded key spec not recognized: Invalid point coordinates
testModifiedPublic:generator not on curve throws java.security.spec.InvalidKeySpecException: encoded key spec not recognized: Invalid point coordinates
testModifiedPublic:cofactor = 2 throws org.bouncycastle.jcajce.provider.asymmetric.ec.KeyAgreementSpi$1: calculation failed: ECDHC public key has wrong domain parameters
testModifiedPublic:cofactor = None throws org.bouncycastle.jcajce.provider.asymmetric.ec.KeyAgreementSpi$1: calculation failed: null
testModifiedPublic:modified prime throws org.bouncycastle.jcajce.provider.asymmetric.ec.KeyAgreementSpi$1: calculation failed: ECDHC public key has wrong domain parameters
testModifiedPublic:using secp224r1 throws org.bouncycastle.jcajce.provider.asymmetric.ec.KeyAgreementSpi$1: calculation failed: ECDHC public key has wrong domain parameters
testModifiedPublic:a = 0 throws org.bouncycastle.jcajce.provider.asymmetric.ec.KeyAgreementSpi$1: calculation failed: ECDHC public key has wrong domain parameters
testModifiedPublic:new curve with generator of order 3 that is also on secp256r1 throws org.bouncycastle.jcajce.provider.asymmetric.ec.KeyAgreementSpi$1: calculation failed: ECDHC public key has wrong domain parameters
testModifiedPublic:order = -115792089210356248762697446949407573529996955224135760342422259061068512044369 throws java.security.spec.InvalidKeySpecException: encoded key spec not recognized: n is not positive
testModifiedPublic:order = 0 throws java.security.spec.InvalidKeySpecException: encoded key spec not recognized: n is not positive
testModifiedPublic:cofactor = -1 throws java.security.spec.InvalidKeySpecException: encoded key spec not recognized: h is not positive
testModifiedPublic:cofactor = 0 throws java.security.spec.InvalidKeySpecException: encoded key spec not recognized: h is not positive
.testWrongOrder:org.bouncycastle.jcajce.provider.asymmetric.ec.KeyAgreementSpi$1: calculation failed: ECDH public key has wrong domain parameters
testWrongOrder:org.bouncycastle.jcajce.provider.asymmetric.ec.KeyAgreementSpi$1: calculation failed: ECDH public key has wrong domain parameters
..testModifiedPublic:public point not on curve throws java.security.spec.InvalidKeySpecException: invalid KeySpec: point not on curve
testModifiedPublic:public point = (0,0) throws java.security.spec.InvalidKeySpecException: invalid KeySpec: point not on curve
testModifiedPublic:order = 1 throws org.bouncycastle.jcajce.provider.asymmetric.ec.KeyAgreementSpi$1: calculation failed: ECDH public key has wrong domain parameters
testModifiedPublic:order = 26959946660873538060741835960514744168612397095220107664918121663170 throws org.bouncycastle.jcajce.provider.asymmetric.ec.KeyAgreementSpi$1: calculation failed: ECDH public key has wrong domain parameters
testModifiedPublic:generator = (0,0) throws org.bouncycastle.jcajce.provider.asymmetric.ec.KeyAgreementSpi$1: calculation failed: ECDH public key has wrong domain parameters
testModifiedPublic:generator not on curve throws org.bouncycastle.jcajce.provider.asymmetric.ec.KeyAgreementSpi$1: calculation failed: ECDH public key has wrong domain parameters
testModifiedPublic:cofactor = 2 throws org.bouncycastle.jcajce.provider.asymmetric.ec.KeyAgreementSpi$1: calculation failed: ECDH public key has wrong domain parameters
modified prime throws java.lang.IllegalArgumentException: first coefficient is too large
testModifiedPublic:using secp224r1 throws org.bouncycastle.jcajce.provider.asymmetric.ec.KeyAgreementSpi$1: calculation failed: ECDH public key has wrong domain parameters
testModifiedPublic:a = 0 throws org.bouncycastle.jcajce.provider.asymmetric.ec.KeyAgreementSpi$1: calculation failed: ECDH public key has wrong domain parameters
testModifiedPublic:new curve with generator of order 3 that is also on secp256r1 throws org.bouncycastle.jcajce.provider.asymmetric.ec.KeyAgreementSpi$1: calculation failed: ECDH public key has wrong domain parameters
order = -115792089210356248762697446949407573529996955224135760342422259061068512044369 throws java.lang.IllegalArgumentException: n is not positive
order = 0 throws java.lang.IllegalArgumentException: n is not positive
cofactor = -1 throws java.lang.IllegalArgumentException: h is not positive
cofactor = 0 throws java.lang.IllegalArgumentException: h is not positive
testModifiedPublic:public point not on curve throws java.security.spec.InvalidKeySpecException: invalid KeySpec: point not on curve
testModifiedPublic:public point = (0,0) throws java.security.spec.InvalidKeySpecException: invalid KeySpec: point not on curve
testModifiedPublic:order = 1 throws org.bouncycastle.jcajce.provider.asymmetric.ec.KeyAgreementSpi$1: calculation failed: ECDHC public key has wrong domain parameters
testModifiedPublic:order = 26959946660873538060741835960514744168612397095220107664918121663170 throws org.bouncycastle.jcajce.provider.asymmetric.ec.KeyAgreementSpi$1: calculation failed: ECDHC public key has wrong domain parameters
testModifiedPublic:generator = (0,0) throws org.bouncycastle.jcajce.provider.asymmetric.ec.KeyAgreementSpi$1: calculation failed: ECDHC public key has wrong domain parameters
testModifiedPublic:generator not on curve throws org.bouncycastle.jcajce.provider.asymmetric.ec.KeyAgreementSpi$1: calculation failed: ECDHC public key has wrong domain parameters
testModifiedPublic:cofactor = 2 throws org.bouncycastle.jcajce.provider.asymmetric.ec.KeyAgreementSpi$1: calculation failed: ECDHC public key has wrong domain parameters
modified prime throws java.lang.IllegalArgumentException: first coefficient is too large
testModifiedPublic:using secp224r1 throws org.bouncycastle.jcajce.provider.asymmetric.ec.KeyAgreementSpi$1: calculation failed: ECDHC public key has wrong domain parameters
testModifiedPublic:a = 0 throws org.bouncycastle.jcajce.provider.asymmetric.ec.KeyAgreementSpi$1: calculation failed: ECDHC public key has wrong domain parameters
testModifiedPublic:new curve with generator of order 3 that is also on secp256r1 throws org.bouncycastle.jcajce.provider.asymmetric.ec.KeyAgreementSpi$1: calculation failed: ECDHC public key has wrong domain parameters
order = -115792089210356248762697446949407573529996955224135760342422259061068512044369 throws java.lang.IllegalArgumentException: n is not positive
order = 0 throws java.lang.IllegalArgumentException: n is not positive
cofactor = -1 throws java.lang.IllegalArgumentException: h is not positive
cofactor = 0 throws java.lang.IllegalArgumentException: h is not positive
...E..Message:Hello
Hash:185f8db32271fe25f561a6fc938b2e264306ec304eda518007d1764826381969
Curve:secp256r1
Order:115792089210356248762697446949407573529996955224135760342422259061068512044369
Private key:
S:47579604518636340537618298356974237936010037375566939938270279649592463585602
encoded:308193020100301306072a8648ce3d020106082a8648ce3d03010704793077020101042069311a11472ba005f98d1947fe8299339190f630cfbf0310547a17cb1917f142a00a06082a8648ce3d030107a1440342000452523420129c9d7665c076fc129939d01a7ada2b9e5350ebf9344ddf86266f2d591fd0fd0b70cbf53e3dda15c96f20bf9e6305bde81b2b00ac7d0ace80f184c4
Public key:
X:37234894798628046780011288658589463554412268593514711508704591471367567077165
Y:40312058168230314789620779338157425051763084441057313813211598925139692061892
encoded:3059301306072a8648ce3d020106082a8648ce3d0301070342000452523420129c9d7665c076fc129939d01a7ada2b9e5350ebf9344ddf86266f2d591fd0fd0b70cbf53e3dda15c96f20bf9e6305bde81b2b00ac7d0ace80f184c4
Signature:30450221009a0369e5eaa106bfbb1350c40262ee1faea7bbc307805c25189eca1ee26e905a0220528aa15ac1b65598bd06086c9a083f6ceaed5fe24faf4a598934cc3b669f397d
r:69662210104920877403191198147957272829735564659974645552696415445089856163930
s:37334592106724574506300156760271351494101392376363749855232528592715372247421
.BC curve:secp256r1 countLsb:506 countMsb:507
BC curve:secp224r1 countLsb:510 countMsb:498
BC curve:secp384r1 countLsb:507 countMsb:508
BC curve:secp521r1 countLsb:548 countMsb:510
BC curve:brainpoolP256r1 countLsb:499 countMsb:524
..testTiming algorithm:SHA256WithECDSA
count:50000 cutoff:1371837 relative average:1.0014435768887362 sigmas:0.5590949249044953
count:25001 cutoff:162330 relative average:0.9962461251952508 sigmas:1.0280615149192152
count:12507 cutoff:160748 relative average:0.9862663940650013 sigmas:2.660245909636983
count:6259 cutoff:160062 relative average:0.9821484681190479 sigmas:2.446181024772211
count:3128 cutoff:159588 relative average:0.9862073523631051 sigmas:1.3361082355081653
count:1568 cutoff:159208 relative average:0.9777033267278311 sigmas:1.5292332293942312
count:782 cutoff:158875 relative average:0.9764194782954857 sigmas:1.1421349285652223
count:391 cutoff:158578 relative average:0.97494813038864 sigmas:0.8580036763393446
count:197 cutoff:158338 relative average:0.9788108329970825 sigmas:0.5151190656363039
count:99 cutoff:158083 relative average:0.9858912287284323 sigmas:0.24314616130559097
count:49 cutoff:157857 relative average:1.010785897008216 sigmas:0.13077205136404602
count:25 cutoff:157638 relative average:1.0038893967083369 sigmas:0.033683163548153754
count:13 cutoff:157453 relative average:1.038294444855056 sigmas:0.23914873146960175
..E.E.E.E..E.No implementation for:ECIESwithDESede
..E.No implementation for:ECIESWithAES
.E..E...........testDefaultSize: keysize=2048
....Message:Hello
Hash:185f8db32271fe25f561a6fc938b2e264306ec304eda518007d1764826381969
Public key:
Modulus:21508164727075686825423098702336920048672798594425904274096273024076738041534378573776732320465250363124743103573752805835277448823784489322448705649322163310838910483704033817839034635778566200415031192984928261441629891567900066979546584627996176821712001656969123502418594828321242053654763748111240016746106747506674263213473644516033346683028441384107826023838086992804778865105166900102391266430938605449943890030406044679898794932320286776264819910534360645862620808449599544166084820926307710627039260535488941996230728334462247069886596650133138622343876549445503251191414695899085654213893751041896204634241
E:65537
encoded:30820122300d06092a864886f70d01010105000382010f003082010a0282010100aa60a2c2f79cb5cade4022666b19cb5b2068d3cc659df1e42e8025774ce84bd734188fd3375560948236d5eaab7f529d6f0dc841d8e3cec027916c875963e8afb8721f6bb8940a64af3fa2fa1ac46254f0a07388636d220594576e6ffaf915c45739aaa96264a93c07af2b48e2b6443f1a7cdb73e59d0e5e77d820e7ff3c1ea1ae87add83fdb7160d4bc37fd12ccc50973471a3dd096cb003e16bd9d47dc1f265118674ca3751d5fa02582b71399747f9e48a1e55383295377cdf3ad24fbd59172a2eb5dc103ff21a2a330daac0ef2ec7bfdf743c917b27e9c17bda19961879b6a054121171f9a5c1815c7f2648c06fd0dbaea6337c6279e2045956053aa88810203010001
Private key:
D:1504475397868329605100108949542823530725060301150448627012616378696366729738986755219738241605395791341602508087919439402938350012518639015768733370049058198539958731478709996329227680990400721794598574033617000816543202014436820148175632552312304096845037819795851265940803566561357002677370809043425119348871447029412670739310543353951175786445081880786994222479847926641259053594887644510884490226680996817726271487020075267992600036176634625866573353714686437230554569906426865356640810161781538253367045437601823227661702387431862578706769974328653947704710382968763737416457060507214779309469543482563185728941
encoded:308204be020100300d06092a864886f70d0101010500048204a8308204a40201000282010100aa60a2c2f79cb5cade4022666b19cb5b2068d3cc659df1e42e8025774ce84bd734188fd3375560948236d5eaab7f529d6f0dc841d8e3cec027916c875963e8afb8721f6bb8940a64af3fa2fa1ac46254f0a07388636d220594576e6ffaf915c45739aaa96264a93c07af2b48e2b6443f1a7cdb73e59d0e5e77d820e7ff3c1ea1ae87add83fdb7160d4bc37fd12ccc50973471a3dd096cb003e16bd9d47dc1f265118674ca3751d5fa02582b71399747f9e48a1e55383295377cdf3ad24fbd59172a2eb5dc103ff21a2a330daac0ef2ec7bfdf743c917b27e9c17bda19961879b6a054121171f9a5c1815c7f2648c06fd0dbaea6337c6279e2045956053aa88810203010001028201000beaf10faac2e13b84d2df2523623d458d4d8fdd2911848955d05c6e8d28659fb2d2f20290090e95accb19a90de07cdeaad53fb80d6c17fafc79916a21505a072aa37efba9c05f3ebe3c7911be1c1515c47430c8ae4dc4b6b7b2eaf475cd851e840c7259e15a51b53383670774e6537d4784cad3ff507e6010c98339bf328d20dc44ea5c39d4ff8c51ca2ed7d9fdfaa15d98ff1829ef680421901c2c220cea47afb1e488e547e24e69c7c32ae31bde93f4fd97a250bad8cdb636ba89cd9d4600fae26ffb18f1271c72c63f0544b8dc8ad501aa9b9e9f3c707d706b4d368087eaed256aec4b50047493c0d32c21fc62c348741c93819fd28416c16451fca1ddad02818100e7a035bbaca4967e91a474440171757094ce3c7efaa14e49015aadb5d3dd4e617c4d306b56637812845e9bef70f07f3977b7e5753a3d0e2f6c165ae7f79b3d12e70f90fee4ebd0ffc0a02462110e3db8942061a6386a1a7f238c568aa5c68fdd38f200742015d398ea791f8217f65728157c9a793b791a9137db9e5066c772d502818100bc4e737b915f75b84350e9ae37287c92ddfa2cbdace56bc3e5335bbd63fe59ad5d4c6c51eef89f7da8d3d899e982caed3035a6092fde0dd1a249c7d82b606beaca3563dcaa4bcdefbded1d1c9374e7331f0662b65532f1bd54c82cbd6aedd470378182f32cc52143e9d667779ea8d3c58b7af86a30d4cc63850e4087ebe3dcfd02818100c82bb7641a5e1ec5011eab6fbe038c679fe1df7c2922cfe1ddaebce29f56e90eec7a54b6de7095eb02c43464a828defa0e1139d6a65eef6c622fab9e3e68c54e19ab65363325ec77a9c37bcdd84983638977b68c0cc2fd6514968a8fc59624ec1cf35f1afc43809aed3f81d04edf10114f0861031637a193103fd6c04b226085028181009637db4653151cfaeeb0888a533438148d823ad8e1296fcba9774c130cc6e65137a174b3f3f8607b450822bdbd9b7a38b701c53f84f116830a7ce330de819ff58074110302d350289591a76c997163d2d3482bcd1ab0764a3c6d27cbbf9694a724906b9f84328a33fc41eeee6d226f3622ebe96a05246d1c6313988515b8041d02818033256d15c06d8e71c66bad862b6c3cde29c06bfa6f282d76f64b75cae25f5b87fb87571c0153141591154cae7d00efbab6d216939ec411a0c58bde3884dd2af7d03412cc5369efba7dff82b7b99a0a46206ee43c65a5930eeeeb5ed9f582b299e17a7c1f8201e517961e8971290eb8772cc6a47622bc793c15bf92c85669fce4
Signature:8b08ed22bd52ce655bb80e59d253973ce43495c9ad327b31911791948faaca9eff76ef8a20a2561faaa8ca4a702e3a39210d5c65c9d263706913029fc9dab4da76d0e1c05d288c8dbe657073c5449dc700bf1ca5c781ef02d265acceb3eac3f92a0f94655d18172610bba9768cd22afe842ac226ed0c15341ba1d0597ee8e539a27544b549f8a92ef1243515db7cad4c34731fa8926a338241e2c0a299d6410097732630f0c72d8e56d3bf762f09a751d2bf16c77434dfe8c674a4a88bf42173a6aa4ddaf09e38d05e5916717f53986a83981d053441a24199ea47b114c87d88bc71ed5792a28b20e235986ac860c3296cf32f25a79d4957eae267a9c2a1f3a4
..Verfied legacy signature:253e1d19bbe91064f2364c1e7db3ba8eb6dc5b19202e440eab6fbdf28c8c6ec05b812983713c338c72b6e99b8edf506a89ff9fc8e5c2c52362097a56dc228060eca01e1ff318c6c81617691438703411c1f953b21cd74331f87c9b8b189fdffdfe8550bd2bd1d47be915f8604a0f472199dd705e19b1b815f99b68d60bc257c7

Time: 2,200.089
There were 19 failures:
1) testEax(com.google.security.wycheproof.AesEaxTest)
java.security.InvalidKeyException: Illegal key size
	at javax.crypto.Cipher.checkCryptoPerm(Cipher.java:1039)
	at javax.crypto.Cipher.implInit(Cipher.java:805)
	at javax.crypto.Cipher.chooseProvider(Cipher.java:864)
	at javax.crypto.Cipher.init(Cipher.java:1396)
	at javax.crypto.Cipher.init(Cipher.java:1327)
	at com.google.security.wycheproof.AesEaxTest.testEax(AesEaxTest.java:264)
	at sun.reflect.NativeMethodAccessorImpl.invoke0(Native Method)
	at sun.reflect.NativeMethodAccessorImpl.invoke(NativeMethodAccessorImpl.java:62)
	at sun.reflect.DelegatingMethodAccessorImpl.invoke(DelegatingMethodAccessorImpl.java:43)
	at java.lang.reflect.Method.invoke(Method.java:498)
	at org.junit.runners.model.FrameworkMethod$1.runReflectiveCall(FrameworkMethod.java:47)
	at org.junit.internal.runners.model.ReflectiveCallable.run(ReflectiveCallable.java:12)
	at org.junit.runners.model.FrameworkMethod.invokeExplosively(FrameworkMethod.java:44)
	at org.junit.internal.runners.statements.InvokeMethod.evaluate(InvokeMethod.java:17)
	at org.junit.runners.ParentRunner.runLeaf(ParentRunner.java:271)
	at org.junit.runners.BlockJUnit4ClassRunner.runChild(BlockJUnit4ClassRunner.java:70)
	at org.junit.runners.BlockJUnit4ClassRunner.runChild(BlockJUnit4ClassRunner.java:50)
	at org.junit.runners.ParentRunner$3.run(ParentRunner.java:238)
	at org.junit.runners.ParentRunner$1.schedule(ParentRunner.java:63)
	at org.junit.runners.ParentRunner.runChildren(ParentRunner.java:236)
	at org.junit.runners.ParentRunner.access$000(ParentRunner.java:53)
	at org.junit.runners.ParentRunner$2.evaluate(ParentRunner.java:229)
	at org.junit.runners.ParentRunner.run(ParentRunner.java:309)
	at org.junit.runners.Suite.runChild(Suite.java:127)
	at org.junit.runners.Suite.runChild(Suite.java:26)
	at org.junit.runners.ParentRunner$3.run(ParentRunner.java:238)
	at org.junit.runners.ParentRunner$1.schedule(ParentRunner.java:63)
	at org.junit.runners.ParentRunner.runChildren(ParentRunner.java:236)
	at org.junit.runners.ParentRunner.access$000(ParentRunner.java:53)
	at org.junit.runners.ParentRunner$2.evaluate(ParentRunner.java:229)
	at org.junit.internal.runners.statements.RunBefores.evaluate(RunBefores.java:26)
	at org.junit.runners.ParentRunner.run(ParentRunner.java:309)
	at com.google.testing.junit.runner.internal.junit4.CancellableRequestFactory$CancellableRunner.run(CancellableRequestFactory.java:89)
	at org.junit.runner.JUnitCore.run(JUnitCore.java:160)
	at org.junit.runner.JUnitCore.run(JUnitCore.java:138)
	at com.google.testing.junit.runner.junit4.JUnit4Runner.run(JUnit4Runner.java:112)
	at com.google.testing.junit.runner.BazelTestRunner.runTestsInSuite(BazelTestRunner.java:144)
	at com.google.testing.junit.runner.BazelTestRunner.main(BazelTestRunner.java:82)
2) testLateUpdateAAD(com.google.security.wycheproof.AesEaxTest)
java.security.InvalidKeyException: Illegal key size
	at javax.crypto.Cipher.checkCryptoPerm(Cipher.java:1039)
	at javax.crypto.Cipher.implInit(Cipher.java:805)
	at javax.crypto.Cipher.chooseProvider(Cipher.java:864)
	at javax.crypto.Cipher.init(Cipher.java:1396)
	at javax.crypto.Cipher.init(Cipher.java:1327)
	at com.google.security.wycheproof.AesEaxTest.testLateUpdateAAD(AesEaxTest.java:275)
	at sun.reflect.NativeMethodAccessorImpl.invoke0(Native Method)
	at sun.reflect.NativeMethodAccessorImpl.invoke(NativeMethodAccessorImpl.java:62)
	at sun.reflect.DelegatingMethodAccessorImpl.invoke(DelegatingMethodAccessorImpl.java:43)
	at java.lang.reflect.Method.invoke(Method.java:498)
	at org.junit.runners.model.FrameworkMethod$1.runReflectiveCall(FrameworkMethod.java:47)
	at org.junit.internal.runners.model.ReflectiveCallable.run(ReflectiveCallable.java:12)
	at org.junit.runners.model.FrameworkMethod.invokeExplosively(FrameworkMethod.java:44)
	at org.junit.internal.runners.statements.InvokeMethod.evaluate(InvokeMethod.java:17)
	at org.junit.runners.ParentRunner.runLeaf(ParentRunner.java:271)
	at org.junit.runners.BlockJUnit4ClassRunner.runChild(BlockJUnit4ClassRunner.java:70)
	at org.junit.runners.BlockJUnit4ClassRunner.runChild(BlockJUnit4ClassRunner.java:50)
	at org.junit.runners.ParentRunner$3.run(ParentRunner.java:238)
	at org.junit.runners.ParentRunner$1.schedule(ParentRunner.java:63)
	at org.junit.runners.ParentRunner.runChildren(ParentRunner.java:236)
	at org.junit.runners.ParentRunner.access$000(ParentRunner.java:53)
	at org.junit.runners.ParentRunner$2.evaluate(ParentRunner.java:229)
	at org.junit.runners.ParentRunner.run(ParentRunner.java:309)
	at org.junit.runners.Suite.runChild(Suite.java:127)
	at org.junit.runners.Suite.runChild(Suite.java:26)
	at org.junit.runners.ParentRunner$3.run(ParentRunner.java:238)
	at org.junit.runners.ParentRunner$1.schedule(ParentRunner.java:63)
	at org.junit.runners.ParentRunner.runChildren(ParentRunner.java:236)
	at org.junit.runners.ParentRunner.access$000(ParentRunner.java:53)
	at org.junit.runners.ParentRunner$2.evaluate(ParentRunner.java:229)
	at org.junit.internal.runners.statements.RunBefores.evaluate(RunBefores.java:26)
	at org.junit.runners.ParentRunner.run(ParentRunner.java:309)
	at com.google.testing.junit.runner.internal.junit4.CancellableRequestFactory$CancellableRunner.run(CancellableRequestFactory.java:89)
	at org.junit.runner.JUnitCore.run(JUnitCore.java:160)
	at org.junit.runner.JUnitCore.run(JUnitCore.java:138)
	at com.google.testing.junit.runner.junit4.JUnit4Runner.run(JUnit4Runner.java:112)
	at com.google.testing.junit.runner.BazelTestRunner.runTestsInSuite(BazelTestRunner.java:144)
	at com.google.testing.junit.runner.BazelTestRunner.main(BazelTestRunner.java:82)
3) testLargeArrayAlias(com.google.security.wycheproof.AesGcmTest)
java.lang.AssertionError: testLargeByteBufferAlias failed with outputOffset=1
	at com.google.security.wycheproof.AesGcmTest.testLargeArrayAlias(AesGcmTest.java:470)
	at sun.reflect.NativeMethodAccessorImpl.invoke0(Native Method)
	at sun.reflect.NativeMethodAccessorImpl.invoke(NativeMethodAccessorImpl.java:62)
	at sun.reflect.DelegatingMethodAccessorImpl.invoke(DelegatingMethodAccessorImpl.java:43)
	at java.lang.reflect.Method.invoke(Method.java:498)
	at org.junit.runners.model.FrameworkMethod$1.runReflectiveCall(FrameworkMethod.java:47)
	at org.junit.internal.runners.model.ReflectiveCallable.run(ReflectiveCallable.java:12)
	at org.junit.runners.model.FrameworkMethod.invokeExplosively(FrameworkMethod.java:44)
	at org.junit.internal.runners.statements.InvokeMethod.evaluate(InvokeMethod.java:17)
	at org.junit.runners.ParentRunner.runLeaf(ParentRunner.java:271)
	at org.junit.runners.BlockJUnit4ClassRunner.runChild(BlockJUnit4ClassRunner.java:70)
	at org.junit.runners.BlockJUnit4ClassRunner.runChild(BlockJUnit4ClassRunner.java:50)
	at org.junit.runners.ParentRunner$3.run(ParentRunner.java:238)
	at org.junit.runners.ParentRunner$1.schedule(ParentRunner.java:63)
	at org.junit.runners.ParentRunner.runChildren(ParentRunner.java:236)
	at org.junit.runners.ParentRunner.access$000(ParentRunner.java:53)
	at org.junit.runners.ParentRunner$2.evaluate(ParentRunner.java:229)
	at org.junit.runners.ParentRunner.run(ParentRunner.java:309)
	at org.junit.runners.Suite.runChild(Suite.java:127)
	at org.junit.runners.Suite.runChild(Suite.java:26)
	at org.junit.runners.ParentRunner$3.run(ParentRunner.java:238)
	at org.junit.runners.ParentRunner$1.schedule(ParentRunner.java:63)
	at org.junit.runners.ParentRunner.runChildren(ParentRunner.java:236)
	at org.junit.runners.ParentRunner.access$000(ParentRunner.java:53)
	at org.junit.runners.ParentRunner$2.evaluate(ParentRunner.java:229)
	at org.junit.internal.runners.statements.RunBefores.evaluate(RunBefores.java:26)
	at org.junit.runners.ParentRunner.run(ParentRunner.java:309)
	at com.google.testing.junit.runner.internal.junit4.CancellableRequestFactory$CancellableRunner.run(CancellableRequestFactory.java:89)
	at org.junit.runner.JUnitCore.run(JUnitCore.java:160)
	at org.junit.runner.JUnitCore.run(JUnitCore.java:138)
	at com.google.testing.junit.runner.junit4.JUnit4Runner.run(JUnit4Runner.java:112)
	at com.google.testing.junit.runner.BazelTestRunner.runTestsInSuite(BazelTestRunner.java:144)
	at com.google.testing.junit.runner.BazelTestRunner.main(BazelTestRunner.java:82)
Caused by: arrays first differed at element [16]; expected:<0> but was:<120>
	at org.junit.internal.ComparisonCriteria.arrayEquals(ComparisonCriteria.java:50)
	at org.junit.Assert.internalArrayEquals(Assert.java:473)
	at org.junit.Assert.assertArrayEquals(Assert.java:294)
	at org.junit.Assert.assertArrayEquals(Assert.java:305)
	at com.google.security.wycheproof.AesGcmTest.testLargeArrayAlias(AesGcmTest.java:465)
	... 32 more
4) testByteBufferShiftedAlias(com.google.security.wycheproof.AesGcmTest)
java.lang.AssertionError: Overlapping buffers test failed with buffer type: array backed buffers and output offset 1
	at com.google.security.wycheproof.AesGcmTest.testByteBufferShiftedAlias(AesGcmTest.java:583)
	at sun.reflect.NativeMethodAccessorImpl.invoke0(Native Method)
	at sun.reflect.NativeMethodAccessorImpl.invoke(NativeMethodAccessorImpl.java:62)
	at sun.reflect.DelegatingMethodAccessorImpl.invoke(DelegatingMethodAccessorImpl.java:43)
	at java.lang.reflect.Method.invoke(Method.java:498)
	at org.junit.runners.model.FrameworkMethod$1.runReflectiveCall(FrameworkMethod.java:47)
	at org.junit.internal.runners.model.ReflectiveCallable.run(ReflectiveCallable.java:12)
	at org.junit.runners.model.FrameworkMethod.invokeExplosively(FrameworkMethod.java:44)
	at org.junit.internal.runners.statements.InvokeMethod.evaluate(InvokeMethod.java:17)
	at org.junit.runners.ParentRunner.runLeaf(ParentRunner.java:271)
	at org.junit.runners.BlockJUnit4ClassRunner.runChild(BlockJUnit4ClassRunner.java:70)
	at org.junit.runners.BlockJUnit4ClassRunner.runChild(BlockJUnit4ClassRunner.java:50)
	at org.junit.runners.ParentRunner$3.run(ParentRunner.java:238)
	at org.junit.runners.ParentRunner$1.schedule(ParentRunner.java:63)
	at org.junit.runners.ParentRunner.runChildren(ParentRunner.java:236)
	at org.junit.runners.ParentRunner.access$000(ParentRunner.java:53)
	at org.junit.runners.ParentRunner$2.evaluate(ParentRunner.java:229)
	at org.junit.runners.ParentRunner.run(ParentRunner.java:309)
	at org.junit.runners.Suite.runChild(Suite.java:127)
	at org.junit.runners.Suite.runChild(Suite.java:26)
	at org.junit.runners.ParentRunner$3.run(ParentRunner.java:238)
	at org.junit.runners.ParentRunner$1.schedule(ParentRunner.java:63)
	at org.junit.runners.ParentRunner.runChildren(ParentRunner.java:236)
	at org.junit.runners.ParentRunner.access$000(ParentRunner.java:53)
	at org.junit.runners.ParentRunner$2.evaluate(ParentRunner.java:229)
	at org.junit.internal.runners.statements.RunBefores.evaluate(RunBefores.java:26)
	at org.junit.runners.ParentRunner.run(ParentRunner.java:309)
	at com.google.testing.junit.runner.internal.junit4.CancellableRequestFactory$CancellableRunner.run(CancellableRequestFactory.java:89)
	at org.junit.runner.JUnitCore.run(JUnitCore.java:160)
	at org.junit.runner.JUnitCore.run(JUnitCore.java:138)
	at com.google.testing.junit.runner.junit4.JUnit4Runner.run(JUnit4Runner.java:112)
	at com.google.testing.junit.runner.BazelTestRunner.runTestsInSuite(BazelTestRunner.java:144)
	at com.google.testing.junit.runner.BazelTestRunner.main(BazelTestRunner.java:82)
Caused by: java.lang.AssertionError: expected:<java.nio.HeapByteBuffer[pos=0 lim=8192 cap=8192]> but was:<java.nio.HeapByteBuffer[pos=0 lim=8192 cap=8208]>
	at org.junit.Assert.fail(Assert.java:88)
	at org.junit.Assert.failNotEquals(Assert.java:743)
	at org.junit.Assert.assertEquals(Assert.java:118)
	at org.junit.Assert.assertEquals(Assert.java:144)
	at com.google.security.wycheproof.AesGcmTest.testByteBufferShiftedAlias(AesGcmTest.java:581)
	... 32 more
5) testCorruptAesGcm(com.google.security.wycheproof.CipherInputStreamTest)
java.lang.AssertionError: this should fail; decrypted:0d6159c6a9d509e71df173d39f8a8892 pt: 0d6159c6a9d509e71df173d39f8a8892
	at org.junit.Assert.fail(Assert.java:88)
	at com.google.security.wycheproof.CipherInputStreamTest.testCorruptDecrypt(CipherInputStreamTest.java:190)
	at com.google.security.wycheproof.CipherInputStreamTest.testCorruptAesGcm(CipherInputStreamTest.java:252)
	at sun.reflect.NativeMethodAccessorImpl.invoke0(Native Method)
	at sun.reflect.NativeMethodAccessorImpl.invoke(NativeMethodAccessorImpl.java:62)
	at sun.reflect.DelegatingMethodAccessorImpl.invoke(DelegatingMethodAccessorImpl.java:43)
	at java.lang.reflect.Method.invoke(Method.java:498)
	at org.junit.runners.model.FrameworkMethod$1.runReflectiveCall(FrameworkMethod.java:47)
	at org.junit.internal.runners.model.ReflectiveCallable.run(ReflectiveCallable.java:12)
	at org.junit.runners.model.FrameworkMethod.invokeExplosively(FrameworkMethod.java:44)
	at org.junit.internal.runners.statements.InvokeMethod.evaluate(InvokeMethod.java:17)
	at org.junit.runners.ParentRunner.runLeaf(ParentRunner.java:271)
	at org.junit.runners.BlockJUnit4ClassRunner.runChild(BlockJUnit4ClassRunner.java:70)
	at org.junit.runners.BlockJUnit4ClassRunner.runChild(BlockJUnit4ClassRunner.java:50)
	at org.junit.runners.ParentRunner$3.run(ParentRunner.java:238)
	at org.junit.runners.ParentRunner$1.schedule(ParentRunner.java:63)
	at org.junit.runners.ParentRunner.runChildren(ParentRunner.java:236)
	at org.junit.runners.ParentRunner.access$000(ParentRunner.java:53)
	at org.junit.runners.ParentRunner$2.evaluate(ParentRunner.java:229)
	at org.junit.runners.ParentRunner.run(ParentRunner.java:309)
	at org.junit.runners.Suite.runChild(Suite.java:127)
	at org.junit.runners.Suite.runChild(Suite.java:26)
	at org.junit.runners.ParentRunner$3.run(ParentRunner.java:238)
	at org.junit.runners.ParentRunner$1.schedule(ParentRunner.java:63)
	at org.junit.runners.ParentRunner.runChildren(ParentRunner.java:236)
	at org.junit.runners.ParentRunner.access$000(ParentRunner.java:53)
	at org.junit.runners.ParentRunner$2.evaluate(ParentRunner.java:229)
	at org.junit.internal.runners.statements.RunBefores.evaluate(RunBefores.java:26)
	at org.junit.runners.ParentRunner.run(ParentRunner.java:309)
	at com.google.testing.junit.runner.internal.junit4.CancellableRequestFactory$CancellableRunner.run(CancellableRequestFactory.java:89)
	at org.junit.runner.JUnitCore.run(JUnitCore.java:160)
	at org.junit.runner.JUnitCore.run(JUnitCore.java:138)
	at com.google.testing.junit.runner.junit4.JUnit4Runner.run(JUnit4Runner.java:112)
	at com.google.testing.junit.runner.BazelTestRunner.runTestsInSuite(BazelTestRunner.java:144)
	at com.google.testing.junit.runner.BazelTestRunner.main(BazelTestRunner.java:82)
6) testAesEax(com.google.security.wycheproof.CipherInputStreamTest)
java.lang.AssertionError: this should fail; decrypted:5b8dd86d517f6b3368b57a5da9f7f5c9 pt: 5b8dd86d517f6b3368b57a5da9f7f5c9
	at org.junit.Assert.fail(Assert.java:88)
	at com.google.security.wycheproof.CipherInputStreamTest.testCorruptDecrypt(CipherInputStreamTest.java:190)
	at com.google.security.wycheproof.CipherInputStreamTest.testAesEax(CipherInputStreamTest.java:291)
	at sun.reflect.NativeMethodAccessorImpl.invoke0(Native Method)
	at sun.reflect.NativeMethodAccessorImpl.invoke(NativeMethodAccessorImpl.java:62)
	at sun.reflect.DelegatingMethodAccessorImpl.invoke(DelegatingMethodAccessorImpl.java:43)
	at java.lang.reflect.Method.invoke(Method.java:498)
	at org.junit.runners.model.FrameworkMethod$1.runReflectiveCall(FrameworkMethod.java:47)
	at org.junit.internal.runners.model.ReflectiveCallable.run(ReflectiveCallable.java:12)
	at org.junit.runners.model.FrameworkMethod.invokeExplosively(FrameworkMethod.java:44)
	at org.junit.internal.runners.statements.InvokeMethod.evaluate(InvokeMethod.java:17)
	at org.junit.runners.ParentRunner.runLeaf(ParentRunner.java:271)
	at org.junit.runners.BlockJUnit4ClassRunner.runChild(BlockJUnit4ClassRunner.java:70)
	at org.junit.runners.BlockJUnit4ClassRunner.runChild(BlockJUnit4ClassRunner.java:50)
	at org.junit.runners.ParentRunner$3.run(ParentRunner.java:238)
	at org.junit.runners.ParentRunner$1.schedule(ParentRunner.java:63)
	at org.junit.runners.ParentRunner.runChildren(ParentRunner.java:236)
	at org.junit.runners.ParentRunner.access$000(ParentRunner.java:53)
	at org.junit.runners.ParentRunner$2.evaluate(ParentRunner.java:229)
	at org.junit.runners.ParentRunner.run(ParentRunner.java:309)
	at org.junit.runners.Suite.runChild(Suite.java:127)
	at org.junit.runners.Suite.runChild(Suite.java:26)
	at org.junit.runners.ParentRunner$3.run(ParentRunner.java:238)
	at org.junit.runners.ParentRunner$1.schedule(ParentRunner.java:63)
	at org.junit.runners.ParentRunner.runChildren(ParentRunner.java:236)
	at org.junit.runners.ParentRunner.access$000(ParentRunner.java:53)
	at org.junit.runners.ParentRunner$2.evaluate(ParentRunner.java:229)
	at org.junit.internal.runners.statements.RunBefores.evaluate(RunBefores.java:26)
	at org.junit.runners.ParentRunner.run(ParentRunner.java:309)
	at com.google.testing.junit.runner.internal.junit4.CancellableRequestFactory$CancellableRunner.run(CancellableRequestFactory.java:89)
	at org.junit.runner.JUnitCore.run(JUnitCore.java:160)
	at org.junit.runner.JUnitCore.run(JUnitCore.java:138)
	at com.google.testing.junit.runner.junit4.JUnit4Runner.run(JUnit4Runner.java:112)
	at com.google.testing.junit.runner.BazelTestRunner.runTestsInSuite(BazelTestRunner.java:144)
	at com.google.testing.junit.runner.BazelTestRunner.main(BazelTestRunner.java:82)
7) testEmptyPlaintext(com.google.security.wycheproof.CipherOutputStreamTest)
java.lang.AssertionError: this should fail; decrypted: pt: 
	at org.junit.Assert.fail(Assert.java:88)
	at com.google.security.wycheproof.CipherOutputStreamTest.testCorruptDecryptEmpty(CipherOutputStreamTest.java:186)
	at com.google.security.wycheproof.CipherOutputStreamTest.testEmptyPlaintext(CipherOutputStreamTest.java:227)
	at sun.reflect.NativeMethodAccessorImpl.invoke0(Native Method)
	at sun.reflect.NativeMethodAccessorImpl.invoke(NativeMethodAccessorImpl.java:62)
	at sun.reflect.DelegatingMethodAccessorImpl.invoke(DelegatingMethodAccessorImpl.java:43)
	at java.lang.reflect.Method.invoke(Method.java:498)
	at org.junit.runners.model.FrameworkMethod$1.runReflectiveCall(FrameworkMethod.java:47)
	at org.junit.internal.runners.model.ReflectiveCallable.run(ReflectiveCallable.java:12)
	at org.junit.runners.model.FrameworkMethod.invokeExplosively(FrameworkMethod.java:44)
	at org.junit.internal.runners.statements.InvokeMethod.evaluate(InvokeMethod.java:17)
	at org.junit.runners.ParentRunner.runLeaf(ParentRunner.java:271)
	at org.junit.runners.BlockJUnit4ClassRunner.runChild(BlockJUnit4ClassRunner.java:70)
	at org.junit.runners.BlockJUnit4ClassRunner.runChild(BlockJUnit4ClassRunner.java:50)
	at org.junit.runners.ParentRunner$3.run(ParentRunner.java:238)
	at org.junit.runners.ParentRunner$1.schedule(ParentRunner.java:63)
	at org.junit.runners.ParentRunner.runChildren(ParentRunner.java:236)
	at org.junit.runners.ParentRunner.access$000(ParentRunner.java:53)
	at org.junit.runners.ParentRunner$2.evaluate(ParentRunner.java:229)
	at org.junit.runners.ParentRunner.run(ParentRunner.java:309)
	at org.junit.runners.Suite.runChild(Suite.java:127)
	at org.junit.runners.Suite.runChild(Suite.java:26)
	at org.junit.runners.ParentRunner$3.run(ParentRunner.java:238)
	at org.junit.runners.ParentRunner$1.schedule(ParentRunner.java:63)
	at org.junit.runners.ParentRunner.runChildren(ParentRunner.java:236)
	at org.junit.runners.ParentRunner.access$000(ParentRunner.java:53)
	at org.junit.runners.ParentRunner$2.evaluate(ParentRunner.java:229)
	at org.junit.internal.runners.statements.RunBefores.evaluate(RunBefores.java:26)
	at org.junit.runners.ParentRunner.run(ParentRunner.java:309)
	at com.google.testing.junit.runner.internal.junit4.CancellableRequestFactory$CancellableRunner.run(CancellableRequestFactory.java:89)
	at org.junit.runner.JUnitCore.run(JUnitCore.java:160)
	at org.junit.runner.JUnitCore.run(JUnitCore.java:138)
	at com.google.testing.junit.runner.junit4.JUnit4Runner.run(JUnit4Runner.java:112)
	at com.google.testing.junit.runner.BazelTestRunner.runTestsInSuite(BazelTestRunner.java:144)
	at com.google.testing.junit.runner.BazelTestRunner.main(BazelTestRunner.java:82)
8) testAesEax(com.google.security.wycheproof.CipherOutputStreamTest)
java.lang.AssertionError: this should fail; decrypted:5daca603c36a4c2a6aba0975617a2e8f pt: 5daca603c36a4c2a6aba0975617a2e8f
	at org.junit.Assert.fail(Assert.java:88)
	at com.google.security.wycheproof.CipherOutputStreamTest.testCorruptDecrypt(CipherOutputStreamTest.java:159)
	at com.google.security.wycheproof.CipherOutputStreamTest.testAesEax(CipherOutputStreamTest.java:250)
	at sun.reflect.NativeMethodAccessorImpl.invoke0(Native Method)
	at sun.reflect.NativeMethodAccessorImpl.invoke(NativeMethodAccessorImpl.java:62)
	at sun.reflect.DelegatingMethodAccessorImpl.invoke(DelegatingMethodAccessorImpl.java:43)
	at java.lang.reflect.Method.invoke(Method.java:498)
	at org.junit.runners.model.FrameworkMethod$1.runReflectiveCall(FrameworkMethod.java:47)
	at org.junit.internal.runners.model.ReflectiveCallable.run(ReflectiveCallable.java:12)
	at org.junit.runners.model.FrameworkMethod.invokeExplosively(FrameworkMethod.java:44)
	at org.junit.internal.runners.statements.InvokeMethod.evaluate(InvokeMethod.java:17)
	at org.junit.runners.ParentRunner.runLeaf(ParentRunner.java:271)
	at org.junit.runners.BlockJUnit4ClassRunner.runChild(BlockJUnit4ClassRunner.java:70)
	at org.junit.runners.BlockJUnit4ClassRunner.runChild(BlockJUnit4ClassRunner.java:50)
	at org.junit.runners.ParentRunner$3.run(ParentRunner.java:238)
	at org.junit.runners.ParentRunner$1.schedule(ParentRunner.java:63)
	at org.junit.runners.ParentRunner.runChildren(ParentRunner.java:236)
	at org.junit.runners.ParentRunner.access$000(ParentRunner.java:53)
	at org.junit.runners.ParentRunner$2.evaluate(ParentRunner.java:229)
	at org.junit.runners.ParentRunner.run(ParentRunner.java:309)
	at org.junit.runners.Suite.runChild(Suite.java:127)
	at org.junit.runners.Suite.runChild(Suite.java:26)
	at org.junit.runners.ParentRunner$3.run(ParentRunner.java:238)
	at org.junit.runners.ParentRunner$1.schedule(ParentRunner.java:63)
	at org.junit.runners.ParentRunner.runChildren(ParentRunner.java:236)
	at org.junit.runners.ParentRunner.access$000(ParentRunner.java:53)
	at org.junit.runners.ParentRunner$2.evaluate(ParentRunner.java:229)
	at org.junit.internal.runners.statements.RunBefores.evaluate(RunBefores.java:26)
	at org.junit.runners.ParentRunner.run(ParentRunner.java:309)
	at com.google.testing.junit.runner.internal.junit4.CancellableRequestFactory$CancellableRunner.run(CancellableRequestFactory.java:89)
	at org.junit.runner.JUnitCore.run(JUnitCore.java:160)
	at org.junit.runner.JUnitCore.run(JUnitCore.java:138)
	at com.google.testing.junit.runner.junit4.JUnit4Runner.run(JUnit4Runner.java:112)
	at com.google.testing.junit.runner.BazelTestRunner.runTestsInSuite(BazelTestRunner.java:144)
	at com.google.testing.junit.runner.BazelTestRunner.main(BazelTestRunner.java:82)
9) testAesGcm(com.google.security.wycheproof.CipherOutputStreamTest)
java.lang.AssertionError: this should fail; decrypted:f2d4ce6cce4527c0266a972d13753608 pt: f2d4ce6cce4527c0266a972d13753608
	at org.junit.Assert.fail(Assert.java:88)
	at com.google.security.wycheproof.CipherOutputStreamTest.testCorruptDecrypt(CipherOutputStreamTest.java:159)
	at com.google.security.wycheproof.CipherOutputStreamTest.testAesGcm(CipherOutputStreamTest.java:208)
	at sun.reflect.NativeMethodAccessorImpl.invoke0(Native Method)
	at sun.reflect.NativeMethodAccessorImpl.invoke(NativeMethodAccessorImpl.java:62)
	at sun.reflect.DelegatingMethodAccessorImpl.invoke(DelegatingMethodAccessorImpl.java:43)
	at java.lang.reflect.Method.invoke(Method.java:498)
	at org.junit.runners.model.FrameworkMethod$1.runReflectiveCall(FrameworkMethod.java:47)
	at org.junit.internal.runners.model.ReflectiveCallable.run(ReflectiveCallable.java:12)
	at org.junit.runners.model.FrameworkMethod.invokeExplosively(FrameworkMethod.java:44)
	at org.junit.internal.runners.statements.InvokeMethod.evaluate(InvokeMethod.java:17)
	at org.junit.runners.ParentRunner.runLeaf(ParentRunner.java:271)
	at org.junit.runners.BlockJUnit4ClassRunner.runChild(BlockJUnit4ClassRunner.java:70)
	at org.junit.runners.BlockJUnit4ClassRunner.runChild(BlockJUnit4ClassRunner.java:50)
	at org.junit.runners.ParentRunner$3.run(ParentRunner.java:238)
	at org.junit.runners.ParentRunner$1.schedule(ParentRunner.java:63)
	at org.junit.runners.ParentRunner.runChildren(ParentRunner.java:236)
	at org.junit.runners.ParentRunner.access$000(ParentRunner.java:53)
	at org.junit.runners.ParentRunner$2.evaluate(ParentRunner.java:229)
	at org.junit.runners.ParentRunner.run(ParentRunner.java:309)
	at org.junit.runners.Suite.runChild(Suite.java:127)
	at org.junit.runners.Suite.runChild(Suite.java:26)
	at org.junit.runners.ParentRunner$3.run(ParentRunner.java:238)
	at org.junit.runners.ParentRunner$1.schedule(ParentRunner.java:63)
	at org.junit.runners.ParentRunner.runChildren(ParentRunner.java:236)
	at org.junit.runners.ParentRunner.access$000(ParentRunner.java:53)
	at org.junit.runners.ParentRunner$2.evaluate(ParentRunner.java:229)
	at org.junit.internal.runners.statements.RunBefores.evaluate(RunBefores.java:26)
	at org.junit.runners.ParentRunner.run(ParentRunner.java:309)
	at com.google.testing.junit.runner.internal.junit4.CancellableRequestFactory$CancellableRunner.run(CancellableRequestFactory.java:89)
	at org.junit.runner.JUnitCore.run(JUnitCore.java:160)
	at org.junit.runner.JUnitCore.run(JUnitCore.java:138)
	at com.google.testing.junit.runner.junit4.JUnit4Runner.run(JUnit4Runner.java:112)
	at com.google.testing.junit.runner.BazelTestRunner.runTestsInSuite(BazelTestRunner.java:144)
	at com.google.testing.junit.runner.BazelTestRunner.main(BazelTestRunner.java:82)
10) testSemanticSecurityDhies(com.google.security.wycheproof.DhiesTest)
java.security.InvalidKeyException: Illegal key size or default parameters
	at javax.crypto.Cipher.checkCryptoPerm(Cipher.java:1026)
	at javax.crypto.Cipher.implInit(Cipher.java:801)
	at javax.crypto.Cipher.chooseProvider(Cipher.java:864)
	at javax.crypto.Cipher.init(Cipher.java:1249)
	at javax.crypto.Cipher.init(Cipher.java:1186)
	at com.google.security.wycheproof.DhiesTest.testNotEcb(DhiesTest.java:165)
	at com.google.security.wycheproof.DhiesTest.testSemanticSecurityDhies(DhiesTest.java:178)
	at sun.reflect.NativeMethodAccessorImpl.invoke0(Native Method)
	at sun.reflect.NativeMethodAccessorImpl.invoke(NativeMethodAccessorImpl.java:62)
	at sun.reflect.DelegatingMethodAccessorImpl.invoke(DelegatingMethodAccessorImpl.java:43)
	at java.lang.reflect.Method.invoke(Method.java:498)
	at org.junit.runners.model.FrameworkMethod$1.runReflectiveCall(FrameworkMethod.java:47)
	at org.junit.internal.runners.model.ReflectiveCallable.run(ReflectiveCallable.java:12)
	at org.junit.runners.model.FrameworkMethod.invokeExplosively(FrameworkMethod.java:44)
	at org.junit.internal.runners.statements.InvokeMethod.evaluate(InvokeMethod.java:17)
	at org.junit.runners.ParentRunner.runLeaf(ParentRunner.java:271)
	at org.junit.runners.BlockJUnit4ClassRunner.runChild(BlockJUnit4ClassRunner.java:70)
	at org.junit.runners.BlockJUnit4ClassRunner.runChild(BlockJUnit4ClassRunner.java:50)
	at org.junit.runners.ParentRunner$3.run(ParentRunner.java:238)
	at org.junit.runners.ParentRunner$1.schedule(ParentRunner.java:63)
	at org.junit.runners.ParentRunner.runChildren(ParentRunner.java:236)
	at org.junit.runners.ParentRunner.access$000(ParentRunner.java:53)
	at org.junit.runners.ParentRunner$2.evaluate(ParentRunner.java:229)
	at org.junit.runners.ParentRunner.run(ParentRunner.java:309)
	at org.junit.runners.Suite.runChild(Suite.java:127)
	at org.junit.runners.Suite.runChild(Suite.java:26)
	at org.junit.runners.ParentRunner$3.run(ParentRunner.java:238)
	at org.junit.runners.ParentRunner$1.schedule(ParentRunner.java:63)
	at org.junit.runners.ParentRunner.runChildren(ParentRunner.java:236)
	at org.junit.runners.ParentRunner.access$000(ParentRunner.java:53)
	at org.junit.runners.ParentRunner$2.evaluate(ParentRunner.java:229)
	at org.junit.internal.runners.statements.RunBefores.evaluate(RunBefores.java:26)
	at org.junit.runners.ParentRunner.run(ParentRunner.java:309)
	at com.google.testing.junit.runner.internal.junit4.CancellableRequestFactory$CancellableRunner.run(CancellableRequestFactory.java:89)
	at org.junit.runner.JUnitCore.run(JUnitCore.java:160)
	at org.junit.runner.JUnitCore.run(JUnitCore.java:138)
	at com.google.testing.junit.runner.junit4.JUnit4Runner.run(JUnit4Runner.java:112)
	at com.google.testing.junit.runner.BazelTestRunner.runTestsInSuite(BazelTestRunner.java:144)
	at com.google.testing.junit.runner.BazelTestRunner.main(BazelTestRunner.java:82)
11) testEncode(com.google.security.wycheproof.EcdhTest)
org.junit.ComparisonFailure: expected:<30[8201333081ec06072a8648ce3d02013081e0020101302c06072a8648ce3d0101022100ffffffff00000001000000000000000000000000ffffffffffffffffffffffff30440420ffffffff00000001000000000000000000000000fffffffffffffffffffffffc04205ac635d8aa3a93e7b3ebbd55769886bc651d06b0cc53b0f63bce3c3e27d2604b0441046b17d1f2e12c4247f8bce6e563a440f277037d812deb33a0f4a13945d898c2964fe342e2fe1a7f9b8ee7eb4a7c0f9e162bce33576b315ececbb6406837bf51f5022100ffffffff00000000ffffffffffffffffbce6faada7179e84f3b9cac2fc632551020101]03420004cdeb39edd03e...> but was:<30[59301306072a8648ce3d020106082a8648ce3d030107]03420004cdeb39edd03e...>
	at org.junit.Assert.assertEquals(Assert.java:115)
	at org.junit.Assert.assertEquals(Assert.java:144)
	at com.google.security.wycheproof.EcdhTest.testEncode(EcdhTest.java:1894)
	at sun.reflect.NativeMethodAccessorImpl.invoke0(Native Method)
	at sun.reflect.NativeMethodAccessorImpl.invoke(NativeMethodAccessorImpl.java:62)
	at sun.reflect.DelegatingMethodAccessorImpl.invoke(DelegatingMethodAccessorImpl.java:43)
	at java.lang.reflect.Method.invoke(Method.java:498)
	at org.junit.runners.model.FrameworkMethod$1.runReflectiveCall(FrameworkMethod.java:47)
	at org.junit.internal.runners.model.ReflectiveCallable.run(ReflectiveCallable.java:12)
	at org.junit.runners.model.FrameworkMethod.invokeExplosively(FrameworkMethod.java:44)
	at org.junit.internal.runners.statements.InvokeMethod.evaluate(InvokeMethod.java:17)
	at org.junit.runners.ParentRunner.runLeaf(ParentRunner.java:271)
	at org.junit.runners.BlockJUnit4ClassRunner.runChild(BlockJUnit4ClassRunner.java:70)
	at org.junit.runners.BlockJUnit4ClassRunner.runChild(BlockJUnit4ClassRunner.java:50)
	at org.junit.runners.ParentRunner$3.run(ParentRunner.java:238)
	at org.junit.runners.ParentRunner$1.schedule(ParentRunner.java:63)
	at org.junit.runners.ParentRunner.runChildren(ParentRunner.java:236)
	at org.junit.runners.ParentRunner.access$000(ParentRunner.java:53)
	at org.junit.runners.ParentRunner$2.evaluate(ParentRunner.java:229)
	at org.junit.runners.ParentRunner.run(ParentRunner.java:309)
	at org.junit.runners.Suite.runChild(Suite.java:127)
	at org.junit.runners.Suite.runChild(Suite.java:26)
	at org.junit.runners.ParentRunner$3.run(ParentRunner.java:238)
	at org.junit.runners.ParentRunner$1.schedule(ParentRunner.java:63)
	at org.junit.runners.ParentRunner.runChildren(ParentRunner.java:236)
	at org.junit.runners.ParentRunner.access$000(ParentRunner.java:53)
	at org.junit.runners.ParentRunner$2.evaluate(ParentRunner.java:229)
	at org.junit.internal.runners.statements.RunBefores.evaluate(RunBefores.java:26)
	at org.junit.runners.ParentRunner.run(ParentRunner.java:309)
	at com.google.testing.junit.runner.internal.junit4.CancellableRequestFactory$CancellableRunner.run(CancellableRequestFactory.java:89)
	at org.junit.runner.JUnitCore.run(JUnitCore.java:160)
	at org.junit.runner.JUnitCore.run(JUnitCore.java:138)
	at com.google.testing.junit.runner.junit4.JUnit4Runner.run(JUnit4Runner.java:112)
	at com.google.testing.junit.runner.BazelTestRunner.runTestsInSuite(BazelTestRunner.java:144)
	at com.google.testing.junit.runner.BazelTestRunner.main(BazelTestRunner.java:82)
12) testModifyPoint(com.google.security.wycheproof.EciesTest)
java.security.InvalidKeyException: Illegal key size or default parameters
	at javax.crypto.Cipher.checkCryptoPerm(Cipher.java:1026)
	at javax.crypto.Cipher.implInit(Cipher.java:801)
	at javax.crypto.Cipher.chooseProvider(Cipher.java:864)
	at javax.crypto.Cipher.init(Cipher.java:1249)
	at javax.crypto.Cipher.init(Cipher.java:1186)
	at com.google.security.wycheproof.EciesTest.testModifyPoint(EciesTest.java:227)
	at sun.reflect.NativeMethodAccessorImpl.invoke0(Native Method)
	at sun.reflect.NativeMethodAccessorImpl.invoke(NativeMethodAccessorImpl.java:62)
	at sun.reflect.DelegatingMethodAccessorImpl.invoke(DelegatingMethodAccessorImpl.java:43)
	at java.lang.reflect.Method.invoke(Method.java:498)
	at org.junit.runners.model.FrameworkMethod$1.runReflectiveCall(FrameworkMethod.java:47)
	at org.junit.internal.runners.model.ReflectiveCallable.run(ReflectiveCallable.java:12)
	at org.junit.runners.model.FrameworkMethod.invokeExplosively(FrameworkMethod.java:44)
	at org.junit.internal.runners.statements.InvokeMethod.evaluate(InvokeMethod.java:17)
	at org.junit.runners.ParentRunner.runLeaf(ParentRunner.java:271)
	at org.junit.runners.BlockJUnit4ClassRunner.runChild(BlockJUnit4ClassRunner.java:70)
	at org.junit.runners.BlockJUnit4ClassRunner.runChild(BlockJUnit4ClassRunner.java:50)
	at org.junit.runners.ParentRunner$3.run(ParentRunner.java:238)
	at org.junit.runners.ParentRunner$1.schedule(ParentRunner.java:63)
	at org.junit.runners.ParentRunner.runChildren(ParentRunner.java:236)
	at org.junit.runners.ParentRunner.access$000(ParentRunner.java:53)
	at org.junit.runners.ParentRunner$2.evaluate(ParentRunner.java:229)
	at org.junit.runners.ParentRunner.run(ParentRunner.java:309)
	at org.junit.runners.Suite.runChild(Suite.java:127)
	at org.junit.runners.Suite.runChild(Suite.java:26)
	at org.junit.runners.ParentRunner$3.run(ParentRunner.java:238)
	at org.junit.runners.ParentRunner$1.schedule(ParentRunner.java:63)
	at org.junit.runners.ParentRunner.runChildren(ParentRunner.java:236)
	at org.junit.runners.ParentRunner.access$000(ParentRunner.java:53)
	at org.junit.runners.ParentRunner$2.evaluate(ParentRunner.java:229)
	at org.junit.internal.runners.statements.RunBefores.evaluate(RunBefores.java:26)
	at org.junit.runners.ParentRunner.run(ParentRunner.java:309)
	at com.google.testing.junit.runner.internal.junit4.CancellableRequestFactory$CancellableRunner.run(CancellableRequestFactory.java:89)
	at org.junit.runner.JUnitCore.run(JUnitCore.java:160)
	at org.junit.runner.JUnitCore.run(JUnitCore.java:138)
	at com.google.testing.junit.runner.junit4.JUnit4Runner.run(JUnit4Runner.java:112)
	at com.google.testing.junit.runner.BazelTestRunner.runTestsInSuite(BazelTestRunner.java:144)
	at com.google.testing.junit.runner.BazelTestRunner.main(BazelTestRunner.java:82)
13) testAlias(com.google.security.wycheproof.EciesTest)
java.security.InvalidKeyException: Illegal key size or default parameters
	at javax.crypto.Cipher.checkCryptoPerm(Cipher.java:1026)
	at javax.crypto.Cipher.implInit(Cipher.java:801)
	at javax.crypto.Cipher.chooseProvider(Cipher.java:864)
	at javax.crypto.Cipher.init(Cipher.java:1249)
	at javax.crypto.Cipher.init(Cipher.java:1186)
	at com.google.security.wycheproof.EciesTest.testIsAlias(EciesTest.java:322)
	at com.google.security.wycheproof.EciesTest.testAlias(EciesTest.java:332)
	at sun.reflect.NativeMethodAccessorImpl.invoke0(Native Method)
	at sun.reflect.NativeMethodAccessorImpl.invoke(NativeMethodAccessorImpl.java:62)
	at sun.reflect.DelegatingMethodAccessorImpl.invoke(DelegatingMethodAccessorImpl.java:43)
	at java.lang.reflect.Method.invoke(Method.java:498)
	at org.junit.runners.model.FrameworkMethod$1.runReflectiveCall(FrameworkMethod.java:47)
	at org.junit.internal.runners.model.ReflectiveCallable.run(ReflectiveCallable.java:12)
	at org.junit.runners.model.FrameworkMethod.invokeExplosively(FrameworkMethod.java:44)
	at org.junit.internal.runners.statements.InvokeMethod.evaluate(InvokeMethod.java:17)
	at org.junit.runners.ParentRunner.runLeaf(ParentRunner.java:271)
	at org.junit.runners.BlockJUnit4ClassRunner.runChild(BlockJUnit4ClassRunner.java:70)
	at org.junit.runners.BlockJUnit4ClassRunner.runChild(BlockJUnit4ClassRunner.java:50)
	at org.junit.runners.ParentRunner$3.run(ParentRunner.java:238)
	at org.junit.runners.ParentRunner$1.schedule(ParentRunner.java:63)
	at org.junit.runners.ParentRunner.runChildren(ParentRunner.java:236)
	at org.junit.runners.ParentRunner.access$000(ParentRunner.java:53)
	at org.junit.runners.ParentRunner$2.evaluate(ParentRunner.java:229)
	at org.junit.runners.ParentRunner.run(ParentRunner.java:309)
	at org.junit.runners.Suite.runChild(Suite.java:127)
	at org.junit.runners.Suite.runChild(Suite.java:26)
	at org.junit.runners.ParentRunner$3.run(ParentRunner.java:238)
	at org.junit.runners.ParentRunner$1.schedule(ParentRunner.java:63)
	at org.junit.runners.ParentRunner.runChildren(ParentRunner.java:236)
	at org.junit.runners.ParentRunner.access$000(ParentRunner.java:53)
	at org.junit.runners.ParentRunner$2.evaluate(ParentRunner.java:229)
	at org.junit.internal.runners.statements.RunBefores.evaluate(RunBefores.java:26)
	at org.junit.runners.ParentRunner.run(ParentRunner.java:309)
	at com.google.testing.junit.runner.internal.junit4.CancellableRequestFactory$CancellableRunner.run(CancellableRequestFactory.java:89)
	at org.junit.runner.JUnitCore.run(JUnitCore.java:160)
	at org.junit.runner.JUnitCore.run(JUnitCore.java:138)
	at com.google.testing.junit.runner.junit4.JUnit4Runner.run(JUnit4Runner.java:112)
	at com.google.testing.junit.runner.BazelTestRunner.runTestsInSuite(BazelTestRunner.java:144)
	at com.google.testing.junit.runner.BazelTestRunner.main(BazelTestRunner.java:82)
14) testEciesCorruptDefault(com.google.security.wycheproof.EciesTest)
java.security.InvalidKeyException: Illegal key size or default parameters
	at javax.crypto.Cipher.checkCryptoPerm(Cipher.java:1026)
	at javax.crypto.Cipher.implInit(Cipher.java:801)
	at javax.crypto.Cipher.chooseProvider(Cipher.java:864)
	at javax.crypto.Cipher.init(Cipher.java:1249)
	at javax.crypto.Cipher.init(Cipher.java:1186)
	at com.google.security.wycheproof.EciesTest.testExceptions(EciesTest.java:183)
	at com.google.security.wycheproof.EciesTest.testEciesCorruptDefault(EciesTest.java:209)
	at sun.reflect.NativeMethodAccessorImpl.invoke0(Native Method)
	at sun.reflect.NativeMethodAccessorImpl.invoke(NativeMethodAccessorImpl.java:62)
	at sun.reflect.DelegatingMethodAccessorImpl.invoke(DelegatingMethodAccessorImpl.java:43)
	at java.lang.reflect.Method.invoke(Method.java:498)
	at org.junit.runners.model.FrameworkMethod$1.runReflectiveCall(FrameworkMethod.java:47)
	at org.junit.internal.runners.model.ReflectiveCallable.run(ReflectiveCallable.java:12)
	at org.junit.runners.model.FrameworkMethod.invokeExplosively(FrameworkMethod.java:44)
	at org.junit.internal.runners.statements.InvokeMethod.evaluate(InvokeMethod.java:17)
	at org.junit.runners.ParentRunner.runLeaf(ParentRunner.java:271)
	at org.junit.runners.BlockJUnit4ClassRunner.runChild(BlockJUnit4ClassRunner.java:70)
	at org.junit.runners.BlockJUnit4ClassRunner.runChild(BlockJUnit4ClassRunner.java:50)
	at org.junit.runners.ParentRunner$3.run(ParentRunner.java:238)
	at org.junit.runners.ParentRunner$1.schedule(ParentRunner.java:63)
	at org.junit.runners.ParentRunner.runChildren(ParentRunner.java:236)
	at org.junit.runners.ParentRunner.access$000(ParentRunner.java:53)
	at org.junit.runners.ParentRunner$2.evaluate(ParentRunner.java:229)
	at org.junit.runners.ParentRunner.run(ParentRunner.java:309)
	at org.junit.runners.Suite.runChild(Suite.java:127)
	at org.junit.runners.Suite.runChild(Suite.java:26)
	at org.junit.runners.ParentRunner$3.run(ParentRunner.java:238)
	at org.junit.runners.ParentRunner$1.schedule(ParentRunner.java:63)
	at org.junit.runners.ParentRunner.runChildren(ParentRunner.java:236)
	at org.junit.runners.ParentRunner.access$000(ParentRunner.java:53)
	at org.junit.runners.ParentRunner$2.evaluate(ParentRunner.java:229)
	at org.junit.internal.runners.statements.RunBefores.evaluate(RunBefores.java:26)
	at org.junit.runners.ParentRunner.run(ParentRunner.java:309)
	at com.google.testing.junit.runner.internal.junit4.CancellableRequestFactory$CancellableRunner.run(CancellableRequestFactory.java:89)
	at org.junit.runner.JUnitCore.run(JUnitCore.java:160)
	at org.junit.runner.JUnitCore.run(JUnitCore.java:138)
	at com.google.testing.junit.runner.junit4.JUnit4Runner.run(JUnit4Runner.java:112)
	at com.google.testing.junit.runner.BazelTestRunner.runTestsInSuite(BazelTestRunner.java:144)
	at com.google.testing.junit.runner.BazelTestRunner.main(BazelTestRunner.java:82)
15) testEciesBasic(com.google.security.wycheproof.EciesTest)
java.security.InvalidKeyException: Illegal key size or default parameters
	at javax.crypto.Cipher.checkCryptoPerm(Cipher.java:1026)
	at javax.crypto.Cipher.implInit(Cipher.java:801)
	at javax.crypto.Cipher.chooseProvider(Cipher.java:864)
	at javax.crypto.Cipher.init(Cipher.java:1249)
	at javax.crypto.Cipher.init(Cipher.java:1186)
	at com.google.security.wycheproof.EciesTest.testEciesBasic(EciesTest.java:89)
	at sun.reflect.NativeMethodAccessorImpl.invoke0(Native Method)
	at sun.reflect.NativeMethodAccessorImpl.invoke(NativeMethodAccessorImpl.java:62)
	at sun.reflect.DelegatingMethodAccessorImpl.invoke(DelegatingMethodAccessorImpl.java:43)
	at java.lang.reflect.Method.invoke(Method.java:498)
	at org.junit.runners.model.FrameworkMethod$1.runReflectiveCall(FrameworkMethod.java:47)
	at org.junit.internal.runners.model.ReflectiveCallable.run(ReflectiveCallable.java:12)
	at org.junit.runners.model.FrameworkMethod.invokeExplosively(FrameworkMethod.java:44)
	at org.junit.internal.runners.statements.InvokeMethod.evaluate(InvokeMethod.java:17)
	at org.junit.runners.ParentRunner.runLeaf(ParentRunner.java:271)
	at org.junit.runners.BlockJUnit4ClassRunner.runChild(BlockJUnit4ClassRunner.java:70)
	at org.junit.runners.BlockJUnit4ClassRunner.runChild(BlockJUnit4ClassRunner.java:50)
	at org.junit.runners.ParentRunner$3.run(ParentRunner.java:238)
	at org.junit.runners.ParentRunner$1.schedule(ParentRunner.java:63)
	at org.junit.runners.ParentRunner.runChildren(ParentRunner.java:236)
	at org.junit.runners.ParentRunner.access$000(ParentRunner.java:53)
	at org.junit.runners.ParentRunner$2.evaluate(ParentRunner.java:229)
	at org.junit.runners.ParentRunner.run(ParentRunner.java:309)
	at org.junit.runners.Suite.runChild(Suite.java:127)
	at org.junit.runners.Suite.runChild(Suite.java:26)
	at org.junit.runners.ParentRunner$3.run(ParentRunner.java:238)
	at org.junit.runners.ParentRunner$1.schedule(ParentRunner.java:63)
	at org.junit.runners.ParentRunner.runChildren(ParentRunner.java:236)
	at org.junit.runners.ParentRunner.access$000(ParentRunner.java:53)
	at org.junit.runners.ParentRunner$2.evaluate(ParentRunner.java:229)
	at org.junit.internal.runners.statements.RunBefores.evaluate(RunBefores.java:26)
	at org.junit.runners.ParentRunner.run(ParentRunner.java:309)
	at com.google.testing.junit.runner.internal.junit4.CancellableRequestFactory$CancellableRunner.run(CancellableRequestFactory.java:89)
	at org.junit.runner.JUnitCore.run(JUnitCore.java:160)
	at org.junit.runner.JUnitCore.run(JUnitCore.java:138)
	at com.google.testing.junit.runner.junit4.JUnit4Runner.run(JUnit4Runner.java:112)
	at com.google.testing.junit.runner.BazelTestRunner.runTestsInSuite(BazelTestRunner.java:144)
	at com.google.testing.junit.runner.BazelTestRunner.main(BazelTestRunner.java:82)
16) testByteBuffer(com.google.security.wycheproof.EciesTest)
java.security.InvalidKeyException: Illegal key size or default parameters
	at javax.crypto.Cipher.checkCryptoPerm(Cipher.java:1026)
	at javax.crypto.Cipher.implInit(Cipher.java:801)
	at javax.crypto.Cipher.chooseProvider(Cipher.java:864)
	at javax.crypto.Cipher.init(Cipher.java:1249)
	at javax.crypto.Cipher.init(Cipher.java:1186)
	at com.google.security.wycheproof.EciesTest.testByteBuffer(EciesTest.java:359)
	at sun.reflect.NativeMethodAccessorImpl.invoke0(Native Method)
	at sun.reflect.NativeMethodAccessorImpl.invoke(NativeMethodAccessorImpl.java:62)
	at sun.reflect.DelegatingMethodAccessorImpl.invoke(DelegatingMethodAccessorImpl.java:43)
	at java.lang.reflect.Method.invoke(Method.java:498)
	at org.junit.runners.model.FrameworkMethod$1.runReflectiveCall(FrameworkMethod.java:47)
	at org.junit.internal.runners.model.ReflectiveCallable.run(ReflectiveCallable.java:12)
	at org.junit.runners.model.FrameworkMethod.invokeExplosively(FrameworkMethod.java:44)
	at org.junit.internal.runners.statements.InvokeMethod.evaluate(InvokeMethod.java:17)
	at org.junit.runners.ParentRunner.runLeaf(ParentRunner.java:271)
	at org.junit.runners.BlockJUnit4ClassRunner.runChild(BlockJUnit4ClassRunner.java:70)
	at org.junit.runners.BlockJUnit4ClassRunner.runChild(BlockJUnit4ClassRunner.java:50)
	at org.junit.runners.ParentRunner$3.run(ParentRunner.java:238)
	at org.junit.runners.ParentRunner$1.schedule(ParentRunner.java:63)
	at org.junit.runners.ParentRunner.runChildren(ParentRunner.java:236)
	at org.junit.runners.ParentRunner.access$000(ParentRunner.java:53)
	at org.junit.runners.ParentRunner$2.evaluate(ParentRunner.java:229)
	at org.junit.runners.ParentRunner.run(ParentRunner.java:309)
	at org.junit.runners.Suite.runChild(Suite.java:127)
	at org.junit.runners.Suite.runChild(Suite.java:26)
	at org.junit.runners.ParentRunner$3.run(ParentRunner.java:238)
	at org.junit.runners.ParentRunner$1.schedule(ParentRunner.java:63)
	at org.junit.runners.ParentRunner.runChildren(ParentRunner.java:236)
	at org.junit.runners.ParentRunner.access$000(ParentRunner.java:53)
	at org.junit.runners.ParentRunner$2.evaluate(ParentRunner.java:229)
	at org.junit.internal.runners.statements.RunBefores.evaluate(RunBefores.java:26)
	at org.junit.runners.ParentRunner.run(ParentRunner.java:309)
	at com.google.testing.junit.runner.internal.junit4.CancellableRequestFactory$CancellableRunner.run(CancellableRequestFactory.java:89)
	at org.junit.runner.JUnitCore.run(JUnitCore.java:160)
	at org.junit.runner.JUnitCore.run(JUnitCore.java:138)
	at com.google.testing.junit.runner.junit4.JUnit4Runner.run(JUnit4Runner.java:112)
	at com.google.testing.junit.runner.BazelTestRunner.runTestsInSuite(BazelTestRunner.java:144)
	at com.google.testing.junit.runner.BazelTestRunner.main(BazelTestRunner.java:82)
17) testDefaultEcies(com.google.security.wycheproof.EciesTest)
java.security.InvalidKeyException: Illegal key size or default parameters
	at javax.crypto.Cipher.checkCryptoPerm(Cipher.java:1026)
	at javax.crypto.Cipher.implInit(Cipher.java:801)
	at javax.crypto.Cipher.chooseProvider(Cipher.java:864)
	at javax.crypto.Cipher.init(Cipher.java:1249)
	at javax.crypto.Cipher.init(Cipher.java:1186)
	at com.google.security.wycheproof.EciesTest.testNotEcb(EciesTest.java:273)
	at com.google.security.wycheproof.EciesTest.testDefaultEcies(EciesTest.java:282)
	at sun.reflect.NativeMethodAccessorImpl.invoke0(Native Method)
	at sun.reflect.NativeMethodAccessorImpl.invoke(NativeMethodAccessorImpl.java:62)
	at sun.reflect.DelegatingMethodAccessorImpl.invoke(DelegatingMethodAccessorImpl.java:43)
	at java.lang.reflect.Method.invoke(Method.java:498)
	at org.junit.runners.model.FrameworkMethod$1.runReflectiveCall(FrameworkMethod.java:47)
	at org.junit.internal.runners.model.ReflectiveCallable.run(ReflectiveCallable.java:12)
	at org.junit.runners.model.FrameworkMethod.invokeExplosively(FrameworkMethod.java:44)
	at org.junit.internal.runners.statements.InvokeMethod.evaluate(InvokeMethod.java:17)
	at org.junit.runners.ParentRunner.runLeaf(ParentRunner.java:271)
	at org.junit.runners.BlockJUnit4ClassRunner.runChild(BlockJUnit4ClassRunner.java:70)
	at org.junit.runners.BlockJUnit4ClassRunner.runChild(BlockJUnit4ClassRunner.java:50)
	at org.junit.runners.ParentRunner$3.run(ParentRunner.java:238)
	at org.junit.runners.ParentRunner$1.schedule(ParentRunner.java:63)
	at org.junit.runners.ParentRunner.runChildren(ParentRunner.java:236)
	at org.junit.runners.ParentRunner.access$000(ParentRunner.java:53)
	at org.junit.runners.ParentRunner$2.evaluate(ParentRunner.java:229)
	at org.junit.runners.ParentRunner.run(ParentRunner.java:309)
	at org.junit.runners.Suite.runChild(Suite.java:127)
	at org.junit.runners.Suite.runChild(Suite.java:26)
	at org.junit.runners.ParentRunner$3.run(ParentRunner.java:238)
	at org.junit.runners.ParentRunner$1.schedule(ParentRunner.java:63)
	at org.junit.runners.ParentRunner.runChildren(ParentRunner.java:236)
	at org.junit.runners.ParentRunner.access$000(ParentRunner.java:53)
	at org.junit.runners.ParentRunner$2.evaluate(ParentRunner.java:229)
	at org.junit.internal.runners.statements.RunBefores.evaluate(RunBefores.java:26)
	at org.junit.runners.ParentRunner.run(ParentRunner.java:309)
	at com.google.testing.junit.runner.internal.junit4.CancellableRequestFactory$CancellableRunner.run(CancellableRequestFactory.java:89)
	at org.junit.runner.JUnitCore.run(JUnitCore.java:160)
	at org.junit.runner.JUnitCore.run(JUnitCore.java:138)
	at com.google.testing.junit.runner.junit4.JUnit4Runner.run(JUnit4Runner.java:112)
	at com.google.testing.junit.runner.BazelTestRunner.runTestsInSuite(BazelTestRunner.java:144)
	at com.google.testing.junit.runner.BazelTestRunner.main(BazelTestRunner.java:82)
18) testEciesCorruptAesCbc(com.google.security.wycheproof.EciesTest)
java.security.InvalidKeyException: Illegal key size or default parameters
	at javax.crypto.Cipher.checkCryptoPerm(Cipher.java:1026)
	at javax.crypto.Cipher.implInit(Cipher.java:801)
	at javax.crypto.Cipher.chooseProvider(Cipher.java:864)
	at javax.crypto.Cipher.init(Cipher.java:1249)
	at javax.crypto.Cipher.init(Cipher.java:1186)
	at com.google.security.wycheproof.EciesTest.testExceptions(EciesTest.java:183)
	at com.google.security.wycheproof.EciesTest.testEciesCorruptAesCbc(EciesTest.java:213)
	at sun.reflect.NativeMethodAccessorImpl.invoke0(Native Method)
	at sun.reflect.NativeMethodAccessorImpl.invoke(NativeMethodAccessorImpl.java:62)
	at sun.reflect.DelegatingMethodAccessorImpl.invoke(DelegatingMethodAccessorImpl.java:43)
	at java.lang.reflect.Method.invoke(Method.java:498)
	at org.junit.runners.model.FrameworkMethod$1.runReflectiveCall(FrameworkMethod.java:47)
	at org.junit.internal.runners.model.ReflectiveCallable.run(ReflectiveCallable.java:12)
	at org.junit.runners.model.FrameworkMethod.invokeExplosively(FrameworkMethod.java:44)
	at org.junit.internal.runners.statements.InvokeMethod.evaluate(InvokeMethod.java:17)
	at org.junit.runners.ParentRunner.runLeaf(ParentRunner.java:271)
	at org.junit.runners.BlockJUnit4ClassRunner.runChild(BlockJUnit4ClassRunner.java:70)
	at org.junit.runners.BlockJUnit4ClassRunner.runChild(BlockJUnit4ClassRunner.java:50)
	at org.junit.runners.ParentRunner$3.run(ParentRunner.java:238)
	at org.junit.runners.ParentRunner$1.schedule(ParentRunner.java:63)
	at org.junit.runners.ParentRunner.runChildren(ParentRunner.java:236)
	at org.junit.runners.ParentRunner.access$000(ParentRunner.java:53)
	at org.junit.runners.ParentRunner$2.evaluate(ParentRunner.java:229)
	at org.junit.runners.ParentRunner.run(ParentRunner.java:309)
	at org.junit.runners.Suite.runChild(Suite.java:127)
	at org.junit.runners.Suite.runChild(Suite.java:26)
	at org.junit.runners.ParentRunner$3.run(ParentRunner.java:238)
	at org.junit.runners.ParentRunner$1.schedule(ParentRunner.java:63)
	at org.junit.runners.ParentRunner.runChildren(ParentRunner.java:236)
	at org.junit.runners.ParentRunner.access$000(ParentRunner.java:53)
	at org.junit.runners.ParentRunner$2.evaluate(ParentRunner.java:229)
	at org.junit.internal.runners.statements.RunBefores.evaluate(RunBefores.java:26)
	at org.junit.runners.ParentRunner.run(ParentRunner.java:309)
	at com.google.testing.junit.runner.internal.junit4.CancellableRequestFactory$CancellableRunner.run(CancellableRequestFactory.java:89)
	at org.junit.runner.JUnitCore.run(JUnitCore.java:160)
	at org.junit.runner.JUnitCore.run(JUnitCore.java:138)
	at com.google.testing.junit.runner.junit4.JUnit4Runner.run(JUnit4Runner.java:112)
	at com.google.testing.junit.runner.BazelTestRunner.runTestsInSuite(BazelTestRunner.java:144)
	at com.google.testing.junit.runner.BazelTestRunner.main(BazelTestRunner.java:82)
19) testByteBufferAlias(com.google.security.wycheproof.EciesTest)
java.security.InvalidKeyException: Illegal key size or default parameters
	at javax.crypto.Cipher.checkCryptoPerm(Cipher.java:1026)
	at javax.crypto.Cipher.implInit(Cipher.java:801)
	at javax.crypto.Cipher.chooseProvider(Cipher.java:864)
	at javax.crypto.Cipher.init(Cipher.java:1249)
	at javax.crypto.Cipher.init(Cipher.java:1186)
	at com.google.security.wycheproof.EciesTest.testByteBufferAlias(EciesTest.java:394)
	at sun.reflect.NativeMethodAccessorImpl.invoke0(Native Method)
	at sun.reflect.NativeMethodAccessorImpl.invoke(NativeMethodAccessorImpl.java:62)
	at sun.reflect.DelegatingMethodAccessorImpl.invoke(DelegatingMethodAccessorImpl.java:43)
	at java.lang.reflect.Method.invoke(Method.java:498)
	at org.junit.runners.model.FrameworkMethod$1.runReflectiveCall(FrameworkMethod.java:47)
	at org.junit.internal.runners.model.ReflectiveCallable.run(ReflectiveCallable.java:12)
	at org.junit.runners.model.FrameworkMethod.invokeExplosively(FrameworkMethod.java:44)
	at org.junit.internal.runners.statements.InvokeMethod.evaluate(InvokeMethod.java:17)
	at org.junit.runners.ParentRunner.runLeaf(ParentRunner.java:271)
	at org.junit.runners.BlockJUnit4ClassRunner.runChild(BlockJUnit4ClassRunner.java:70)
	at org.junit.runners.BlockJUnit4ClassRunner.runChild(BlockJUnit4ClassRunner.java:50)
	at org.junit.runners.ParentRunner$3.run(ParentRunner.java:238)
	at org.junit.runners.ParentRunner$1.schedule(ParentRunner.java:63)
	at org.junit.runners.ParentRunner.runChildren(ParentRunner.java:236)
	at org.junit.runners.ParentRunner.access$000(ParentRunner.java:53)
	at org.junit.runners.ParentRunner$2.evaluate(ParentRunner.java:229)
	at org.junit.runners.ParentRunner.run(ParentRunner.java:309)
	at org.junit.runners.Suite.runChild(Suite.java:127)
	at org.junit.runners.Suite.runChild(Suite.java:26)
	at org.junit.runners.ParentRunner$3.run(ParentRunner.java:238)
	at org.junit.runners.ParentRunner$1.schedule(ParentRunner.java:63)
	at org.junit.runners.ParentRunner.runChildren(ParentRunner.java:236)
	at org.junit.runners.ParentRunner.access$000(ParentRunner.java:53)
	at org.junit.runners.ParentRunner$2.evaluate(ParentRunner.java:229)
	at org.junit.internal.runners.statements.RunBefores.evaluate(RunBefores.java:26)
	at org.junit.runners.ParentRunner.run(ParentRunner.java:309)
	at com.google.testing.junit.runner.internal.junit4.CancellableRequestFactory$CancellableRunner.run(CancellableRequestFactory.java:89)
	at org.junit.runner.JUnitCore.run(JUnitCore.java:160)
	at org.junit.runner.JUnitCore.run(JUnitCore.java:138)
	at com.google.testing.junit.runner.junit4.JUnit4Runner.run(JUnit4Runner.java:112)
	at com.google.testing.junit.runner.BazelTestRunner.runTestsInSuite(BazelTestRunner.java:144)
	at com.google.testing.junit.runner.BazelTestRunner.main(BazelTestRunner.java:82)

FAILURES!!!
Tests run: 96,  Failures: 19


BazelTestRunner exiting with a return value of 1
JVM shutdown hooks (if any) will run now.
The JVM will exit once they complete.

-- JVM shutdown starting at 2018-04-06 19:32:14 --

