exec ${PAGER:-/usr/bin/less} "$0" || exit 1
-----------------------------------------------------------------------------
JUnit4 Test Runner
.testDefaultTagSizeAlgorithmParameterGenerator:java.security.NoSuchAlgorithmException: GCM AlgorithmParameterGenerator not available
......E......E.....
Provider:Conscrypt
AlgorithmParameters.AES
AlgorithmParameters.ChaCha20
AlgorithmParameters.DESEDE
AlgorithmParameters.EC
AlgorithmParameters.GCM
AlgorithmParameters.OAEP
CertificateFactory.X509
Cipher.AES/CBC/NoPadding
Cipher.AES/CBC/NoPadding SupportedKeyFormats
Cipher.AES/CBC/PKCS5Padding
Cipher.AES/CBC/PKCS5Padding SupportedKeyFormats
Cipher.AES/CTR/NoPadding
Cipher.AES/CTR/NoPadding SupportedKeyFormats
Cipher.AES/ECB/NoPadding
Cipher.AES/ECB/NoPadding SupportedKeyFormats
Cipher.AES/ECB/PKCS5Padding
Cipher.AES/ECB/PKCS5Padding SupportedKeyFormats
Cipher.AES/GCM/NoPadding
Cipher.AES/GCM/NoPadding SupportedKeyFormats
Cipher.AES_128/CBC/NoPadding
Cipher.AES_128/CBC/NoPadding SupportedKeyFormats
Cipher.AES_128/CBC/PKCS5Padding
Cipher.AES_128/CBC/PKCS5Padding SupportedKeyFormats
Cipher.AES_128/ECB/NoPadding
Cipher.AES_128/ECB/NoPadding SupportedKeyFormats
Cipher.AES_128/ECB/PKCS5Padding
Cipher.AES_128/ECB/PKCS5Padding SupportedKeyFormats
Cipher.AES_128/GCM/NoPadding
Cipher.AES_128/GCM/NoPadding SupportedKeyFormats
Cipher.AES_256/CBC/NoPadding
Cipher.AES_256/CBC/NoPadding SupportedKeyFormats
Cipher.AES_256/CBC/PKCS5Padding
Cipher.AES_256/CBC/PKCS5Padding SupportedKeyFormats
Cipher.AES_256/ECB/NoPadding
Cipher.AES_256/ECB/NoPadding SupportedKeyFormats
Cipher.AES_256/ECB/PKCS5Padding
Cipher.AES_256/ECB/PKCS5Padding SupportedKeyFormats
Cipher.AES_256/GCM/NoPadding
Cipher.AES_256/GCM/NoPadding SupportedKeyFormats
Cipher.ARC4
Cipher.ARC4 SupportedKeyFormats
Cipher.ChaCha20
Cipher.ChaCha20 SupportedKeyFormats
Cipher.ChaCha20/Poly1305/NoPadding
Cipher.ChaCha20/Poly1305/NoPadding SupportedKeyFormats
Cipher.DESEDE/CBC/NoPadding
Cipher.DESEDE/CBC/NoPadding SupportedKeyFormats
Cipher.DESEDE/CBC/PKCS5Padding
Cipher.DESEDE/CBC/PKCS5Padding SupportedKeyFormats
Cipher.RSA/ECB/NoPadding
Cipher.RSA/ECB/NoPadding SupportedKeyClasses
Cipher.RSA/ECB/OAEPPadding
Cipher.RSA/ECB/OAEPPadding SupportedKeyClasses
Cipher.RSA/ECB/OAEPWithSHA-1AndMGF1Padding
Cipher.RSA/ECB/OAEPWithSHA-1AndMGF1Padding SupportedKeyClasses
Cipher.RSA/ECB/OAEPWithSHA-224AndMGF1Padding
Cipher.RSA/ECB/OAEPWithSHA-224AndMGF1Padding SupportedKeyClasses
Cipher.RSA/ECB/OAEPWithSHA-256AndMGF1Padding
Cipher.RSA/ECB/OAEPWithSHA-256AndMGF1Padding SupportedKeyClasses
Cipher.RSA/ECB/OAEPWithSHA-384AndMGF1Padding
Cipher.RSA/ECB/OAEPWithSHA-384AndMGF1Padding SupportedKeyClasses
Cipher.RSA/ECB/OAEPWithSHA-512AndMGF1Padding
Cipher.RSA/ECB/OAEPWithSHA-512AndMGF1Padding SupportedKeyClasses
Cipher.RSA/ECB/PKCS1Padding
Cipher.RSA/ECB/PKCS1Padding SupportedKeyClasses
KeyAgreement.ECDH
KeyAgreement.ECDH SupportedKeyClasses
KeyAgreement.ECDH SupportedKeyFormats
KeyFactory.EC
KeyFactory.RSA
KeyGenerator.AES
KeyGenerator.ChaCha20
KeyGenerator.DESEDE
KeyGenerator.HmacMD5
KeyGenerator.HmacSHA1
KeyGenerator.HmacSHA224
KeyGenerator.HmacSHA256
KeyGenerator.HmacSHA384
KeyGenerator.HmacSHA512
KeyPairGenerator.EC
KeyPairGenerator.RSA
Mac.HmacMD5
Mac.HmacMD5 SupportedKeyClasses
Mac.HmacMD5 SupportedKeyFormats
Mac.HmacSHA1
Mac.HmacSHA1 SupportedKeyClasses
Mac.HmacSHA1 SupportedKeyFormats
Mac.HmacSHA224
Mac.HmacSHA224 SupportedKeyClasses
Mac.HmacSHA224 SupportedKeyFormats
Mac.HmacSHA256
Mac.HmacSHA256 SupportedKeyClasses
Mac.HmacSHA256 SupportedKeyFormats
Mac.HmacSHA384
Mac.HmacSHA384 SupportedKeyClasses
Mac.HmacSHA384 SupportedKeyFormats
Mac.HmacSHA512
Mac.HmacSHA512 SupportedKeyClasses
Mac.HmacSHA512 SupportedKeyFormats
MessageDigest.MD5
MessageDigest.SHA-1
MessageDigest.SHA-224
MessageDigest.SHA-256
MessageDigest.SHA-384
MessageDigest.SHA-512
Provider.id className
Provider.id info
Provider.id name
Provider.id version
SSLContext.Default
SSLContext.SSL
SSLContext.TLS
SSLContext.TLSv1
SSLContext.TLSv1.1
SSLContext.TLSv1.2
SecretKeyFactory.DESEDE
SecureRandom.SHA1PRNG
SecureRandom.SHA1PRNG ImplementedIn
Signature.MD5WithRSA
Signature.MD5WithRSA SupportedKeyClasses
Signature.MD5WithRSA SupportedKeyFormats
Signature.NONEwithECDSA
Signature.NONEwithECDSA SupportedKeyClasses
Signature.NONEwithECDSA SupportedKeyFormats
Signature.NONEwithRSA
Signature.NONEwithRSA SupportedKeyClasses
Signature.SHA1WithRSA
Signature.SHA1WithRSA SupportedKeyClasses
Signature.SHA1WithRSA SupportedKeyFormats
Signature.SHA1withECDSA
Signature.SHA1withECDSA SupportedKeyClasses
Signature.SHA1withECDSA SupportedKeyFormats
Signature.SHA1withRSA/PSS
Signature.SHA1withRSA/PSS SupportedKeyClasses
Signature.SHA1withRSA/PSS SupportedKeyFormats
Signature.SHA224WithRSA
Signature.SHA224WithRSA SupportedKeyClasses
Signature.SHA224WithRSA SupportedKeyFormats
Signature.SHA224withECDSA
Signature.SHA224withECDSA SupportedKeyClasses
Signature.SHA224withECDSA SupportedKeyFormats
Signature.SHA224withRSA/PSS
Signature.SHA224withRSA/PSS SupportedKeyClasses
Signature.SHA224withRSA/PSS SupportedKeyFormats
Signature.SHA256WithRSA
Signature.SHA256WithRSA SupportedKeyClasses
Signature.SHA256WithRSA SupportedKeyFormats
Signature.SHA256withECDSA
Signature.SHA256withECDSA SupportedKeyClasses
Signature.SHA256withECDSA SupportedKeyFormats
Signature.SHA256withRSA/PSS
Signature.SHA256withRSA/PSS SupportedKeyClasses
Signature.SHA256withRSA/PSS SupportedKeyFormats
Signature.SHA384WithRSA
Signature.SHA384WithRSA SupportedKeyClasses
Signature.SHA384WithRSA SupportedKeyFormats
Signature.SHA384withECDSA
Signature.SHA384withECDSA SupportedKeyClasses
Signature.SHA384withECDSA SupportedKeyFormats
Signature.SHA384withRSA/PSS
Signature.SHA384withRSA/PSS SupportedKeyClasses
Signature.SHA384withRSA/PSS SupportedKeyFormats
Signature.SHA512WithRSA
Signature.SHA512WithRSA SupportedKeyClasses
Signature.SHA512WithRSA SupportedKeyFormats
Signature.SHA512withECDSA
Signature.SHA512withECDSA SupportedKeyClasses
Signature.SHA512withECDSA SupportedKeyFormats
Signature.SHA512withRSA/PSS
Signature.SHA512withRSA/PSS SupportedKeyClasses
Signature.SHA512withRSA/PSS SupportedKeyFormats
...Skipping testAesEax
...Skipping testAesEax
...java.security.spec.InvalidKeySpecException: org.conscrypt.OpenSSLX509CertificateFactory$ParsingException: Error parsing public key
java.security.spec.InvalidKeySpecException: org.conscrypt.OpenSSLX509CertificateFactory$ParsingException: Error parsing public key
java.security.spec.InvalidKeySpecException: org.conscrypt.OpenSSLX509CertificateFactory$ParsingException: Error parsing public key
java.security.spec.InvalidKeySpecException: org.conscrypt.OpenSSLX509CertificateFactory$ParsingException: Error parsing public key
java.security.spec.InvalidKeySpecException: org.conscrypt.OpenSSLX509CertificateFactory$ParsingException: Error parsing public key
..Encoded ECPrivateKey:308187020100301306072a8648ce3d020106082a8648ce3d030107046d306b0201010420ff2d24c9b7a0f30ef7702edf2c89962fde8b0db32e878b0b450deae9582e129ea14403420004898b93748c90a1b464d48bf845ad68bcee42633e01e65d19a59bafc0b46a84aa695a9f5faa39db401299c581ae0149c2051b09f1ca81c52f13a806377420caf3
...testWrongOrder: ECDHC not supported
testWrongOrder: ECDHC not supported
..testModifiedPublic:public point not on curve throws java.security.spec.InvalidKeySpecException: org.conscrypt.OpenSSLX509CertificateFactory$ParsingException: Error parsing public key
testModifiedPublic:public point = (0,0) throws java.security.spec.InvalidKeySpecException: org.conscrypt.OpenSSLX509CertificateFactory$ParsingException: Error parsing public key
testModifiedPublic:order = 1 throws java.security.spec.InvalidKeySpecException: org.conscrypt.OpenSSLX509CertificateFactory$ParsingException: Error parsing public key
testModifiedPublic:order = 26959946660873538060741835960514744168612397095220107664918121663170 throws java.security.spec.InvalidKeySpecException: org.conscrypt.OpenSSLX509CertificateFactory$ParsingException: Error parsing public key
testModifiedPublic:generator = (0,0) throws java.security.spec.InvalidKeySpecException: org.conscrypt.OpenSSLX509CertificateFactory$ParsingException: Error parsing public key
testModifiedPublic:generator not on curve throws java.security.spec.InvalidKeySpecException: org.conscrypt.OpenSSLX509CertificateFactory$ParsingException: Error parsing public key
testModifiedPublic:cofactor = 2 throws java.security.spec.InvalidKeySpecException: org.conscrypt.OpenSSLX509CertificateFactory$ParsingException: Error parsing public key
testModifiedPublic:cofactor = None throws java.security.spec.InvalidKeySpecException: org.conscrypt.OpenSSLX509CertificateFactory$ParsingException: Error parsing public key
testModifiedPublic:modified prime throws java.security.spec.InvalidKeySpecException: org.conscrypt.OpenSSLX509CertificateFactory$ParsingException: Error parsing public key
testModifiedPublic:using secp224r1 throws java.security.InvalidKeyException: error:06000066:public key routines:OPENSSL_internal:DECODE_ERROR
testModifiedPublic:a = 0 throws java.security.spec.InvalidKeySpecException: org.conscrypt.OpenSSLX509CertificateFactory$ParsingException: Error parsing public key
testModifiedPublic:new curve with generator of order 3 that is also on secp256r1 throws java.security.spec.InvalidKeySpecException: org.conscrypt.OpenSSLX509CertificateFactory$ParsingException: Error parsing public key
testModifiedPublic:order = -115792089210356248762697446949407573529996955224135760342422259061068512044369 throws java.security.spec.InvalidKeySpecException: org.conscrypt.OpenSSLX509CertificateFactory$ParsingException: Error parsing public key
testModifiedPublic:order = 0 throws java.security.spec.InvalidKeySpecException: org.conscrypt.OpenSSLX509CertificateFactory$ParsingException: Error parsing public key
testModifiedPublic:cofactor = -1 throws java.security.spec.InvalidKeySpecException: org.conscrypt.OpenSSLX509CertificateFactory$ParsingException: Error parsing public key
testModifiedPublic:cofactor = 0 throws java.security.spec.InvalidKeySpecException: org.conscrypt.OpenSSLX509CertificateFactory$ParsingException: Error parsing public key
testWrongOrder: ECDHC not supported
.Generated shared secret with a modified order:ECDH
expected:ba322bb46481321483281c32d9522aa904baf2a7994b38a754e5673a4217af8c computed:ba322bb46481321483281c32d9522aa904baf2a7994b38a754e5673a4217af8c
testWrongOrder: can't modify order.
..testModifiedPublic:public point not on curve throws java.security.spec.InvalidKeySpecException: java.lang.RuntimeException: error:0f000078:elliptic curve routines:OPENSSL_internal:POINT_IS_NOT_ON_CURVE
testModifiedPublic:public point = (0,0) throws java.security.spec.InvalidKeySpecException: java.lang.RuntimeException: error:0f000078:elliptic curve routines:OPENSSL_internal:POINT_IS_NOT_ON_CURVE
testModifiedPublic:generator = (0,0) throws java.security.spec.InvalidKeySpecException: java.security.InvalidAlgorithmParameterException: EC_GROUP_new_arbitrary failed
testModifiedPublic:generator not on curve throws java.security.spec.InvalidKeySpecException: java.security.InvalidAlgorithmParameterException: EC_GROUP_new_arbitrary failed
modified prime throws java.lang.IllegalArgumentException: first coefficient is too large
testModifiedPublic:using secp224r1 throws java.security.InvalidKeyException: error:0f00006a:elliptic curve routines:OPENSSL_internal:INCOMPATIBLE_OBJECTS
testModifiedPublic:a = 0 throws java.security.InvalidKeyException: error:0f00006a:elliptic curve routines:OPENSSL_internal:INCOMPATIBLE_OBJECTS
testModifiedPublic:new curve with generator of order 3 that is also on secp256r1 throws java.security.InvalidKeyException: error:0f00006a:elliptic curve routines:OPENSSL_internal:INCOMPATIBLE_OBJECTS
order = -115792089210356248762697446949407573529996955224135760342422259061068512044369 throws java.lang.IllegalArgumentException: n is not positive
order = 0 throws java.lang.IllegalArgumentException: n is not positive
cofactor = -1 throws java.lang.IllegalArgumentException: h is not positive
cofactor = 0 throws java.lang.IllegalArgumentException: h is not positive
testWrongOrder: ECDHC not supported
.....Message:Hello
Hash:185f8db32271fe25f561a6fc938b2e264306ec304eda518007d1764826381969
Curve:secp256r1
Order:115792089210356248762697446949407573529996955224135760342422259061068512044369
Private key:
S:106228293573155700990179399397923237248539223790506803433541030843978523484390
encoded:308187020100301306072a8648ce3d020106082a8648ce3d030107046d306b0201010420eadb155efc5c35d7f6f24a7b3f90a3e7e859d6ac06f732d6339504cfbd4e20e6a1440342000486c3b0f76e64267e5b1fd187178273687acd14f3f075d7684abf628002f99c94c0d0256c6891caab51527064ab96b235ae192cb831600ba6acc54858e7c0234b
Public key:
X:60955678265878894465997980577323239808302120707848882237773846643626584153236
Y:87211829404762575361956986061358491176952732464028517093003673728088738374475
encoded:3059301306072a8648ce3d020106082a8648ce3d0301070342000486c3b0f76e64267e5b1fd187178273687acd14f3f075d7684abf628002f99c94c0d0256c6891caab51527064ab96b235ae192cb831600ba6acc54858e7c0234b
Signature:3045022100828b7ddb221709935f4095259d00492fa333b7dc93ce04728b77d562c33f6e29022038f8a3e68692eb5f78ec0430b40e3d1ed4380afee21b95eb0a1efb69084486ee
r:59047130683940589792255237275882786219252594584042938490315708940992940830249
s:25768828792342503598846265467410811375716517161410277235390218253769535424238
...................testDefaultSize: keysize=2048
....Message:Hello
Hash:185f8db32271fe25f561a6fc938b2e264306ec304eda518007d1764826381969
Public key:
Modulus:25191637289269088684782481625514620202202825711313212608098167968985527627925058460770846481925847651799329179635408851130868150978653585463161539363298337750316696265774568105637910239165738177256397167821063224633604121466708135580473025666574678363273017711968060305297166687364408027649605176156252870894623554759922386105609188172912966545368479308015379717023054499233077638940232033145413646706833092356209356797140766045533733338492961439212682516629739117078957183784721252510715594487607589915120999099015070770108651161197129783862170756682884292345062078914252737248708703380099494091212697107650091009189
E:65537
encoded:30820122300d06092a864886f70d01010105000382010f003082010a0282010100c78e639146b39573ae1fbde14e340d1a299058fe1167dc085c5bfd1786d126433cde1d1d033731a85f8041ea44653b236344683a1e63e15705e9d3eb176689e3a1e7217d61e1c5d82122c776fe37a380e2b588f9b5028890bbd6fa3dd4f00fdae17c7bb82da87b1ad58fcf5870556549bf20f69cda689adf9b89f36aaf4173e7b580fb81662b1e749d9932462d6a0c5a45b420ce66bb866dafb760b93d67105c66ec2239ef7465d6b625d55b192f5f3aeede579522525fc4fc5ce636b1cd1c5e48607c9ac39512e3b6d021155f47228a7a5fda5a5d378031cb83362171e43e967e9e1b3e45e4fe4ef1f087bfc7a9bf174272e65ecfddac15e9a07c5b0591c4a50203010001
Private key:
D:6018939720982346234503661878528475219131070180212672835557092377471655467321734713337203406277917595491093519070464767923962020570048173825089872348752720168200161564881381123367429352579103578872534523281903634632730978469970388345313897071883967852530792496495901128988139288861186552648905849380391009336687446053307714787624067100248138090616157713680552770003802036056747604265108881953702818619320569865862155168936489189073035003652840043511106740952684817879975722286515864212687383423749070409231847213116180489120424246901563979194184924027524772797727037161335249428041027384786024459457030960538131959615
encoded:308204be020100300d06092a864886f70d0101010500048204a8308204a40201000282010100c78e639146b39573ae1fbde14e340d1a299058fe1167dc085c5bfd1786d126433cde1d1d033731a85f8041ea44653b236344683a1e63e15705e9d3eb176689e3a1e7217d61e1c5d82122c776fe37a380e2b588f9b5028890bbd6fa3dd4f00fdae17c7bb82da87b1ad58fcf5870556549bf20f69cda689adf9b89f36aaf4173e7b580fb81662b1e749d9932462d6a0c5a45b420ce66bb866dafb760b93d67105c66ec2239ef7465d6b625d55b192f5f3aeede579522525fc4fc5ce636b1cd1c5e48607c9ac39512e3b6d021155f47228a7a5fda5a5d378031cb83362171e43e967e9e1b3e45e4fe4ef1f087bfc7a9bf174272e65ecfddac15e9a07c5b0591c4a50203010001028201002faddf2f4647c1251f0cd976dc1306b0620ee99c66b73c74c8f077a3a7e40ff2cfb7b81806fd2881b4b3b5cc0de46c015405f3ab3338a50e004d3283809750c9d114a2c54cde3f41990530c8470c2f262bc4b902049422e205e762e9e417298aa006789ef455c5780f5fa968558aa9c53983dc3874dcba6843c6eda0675849a33e6a4d1b7327cda8f4307839059e93f4a7aba1cbf86a37ee6ac7159142559faaf8ee2a056d3bb2cb45eba892cae45f675d37db56672e844f4dc5078f3efb8bdcbf367db222b7be9f4c336bef33e6617e369ec0a4cb05a46e7bf25b49edb66e23db8b5e155e4a646cbfac8afea3d7e235ba50aa0fb41d8ead7a755d3367cd0f3f02818100ee81e43ffdec996c6c1d0ca5c19ed0901cce562ce27ddcb148f55010cd44184c8b11be7a276adbc260622b78bb9d53661eaa86b5900bf9e37b07486121f0c566f40596a4e15dc1e1ae02c78563a34b5daeaae075049f9e30d1ff5c08c2f25d5400c6440be6a0f9a10d1ae575a45ef8f826a65b242bcc19bd0e15bef3b09a880b02818100d6312ad44a3f788db59e4f3e372c54276b96a59520f78b7f109d8d5ecbb9ae85d6e17a4af8e0b0eab503afaa15b6d39648e51845ea5d4b78dab354dd47290b181342022d3c03bf0d516babbd06eb5e71d3cac3d65c0b42138a77a8f262cd4b1b35d06c9d36edb7828b044c9c2596b6c2862ac1b6ceea3b36fd0f53c4c84ee40f02818100e5800b78200888e1316f0a7a7d432a8161969289822f862af97f43d9c70a9d2f1a2aaad4b41538fd62ed53d34b04e9f93bcceeeeca7b1bab6ef8e506c238025b3cb81beaf008ddc52141ff6735272e202930b7e721d9cdc84069adcfa876baa358536faadbf34e0150b0eed732a14884cffc077b58c17e8ad280ce4b83464f5d0281806842c4a35384f3cc9f1471644a7d0475afd443c384a99ab87e4102d89af8467095b969cae6bc90c19edd2d7bf057ef449f350d0cb359386c9aa06275d7b6add4c942ff463f895f4d3f4dd6ea0b5d34bad9aa408bae803868c4a51c92e7ef20591d67d806eafee9addcb77a0723f0ea03644599c7bf8e9ac6588646736a41a497028181009c5d5de3c02760ce230f672f2374f29185aff1f7dd0c4b31bac99968b04d3b82d53a146498badcf3752d7b5c867672c934fe24c8225097d74f33014d82da5a6eb4d30b0a3dd85ba5cdbab9a7530dad58f721bd4b2ffc5848c0cd9597c45e25e1d65273a2d632c90c51a622e0cfa0ceea2562505cdd5e46378ebb16e0c2f1989c
Signature:8396e400686517e64b139c2e3318b9dbecb83b1c76b428298b75a075169291f2fca1a29c24caa368610028fdd96c794f4327954f07c0e0a189c616bedc697015a316b429aff25b117e6496f492d99bef5f202f9facca5d121e25dbbf7f789430824fe0e159ab31d1a133e119bdc363b99cc38749defc514f7489785aef4e2f30bf0024b21d88ff6769ea38082ca618cd151ca0cb68ee7044d39f16428206f1a29e76fe6ee5c8d1a7a62aef680cc56c9b2455f6e4cdffa7d1f95a6efe202ddc182f703f3c265829566a47ab7ea102f9c8b5b618c74a4ce4e1fd083fcfa6273e13a2533fc8addd41b6cc75fd4f8644f577cb1dcf3c2ff88db49645421a18a00ee9
..Rejected legacy signature:253e1d19bbe91064f2364c1e7db3ba8eb6dc5b19202e440eab6fbdf28c8c6ec05b812983713c338c72b6e99b8edf506a89ff9fc8e5c2c52362097a56dc228060eca01e1ff318c6c81617691438703411c1f953b21cd74331f87c9b8b189fdffdfe8550bd2bd1d47be915f8604a0f472199dd705e19b1b815f99b68d60bc257c7

Time: 108.376
There were 2 failures:
1) testByteBufferShiftedAlias(com.google.security.wycheproof.AesGcmTest)
java.lang.AssertionError: Overlapping buffers test failed with buffer type: direct buffers and output offset -1
	at com.google.security.wycheproof.AesGcmTest.testByteBufferShiftedAlias(AesGcmTest.java:583)
	at sun.reflect.NativeMethodAccessorImpl.invoke0(Native Method)
	at sun.reflect.NativeMethodAccessorImpl.invoke(NativeMethodAccessorImpl.java:62)
	at sun.reflect.DelegatingMethodAccessorImpl.invoke(DelegatingMethodAccessorImpl.java:43)
	at java.lang.reflect.Method.invoke(Method.java:498)
	at org.junit.runners.model.FrameworkMethod$1.runReflectiveCall(FrameworkMethod.java:47)
	at org.junit.internal.runners.model.ReflectiveCallable.run(ReflectiveCallable.java:12)
	at org.junit.runners.model.FrameworkMethod.invokeExplosively(FrameworkMethod.java:44)
	at org.junit.internal.runners.statements.InvokeMethod.evaluate(InvokeMethod.java:17)
	at org.junit.runners.ParentRunner.runLeaf(ParentRunner.java:271)
	at org.junit.runners.BlockJUnit4ClassRunner.runChild(BlockJUnit4ClassRunner.java:70)
	at org.junit.runners.BlockJUnit4ClassRunner.runChild(BlockJUnit4ClassRunner.java:50)
	at org.junit.runners.ParentRunner$3.run(ParentRunner.java:238)
	at org.junit.runners.ParentRunner$1.schedule(ParentRunner.java:63)
	at org.junit.runners.ParentRunner.runChildren(ParentRunner.java:236)
	at org.junit.runners.ParentRunner.access$000(ParentRunner.java:53)
	at org.junit.runners.ParentRunner$2.evaluate(ParentRunner.java:229)
	at org.junit.runners.ParentRunner.run(ParentRunner.java:309)
	at org.junit.runners.Suite.runChild(Suite.java:127)
	at org.junit.runners.Suite.runChild(Suite.java:26)
	at org.junit.runners.ParentRunner$3.run(ParentRunner.java:238)
	at org.junit.runners.ParentRunner$1.schedule(ParentRunner.java:63)
	at org.junit.runners.ParentRunner.runChildren(ParentRunner.java:236)
	at org.junit.runners.ParentRunner.access$000(ParentRunner.java:53)
	at org.junit.runners.ParentRunner$2.evaluate(ParentRunner.java:229)
	at org.junit.internal.runners.statements.RunBefores.evaluate(RunBefores.java:26)
	at org.junit.runners.ParentRunner.run(ParentRunner.java:309)
	at com.google.testing.junit.runner.internal.junit4.CancellableRequestFactory$CancellableRunner.run(CancellableRequestFactory.java:89)
	at org.junit.runner.JUnitCore.run(JUnitCore.java:160)
	at org.junit.runner.JUnitCore.run(JUnitCore.java:138)
	at com.google.testing.junit.runner.junit4.JUnit4Runner.run(JUnit4Runner.java:112)
	at com.google.testing.junit.runner.BazelTestRunner.runTestsInSuite(BazelTestRunner.java:144)
	at com.google.testing.junit.runner.BazelTestRunner.main(BazelTestRunner.java:82)
Caused by: java.lang.RuntimeException: error:1e000067:Cipher functions:OPENSSL_internal:BUFFER_TOO_SMALL
	at org.conscrypt.NativeCrypto.EVP_AEAD_CTX_seal(Native Method)
	at org.conscrypt.OpenSSLCipher$EVP_AEAD.doFinalInternal(OpenSSLCipher.java:1213)
	at org.conscrypt.OpenSSLCipher.engineDoFinal(OpenSSLCipher.java:389)
	at javax.crypto.CipherSpi.bufferCrypt(CipherSpi.java:830)
	at javax.crypto.CipherSpi.engineDoFinal(CipherSpi.java:730)
	at javax.crypto.Cipher.doFinal(Cipher.java:2460)
	at com.google.security.wycheproof.AesGcmTest.testByteBufferShiftedAlias(AesGcmTest.java:562)
	... 32 more
2) testByteBufferSize(com.google.security.wycheproof.AesGcmTest)
java.lang.AssertionError: ciphertext size:32 expected:<16> but was:<32>
	at org.junit.Assert.fail(Assert.java:88)
	at org.junit.Assert.failNotEquals(Assert.java:743)
	at org.junit.Assert.assertEquals(Assert.java:118)
	at org.junit.Assert.assertEquals(Assert.java:555)
	at com.google.security.wycheproof.AesGcmTest.testByteBufferSize(AesGcmTest.java:355)
	at sun.reflect.NativeMethodAccessorImpl.invoke0(Native Method)
	at sun.reflect.NativeMethodAccessorImpl.invoke(NativeMethodAccessorImpl.java:62)
	at sun.reflect.DelegatingMethodAccessorImpl.invoke(DelegatingMethodAccessorImpl.java:43)
	at java.lang.reflect.Method.invoke(Method.java:498)
	at org.junit.runners.model.FrameworkMethod$1.runReflectiveCall(FrameworkMethod.java:47)
	at org.junit.internal.runners.model.ReflectiveCallable.run(ReflectiveCallable.java:12)
	at org.junit.runners.model.FrameworkMethod.invokeExplosively(FrameworkMethod.java:44)
	at org.junit.internal.runners.statements.InvokeMethod.evaluate(InvokeMethod.java:17)
	at org.junit.runners.ParentRunner.runLeaf(ParentRunner.java:271)
	at org.junit.runners.BlockJUnit4ClassRunner.runChild(BlockJUnit4ClassRunner.java:70)
	at org.junit.runners.BlockJUnit4ClassRunner.runChild(BlockJUnit4ClassRunner.java:50)
	at org.junit.runners.ParentRunner$3.run(ParentRunner.java:238)
	at org.junit.runners.ParentRunner$1.schedule(ParentRunner.java:63)
	at org.junit.runners.ParentRunner.runChildren(ParentRunner.java:236)
	at org.junit.runners.ParentRunner.access$000(ParentRunner.java:53)
	at org.junit.runners.ParentRunner$2.evaluate(ParentRunner.java:229)
	at org.junit.runners.ParentRunner.run(ParentRunner.java:309)
	at org.junit.runners.Suite.runChild(Suite.java:127)
	at org.junit.runners.Suite.runChild(Suite.java:26)
	at org.junit.runners.ParentRunner$3.run(ParentRunner.java:238)
	at org.junit.runners.ParentRunner$1.schedule(ParentRunner.java:63)
	at org.junit.runners.ParentRunner.runChildren(ParentRunner.java:236)
	at org.junit.runners.ParentRunner.access$000(ParentRunner.java:53)
	at org.junit.runners.ParentRunner$2.evaluate(ParentRunner.java:229)
	at org.junit.internal.runners.statements.RunBefores.evaluate(RunBefores.java:26)
	at org.junit.runners.ParentRunner.run(ParentRunner.java:309)
	at com.google.testing.junit.runner.internal.junit4.CancellableRequestFactory$CancellableRunner.run(CancellableRequestFactory.java:89)
	at org.junit.runner.JUnitCore.run(JUnitCore.java:160)
	at org.junit.runner.JUnitCore.run(JUnitCore.java:138)
	at com.google.testing.junit.runner.junit4.JUnit4Runner.run(JUnit4Runner.java:112)
	at com.google.testing.junit.runner.BazelTestRunner.runTestsInSuite(BazelTestRunner.java:144)
	at com.google.testing.junit.runner.BazelTestRunner.main(BazelTestRunner.java:82)

FAILURES!!!
Tests run: 67,  Failures: 2


BazelTestRunner exiting with a return value of 1
JVM shutdown hooks (if any) will run now.
The JVM will exit once they complete.

-- JVM shutdown starting at 2018-04-05 21:59:06 --

