exec ${PAGER:-/usr/bin/less} "$0" || exit 1
-----------------------------------------------------------------------------
JUnit4 Test Runner
.AES/EAX/NoPadding: expecting test vectors with version 0.0a14 found vectors with version 0.2.3
Algorithm is not supported. Skipping test for AES/EAX/NoPadding
.AES/GCM/NoPadding: expecting test vectors with version 0.0a14 found vectors with version 0.2.3
Encrypted tcId: 68 0 size IV is not valid
Decrypted invalid ciphertext tcId: 68 0 size IV is not valid eq:true
Encrypted tcId: 69 0 size IV is not valid
Decrypted invalid ciphertext tcId: 69 0 size IV is not valid eq:true
Encrypted tcId: 70 0 size IV is not valid
Decrypted invalid ciphertext tcId: 70 0 size IV is not valid eq:true
Encrypted tcId: 71 0 size IV is not valid
Decrypted invalid ciphertext tcId: 71 0 size IV is not valid eq:true
Encrypted tcId: 72 0 size IV is not valid
Decrypted invalid ciphertext tcId: 72 0 size IV is not valid eq:true
Encrypted tcId: 73 0 size IV is not valid
Decrypted invalid ciphertext tcId: 73 0 size IV is not valid eq:true
E.AES/CBC/PKCS5Padding: expecting test vectors with version 0.2.1 found vectors with version 0.2.3
Number of distinct exceptions:1
Given final block not properly padded
.ECDH: expecting test vectors with version 0.1.3 found vectors with version 0.2.4
Test vector with tcId:199 comment:CVE-2017-10176: Issue with elliptic curve addition throws:java.lang.IllegalStateException
E.DSA: expecting test vectors with version 0.2.5 found vectors with version 0.2.3
DSA signature throws java.lang.ArrayIndexOutOfBoundsException: 48 dsa_test.json tcId:90 sig:3080021500aa6a258fbf7d90e15614676d377df8b10e38db4a0214496d5220b5f67d3532d1f991203bc3523b964c3b00
InvalidDSA signature verified. dsa_test.json tcId:112 sig:302c0214aa6a258fbf7d90e15614676d377df8b10e38db4a0214496d5220b5f67d3532d1f991203bc3523b964c3b
DSA signature throws java.lang.ArrayIndexOutOfBoundsException: 64 dsa_test.json tcId:299 sig:3080021c1e41b479ad576905b960fe14eadb91b0ccf34843dab916173bb8c9cd021d00ade65988d237d30f9ef41dd424a4e1c8f16967cf3365813fe878623600
InvalidDSA signature verified. dsa_test.json tcId:323 sig:303c021c1e41b479ad576905b960fe14eadb91b0ccf34843dab916173bb8c9cd021cade65988d237d30f9ef41dd424a4e1c8f16967cf3365813fe8786236
DSA signature throws java.lang.ArrayIndexOutOfBoundsException: 64 dsa_test.json tcId:508 sig:3080021d009b6fe4a1cbd4467d7584ae382ae3130a580e61b969a6067373d5ee93021c5fe8234711d68fade4142c8cf60f385470480c386c062b38fb42b11600
InvalidDSA signature verified. dsa_test.json tcId:530 sig:303c021c9b6fe4a1cbd4467d7584ae382ae3130a580e61b969a6067373d5ee93021c5fe8234711d68fade4142c8cf60f385470480c386c062b38fb42b116
Number of skipped keys:0
E.ECDSA: expecting test vectors with version 0.2.5 found vectors with version 0.2.4
Valid ECDSA signature not verified. ecdsa_test.json tcId:425 sig:3006020103020101
Valid ECDSA signature not verified. ecdsa_test.json tcId:426 sig:3006020103020103
Valid ECDSA signature not verified. ecdsa_test.json tcId:427 sig:3006020103020104
Valid ECDSA signature not verified. ecdsa_test.json tcId:430 sig:302302020100021d00c993264c993264c993264c99326411d2e55b3214a8d67528812a55ab
Valid ECDSA signature not verified. ecdsa_test.json tcId:431 sig:302702072d9b4d347952cc021c3e85d56474b5c55fbe86608442a84b2bf093b7d75f53a47250e1c70c
Valid ECDSA signature not verified. ecdsa_test.json tcId:433 sig:302302020100021d00d05434abacd859ed74185e75b751c6d9f60c7921dacfbb8e19cdba8e
Valid ECDSA signature not verified. ecdsa_test.json tcId:468 sig:303c021c706a46dc76dcb76798e60e6d89474788d16dc18032d268fd1a704fa6021c5555555555555555555555555555078ba03da56a069f0dc1c9740e14
Number of skipped keys:109
Skipped groups where curve = brainpoolP256r1
Skipped groups where curve = brainpoolP512r1
Skipped groups where curve = brainpoolP320r1
E.RSA: expecting test vectors with version 0.2.5 found vectors with version 0.2.3
Number of skipped keys:0
.Valid ECDSA signature not verified. ecdsa_secp224r1_sha224_test.json tcId:216 sig:3006020103020101
Valid ECDSA signature not verified. ecdsa_secp224r1_sha224_test.json tcId:217 sig:3006020103020103
Valid ECDSA signature not verified. ecdsa_secp224r1_sha224_test.json tcId:221 sig:302302020100021d00c993264c993264c993264c99326411d2e55b3214a8d67528812a55ab
Valid ECDSA signature not verified. ecdsa_secp224r1_sha224_test.json tcId:222 sig:302702072d9b4d347952cc021c3e85d56474b5c55fbe86608442a84b2bf093b7d75f53a47250e1c70c
Valid ECDSA signature not verified. ecdsa_secp224r1_sha224_test.json tcId:224 sig:302302020100021d00d05434abacd859ed74185e75b751c6d9f60c7921dacfbb8e19cdba8e
Number of skipped keys:0
E.Valid ECDSA signature not verified. ecdsa_secp224r1_sha256_test.json tcId:216 sig:3006020103020103
Valid ECDSA signature not verified. ecdsa_secp224r1_sha256_test.json tcId:217 sig:3006020103020104
Valid ECDSA signature not verified. ecdsa_secp224r1_sha256_test.json tcId:220 sig:302302020100021d00c993264c993264c993264c99326411d2e55b3214a8d67528812a55ab
Valid ECDSA signature not verified. ecdsa_secp224r1_sha256_test.json tcId:221 sig:302702072d9b4d347952cc021c3e85d56474b5c55fbe86608442a84b2bf093b7d75f53a47250e1c70c
Valid ECDSA signature not verified. ecdsa_secp224r1_sha256_test.json tcId:223 sig:302302020100021d00d05434abacd859ed74185e75b751c6d9f60c7921dacfbb8e19cdba8e
Valid ECDSA signature not verified. ecdsa_secp224r1_sha256_test.json tcId:258 sig:303c021c706a46dc76dcb76798e60e6d89474788d16dc18032d268fd1a704fa6021c5555555555555555555555555555078ba03da56a069f0dc1c9740e14
Number of skipped keys:0
E.Number of skipped keys:0
.Number of skipped keys:0
.Number of skipped keys:0
.Number of skipped keys:0
.Valid ECDSA signature not verified. ecdsa_secp384r1_sha512_test.json tcId:264 sig:3064023008d999057ba3d2d969260045c55b97f089025959a6f434d651d207d19fb96e9e4fe0e86ebe0e64f85b96a9c75295df61023055555555555555555555555555555555555555555555555542766f2b5167b9f51d5e0490c2e58d28f9a40878eeec6326
Number of skipped keys:0
E
Time: 4.574
There were 7 failures:
1) testAesGcm(com.google.security.wycheproof.JsonAeadTest)
java.lang.AssertionError: expected:<0> but was:<12>
	at org.junit.Assert.fail(Assert.java:88)
	at org.junit.Assert.failNotEquals(Assert.java:743)
	at org.junit.Assert.assertEquals(Assert.java:118)
	at org.junit.Assert.assertEquals(Assert.java:555)
	at org.junit.Assert.assertEquals(Assert.java:542)
	at com.google.security.wycheproof.JsonAeadTest.testVectors(JsonAeadTest.java:226)
	at com.google.security.wycheproof.JsonAeadTest.testAead(JsonAeadTest.java:242)
	at com.google.security.wycheproof.JsonAeadTest.testAesGcm(JsonAeadTest.java:247)
	at sun.reflect.NativeMethodAccessorImpl.invoke0(Native Method)
	at sun.reflect.NativeMethodAccessorImpl.invoke(NativeMethodAccessorImpl.java:62)
	at sun.reflect.DelegatingMethodAccessorImpl.invoke(DelegatingMethodAccessorImpl.java:43)
	at java.lang.reflect.Method.invoke(Method.java:498)
	at org.junit.runners.model.FrameworkMethod$1.runReflectiveCall(FrameworkMethod.java:47)
	at org.junit.internal.runners.model.ReflectiveCallable.run(ReflectiveCallable.java:12)
	at org.junit.runners.model.FrameworkMethod.invokeExplosively(FrameworkMethod.java:44)
	at org.junit.internal.runners.statements.InvokeMethod.evaluate(InvokeMethod.java:17)
	at org.junit.runners.ParentRunner.runLeaf(ParentRunner.java:271)
	at org.junit.runners.BlockJUnit4ClassRunner.runChild(BlockJUnit4ClassRunner.java:70)
	at org.junit.runners.BlockJUnit4ClassRunner.runChild(BlockJUnit4ClassRunner.java:50)
	at org.junit.runners.ParentRunner$3.run(ParentRunner.java:238)
	at org.junit.runners.ParentRunner$1.schedule(ParentRunner.java:63)
	at org.junit.runners.ParentRunner.runChildren(ParentRunner.java:236)
	at org.junit.runners.ParentRunner.access$000(ParentRunner.java:53)
	at org.junit.runners.ParentRunner$2.evaluate(ParentRunner.java:229)
	at org.junit.runners.ParentRunner.run(ParentRunner.java:309)
	at org.junit.runners.Suite.runChild(Suite.java:127)
	at org.junit.runners.Suite.runChild(Suite.java:26)
	at org.junit.runners.ParentRunner$3.run(ParentRunner.java:238)
	at org.junit.runners.ParentRunner$1.schedule(ParentRunner.java:63)
	at org.junit.runners.ParentRunner.runChildren(ParentRunner.java:236)
	at org.junit.runners.ParentRunner.access$000(ParentRunner.java:53)
	at org.junit.runners.ParentRunner$2.evaluate(ParentRunner.java:229)
	at org.junit.runners.ParentRunner.run(ParentRunner.java:309)
	at com.google.testing.junit.runner.internal.junit4.CancellableRequestFactory$CancellableRunner.run(CancellableRequestFactory.java:89)
	at org.junit.runner.JUnitCore.run(JUnitCore.java:160)
	at org.junit.runner.JUnitCore.run(JUnitCore.java:138)
	at com.google.testing.junit.runner.junit4.JUnit4Runner.run(JUnit4Runner.java:112)
	at com.google.testing.junit.runner.BazelTestRunner.runTestsInSuite(BazelTestRunner.java:144)
	at com.google.testing.junit.runner.BazelTestRunner.main(BazelTestRunner.java:82)
2) testEcdh(com.google.security.wycheproof.JsonEcdhTest)
java.lang.AssertionError: expected:<0> but was:<1>
	at org.junit.Assert.fail(Assert.java:88)
	at org.junit.Assert.failNotEquals(Assert.java:743)
	at org.junit.Assert.assertEquals(Assert.java:118)
	at org.junit.Assert.assertEquals(Assert.java:555)
	at org.junit.Assert.assertEquals(Assert.java:542)
	at com.google.security.wycheproof.JsonEcdhTest.testVectors(JsonEcdhTest.java:167)
	at com.google.security.wycheproof.JsonEcdhTest.testEcdh(JsonEcdhTest.java:185)
	at sun.reflect.NativeMethodAccessorImpl.invoke0(Native Method)
	at sun.reflect.NativeMethodAccessorImpl.invoke(NativeMethodAccessorImpl.java:62)
	at sun.reflect.DelegatingMethodAccessorImpl.invoke(DelegatingMethodAccessorImpl.java:43)
	at java.lang.reflect.Method.invoke(Method.java:498)
	at org.junit.runners.model.FrameworkMethod$1.runReflectiveCall(FrameworkMethod.java:47)
	at org.junit.internal.runners.model.ReflectiveCallable.run(ReflectiveCallable.java:12)
	at org.junit.runners.model.FrameworkMethod.invokeExplosively(FrameworkMethod.java:44)
	at org.junit.internal.runners.statements.InvokeMethod.evaluate(InvokeMethod.java:17)
	at org.junit.runners.ParentRunner.runLeaf(ParentRunner.java:271)
	at org.junit.runners.BlockJUnit4ClassRunner.runChild(BlockJUnit4ClassRunner.java:70)
	at org.junit.runners.BlockJUnit4ClassRunner.runChild(BlockJUnit4ClassRunner.java:50)
	at org.junit.runners.ParentRunner$3.run(ParentRunner.java:238)
	at org.junit.runners.ParentRunner$1.schedule(ParentRunner.java:63)
	at org.junit.runners.ParentRunner.runChildren(ParentRunner.java:236)
	at org.junit.runners.ParentRunner.access$000(ParentRunner.java:53)
	at org.junit.runners.ParentRunner$2.evaluate(ParentRunner.java:229)
	at org.junit.runners.ParentRunner.run(ParentRunner.java:309)
	at org.junit.runners.Suite.runChild(Suite.java:127)
	at org.junit.runners.Suite.runChild(Suite.java:26)
	at org.junit.runners.ParentRunner$3.run(ParentRunner.java:238)
	at org.junit.runners.ParentRunner$1.schedule(ParentRunner.java:63)
	at org.junit.runners.ParentRunner.runChildren(ParentRunner.java:236)
	at org.junit.runners.ParentRunner.access$000(ParentRunner.java:53)
	at org.junit.runners.ParentRunner$2.evaluate(ParentRunner.java:229)
	at org.junit.runners.ParentRunner.run(ParentRunner.java:309)
	at com.google.testing.junit.runner.internal.junit4.CancellableRequestFactory$CancellableRunner.run(CancellableRequestFactory.java:89)
	at org.junit.runner.JUnitCore.run(JUnitCore.java:160)
	at org.junit.runner.JUnitCore.run(JUnitCore.java:138)
	at com.google.testing.junit.runner.junit4.JUnit4Runner.run(JUnit4Runner.java:112)
	at com.google.testing.junit.runner.BazelTestRunner.runTestsInSuite(BazelTestRunner.java:144)
	at com.google.testing.junit.runner.BazelTestRunner.main(BazelTestRunner.java:82)
3) testDsa(com.google.security.wycheproof.JsonSignatureTest)
java.lang.AssertionError: expected:<0> but was:<6>
	at org.junit.Assert.fail(Assert.java:88)
	at org.junit.Assert.failNotEquals(Assert.java:743)
	at org.junit.Assert.assertEquals(Assert.java:118)
	at org.junit.Assert.assertEquals(Assert.java:555)
	at org.junit.Assert.assertEquals(Assert.java:542)
	at com.google.security.wycheproof.JsonSignatureTest.testVectors(JsonSignatureTest.java:242)
	at com.google.security.wycheproof.JsonSignatureTest.testSignatureScheme(JsonSignatureTest.java:272)
	at com.google.security.wycheproof.JsonSignatureTest.testDsa(JsonSignatureTest.java:321)
	at sun.reflect.NativeMethodAccessorImpl.invoke0(Native Method)
	at sun.reflect.NativeMethodAccessorImpl.invoke(NativeMethodAccessorImpl.java:62)
	at sun.reflect.DelegatingMethodAccessorImpl.invoke(DelegatingMethodAccessorImpl.java:43)
	at java.lang.reflect.Method.invoke(Method.java:498)
	at org.junit.runners.model.FrameworkMethod$1.runReflectiveCall(FrameworkMethod.java:47)
	at org.junit.internal.runners.model.ReflectiveCallable.run(ReflectiveCallable.java:12)
	at org.junit.runners.model.FrameworkMethod.invokeExplosively(FrameworkMethod.java:44)
	at org.junit.internal.runners.statements.InvokeMethod.evaluate(InvokeMethod.java:17)
	at org.junit.runners.ParentRunner.runLeaf(ParentRunner.java:271)
	at org.junit.runners.BlockJUnit4ClassRunner.runChild(BlockJUnit4ClassRunner.java:70)
	at org.junit.runners.BlockJUnit4ClassRunner.runChild(BlockJUnit4ClassRunner.java:50)
	at org.junit.runners.ParentRunner$3.run(ParentRunner.java:238)
	at org.junit.runners.ParentRunner$1.schedule(ParentRunner.java:63)
	at org.junit.runners.ParentRunner.runChildren(ParentRunner.java:236)
	at org.junit.runners.ParentRunner.access$000(ParentRunner.java:53)
	at org.junit.runners.ParentRunner$2.evaluate(ParentRunner.java:229)
	at org.junit.runners.ParentRunner.run(ParentRunner.java:309)
	at org.junit.runners.Suite.runChild(Suite.java:127)
	at org.junit.runners.Suite.runChild(Suite.java:26)
	at org.junit.runners.ParentRunner$3.run(ParentRunner.java:238)
	at org.junit.runners.ParentRunner$1.schedule(ParentRunner.java:63)
	at org.junit.runners.ParentRunner.runChildren(ParentRunner.java:236)
	at org.junit.runners.ParentRunner.access$000(ParentRunner.java:53)
	at org.junit.runners.ParentRunner$2.evaluate(ParentRunner.java:229)
	at org.junit.runners.ParentRunner.run(ParentRunner.java:309)
	at com.google.testing.junit.runner.internal.junit4.CancellableRequestFactory$CancellableRunner.run(CancellableRequestFactory.java:89)
	at org.junit.runner.JUnitCore.run(JUnitCore.java:160)
	at org.junit.runner.JUnitCore.run(JUnitCore.java:138)
	at com.google.testing.junit.runner.junit4.JUnit4Runner.run(JUnit4Runner.java:112)
	at com.google.testing.junit.runner.BazelTestRunner.runTestsInSuite(BazelTestRunner.java:144)
	at com.google.testing.junit.runner.BazelTestRunner.main(BazelTestRunner.java:82)
4) testEcdsa(com.google.security.wycheproof.JsonSignatureTest)
java.lang.AssertionError: expected:<0> but was:<7>
	at org.junit.Assert.fail(Assert.java:88)
	at org.junit.Assert.failNotEquals(Assert.java:743)
	at org.junit.Assert.assertEquals(Assert.java:118)
	at org.junit.Assert.assertEquals(Assert.java:555)
	at org.junit.Assert.assertEquals(Assert.java:542)
	at com.google.security.wycheproof.JsonSignatureTest.testVectors(JsonSignatureTest.java:242)
	at com.google.security.wycheproof.JsonSignatureTest.testSignatureScheme(JsonSignatureTest.java:272)
	at com.google.security.wycheproof.JsonSignatureTest.testEcdsa(JsonSignatureTest.java:277)
	at sun.reflect.NativeMethodAccessorImpl.invoke0(Native Method)
	at sun.reflect.NativeMethodAccessorImpl.invoke(NativeMethodAccessorImpl.java:62)
	at sun.reflect.DelegatingMethodAccessorImpl.invoke(DelegatingMethodAccessorImpl.java:43)
	at java.lang.reflect.Method.invoke(Method.java:498)
	at org.junit.runners.model.FrameworkMethod$1.runReflectiveCall(FrameworkMethod.java:47)
	at org.junit.internal.runners.model.ReflectiveCallable.run(ReflectiveCallable.java:12)
	at org.junit.runners.model.FrameworkMethod.invokeExplosively(FrameworkMethod.java:44)
	at org.junit.internal.runners.statements.InvokeMethod.evaluate(InvokeMethod.java:17)
	at org.junit.runners.ParentRunner.runLeaf(ParentRunner.java:271)
	at org.junit.runners.BlockJUnit4ClassRunner.runChild(BlockJUnit4ClassRunner.java:70)
	at org.junit.runners.BlockJUnit4ClassRunner.runChild(BlockJUnit4ClassRunner.java:50)
	at org.junit.runners.ParentRunner$3.run(ParentRunner.java:238)
	at org.junit.runners.ParentRunner$1.schedule(ParentRunner.java:63)
	at org.junit.runners.ParentRunner.runChildren(ParentRunner.java:236)
	at org.junit.runners.ParentRunner.access$000(ParentRunner.java:53)
	at org.junit.runners.ParentRunner$2.evaluate(ParentRunner.java:229)
	at org.junit.runners.ParentRunner.run(ParentRunner.java:309)
	at org.junit.runners.Suite.runChild(Suite.java:127)
	at org.junit.runners.Suite.runChild(Suite.java:26)
	at org.junit.runners.ParentRunner$3.run(ParentRunner.java:238)
	at org.junit.runners.ParentRunner$1.schedule(ParentRunner.java:63)
	at org.junit.runners.ParentRunner.runChildren(ParentRunner.java:236)
	at org.junit.runners.ParentRunner.access$000(ParentRunner.java:53)
	at org.junit.runners.ParentRunner$2.evaluate(ParentRunner.java:229)
	at org.junit.runners.ParentRunner.run(ParentRunner.java:309)
	at com.google.testing.junit.runner.internal.junit4.CancellableRequestFactory$CancellableRunner.run(CancellableRequestFactory.java:89)
	at org.junit.runner.JUnitCore.run(JUnitCore.java:160)
	at org.junit.runner.JUnitCore.run(JUnitCore.java:138)
	at com.google.testing.junit.runner.junit4.JUnit4Runner.run(JUnit4Runner.java:112)
	at com.google.testing.junit.runner.BazelTestRunner.runTestsInSuite(BazelTestRunner.java:144)
	at com.google.testing.junit.runner.BazelTestRunner.main(BazelTestRunner.java:82)
5) testSecp224r1Sha224(com.google.security.wycheproof.JsonSignatureTest)
java.lang.AssertionError: expected:<0> but was:<5>
	at org.junit.Assert.fail(Assert.java:88)
	at org.junit.Assert.failNotEquals(Assert.java:743)
	at org.junit.Assert.assertEquals(Assert.java:118)
	at org.junit.Assert.assertEquals(Assert.java:555)
	at org.junit.Assert.assertEquals(Assert.java:542)
	at com.google.security.wycheproof.JsonSignatureTest.testVectors(JsonSignatureTest.java:242)
	at com.google.security.wycheproof.JsonSignatureTest.testSignatureScheme(JsonSignatureTest.java:272)
	at com.google.security.wycheproof.JsonSignatureTest.testSecp224r1Sha224(JsonSignatureTest.java:282)
	at sun.reflect.NativeMethodAccessorImpl.invoke0(Native Method)
	at sun.reflect.NativeMethodAccessorImpl.invoke(NativeMethodAccessorImpl.java:62)
	at sun.reflect.DelegatingMethodAccessorImpl.invoke(DelegatingMethodAccessorImpl.java:43)
	at java.lang.reflect.Method.invoke(Method.java:498)
	at org.junit.runners.model.FrameworkMethod$1.runReflectiveCall(FrameworkMethod.java:47)
	at org.junit.internal.runners.model.ReflectiveCallable.run(ReflectiveCallable.java:12)
	at org.junit.runners.model.FrameworkMethod.invokeExplosively(FrameworkMethod.java:44)
	at org.junit.internal.runners.statements.InvokeMethod.evaluate(InvokeMethod.java:17)
	at org.junit.runners.ParentRunner.runLeaf(ParentRunner.java:271)
	at org.junit.runners.BlockJUnit4ClassRunner.runChild(BlockJUnit4ClassRunner.java:70)
	at org.junit.runners.BlockJUnit4ClassRunner.runChild(BlockJUnit4ClassRunner.java:50)
	at org.junit.runners.ParentRunner$3.run(ParentRunner.java:238)
	at org.junit.runners.ParentRunner$1.schedule(ParentRunner.java:63)
	at org.junit.runners.ParentRunner.runChildren(ParentRunner.java:236)
	at org.junit.runners.ParentRunner.access$000(ParentRunner.java:53)
	at org.junit.runners.ParentRunner$2.evaluate(ParentRunner.java:229)
	at org.junit.runners.ParentRunner.run(ParentRunner.java:309)
	at org.junit.runners.Suite.runChild(Suite.java:127)
	at org.junit.runners.Suite.runChild(Suite.java:26)
	at org.junit.runners.ParentRunner$3.run(ParentRunner.java:238)
	at org.junit.runners.ParentRunner$1.schedule(ParentRunner.java:63)
	at org.junit.runners.ParentRunner.runChildren(ParentRunner.java:236)
	at org.junit.runners.ParentRunner.access$000(ParentRunner.java:53)
	at org.junit.runners.ParentRunner$2.evaluate(ParentRunner.java:229)
	at org.junit.runners.ParentRunner.run(ParentRunner.java:309)
	at com.google.testing.junit.runner.internal.junit4.CancellableRequestFactory$CancellableRunner.run(CancellableRequestFactory.java:89)
	at org.junit.runner.JUnitCore.run(JUnitCore.java:160)
	at org.junit.runner.JUnitCore.run(JUnitCore.java:138)
	at com.google.testing.junit.runner.junit4.JUnit4Runner.run(JUnit4Runner.java:112)
	at com.google.testing.junit.runner.BazelTestRunner.runTestsInSuite(BazelTestRunner.java:144)
	at com.google.testing.junit.runner.BazelTestRunner.main(BazelTestRunner.java:82)
6) testSecp224r1Sha256(com.google.security.wycheproof.JsonSignatureTest)
java.lang.AssertionError: expected:<0> but was:<6>
	at org.junit.Assert.fail(Assert.java:88)
	at org.junit.Assert.failNotEquals(Assert.java:743)
	at org.junit.Assert.assertEquals(Assert.java:118)
	at org.junit.Assert.assertEquals(Assert.java:555)
	at org.junit.Assert.assertEquals(Assert.java:542)
	at com.google.security.wycheproof.JsonSignatureTest.testVectors(JsonSignatureTest.java:242)
	at com.google.security.wycheproof.JsonSignatureTest.testSignatureScheme(JsonSignatureTest.java:272)
	at com.google.security.wycheproof.JsonSignatureTest.testSecp224r1Sha256(JsonSignatureTest.java:287)
	at sun.reflect.NativeMethodAccessorImpl.invoke0(Native Method)
	at sun.reflect.NativeMethodAccessorImpl.invoke(NativeMethodAccessorImpl.java:62)
	at sun.reflect.DelegatingMethodAccessorImpl.invoke(DelegatingMethodAccessorImpl.java:43)
	at java.lang.reflect.Method.invoke(Method.java:498)
	at org.junit.runners.model.FrameworkMethod$1.runReflectiveCall(FrameworkMethod.java:47)
	at org.junit.internal.runners.model.ReflectiveCallable.run(ReflectiveCallable.java:12)
	at org.junit.runners.model.FrameworkMethod.invokeExplosively(FrameworkMethod.java:44)
	at org.junit.internal.runners.statements.InvokeMethod.evaluate(InvokeMethod.java:17)
	at org.junit.runners.ParentRunner.runLeaf(ParentRunner.java:271)
	at org.junit.runners.BlockJUnit4ClassRunner.runChild(BlockJUnit4ClassRunner.java:70)
	at org.junit.runners.BlockJUnit4ClassRunner.runChild(BlockJUnit4ClassRunner.java:50)
	at org.junit.runners.ParentRunner$3.run(ParentRunner.java:238)
	at org.junit.runners.ParentRunner$1.schedule(ParentRunner.java:63)
	at org.junit.runners.ParentRunner.runChildren(ParentRunner.java:236)
	at org.junit.runners.ParentRunner.access$000(ParentRunner.java:53)
	at org.junit.runners.ParentRunner$2.evaluate(ParentRunner.java:229)
	at org.junit.runners.ParentRunner.run(ParentRunner.java:309)
	at org.junit.runners.Suite.runChild(Suite.java:127)
	at org.junit.runners.Suite.runChild(Suite.java:26)
	at org.junit.runners.ParentRunner$3.run(ParentRunner.java:238)
	at org.junit.runners.ParentRunner$1.schedule(ParentRunner.java:63)
	at org.junit.runners.ParentRunner.runChildren(ParentRunner.java:236)
	at org.junit.runners.ParentRunner.access$000(ParentRunner.java:53)
	at org.junit.runners.ParentRunner$2.evaluate(ParentRunner.java:229)
	at org.junit.runners.ParentRunner.run(ParentRunner.java:309)
	at com.google.testing.junit.runner.internal.junit4.CancellableRequestFactory$CancellableRunner.run(CancellableRequestFactory.java:89)
	at org.junit.runner.JUnitCore.run(JUnitCore.java:160)
	at org.junit.runner.JUnitCore.run(JUnitCore.java:138)
	at com.google.testing.junit.runner.junit4.JUnit4Runner.run(JUnit4Runner.java:112)
	at com.google.testing.junit.runner.BazelTestRunner.runTestsInSuite(BazelTestRunner.java:144)
	at com.google.testing.junit.runner.BazelTestRunner.main(BazelTestRunner.java:82)
7) testSecp384r1Sha512(com.google.security.wycheproof.JsonSignatureTest)
java.lang.AssertionError: expected:<0> but was:<1>
	at org.junit.Assert.fail(Assert.java:88)
	at org.junit.Assert.failNotEquals(Assert.java:743)
	at org.junit.Assert.assertEquals(Assert.java:118)
	at org.junit.Assert.assertEquals(Assert.java:555)
	at org.junit.Assert.assertEquals(Assert.java:542)
	at com.google.security.wycheproof.JsonSignatureTest.testVectors(JsonSignatureTest.java:242)
	at com.google.security.wycheproof.JsonSignatureTest.testSignatureScheme(JsonSignatureTest.java:272)
	at com.google.security.wycheproof.JsonSignatureTest.testSecp384r1Sha512(JsonSignatureTest.java:307)
	at sun.reflect.NativeMethodAccessorImpl.invoke0(Native Method)
	at sun.reflect.NativeMethodAccessorImpl.invoke(NativeMethodAccessorImpl.java:62)
	at sun.reflect.DelegatingMethodAccessorImpl.invoke(DelegatingMethodAccessorImpl.java:43)
	at java.lang.reflect.Method.invoke(Method.java:498)
	at org.junit.runners.model.FrameworkMethod$1.runReflectiveCall(FrameworkMethod.java:47)
	at org.junit.internal.runners.model.ReflectiveCallable.run(ReflectiveCallable.java:12)
	at org.junit.runners.model.FrameworkMethod.invokeExplosively(FrameworkMethod.java:44)
	at org.junit.internal.runners.statements.InvokeMethod.evaluate(InvokeMethod.java:17)
	at org.junit.runners.ParentRunner.runLeaf(ParentRunner.java:271)
	at org.junit.runners.BlockJUnit4ClassRunner.runChild(BlockJUnit4ClassRunner.java:70)
	at org.junit.runners.BlockJUnit4ClassRunner.runChild(BlockJUnit4ClassRunner.java:50)
	at org.junit.runners.ParentRunner$3.run(ParentRunner.java:238)
	at org.junit.runners.ParentRunner$1.schedule(ParentRunner.java:63)
	at org.junit.runners.ParentRunner.runChildren(ParentRunner.java:236)
	at org.junit.runners.ParentRunner.access$000(ParentRunner.java:53)
	at org.junit.runners.ParentRunner$2.evaluate(ParentRunner.java:229)
	at org.junit.runners.ParentRunner.run(ParentRunner.java:309)
	at org.junit.runners.Suite.runChild(Suite.java:127)
	at org.junit.runners.Suite.runChild(Suite.java:26)
	at org.junit.runners.ParentRunner$3.run(ParentRunner.java:238)
	at org.junit.runners.ParentRunner$1.schedule(ParentRunner.java:63)
	at org.junit.runners.ParentRunner.runChildren(ParentRunner.java:236)
	at org.junit.runners.ParentRunner.access$000(ParentRunner.java:53)
	at org.junit.runners.ParentRunner$2.evaluate(ParentRunner.java:229)
	at org.junit.runners.ParentRunner.run(ParentRunner.java:309)
	at com.google.testing.junit.runner.internal.junit4.CancellableRequestFactory$CancellableRunner.run(CancellableRequestFactory.java:89)
	at org.junit.runner.JUnitCore.run(JUnitCore.java:160)
	at org.junit.runner.JUnitCore.run(JUnitCore.java:138)
	at com.google.testing.junit.runner.junit4.JUnit4Runner.run(JUnit4Runner.java:112)
	at com.google.testing.junit.runner.BazelTestRunner.runTestsInSuite(BazelTestRunner.java:144)
	at com.google.testing.junit.runner.BazelTestRunner.main(BazelTestRunner.java:82)

FAILURES!!!
Tests run: 14,  Failures: 7


BazelTestRunner exiting with a return value of 1
JVM shutdown hooks (if any) will run now.
The JVM will exit once they complete.

-- JVM shutdown starting at 2018-03-21 03:32:52 --

