exec ${PAGER:-/usr/bin/less} "$0" || exit 1
-----------------------------------------------------------------------------
JUnit4 Test Runner
.testDefaultTagSizeAlgorithmParameterGenerator:java.security.NoSuchAlgorithmException: GCM AlgorithmParameterGenerator not available
......E...testDefaultTagSizeIvParameterSpec:java.security.InvalidAlgorithmParameterException: Unsupported parameter: javax.crypto.spec.IvParameterSpec@75412c2f
........
Provider:SunPCSC
Provider.id className
Provider.id info
Provider.id name
Provider.id version
TerminalFactory.PC/SC

Provider:SunRsaSign
KeyFactory.RSA
KeyPairGenerator.RSA
Provider.id className
Provider.id info
Provider.id name
Provider.id version
Signature.MD2withRSA
Signature.MD2withRSA SupportedKeyClasses
Signature.MD5withRSA
Signature.MD5withRSA SupportedKeyClasses
Signature.SHA1withRSA
Signature.SHA1withRSA SupportedKeyClasses
Signature.SHA224withRSA
Signature.SHA224withRSA SupportedKeyClasses
Signature.SHA256withRSA
Signature.SHA256withRSA SupportedKeyClasses
Signature.SHA384withRSA
Signature.SHA384withRSA SupportedKeyClasses
Signature.SHA512withRSA
Signature.SHA512withRSA SupportedKeyClasses

Provider:SUN
AlgorithmParameterGenerator.DSA
AlgorithmParameterGenerator.DSA ImplementedIn
AlgorithmParameterGenerator.DSA KeySize
AlgorithmParameters.DSA
AlgorithmParameters.DSA ImplementedIn
CertPathBuilder.PKIX
CertPathBuilder.PKIX ImplementedIn
CertPathBuilder.PKIX ValidationAlgorithm
CertPathValidator.PKIX
CertPathValidator.PKIX ImplementedIn
CertPathValidator.PKIX ValidationAlgorithm
CertStore.Collection
CertStore.Collection ImplementedIn
CertStore.LDAP
CertStore.LDAP ImplementedIn
CertStore.LDAP LDAPSchema
CertStore.com.sun.security.IndexedCollection
CertStore.com.sun.security.IndexedCollection ImplementedIn
CertificateFactory.X.509
CertificateFactory.X.509 ImplementedIn
Configuration.JavaLoginConfig
KeyFactory.DSA
KeyFactory.DSA ImplementedIn
KeyPairGenerator.DSA
KeyPairGenerator.DSA ImplementedIn
KeyPairGenerator.DSA KeySize
KeyStore.CaseExactJKS
KeyStore.DKS
KeyStore.JKS
KeyStore.JKS ImplementedIn
MessageDigest.MD2
MessageDigest.MD5
MessageDigest.MD5 ImplementedIn
MessageDigest.SHA
MessageDigest.SHA ImplementedIn
MessageDigest.SHA-224
MessageDigest.SHA-256
MessageDigest.SHA-384
MessageDigest.SHA-512
Policy.JavaPolicy
Provider.id className
Provider.id info
Provider.id name
Provider.id version
SecureRandom.NativePRNG
SecureRandom.NativePRNGBlocking
SecureRandom.NativePRNGNonBlocking
SecureRandom.SHA1PRNG
SecureRandom.SHA1PRNG ImplementedIn
Signature.NONEwithDSA
Signature.NONEwithDSA KeySize
Signature.NONEwithDSA SupportedKeyClasses
Signature.SHA1withDSA
Signature.SHA1withDSA ImplementedIn
Signature.SHA1withDSA KeySize
Signature.SHA1withDSA SupportedKeyClasses
Signature.SHA224withDSA
Signature.SHA224withDSA KeySize
Signature.SHA224withDSA SupportedKeyClasses
Signature.SHA256withDSA
Signature.SHA256withDSA KeySize
Signature.SHA256withDSA SupportedKeyClasses

Provider:SunJGSS
GssApiMechanism.1.2.840.113554.1.2.2
GssApiMechanism.1.3.6.1.5.5.2
Provider.id className
Provider.id info
Provider.id name
Provider.id version

Provider:SunEC
AlgorithmParameters.EC
AlgorithmParameters.EC ImplementedIn
AlgorithmParameters.EC KeySize
AlgorithmParameters.EC SupportedCurves
KeyAgreement.ECDH
KeyAgreement.ECDH ImplementedIn
KeyAgreement.ECDH SupportedKeyClasses
KeyFactory.EC
KeyFactory.EC ImplementedIn
KeyPairGenerator.EC
KeyPairGenerator.EC ImplementedIn
KeyPairGenerator.EC KeySize
Provider.id className
Provider.id info
Provider.id name
Provider.id version
Signature.NONEwithECDSA
Signature.NONEwithECDSA ImplementedIn
Signature.NONEwithECDSA SupportedKeyClasses
Signature.SHA1withECDSA
Signature.SHA1withECDSA ImplementedIn
Signature.SHA1withECDSA KeySize
Signature.SHA1withECDSA SupportedKeyClasses
Signature.SHA224withECDSA
Signature.SHA224withECDSA ImplementedIn
Signature.SHA224withECDSA SupportedKeyClasses
Signature.SHA256withECDSA
Signature.SHA256withECDSA ImplementedIn
Signature.SHA256withECDSA SupportedKeyClasses
Signature.SHA384withECDSA
Signature.SHA384withECDSA ImplementedIn
Signature.SHA384withECDSA SupportedKeyClasses
Signature.SHA512withECDSA
Signature.SHA512withECDSA ImplementedIn
Signature.SHA512withECDSA SupportedKeyClasses

Provider:XMLDSig
KeyInfoFactory.DOM
Provider.id className
Provider.id info
Provider.id name
Provider.id version
TransformService.http://www.w3.org/2000/09/xmldsig#base64
TransformService.http://www.w3.org/2000/09/xmldsig#base64 MechanismType
TransformService.http://www.w3.org/2000/09/xmldsig#enveloped-signature
TransformService.http://www.w3.org/2000/09/xmldsig#enveloped-signature MechanismType
TransformService.http://www.w3.org/2001/10/xml-exc-c14n#
TransformService.http://www.w3.org/2001/10/xml-exc-c14n# MechanismType
TransformService.http://www.w3.org/2001/10/xml-exc-c14n#WithComments
TransformService.http://www.w3.org/2001/10/xml-exc-c14n#WithComments MechanismType
TransformService.http://www.w3.org/2002/06/xmldsig-filter2
TransformService.http://www.w3.org/2002/06/xmldsig-filter2 MechanismType
TransformService.http://www.w3.org/2006/12/xml-c14n11
TransformService.http://www.w3.org/2006/12/xml-c14n11 MechanismType
TransformService.http://www.w3.org/2006/12/xml-c14n11#WithComments
TransformService.http://www.w3.org/2006/12/xml-c14n11#WithComments MechanismType
TransformService.http://www.w3.org/TR/1999/REC-xpath-19991116
TransformService.http://www.w3.org/TR/1999/REC-xpath-19991116 MechanismType
TransformService.http://www.w3.org/TR/1999/REC-xslt-19991116
TransformService.http://www.w3.org/TR/1999/REC-xslt-19991116 MechanismType
TransformService.http://www.w3.org/TR/2001/REC-xml-c14n-20010315
TransformService.http://www.w3.org/TR/2001/REC-xml-c14n-20010315 MechanismType
TransformService.http://www.w3.org/TR/2001/REC-xml-c14n-20010315#WithComments
TransformService.http://www.w3.org/TR/2001/REC-xml-c14n-20010315#WithComments MechanismType
XMLSignatureFactory.DOM

Provider:SunSASL
Provider.id className
Provider.id info
Provider.id name
Provider.id version
SaslClientFactory.CRAM-MD5
SaslClientFactory.DIGEST-MD5
SaslClientFactory.EXTERNAL
SaslClientFactory.GSSAPI
SaslClientFactory.NTLM
SaslClientFactory.PLAIN
SaslServerFactory.CRAM-MD5
SaslServerFactory.DIGEST-MD5
SaslServerFactory.GSSAPI
SaslServerFactory.NTLM

Provider:SunJCE
AlgorithmParameterGenerator.DiffieHellman
AlgorithmParameters.AES
AlgorithmParameters.Blowfish
AlgorithmParameters.DES
AlgorithmParameters.DESede
AlgorithmParameters.DiffieHellman
AlgorithmParameters.GCM
AlgorithmParameters.OAEP
AlgorithmParameters.PBE
AlgorithmParameters.PBES2
AlgorithmParameters.PBEWithHmacSHA1AndAES_128
AlgorithmParameters.PBEWithHmacSHA1AndAES_256
AlgorithmParameters.PBEWithHmacSHA224AndAES_128
AlgorithmParameters.PBEWithHmacSHA224AndAES_256
AlgorithmParameters.PBEWithHmacSHA256AndAES_128
AlgorithmParameters.PBEWithHmacSHA256AndAES_256
AlgorithmParameters.PBEWithHmacSHA384AndAES_128
AlgorithmParameters.PBEWithHmacSHA384AndAES_256
AlgorithmParameters.PBEWithHmacSHA512AndAES_128
AlgorithmParameters.PBEWithHmacSHA512AndAES_256
AlgorithmParameters.PBEWithMD5AndDES
AlgorithmParameters.PBEWithMD5AndTripleDES
AlgorithmParameters.PBEWithSHA1AndDESede
AlgorithmParameters.PBEWithSHA1AndRC2_128
AlgorithmParameters.PBEWithSHA1AndRC2_40
AlgorithmParameters.PBEWithSHA1AndRC4_128
AlgorithmParameters.PBEWithSHA1AndRC4_40
AlgorithmParameters.RC2
Cipher.AES
Cipher.AES SupportedKeyFormats
Cipher.AES SupportedModes
Cipher.AES SupportedPaddings
Cipher.AESWrap
Cipher.AESWrap SupportedKeyFormats
Cipher.AESWrap SupportedModes
Cipher.AESWrap SupportedPaddings
Cipher.AESWrap_128
Cipher.AESWrap_192
Cipher.AESWrap_256
Cipher.AES_128/CBC/NoPadding
Cipher.AES_128/CFB/NoPadding
Cipher.AES_128/ECB/NoPadding
Cipher.AES_128/GCM/NoPadding
Cipher.AES_128/OFB/NoPadding
Cipher.AES_192/CBC/NoPadding
Cipher.AES_192/CFB/NoPadding
Cipher.AES_192/ECB/NoPadding
Cipher.AES_192/GCM/NoPadding
Cipher.AES_192/OFB/NoPadding
Cipher.AES_256/CBC/NoPadding
Cipher.AES_256/CFB/NoPadding
Cipher.AES_256/ECB/NoPadding
Cipher.AES_256/GCM/NoPadding
Cipher.AES_256/OFB/NoPadding
Cipher.ARCFOUR
Cipher.ARCFOUR SupportedKeyFormats
Cipher.ARCFOUR SupportedModes
Cipher.ARCFOUR SupportedPaddings
Cipher.Blowfish
Cipher.Blowfish SupportedKeyFormats
Cipher.Blowfish SupportedModes
Cipher.Blowfish SupportedPaddings
Cipher.DES
Cipher.DES SupportedKeyFormats
Cipher.DES SupportedModes
Cipher.DES SupportedPaddings
Cipher.DESede
Cipher.DESede SupportedKeyFormats
Cipher.DESede SupportedModes
Cipher.DESede SupportedPaddings
Cipher.DESedeWrap
Cipher.DESedeWrap SupportedKeyFormats
Cipher.DESedeWrap SupportedModes
Cipher.DESedeWrap SupportedPaddings
Cipher.PBEWithHmacSHA1AndAES_128
Cipher.PBEWithHmacSHA1AndAES_256
Cipher.PBEWithHmacSHA224AndAES_128
Cipher.PBEWithHmacSHA224AndAES_256
Cipher.PBEWithHmacSHA256AndAES_128
Cipher.PBEWithHmacSHA256AndAES_256
Cipher.PBEWithHmacSHA384AndAES_128
Cipher.PBEWithHmacSHA384AndAES_256
Cipher.PBEWithHmacSHA512AndAES_128
Cipher.PBEWithHmacSHA512AndAES_256
Cipher.PBEWithMD5AndDES
Cipher.PBEWithMD5AndTripleDES
Cipher.PBEWithSHA1AndDESede
Cipher.PBEWithSHA1AndRC2_128
Cipher.PBEWithSHA1AndRC2_40
Cipher.PBEWithSHA1AndRC4_128
Cipher.PBEWithSHA1AndRC4_40
Cipher.RC2
Cipher.RC2 SupportedKeyFormats
Cipher.RC2 SupportedModes
Cipher.RC2 SupportedPaddings
Cipher.RSA
Cipher.RSA SupportedKeyClasses
Cipher.RSA SupportedModes
Cipher.RSA SupportedPaddings
KeyAgreement.DiffieHellman
KeyAgreement.DiffieHellman SupportedKeyClasses
KeyFactory.DiffieHellman
KeyGenerator.AES
KeyGenerator.ARCFOUR
KeyGenerator.Blowfish
KeyGenerator.DES
KeyGenerator.DESede
KeyGenerator.HmacMD5
KeyGenerator.HmacSHA1
KeyGenerator.HmacSHA224
KeyGenerator.HmacSHA256
KeyGenerator.HmacSHA384
KeyGenerator.HmacSHA512
KeyGenerator.RC2
KeyGenerator.SunTls12Prf
KeyGenerator.SunTlsKeyMaterial
KeyGenerator.SunTlsMasterSecret
KeyGenerator.SunTlsPrf
KeyGenerator.SunTlsRsaPremasterSecret
KeyPairGenerator.DiffieHellman
KeyStore.JCEKS
Mac.HmacMD5
Mac.HmacMD5 SupportedKeyFormats
Mac.HmacPBESHA1
Mac.HmacPBESHA1 SupportedKeyFormats
Mac.HmacSHA1
Mac.HmacSHA1 SupportedKeyFormats
Mac.HmacSHA224
Mac.HmacSHA224 SupportedKeyFormats
Mac.HmacSHA256
Mac.HmacSHA256 SupportedKeyFormats
Mac.HmacSHA384
Mac.HmacSHA384 SupportedKeyFormats
Mac.HmacSHA512
Mac.HmacSHA512 SupportedKeyFormats
Mac.PBEWithHmacSHA1
Mac.PBEWithHmacSHA1 SupportedKeyFormatS
Mac.PBEWithHmacSHA224
Mac.PBEWithHmacSHA224 SupportedKeyFormats
Mac.PBEWithHmacSHA256
Mac.PBEWithHmacSHA256 SupportedKeyFormats
Mac.PBEWithHmacSHA384
Mac.PBEWithHmacSHA384 SupportedKeyFormats
Mac.PBEWithHmacSHA512
Mac.PBEWithHmacSHA512 SupportedKeyFormats
Mac.SslMacMD5
Mac.SslMacMD5 SupportedKeyFormats
Mac.SslMacSHA1
Mac.SslMacSHA1 SupportedKeyFormats
Provider.id className
Provider.id info
Provider.id name
Provider.id version
SecretKeyFactory.DES
SecretKeyFactory.DESede
SecretKeyFactory.PBEWithHmacSHA1AndAES_128
SecretKeyFactory.PBEWithHmacSHA1AndAES_256
SecretKeyFactory.PBEWithHmacSHA224AndAES_128
SecretKeyFactory.PBEWithHmacSHA224AndAES_256
SecretKeyFactory.PBEWithHmacSHA256AndAES_128
SecretKeyFactory.PBEWithHmacSHA256AndAES_256
SecretKeyFactory.PBEWithHmacSHA384AndAES_128
SecretKeyFactory.PBEWithHmacSHA384AndAES_256
SecretKeyFactory.PBEWithHmacSHA512AndAES_128
SecretKeyFactory.PBEWithHmacSHA512AndAES_256
SecretKeyFactory.PBEWithMD5AndDES
SecretKeyFactory.PBEWithMD5AndTripleDES
SecretKeyFactory.PBEWithSHA1AndDESede
SecretKeyFactory.PBEWithSHA1AndRC2_128
SecretKeyFactory.PBEWithSHA1AndRC2_40
SecretKeyFactory.PBEWithSHA1AndRC4_128
SecretKeyFactory.PBEWithSHA1AndRC4_40
SecretKeyFactory.PBKDF2WithHmacSHA1
SecretKeyFactory.PBKDF2WithHmacSHA224
SecretKeyFactory.PBKDF2WithHmacSHA256
SecretKeyFactory.PBKDF2WithHmacSHA384
SecretKeyFactory.PBKDF2WithHmacSHA512

Provider:SunJSSE
KeyFactory.RSA
KeyManagerFactory.NewSunX509
KeyManagerFactory.SunX509
KeyPairGenerator.RSA
KeyStore.PKCS12
Provider.id className
Provider.id info
Provider.id name
Provider.id version
SSLContext.Default
SSLContext.TLS
SSLContext.TLSv1
SSLContext.TLSv1.1
SSLContext.TLSv1.2
Signature.MD2withRSA
Signature.MD5andSHA1withRSA
Signature.MD5withRSA
Signature.SHA1withRSA
TrustManagerFactory.PKIX
TrustManagerFactory.SunX509
...Skipping testAesEax
...Skipping testAesEax
...p=fd7f53811d75122952df4a9c2eece4e7f611b7523cef4400c31e3f80b6512669455d402251fb593d8d58fabfc5f5ba30f6cb9b556cd7813b801d346ff26660b76b9950a5a49f9fe8047b1022c24fbba9d7feb7c61bf83b57e7c6a8a6150f04fb83f6d3c51ec3023554135a169132f675f3ae2b61d72aeff22203199dd14801c7
g=f7e1a085d69b3ddecbbcab5c36b857b97994afbbfa3aea82f9574c0b3d0782675159578ebad4594fe67107108180b449167123e84c281613b7cf09328cc8a6e13c167a8b547c8d28e0a3ae1e2bb3a675916ea37f0bfa213562f1fb627a01243bcca4f1bea8519089a883dfe15ae59f06928b665e807b552564014c3bfecf492a
testKeyPairGenerator L=512
p is a safe prime:false
r=1020544e6b44f84852c05388a4c9555966f91aa28c0927d6b5e5741560d606e8d683857fe36f84ac61f3a5fd8a96b0a7174b642c861ddb5158b2c283afe25b01a1ac01d925acee731d2313cdabc7439c28f02430cc3e1cf5b5ae2264fc449083c59ce5bbd12e940bfc8c3764803a24552cfb20364d2420807ec92eb7645b
..E....Message:Hello
Hash:185f8db32271fe25f561a6fc938b2e264306ec304eda518007d1764826381969
Params:
p:18111848663142005571178770624881214696591339256823507023544605891411707081617152319519180201250440615163700426054396403795303435564101919053459832890139496933938670005799610981765220283775567361483662648340339405220348871308593627647076689407931875483406244310337925809427432681864623551598136302441690546585427193224254314088256212718983105131138772434658820375111735710449331518776858786793875865418124429269409118756812841019074631004956409706877081612616347900606555802111224022921017725537417047242635829949739109274666495826205002104010355456981211025738812433088757102520562459649777989718122219159982614304359
q:19689526866605154788513693571065914024068069442724893395618704484701
g:2859278237642201956931085611015389087970918161297522023542900348087718063098423976428252369340967506010054236052095950169272612831491902295835660747775572934757474194739347115870723217560530672532404847508798651915566434553729839971841903983916294692452760249019857108409189016993380919900231322610083060784269299257074905043636029708121288037909739559605347853174853410208334242027740275688698461842637641566056165699733710043802697192696426360843173620679214131951400148855611740858610821913573088059404459364892373027492936037789337011875710759208498486908611261954026964574111219599568903257472567764789616958430
Private key:
X:1883678345067607174817906299933879171201966728950623246573067087339
encoded:3082025c0201003082023506072a8648ce3804013082022802820101008f7935d9b9aae9bfabed887acf4951b6f32ec59e3baf3718e8eac4961f3efd3606e74351a9c4183339b809e7c2ae1c539ba7475b85d011adb8b47987754984695cac0e8f14b3360828a22ffa27110a3d62a993453409a0fe696c4658f84bdd20819c3709a01057b195adcd00233dba5484b6291f9d648ef883448677979cec04b434a6ac2e75e9985de23db0292fc1118c9ffa9d8181e7338db792b730d7b9e349592f68099872153915ea3d6b8b4653c633458f803b32a4c2e0f27290256e4e3f8a3b0838a1c450e4e18c1a29a37ddf5ea143de4b66ff04903ed5cf1623e158d487c608e97f211cd81dca23cb6e380765f822e342be484c05763939601cd667021d00baf696a68578f7dfdee7fa67c977c785ef32b233bae580c0bcd5695d0282010016a65c58204850704e7502a39757040d34da3a3478c154d4e4a5c02d242ee04f96e61e4bd0904abdac8f37eeb1e09f3182d23c9043cb642f88004160edf9ca09b32076a79c32a627f2473e91879ba2c4e744bd2081544cb55b802c368d1fa83ed489e94e0fa0688e32428a5c78c478c68d0527b71c9a3abb0b0be12c44689639e7d3ce74db101a65aa2b87f64c6826db3ec72f4b5599834bb4edb02f7c90e9a496d3a55d535bebfc45d4f619f63f3dedbb873925c2f224e07731296da887ec1e4748f87efb5fdeb75484316b2232dee553ddaf02112b0d1f02da30973224fe27aeda8b9d4b2922d9ba8be39ed9e103a63c52810bc688b7e2ed4316e1ef17dbde041e021c11e2f7e97862c1f69060f69eb2c60f803b6a87a26fc120f3753cadeb
Public key:
Y:8002512787590503618382703847282643584427476968836186388174683648403779648573054037405734248742040588138765280651535972795819740330865409654574976169032692450303182900232899936873731639526437257821306702054570165481597088105341047223785026198374971340504853454724906449339797403419015708970091983760186785435233211077451569874865070042822555426147717809022132320981689233400054399715656312615623636295511917309550531343729051647201494403515411193839721804819118832483256593315385709070883593491664928957144825111758782106292287796811679400343660472023078215286425652569309817468839099171083773407894763194999046446434
encoded:308203423082023506072a8648ce3804013082022802820101008f7935d9b9aae9bfabed887acf4951b6f32ec59e3baf3718e8eac4961f3efd3606e74351a9c4183339b809e7c2ae1c539ba7475b85d011adb8b47987754984695cac0e8f14b3360828a22ffa27110a3d62a993453409a0fe696c4658f84bdd20819c3709a01057b195adcd00233dba5484b6291f9d648ef883448677979cec04b434a6ac2e75e9985de23db0292fc1118c9ffa9d8181e7338db792b730d7b9e349592f68099872153915ea3d6b8b4653c633458f803b32a4c2e0f27290256e4e3f8a3b0838a1c450e4e18c1a29a37ddf5ea143de4b66ff04903ed5cf1623e158d487c608e97f211cd81dca23cb6e380765f822e342be484c05763939601cd667021d00baf696a68578f7dfdee7fa67c977c785ef32b233bae580c0bcd5695d0282010016a65c58204850704e7502a39757040d34da3a3478c154d4e4a5c02d242ee04f96e61e4bd0904abdac8f37eeb1e09f3182d23c9043cb642f88004160edf9ca09b32076a79c32a627f2473e91879ba2c4e744bd2081544cb55b802c368d1fa83ed489e94e0fa0688e32428a5c78c478c68d0527b71c9a3abb0b0be12c44689639e7d3ce74db101a65aa2b87f64c6826db3ec72f4b5599834bb4edb02f7c90e9a496d3a55d535bebfc45d4f619f63f3dedbb873925c2f224e07731296da887ec1e4748f87efb5fdeb75484316b2232dee553ddaf02112b0d1f02da30973224fe27aeda8b9d4b2922d9ba8be39ed9e103a63c52810bc688b7e2ed4316e1ef17dbde0382010500028201003f646176718f9214a902b291cc4aff0509f21a9ded532e9c6db0bfd0062158dbd3094e1474acb5d4c5a0606076f0042175f2255a818f644d61ed6aabd1585844e2153df04911eef5c241d64f53f169cb619cfbd0e9f4b408851a158c0bebaa7eaf7ddca93e0806bebef755d70e1a209eab973827cb5889766ee34b36842086e4b724458508422f4935e5e0bdef4d3f4cba3b0ee666a362f3bd0b22a8bdccd52a949fcb7b50205cb9fa4302639615b262a23c51f670e80f4b147ad30680e7701811f973b8a5206bce9f6942d2dcb90b85640d3a4ccbc0b884093c6d5e0415c9c5090d82b1dad71fc8940adbabf517aac90f97e26482bef056b7c167d3791c9d62
Signature:303d021c7688b24b4ca06bba5c11c31df9037a6778d24a35d639ddf27473c94e021d009557bd7e960d264ee29e14eb743060e492390254de6949da18f181c2
r:12483084079472057128977057288483825496094911488699760897183119034702
s:15727625688621189440774410094637973595889741782041919652471225024962
...testDefaultSize: keysize=1024
E......java.security.spec.InvalidKeySpecException: java.security.InvalidKeyException: IOException: Only named ECParameters supported
java.security.spec.InvalidKeySpecException: java.security.InvalidKeyException: IOException: Only named ECParameters supported
java.security.spec.InvalidKeySpecException: java.security.InvalidKeyException: IOException: Only named ECParameters supported
java.security.spec.InvalidKeySpecException: java.security.InvalidKeyException: IOException: Only named ECParameters supported
java.security.spec.InvalidKeySpecException: java.security.InvalidKeyException: IOException: Only named ECParameters supported
..Encoded ECPrivateKey:3041020100301306072a8648ce3d020106082a8648ce3d030107042730250201010420458422260f7add0e6f437dcfae4722435109d050fcecf553c5d3aea555df19fb
...testWrongOrder: ECDHC not supported
testWrongOrder: ECDHC not supported
..testModifiedPublic:public point not on curve throws java.security.InvalidKeyException: Public key must be on the private key's curve
testModifiedPublic:public point = (0,0) throws java.security.InvalidKeyException: Public key must be on the private key's curve
testModifiedPublic:order = 1 throws java.security.spec.InvalidKeySpecException: java.security.InvalidKeyException: IOException: Only named ECParameters supported
testModifiedPublic:order = 26959946660873538060741835960514744168612397095220107664918121663170 throws java.security.spec.InvalidKeySpecException: java.security.InvalidKeyException: IOException: Only named ECParameters supported
testModifiedPublic:generator = (0,0) throws java.security.spec.InvalidKeySpecException: java.security.InvalidKeyException: IOException: Only named ECParameters supported
testModifiedPublic:generator not on curve throws java.security.spec.InvalidKeySpecException: java.security.InvalidKeyException: IOException: Only named ECParameters supported
testModifiedPublic:cofactor = 2 throws java.security.spec.InvalidKeySpecException: java.security.InvalidKeyException: IOException: Only named ECParameters supported
testModifiedPublic:cofactor = None throws java.security.spec.InvalidKeySpecException: java.security.InvalidKeyException: IOException: Only named ECParameters supported
testModifiedPublic:modified prime throws java.security.spec.InvalidKeySpecException: java.security.InvalidKeyException: IOException: Only named ECParameters supported
testModifiedPublic:using secp224r1 throws java.security.InvalidKeyException: Public key must be on the private key's curve
testModifiedPublic:a = 0 throws java.security.spec.InvalidKeySpecException: java.security.InvalidKeyException: IOException: Only named ECParameters supported
testModifiedPublic:new curve with generator of order 3 that is also on secp256r1 throws java.security.spec.InvalidKeySpecException: java.security.InvalidKeyException: IOException: Only named ECParameters supported
testModifiedPublic:order = -115792089210356248762697446949407573529996955224135760342422259061068512044369 throws java.security.spec.InvalidKeySpecException: java.security.InvalidKeyException: IOException: Only named ECParameters supported
testModifiedPublic:order = 0 throws java.security.spec.InvalidKeySpecException: java.security.InvalidKeyException: IOException: Only named ECParameters supported
testModifiedPublic:cofactor = -1 throws java.security.spec.InvalidKeySpecException: java.security.InvalidKeyException: IOException: Only named ECParameters supported
testModifiedPublic:cofactor = 0 throws java.security.spec.InvalidKeySpecException: java.security.InvalidKeyException: IOException: Only named ECParameters supported
testWrongOrder: ECDHC not supported
.testWrongOrder: can't modify order.
testWrongOrder: could not generate keys for curve
..testModifiedPublic:public point not on curve throws java.security.InvalidKeyException: Public key must be on the private key's curve
testModifiedPublic:public point = (0,0) throws java.security.InvalidKeyException: Public key must be on the private key's curve
testModifiedPublic:order = 1 throws java.security.spec.InvalidKeySpecException: java.security.InvalidKeyException: EC parameters error
testModifiedPublic:order = 26959946660873538060741835960514744168612397095220107664918121663170 throws java.security.spec.InvalidKeySpecException: java.security.InvalidKeyException: EC parameters error
testModifiedPublic:generator = (0,0) throws java.security.spec.InvalidKeySpecException: java.security.InvalidKeyException: EC parameters error
testModifiedPublic:generator not on curve throws java.security.spec.InvalidKeySpecException: java.security.InvalidKeyException: EC parameters error
testModifiedPublic:cofactor = 2 throws java.security.spec.InvalidKeySpecException: java.security.InvalidKeyException: EC parameters error
modified prime throws java.lang.IllegalArgumentException: first coefficient is too large
testModifiedPublic:using secp224r1 throws java.security.InvalidKeyException: Public key must be on the private key's curve
testModifiedPublic:a = 0 throws java.security.spec.InvalidKeySpecException: java.security.InvalidKeyException: EC parameters error
testModifiedPublic:new curve with generator of order 3 that is also on secp256r1 throws java.security.spec.InvalidKeySpecException: java.security.InvalidKeyException: EC parameters error
order = -115792089210356248762697446949407573529996955224135760342422259061068512044369 throws java.lang.IllegalArgumentException: n is not positive
order = 0 throws java.lang.IllegalArgumentException: n is not positive
cofactor = -1 throws java.lang.IllegalArgumentException: h is not positive
cofactor = 0 throws java.lang.IllegalArgumentException: h is not positive
testWrongOrder: ECDHC not supported
.E....Message:Hello
Hash:185f8db32271fe25f561a6fc938b2e264306ec304eda518007d1764826381969
Curve:secp256r1
Order:115792089210356248762697446949407573529996955224135760342422259061068512044369
Private key:
S:104119205271022681900090718728636474427978480015584836985824903025664434173329
encoded:3041020100301306072a8648ce3d020106082a8648ce3d030107042730250201010420e63161bdf5aaa6815083095386db0eac68091eea02a05ace2f9ae2b3d328f591
Public key:
X:105288896380850273567319825564561566808369885091496421800189776983342084445987
Y:2970663089917691246226448821496555014260475585030730229805257197293392466476
encoded:3059301306072a8648ce3d020106082a8648ce3d03010703420004e8c7674c8ca5c0435fa2e194ada9fa2afc167268da653408591219e7f32ad723069155f20c243deb12067934abc1eb50c865df39f423c51b9178445b6a6d922c
Signature:304502205421289ef15f3e56dc2199254390037283085ac898228427b8d3bcf44ff110a2022100ba3416c069ca80236e5aa8a3497f66561b128f12784155b093a897f9985ae16a
r:38052865589076951539333819533932535611371851308358088785042559094088161890466
s:84222222909726508223720116338056739234311162763384763944568173139192631189866
.............testDefaultSize: keysize=1024
E..generatePublic throws:Negative length for BitArray for 3013300d06092a864886f70d010101050003023000
generatePublic throws:null for 3011300d06092a864886f70d01010105000300
E..Message:Hello
Hash:185f8db32271fe25f561a6fc938b2e264306ec304eda518007d1764826381969
Public key:
Modulus:25571838020510828338738145671649819158821559020042855108936156396349121357727447786342730668345588670624056927856589194953292098089529566775428294977677042218094589046635387844192794335311657652180775690531372127026176171471857719891723516575268872841566891557093210249247053267461113516836704827718461809812446490660066081660513022841486084991652522646780448558195284395405119534538329196434823239080985523768726451724963869984983999102142606765297084375760165859191670694527510251188736482077964165056213375798978861705997409717675977215871253332966229740605209526624319917556592264143222730108443808803356758913369
E:65537
encoded:30820122300d06092a864886f70d01010105000382010f003082010a0282010100ca9166ebfa61da05397e3632a574be80e0692b0bff81900d35e575ec99351c0079283b656ff84ef4319d6aa0bb857222a875db20c9c4b30ecd6cb3beeb0944a6bdcf4d725ce4eead34b8f5125c01eba30a4aea1fe1defaa48f4b6b2891cc9f658861dec5600ed081c0f6293674e5074f506ec0113feb2007a003026af819e88bbee74b15c5c2d3bac0c0595dccd510975f3374cb3a50cf40dab0121280e8fa6bdbb9e2cc9759a64c55685e47457904857622dcc16e11dcebed97dce4e776bb487f94cfafc4dd20493ac28422df2a9c74e4637564c9b85bf4e464ae73589974ff34d016f8afa1ffcb37b072479469197a766df634625c567759600c52c44e31590203010001
Private key:
D:19695976922949564259621650628096183400201331403843984927428464875946578999578346725651286428685301812956973093128231523915532882606211353459726100887791350490333379097243711301999845468328758639650597300862758475792717408235903901379288335897072221238332751758837772051840834259043015214350415586517120332570860435829469705341489004700135988706693612143281618510095870406354564540345127000283692342877240489117908990316533030020005789401165773541130142996469887498459586506225444372917806220305944487041511534537584599204417210420608698280575964417537814148197865082416575716195300433496197566530249770027091612102009
encoded:308204bf020100300d06092a864886f70d0101010500048204a9308204a50201000282010100ca9166ebfa61da05397e3632a574be80e0692b0bff81900d35e575ec99351c0079283b656ff84ef4319d6aa0bb857222a875db20c9c4b30ecd6cb3beeb0944a6bdcf4d725ce4eead34b8f5125c01eba30a4aea1fe1defaa48f4b6b2891cc9f658861dec5600ed081c0f6293674e5074f506ec0113feb2007a003026af819e88bbee74b15c5c2d3bac0c0595dccd510975f3374cb3a50cf40dab0121280e8fa6bdbb9e2cc9759a64c55685e47457904857622dcc16e11dcebed97dce4e776bb487f94cfafc4dd20493ac28422df2a9c74e4637564c9b85bf4e464ae73589974ff34d016f8afa1ffcb37b072479469197a766df634625c567759600c52c44e3159020301000102820101009c05ae4e67c5e2954f9924c991a2fff067e8d91d1ea97e788e60b4998dcfd8478d0a2de58d7ea5e1742d9929400622c90b13ebb9af6eefb3a109eed0485c152290e410f4db1401ba2af7a2db873e7b6e52c92cd76db3bf3dec98dc6a9d120c5bb9d6182dd234d6e879e5a00cafb09016c90ee4a4e4a48741183ff926c6fdbd9c358857fd31b360567c4ba2de91e5be207383047ad0665e628e015bda1fbe1a0c7b0e2f1de3be8e4b0eb2383957b551abb8d61315f929323cb0c065204b009b69971d099dab9cdccb34b35e8b208ce50fa8db8d60d555238a13811ea7ef0b78d905b503708f5d09ae52f4ddc22a4061a398c1e2707c595b52173d383a947b6d7902818100f644481c8fc48b893deb3f4bf3a147ed07bbbf8d01b5b18a5bdb2111bef849e527ec69f3f8ebe2e13e70105b405f1778dd84827424f4b4a5389bd5c194ba8f7ecd0938684755ed191117e494ac9d909cd52024643c26aca87519040835a3dc633583137a19c21b39b21496af825855fc2fe6fa469272527d158be3a0033c0c8b02818100d292fa5817253b26711a0ef3b0775de382777456b11961f8864c29d113c5e5ac3740c1c3991f2797c660878e8ff75764c458a14326c617b3fba53ea5b6124354300fe7314fbac90d14a07e845f9b300811274f702c68bba057bf5dd01f429a429a99c299fce3a68ea357977010ff68d3267f8b0e2f4a341e8601611acc3d022b02818100ccbe9251a4b9dce4faa4d6583832f3d0bea83aa66a307c6e32d669950e77f13fe3446c069a02cbfb46e4f6c4572d781f55d4707d4da86174282f6fb56509027a82cf52a56801a98138b3eba82c2747ef0c468fdb02238952f92016391917a6089999e39c9543cb4cd9a0c27322e47c8091f6f047b243f80ee4d60c26a1e9cfe702818061512c01aa30bab5796fe1991de50caf288cac67a45166c5c4cb4e48222b4389e3bf39cd7be6ba159ac8e1dd310bce87f3764291164a568a07b2c6d12ee421d9b69ca2ec573cabce2fca3cae50c117e1a28bd85aaf2b780b12828e88b0e9c70121120eadbc0239e791f5d93721a3e87e2d3ca4b75983a1b2b99bc994e8ef09210281810093bf92be2432ead58ea6ddc28a6ab97c3c2c9885c66b83e0dbb1fabab1a59763906ea1f11547b8b4f1f19d0064655359a693d2c36d27463576308f1fba1bd7fff1c0b744ad663a940566ffa3ed64f79ea00ac44a9eb478f2d75c93740299dcc312b2120e5a64569bccdf7aaf5f1e2d7ec65509381152240da93ae98b94331629
Signature:1218085a406d46dd5917613e1d2375ff77d6adb431a873494bd79355fa4f5f0dcf8205dcf8af6adbacbd1c77b2248e2cbe70535a215d01d4adc10bf3e6adc1d2a091f67c50316cb4a0a2e9b2e2d9298173d47387a9abd64a8816692d5c2ddcff98b6861d5520f28f672699874bb97a3aa39528653e81ed30f08b88a76aa5a37c0925c5778f178be1ed8cf7c8474ca25f5bfdad8c0aaed5d16d261c441c589c7622a174d1d58d5dafdf3c8cd023d190496d7e4b7be4e0c29c8e66f27794acad246745753dbf833a389fafa1b594e74ab19de055a7ab346549cf47239fd158d355506ede718dd357db4745aaafa0c134ef79214906f1a9466679adc001b2a1c2ad
..Verfied legacy signature:253e1d19bbe91064f2364c1e7db3ba8eb6dc5b19202e440eab6fbdf28c8c6ec05b812983713c338c72b6e99b8edf506a89ff9fc8e5c2c52362097a56dc228060eca01e1ff318c6c81617691438703411c1f953b21cd74331f87c9b8b189fdffdfe8550bd2bd1d47be915f8604a0f472199dd705e19b1b815f99b68d60bc257c7

Time: 7.692
There were 6 failures:
1) testByteBufferShiftedAlias(com.google.security.wycheproof.AesGcmTest)
java.lang.AssertionError: Overlapping buffers test failed with buffer type: array backed buffers with RO buffer and output offset 1
	at com.google.security.wycheproof.AesGcmTest.testByteBufferShiftedAlias(AesGcmTest.java:583)
	at sun.reflect.NativeMethodAccessorImpl.invoke0(Native Method)
	at sun.reflect.NativeMethodAccessorImpl.invoke(NativeMethodAccessorImpl.java:62)
	at sun.reflect.DelegatingMethodAccessorImpl.invoke(DelegatingMethodAccessorImpl.java:43)
	at java.lang.reflect.Method.invoke(Method.java:498)
	at org.junit.runners.model.FrameworkMethod$1.runReflectiveCall(FrameworkMethod.java:47)
	at org.junit.internal.runners.model.ReflectiveCallable.run(ReflectiveCallable.java:12)
	at org.junit.runners.model.FrameworkMethod.invokeExplosively(FrameworkMethod.java:44)
	at org.junit.internal.runners.statements.InvokeMethod.evaluate(InvokeMethod.java:17)
	at org.junit.runners.ParentRunner.runLeaf(ParentRunner.java:271)
	at org.junit.runners.BlockJUnit4ClassRunner.runChild(BlockJUnit4ClassRunner.java:70)
	at org.junit.runners.BlockJUnit4ClassRunner.runChild(BlockJUnit4ClassRunner.java:50)
	at org.junit.runners.ParentRunner$3.run(ParentRunner.java:238)
	at org.junit.runners.ParentRunner$1.schedule(ParentRunner.java:63)
	at org.junit.runners.ParentRunner.runChildren(ParentRunner.java:236)
	at org.junit.runners.ParentRunner.access$000(ParentRunner.java:53)
	at org.junit.runners.ParentRunner$2.evaluate(ParentRunner.java:229)
	at org.junit.runners.ParentRunner.run(ParentRunner.java:309)
	at org.junit.runners.Suite.runChild(Suite.java:127)
	at org.junit.runners.Suite.runChild(Suite.java:26)
	at org.junit.runners.ParentRunner$3.run(ParentRunner.java:238)
	at org.junit.runners.ParentRunner$1.schedule(ParentRunner.java:63)
	at org.junit.runners.ParentRunner.runChildren(ParentRunner.java:236)
	at org.junit.runners.ParentRunner.access$000(ParentRunner.java:53)
	at org.junit.runners.ParentRunner$2.evaluate(ParentRunner.java:229)
	at org.junit.internal.runners.statements.RunBefores.evaluate(RunBefores.java:26)
	at org.junit.runners.ParentRunner.run(ParentRunner.java:309)
	at com.google.testing.junit.runner.internal.junit4.CancellableRequestFactory$CancellableRunner.run(CancellableRequestFactory.java:89)
	at org.junit.runner.JUnitCore.run(JUnitCore.java:160)
	at org.junit.runner.JUnitCore.run(JUnitCore.java:138)
	at com.google.testing.junit.runner.junit4.JUnit4Runner.run(JUnit4Runner.java:112)
	at com.google.testing.junit.runner.BazelTestRunner.runTestsInSuite(BazelTestRunner.java:144)
	at com.google.testing.junit.runner.BazelTestRunner.main(BazelTestRunner.java:82)
Caused by: java.lang.AssertionError: expected:<java.nio.HeapByteBuffer[pos=0 lim=8192 cap=8192]> but was:<java.nio.HeapByteBuffer[pos=0 lim=8192 cap=8208]>
	at org.junit.Assert.fail(Assert.java:88)
	at org.junit.Assert.failNotEquals(Assert.java:743)
	at org.junit.Assert.assertEquals(Assert.java:118)
	at org.junit.Assert.assertEquals(Assert.java:144)
	at com.google.security.wycheproof.AesGcmTest.testByteBufferShiftedAlias(AesGcmTest.java:581)
	... 32 more
2) testDefaultKeyPairGenerator(com.google.security.wycheproof.DhTest)
java.lang.AssertionError: Default key size for DH is too small. Key size = 1024
	at org.junit.Assert.fail(Assert.java:88)
	at org.junit.Assert.assertTrue(Assert.java:41)
	at com.google.security.wycheproof.DhTest.testDefaultKeyPairGenerator(DhTest.java:367)
	at sun.reflect.NativeMethodAccessorImpl.invoke0(Native Method)
	at sun.reflect.NativeMethodAccessorImpl.invoke(NativeMethodAccessorImpl.java:62)
	at sun.reflect.DelegatingMethodAccessorImpl.invoke(DelegatingMethodAccessorImpl.java:43)
	at java.lang.reflect.Method.invoke(Method.java:498)
	at org.junit.runners.model.FrameworkMethod$1.runReflectiveCall(FrameworkMethod.java:47)
	at org.junit.internal.runners.model.ReflectiveCallable.run(ReflectiveCallable.java:12)
	at org.junit.runners.model.FrameworkMethod.invokeExplosively(FrameworkMethod.java:44)
	at org.junit.internal.runners.statements.InvokeMethod.evaluate(InvokeMethod.java:17)
	at org.junit.runners.ParentRunner.runLeaf(ParentRunner.java:271)
	at org.junit.runners.BlockJUnit4ClassRunner.runChild(BlockJUnit4ClassRunner.java:70)
	at org.junit.runners.BlockJUnit4ClassRunner.runChild(BlockJUnit4ClassRunner.java:50)
	at org.junit.runners.ParentRunner$3.run(ParentRunner.java:238)
	at org.junit.runners.ParentRunner$1.schedule(ParentRunner.java:63)
	at org.junit.runners.ParentRunner.runChildren(ParentRunner.java:236)
	at org.junit.runners.ParentRunner.access$000(ParentRunner.java:53)
	at org.junit.runners.ParentRunner$2.evaluate(ParentRunner.java:229)
	at org.junit.runners.ParentRunner.run(ParentRunner.java:309)
	at org.junit.runners.Suite.runChild(Suite.java:127)
	at org.junit.runners.Suite.runChild(Suite.java:26)
	at org.junit.runners.ParentRunner$3.run(ParentRunner.java:238)
	at org.junit.runners.ParentRunner$1.schedule(ParentRunner.java:63)
	at org.junit.runners.ParentRunner.runChildren(ParentRunner.java:236)
	at org.junit.runners.ParentRunner.access$000(ParentRunner.java:53)
	at org.junit.runners.ParentRunner$2.evaluate(ParentRunner.java:229)
	at org.junit.internal.runners.statements.RunBefores.evaluate(RunBefores.java:26)
	at org.junit.runners.ParentRunner.run(ParentRunner.java:309)
	at com.google.testing.junit.runner.internal.junit4.CancellableRequestFactory$CancellableRunner.run(CancellableRequestFactory.java:89)
	at org.junit.runner.JUnitCore.run(JUnitCore.java:160)
	at org.junit.runner.JUnitCore.run(JUnitCore.java:138)
	at com.google.testing.junit.runner.junit4.JUnit4Runner.run(JUnit4Runner.java:112)
	at com.google.testing.junit.runner.BazelTestRunner.runTestsInSuite(BazelTestRunner.java:144)
	at com.google.testing.junit.runner.BazelTestRunner.main(BazelTestRunner.java:82)
3) testDefaultKeySize(com.google.security.wycheproof.DsaTest)
java.lang.AssertionError: DSA default key size too small:1024
	at org.junit.Assert.fail(Assert.java:88)
	at com.google.security.wycheproof.DsaTest.testDefaultKeySize(DsaTest.java:939)
	at sun.reflect.NativeMethodAccessorImpl.invoke0(Native Method)
	at sun.reflect.NativeMethodAccessorImpl.invoke(NativeMethodAccessorImpl.java:62)
	at sun.reflect.DelegatingMethodAccessorImpl.invoke(DelegatingMethodAccessorImpl.java:43)
	at java.lang.reflect.Method.invoke(Method.java:498)
	at org.junit.runners.model.FrameworkMethod$1.runReflectiveCall(FrameworkMethod.java:47)
	at org.junit.internal.runners.model.ReflectiveCallable.run(ReflectiveCallable.java:12)
	at org.junit.runners.model.FrameworkMethod.invokeExplosively(FrameworkMethod.java:44)
	at org.junit.internal.runners.statements.InvokeMethod.evaluate(InvokeMethod.java:17)
	at org.junit.runners.ParentRunner.runLeaf(ParentRunner.java:271)
	at org.junit.runners.BlockJUnit4ClassRunner.runChild(BlockJUnit4ClassRunner.java:70)
	at org.junit.runners.BlockJUnit4ClassRunner.runChild(BlockJUnit4ClassRunner.java:50)
	at org.junit.runners.ParentRunner$3.run(ParentRunner.java:238)
	at org.junit.runners.ParentRunner$1.schedule(ParentRunner.java:63)
	at org.junit.runners.ParentRunner.runChildren(ParentRunner.java:236)
	at org.junit.runners.ParentRunner.access$000(ParentRunner.java:53)
	at org.junit.runners.ParentRunner$2.evaluate(ParentRunner.java:229)
	at org.junit.runners.ParentRunner.run(ParentRunner.java:309)
	at org.junit.runners.Suite.runChild(Suite.java:127)
	at org.junit.runners.Suite.runChild(Suite.java:26)
	at org.junit.runners.ParentRunner$3.run(ParentRunner.java:238)
	at org.junit.runners.ParentRunner$1.schedule(ParentRunner.java:63)
	at org.junit.runners.ParentRunner.runChildren(ParentRunner.java:236)
	at org.junit.runners.ParentRunner.access$000(ParentRunner.java:53)
	at org.junit.runners.ParentRunner$2.evaluate(ParentRunner.java:229)
	at org.junit.internal.runners.statements.RunBefores.evaluate(RunBefores.java:26)
	at org.junit.runners.ParentRunner.run(ParentRunner.java:309)
	at com.google.testing.junit.runner.internal.junit4.CancellableRequestFactory$CancellableRunner.run(CancellableRequestFactory.java:89)
	at org.junit.runner.JUnitCore.run(JUnitCore.java:160)
	at org.junit.runner.JUnitCore.run(JUnitCore.java:138)
	at com.google.testing.junit.runner.junit4.JUnit4Runner.run(JUnit4Runner.java:112)
	at com.google.testing.junit.runner.BazelTestRunner.runTestsInSuite(BazelTestRunner.java:144)
	at com.google.testing.junit.runner.BazelTestRunner.main(BazelTestRunner.java:82)
4) testLargePrivateKeyNoPresubmit(com.google.security.wycheproof.EcdhTest)
java.lang.IllegalStateException
	at sun.security.ec.ECDHKeyAgreement.deriveKey(Native Method)
	at sun.security.ec.ECDHKeyAgreement.engineGenerateSecret(ECDHKeyAgreement.java:138)
	at javax.crypto.KeyAgreement.generateSecret(KeyAgreement.java:586)
	at com.google.security.wycheproof.EcdhTest.testLargePrivateKey(EcdhTest.java:2195)
	at com.google.security.wycheproof.EcdhTest.testLargePrivateKeyNoPresubmit(EcdhTest.java:2213)
	at sun.reflect.NativeMethodAccessorImpl.invoke0(Native Method)
	at sun.reflect.NativeMethodAccessorImpl.invoke(NativeMethodAccessorImpl.java:62)
	at sun.reflect.DelegatingMethodAccessorImpl.invoke(DelegatingMethodAccessorImpl.java:43)
	at java.lang.reflect.Method.invoke(Method.java:498)
	at org.junit.runners.model.FrameworkMethod$1.runReflectiveCall(FrameworkMethod.java:47)
	at org.junit.internal.runners.model.ReflectiveCallable.run(ReflectiveCallable.java:12)
	at org.junit.runners.model.FrameworkMethod.invokeExplosively(FrameworkMethod.java:44)
	at org.junit.internal.runners.statements.InvokeMethod.evaluate(InvokeMethod.java:17)
	at org.junit.runners.ParentRunner.runLeaf(ParentRunner.java:271)
	at org.junit.runners.BlockJUnit4ClassRunner.runChild(BlockJUnit4ClassRunner.java:70)
	at org.junit.runners.BlockJUnit4ClassRunner.runChild(BlockJUnit4ClassRunner.java:50)
	at org.junit.runners.ParentRunner$3.run(ParentRunner.java:238)
	at org.junit.runners.ParentRunner$1.schedule(ParentRunner.java:63)
	at org.junit.runners.ParentRunner.runChildren(ParentRunner.java:236)
	at org.junit.runners.ParentRunner.access$000(ParentRunner.java:53)
	at org.junit.runners.ParentRunner$2.evaluate(ParentRunner.java:229)
	at org.junit.runners.ParentRunner.run(ParentRunner.java:309)
	at org.junit.runners.Suite.runChild(Suite.java:127)
	at org.junit.runners.Suite.runChild(Suite.java:26)
	at org.junit.runners.ParentRunner$3.run(ParentRunner.java:238)
	at org.junit.runners.ParentRunner$1.schedule(ParentRunner.java:63)
	at org.junit.runners.ParentRunner.runChildren(ParentRunner.java:236)
	at org.junit.runners.ParentRunner.access$000(ParentRunner.java:53)
	at org.junit.runners.ParentRunner$2.evaluate(ParentRunner.java:229)
	at org.junit.internal.runners.statements.RunBefores.evaluate(RunBefores.java:26)
	at org.junit.runners.ParentRunner.run(ParentRunner.java:309)
	at com.google.testing.junit.runner.internal.junit4.CancellableRequestFactory$CancellableRunner.run(CancellableRequestFactory.java:89)
	at org.junit.runner.JUnitCore.run(JUnitCore.java:160)
	at org.junit.runner.JUnitCore.run(JUnitCore.java:138)
	at com.google.testing.junit.runner.junit4.JUnit4Runner.run(JUnit4Runner.java:112)
	at com.google.testing.junit.runner.BazelTestRunner.runTestsInSuite(BazelTestRunner.java:144)
	at com.google.testing.junit.runner.BazelTestRunner.main(BazelTestRunner.java:82)
5) testDefaultKeySize(com.google.security.wycheproof.RsaKeyTest)
java.lang.AssertionError: RSA default key size too small:1024
	at org.junit.Assert.fail(Assert.java:88)
	at com.google.security.wycheproof.RsaKeyTest.testDefaultKeySize(RsaKeyTest.java:1548)
	at sun.reflect.NativeMethodAccessorImpl.invoke0(Native Method)
	at sun.reflect.NativeMethodAccessorImpl.invoke(NativeMethodAccessorImpl.java:62)
	at sun.reflect.DelegatingMethodAccessorImpl.invoke(DelegatingMethodAccessorImpl.java:43)
	at java.lang.reflect.Method.invoke(Method.java:498)
	at org.junit.runners.model.FrameworkMethod$1.runReflectiveCall(FrameworkMethod.java:47)
	at org.junit.internal.runners.model.ReflectiveCallable.run(ReflectiveCallable.java:12)
	at org.junit.runners.model.FrameworkMethod.invokeExplosively(FrameworkMethod.java:44)
	at org.junit.internal.runners.statements.InvokeMethod.evaluate(InvokeMethod.java:17)
	at org.junit.runners.ParentRunner.runLeaf(ParentRunner.java:271)
	at org.junit.runners.BlockJUnit4ClassRunner.runChild(BlockJUnit4ClassRunner.java:70)
	at org.junit.runners.BlockJUnit4ClassRunner.runChild(BlockJUnit4ClassRunner.java:50)
	at org.junit.runners.ParentRunner$3.run(ParentRunner.java:238)
	at org.junit.runners.ParentRunner$1.schedule(ParentRunner.java:63)
	at org.junit.runners.ParentRunner.runChildren(ParentRunner.java:236)
	at org.junit.runners.ParentRunner.access$000(ParentRunner.java:53)
	at org.junit.runners.ParentRunner$2.evaluate(ParentRunner.java:229)
	at org.junit.runners.ParentRunner.run(ParentRunner.java:309)
	at org.junit.runners.Suite.runChild(Suite.java:127)
	at org.junit.runners.Suite.runChild(Suite.java:26)
	at org.junit.runners.ParentRunner$3.run(ParentRunner.java:238)
	at org.junit.runners.ParentRunner$1.schedule(ParentRunner.java:63)
	at org.junit.runners.ParentRunner.runChildren(ParentRunner.java:236)
	at org.junit.runners.ParentRunner.access$000(ParentRunner.java:53)
	at org.junit.runners.ParentRunner$2.evaluate(ParentRunner.java:229)
	at org.junit.internal.runners.statements.RunBefores.evaluate(RunBefores.java:26)
	at org.junit.runners.ParentRunner.run(ParentRunner.java:309)
	at com.google.testing.junit.runner.internal.junit4.CancellableRequestFactory$CancellableRunner.run(CancellableRequestFactory.java:89)
	at org.junit.runner.JUnitCore.run(JUnitCore.java:160)
	at org.junit.runner.JUnitCore.run(JUnitCore.java:138)
	at com.google.testing.junit.runner.junit4.JUnit4Runner.run(JUnit4Runner.java:112)
	at com.google.testing.junit.runner.BazelTestRunner.runTestsInSuite(BazelTestRunner.java:144)
	at com.google.testing.junit.runner.BazelTestRunner.main(BazelTestRunner.java:82)
6) testProblematicPublicKeyDecoding(com.google.security.wycheproof.RsaKeyTest)
java.lang.OutOfMemoryError: Requested array size exceeds VM limit
	at sun.security.util.ObjectIdentifier.<init>(ObjectIdentifier.java:258)
	at sun.security.util.DerInputStream.getOID(DerInputStream.java:281)
	at sun.security.x509.AlgorithmId.parse(AlgorithmId.java:356)
	at sun.security.x509.X509Key.decode(X509Key.java:389)
	at sun.security.x509.X509Key.decode(X509Key.java:403)
	at sun.security.rsa.RSAPublicKeyImpl.<init>(RSAPublicKeyImpl.java:84)
	at sun.security.rsa.RSAKeyFactory.generatePublic(RSAKeyFactory.java:298)
	at sun.security.rsa.RSAKeyFactory.engineGeneratePublic(RSAKeyFactory.java:201)
	at java.security.KeyFactory.generatePublic(KeyFactory.java:328)
	at com.google.security.wycheproof.RsaKeyTest.testProblematicPublicKeyDecoding(RsaKeyTest.java:1650)
	at sun.reflect.NativeMethodAccessorImpl.invoke0(Native Method)
	at sun.reflect.NativeMethodAccessorImpl.invoke(NativeMethodAccessorImpl.java:62)
	at sun.reflect.DelegatingMethodAccessorImpl.invoke(DelegatingMethodAccessorImpl.java:43)
	at java.lang.reflect.Method.invoke(Method.java:498)
	at org.junit.runners.model.FrameworkMethod$1.runReflectiveCall(FrameworkMethod.java:47)
	at org.junit.internal.runners.model.ReflectiveCallable.run(ReflectiveCallable.java:12)
	at org.junit.runners.model.FrameworkMethod.invokeExplosively(FrameworkMethod.java:44)
	at org.junit.internal.runners.statements.InvokeMethod.evaluate(InvokeMethod.java:17)
	at org.junit.runners.ParentRunner.runLeaf(ParentRunner.java:271)
	at org.junit.runners.BlockJUnit4ClassRunner.runChild(BlockJUnit4ClassRunner.java:70)
	at org.junit.runners.BlockJUnit4ClassRunner.runChild(BlockJUnit4ClassRunner.java:50)
	at org.junit.runners.ParentRunner$3.run(ParentRunner.java:238)
	at org.junit.runners.ParentRunner$1.schedule(ParentRunner.java:63)
	at org.junit.runners.ParentRunner.runChildren(ParentRunner.java:236)
	at org.junit.runners.ParentRunner.access$000(ParentRunner.java:53)
	at org.junit.runners.ParentRunner$2.evaluate(ParentRunner.java:229)
	at org.junit.runners.ParentRunner.run(ParentRunner.java:309)
	at org.junit.runners.Suite.runChild(Suite.java:127)
	at org.junit.runners.Suite.runChild(Suite.java:26)
	at org.junit.runners.ParentRunner$3.run(ParentRunner.java:238)
	at org.junit.runners.ParentRunner$1.schedule(ParentRunner.java:63)
	at org.junit.runners.ParentRunner.runChildren(ParentRunner.java:236)

FAILURES!!!
Tests run: 76,  Failures: 6


BazelTestRunner exiting with a return value of 1
JVM shutdown hooks (if any) will run now.
The JVM will exit once they complete.

-- JVM shutdown starting at 2018-03-21 19:14:41 --

