exec ${PAGER:-/usr/bin/less} "$0" || exit 1
-----------------------------------------------------------------------------
JUnit4 Test Runner
...E.E.....E.........E..
Provider:SC
AlgorithmParameterGenerator.1.2.840.113549.3.2
AlgorithmParameterGenerator.1.3.6.1.4.1.188.7.1.1.2
AlgorithmParameterGenerator.AES
AlgorithmParameterGenerator.CAMELLIA
AlgorithmParameterGenerator.CAST5
AlgorithmParameterGenerator.CCM
AlgorithmParameterGenerator.DES
AlgorithmParameterGenerator.DESEDE
AlgorithmParameterGenerator.DH
AlgorithmParameterGenerator.DSA
AlgorithmParameterGenerator.ELGAMAL
AlgorithmParameterGenerator.ElGamal
AlgorithmParameterGenerator.GCM
AlgorithmParameterGenerator.GOST3410
AlgorithmParameterGenerator.IDEA
AlgorithmParameterGenerator.NOEKEON
AlgorithmParameterGenerator.RC2
AlgorithmParameterGenerator.SEED
AlgorithmParameterGenerator.SHACAL-2
AlgorithmParameterGenerator.SM4
AlgorithmParameterGenerator.Shacal2
AlgorithmParameters.1.2.840.113549.3.2
AlgorithmParameters.1.3.6.1.4.1.188.7.1.1.2
AlgorithmParameters.AES
AlgorithmParameters.BLOWFISH
AlgorithmParameters.CAMELLIA
AlgorithmParameters.CAST5
AlgorithmParameters.CCM
AlgorithmParameters.DES
AlgorithmParameters.DESEDE
AlgorithmParameters.DH
AlgorithmParameters.DSA
AlgorithmParameters.EC
AlgorithmParameters.ELGAMAL
AlgorithmParameters.ElGamal
AlgorithmParameters.GCM
AlgorithmParameters.GOST3410
AlgorithmParameters.IDEA
AlgorithmParameters.IES
AlgorithmParameters.NOEKEON
AlgorithmParameters.OAEP
AlgorithmParameters.PBKDF2
AlgorithmParameters.PKCS12PBE
AlgorithmParameters.PSS
AlgorithmParameters.RC2
AlgorithmParameters.RC5
AlgorithmParameters.RC5-64
AlgorithmParameters.RC6
AlgorithmParameters.RIJNDAEL
AlgorithmParameters.SEED
AlgorithmParameters.SHACAL-2
AlgorithmParameters.SKIPJACK
AlgorithmParameters.SM4
AlgorithmParameters.Serpent
AlgorithmParameters.Shacal2
AlgorithmParameters.TEA
AlgorithmParameters.Threefish-1024
AlgorithmParameters.Threefish-256
AlgorithmParameters.Threefish-512
AlgorithmParameters.Twofish
AlgorithmParameters.XTEA
CertPathBuilder.PKIX
CertPathBuilder.RFC3280
CertPathBuilder.RFC3281
CertPathValidator.PKIX
CertPathValidator.RFC3280
CertPathValidator.RFC3281
CertStore.Collection
CertStore.LDAP
CertStore.Multi
CertificateFactory.X.509
Cipher.1.2.392.200011.61.1.1.1.2
Cipher.1.2.392.200011.61.1.1.1.3
Cipher.1.2.392.200011.61.1.1.1.4
Cipher.1.2.410.200004.1.4
Cipher.1.2.643.2.2.21
Cipher.1.2.840.113533.7.66.10
Cipher.1.2.840.113549.1.1.1
Cipher.1.2.840.113549.1.1.7
Cipher.1.2.840.113549.1.9.16.3.6
Cipher.1.2.840.113549.3.2
Cipher.1.2.840.113549.3.7
Cipher.1.3.14.3.2.7
Cipher.1.3.6.1.4.1.11591.13.2.1
Cipher.1.3.6.1.4.1.11591.13.2.2
Cipher.1.3.6.1.4.1.11591.13.2.21
Cipher.1.3.6.1.4.1.11591.13.2.22
Cipher.1.3.6.1.4.1.11591.13.2.23
Cipher.1.3.6.1.4.1.11591.13.2.24
Cipher.1.3.6.1.4.1.11591.13.2.3
Cipher.1.3.6.1.4.1.11591.13.2.4
Cipher.1.3.6.1.4.1.11591.13.2.41
Cipher.1.3.6.1.4.1.11591.13.2.42
Cipher.1.3.6.1.4.1.11591.13.2.43
Cipher.1.3.6.1.4.1.11591.13.2.44
Cipher.1.3.6.1.4.1.188.7.1.1.2
Cipher.1.3.6.1.4.1.3029.1.1.2
Cipher.2.16.840.1.101.3.4.1.1
Cipher.2.16.840.1.101.3.4.1.2
Cipher.2.16.840.1.101.3.4.1.21
Cipher.2.16.840.1.101.3.4.1.22
Cipher.2.16.840.1.101.3.4.1.23
Cipher.2.16.840.1.101.3.4.1.24
Cipher.2.16.840.1.101.3.4.1.3
Cipher.2.16.840.1.101.3.4.1.4
Cipher.2.16.840.1.101.3.4.1.41
Cipher.2.16.840.1.101.3.4.1.42
Cipher.2.16.840.1.101.3.4.1.43
Cipher.2.16.840.1.101.3.4.1.44
Cipher.2.5.8.1.1
Cipher.AES
Cipher.AESRFC3211WRAP
Cipher.AESRFC5649WRAP
Cipher.AESWRAP
Cipher.ARC4
Cipher.BLOWFISH
Cipher.BROKENPBEWITHMD5ANDDES
Cipher.BROKENPBEWITHSHA1ANDDES
Cipher.BROKENPBEWITHSHAAND2-KEYTRIPLEDES-CBC
Cipher.BROKENPBEWITHSHAAND3-KEYTRIPLEDES-CBC
Cipher.CAMELLIA
Cipher.CAMELLIARFC3211WRAP
Cipher.CAMELLIAWRAP
Cipher.CAST5
Cipher.CAST6
Cipher.CCM
Cipher.CHACHA
Cipher.DES
Cipher.DESEDE
Cipher.DESEDERFC3211WRAP
Cipher.DESEDEWRAP
Cipher.DESRFC3211WRAP
Cipher.DHIES
Cipher.DHIESWITHAES
Cipher.DHIESWITHDESEDE
Cipher.DHIESwithAES
Cipher.ECIES
Cipher.ECIESWITHAES
Cipher.ECIESWITHAES-CBC
Cipher.ECIESWITHDESEDE
Cipher.ECIESWITHDESEDE-CBC
Cipher.ECIESwithAES
Cipher.ECIESwithAES-CBC
Cipher.ECIESwithDESEDE
Cipher.ECIESwithDESEDE-CBC
Cipher.ELGAMAL
Cipher.ELGAMAL/PKCS1
Cipher.ElGamal
Cipher.GCM
Cipher.GOST28147
Cipher.Grain128
Cipher.Grainv1
Cipher.HC128
Cipher.HC256
Cipher.IDEA
Cipher.IES
Cipher.NOEKEON
Cipher.OID.1.2.392.200011.61.1.1.1.2
Cipher.OID.1.2.392.200011.61.1.1.1.3
Cipher.OID.1.2.392.200011.61.1.1.1.4
Cipher.OID.1.2.410.200004.1.4
Cipher.OID.1.2.840.113533.7.66.10
Cipher.OID.1.2.840.113549.1.1.1
Cipher.OID.1.2.840.113549.1.1.7
Cipher.OID.1.2.840.113549.1.9.16.3.6
Cipher.OID.1.2.840.113549.3.2
Cipher.OID.1.2.840.113549.3.7
Cipher.OID.1.3.14.3.2.7
Cipher.OID.1.3.6.1.4.1.11591.13.2.1
Cipher.OID.1.3.6.1.4.1.11591.13.2.2
Cipher.OID.1.3.6.1.4.1.11591.13.2.21
Cipher.OID.1.3.6.1.4.1.11591.13.2.22
Cipher.OID.1.3.6.1.4.1.11591.13.2.23
Cipher.OID.1.3.6.1.4.1.11591.13.2.24
Cipher.OID.1.3.6.1.4.1.11591.13.2.3
Cipher.OID.1.3.6.1.4.1.11591.13.2.4
Cipher.OID.1.3.6.1.4.1.11591.13.2.41
Cipher.OID.1.3.6.1.4.1.11591.13.2.42
Cipher.OID.1.3.6.1.4.1.11591.13.2.43
Cipher.OID.1.3.6.1.4.1.11591.13.2.44
Cipher.OID.1.3.6.1.4.1.188.7.1.1.2
Cipher.OID.1.3.6.1.4.1.3029.1.1.2
Cipher.OID.2.16.840.1.101.3.4.1.1
Cipher.OID.2.16.840.1.101.3.4.1.2
Cipher.OID.2.16.840.1.101.3.4.1.21
Cipher.OID.2.16.840.1.101.3.4.1.22
Cipher.OID.2.16.840.1.101.3.4.1.23
Cipher.OID.2.16.840.1.101.3.4.1.24
Cipher.OID.2.16.840.1.101.3.4.1.3
Cipher.OID.2.16.840.1.101.3.4.1.4
Cipher.OID.2.16.840.1.101.3.4.1.41
Cipher.OID.2.16.840.1.101.3.4.1.42
Cipher.OID.2.16.840.1.101.3.4.1.43
Cipher.OID.2.16.840.1.101.3.4.1.44
Cipher.OID.2.5.8.1.1
Cipher.OLDDHIES
Cipher.OLDDHIESWITHAES
Cipher.OLDDHIESWITHDESEDE
Cipher.OLDDHIESwithAES
Cipher.OLDPBEWITHSHAAND3-KEYTRIPLEDES-CBC
Cipher.OLDPBEWITHSHAANDTWOFISH-CBC
Cipher.OldECIES
Cipher.OldECIESWITHAES
Cipher.OldECIESWITHAES-CBC
Cipher.OldECIESWITHDESEDE
Cipher.OldECIESWITHDESEDE-CBC
Cipher.OldECIESwithAES
Cipher.OldECIESwithAES-CBC
Cipher.OldECIESwithDESEDE
Cipher.OldECIESwithDESEDE-CBC
Cipher.PBEWITHMD2ANDDES
Cipher.PBEWITHMD5AND128BITAES-CBC-OPENSSL
Cipher.PBEWITHMD5AND192BITAES-CBC-OPENSSL
Cipher.PBEWITHMD5AND256BITAES-CBC-OPENSSL
Cipher.PBEWITHMD5ANDDES
Cipher.PBEWITHMD5ANDRC2
Cipher.PBEWITHSHA1ANDDES
Cipher.PBEWITHSHA1ANDRC2
Cipher.PBEWITHSHA256AND128BITAES-CBC-BC
Cipher.PBEWITHSHA256AND192BITAES-CBC-BC
Cipher.PBEWITHSHA256AND256BITAES-CBC-BC
Cipher.PBEWITHSHAAND128BITAES-CBC-BC
Cipher.PBEWITHSHAAND128BITRC2-CBC
Cipher.PBEWITHSHAAND128BITRC4
Cipher.PBEWITHSHAAND192BITAES-CBC-BC
Cipher.PBEWITHSHAAND2-KEYTRIPLEDES-CBC
Cipher.PBEWITHSHAAND256BITAES-CBC-BC
Cipher.PBEWITHSHAAND3-KEYTRIPLEDES-CBC
Cipher.PBEWITHSHAAND40BITRC2-CBC
Cipher.PBEWITHSHAAND40BITRC4
Cipher.PBEWITHSHAANDIDEA-CBC
Cipher.PBEWITHSHAANDTWOFISH-CBC
Cipher.RC2
Cipher.RC2WRAP
Cipher.RC5
Cipher.RC5-64
Cipher.RC6
Cipher.RIJNDAEL
Cipher.RSA
Cipher.RSA/1
Cipher.RSA/2
Cipher.RSA/ISO9796-1
Cipher.RSA/OAEP
Cipher.RSA/PKCS1
Cipher.RSA/RAW
Cipher.SALSA20
Cipher.SEED
Cipher.SEEDWRAP
Cipher.SHACAL-2
Cipher.SKIPJACK
Cipher.SM4
Cipher.Serpent
Cipher.Shacal2
Cipher.TEA
Cipher.Threefish-1024
Cipher.Threefish-256
Cipher.Threefish-512
Cipher.Twofish
Cipher.VMPC
Cipher.VMPC-KSA3
Cipher.XSALSA20
Cipher.XTEA
KeyAgreement.1.3.132.1.11.0
KeyAgreement.1.3.132.1.11.1
KeyAgreement.1.3.132.1.11.2
KeyAgreement.1.3.132.1.11.3
KeyAgreement.1.3.132.1.14.0
KeyAgreement.1.3.132.1.14.1
KeyAgreement.1.3.132.1.14.2
KeyAgreement.1.3.132.1.14.3
KeyAgreement.1.3.132.1.15.0
KeyAgreement.1.3.132.1.15.1
KeyAgreement.1.3.132.1.15.2
KeyAgreement.1.3.132.1.15.3
KeyAgreement.1.3.133.16.840.63.0.16
KeyAgreement.1.3.133.16.840.63.0.2
KeyAgreement.1.3.133.16.840.63.0.3
KeyAgreement.DH
KeyAgreement.ECCDH
KeyAgreement.ECCDHWITHSHA1CKDF
KeyAgreement.ECCDHWITHSHA256CKDF
KeyAgreement.ECCDHWITHSHA384CKDF
KeyAgreement.ECCDHWITHSHA512CKDF
KeyAgreement.ECDH
KeyAgreement.ECDHC
KeyAgreement.ECDHWITHSHA1KDF
KeyAgreement.ECMQV
KeyAgreement.ECMQVWITHSHA1CKDF
KeyAgreement.ECMQVWITHSHA224CKDF
KeyAgreement.ECMQVWITHSHA256CKDF
KeyAgreement.ECMQVWITHSHA384CKDF
KeyAgreement.ECMQVWITHSHA512CKDF
KeyFactory.DH
KeyFactory.DSA
KeyFactory.DSTU4145
KeyFactory.EC
KeyFactory.ECDH
KeyFactory.ECDHC
KeyFactory.ECDSA
KeyFactory.ECGOST3410
KeyFactory.ECMQV
KeyFactory.ELGAMAL
KeyFactory.ElGamal
KeyFactory.GOST3410
KeyFactory.RSA
KeyFactory.X.509
KeyGenerator.1.2.392.200011.61.1.1.1.2
KeyGenerator.1.2.392.200011.61.1.1.1.3
KeyGenerator.1.2.392.200011.61.1.1.1.4
KeyGenerator.1.2.392.200011.61.1.1.3.2
KeyGenerator.1.2.392.200011.61.1.1.3.3
KeyGenerator.1.2.392.200011.61.1.1.3.4
KeyGenerator.1.2.410.200004.1.4
KeyGenerator.1.2.410.200004.7.1.1.1
KeyGenerator.1.2.840.113549.3.2
KeyGenerator.1.2.840.113549.3.7
KeyGenerator.1.3.6.1.4.1.188.7.1.1.2
KeyGenerator.2.16.840.1.101.3.4.1.1
KeyGenerator.2.16.840.1.101.3.4.1.2
KeyGenerator.2.16.840.1.101.3.4.1.21
KeyGenerator.2.16.840.1.101.3.4.1.22
KeyGenerator.2.16.840.1.101.3.4.1.23
KeyGenerator.2.16.840.1.101.3.4.1.24
KeyGenerator.2.16.840.1.101.3.4.1.25
KeyGenerator.2.16.840.1.101.3.4.1.26
KeyGenerator.2.16.840.1.101.3.4.1.27
KeyGenerator.2.16.840.1.101.3.4.1.3
KeyGenerator.2.16.840.1.101.3.4.1.4
KeyGenerator.2.16.840.1.101.3.4.1.41
KeyGenerator.2.16.840.1.101.3.4.1.42
KeyGenerator.2.16.840.1.101.3.4.1.43
KeyGenerator.2.16.840.1.101.3.4.1.44
KeyGenerator.2.16.840.1.101.3.4.1.45
KeyGenerator.2.16.840.1.101.3.4.1.46
KeyGenerator.2.16.840.1.101.3.4.1.47
KeyGenerator.2.16.840.1.101.3.4.1.5
KeyGenerator.2.16.840.1.101.3.4.1.6
KeyGenerator.2.16.840.1.101.3.4.1.7
KeyGenerator.2.16.840.1.101.3.4.2
KeyGenerator.2.16.840.1.101.3.4.22
KeyGenerator.2.16.840.1.101.3.4.42
KeyGenerator.AES
KeyGenerator.AES-GMAC
KeyGenerator.AESWRAP
KeyGenerator.ARC4
KeyGenerator.BLOWFISH
KeyGenerator.CAMELLIA
KeyGenerator.CAMELLIA-GMAC
KeyGenerator.CAST5
KeyGenerator.CAST6
KeyGenerator.CAST6-GMAC
KeyGenerator.CHACHA
KeyGenerator.DES
KeyGenerator.DESEDE
KeyGenerator.DESEDEWRAP
KeyGenerator.GOST28147
KeyGenerator.Grain128
KeyGenerator.Grainv1
KeyGenerator.HC128
KeyGenerator.HC256
KeyGenerator.HMACGOST3411
KeyGenerator.HMACKECCAK224
KeyGenerator.HMACKECCAK256
KeyGenerator.HMACKECCAK288
KeyGenerator.HMACKECCAK384
KeyGenerator.HMACKECCAK512
KeyGenerator.HMACMD2
KeyGenerator.HMACMD4
KeyGenerator.HMACMD5
KeyGenerator.HMACRIPEMD128
KeyGenerator.HMACRIPEMD160
KeyGenerator.HMACRIPEMD256
KeyGenerator.HMACRIPEMD320
KeyGenerator.HMACSHA1
KeyGenerator.HMACSHA224
KeyGenerator.HMACSHA256
KeyGenerator.HMACSHA384
KeyGenerator.HMACSHA512
KeyGenerator.HMACSHA512/224
KeyGenerator.HMACSHA512/256
KeyGenerator.HMACSkein-1024-1024
KeyGenerator.HMACSkein-1024-384
KeyGenerator.HMACSkein-1024-512
KeyGenerator.HMACSkein-256-128
KeyGenerator.HMACSkein-256-160
KeyGenerator.HMACSkein-256-224
KeyGenerator.HMACSkein-256-256
KeyGenerator.HMACSkein-512-128
KeyGenerator.HMACSkein-512-160
KeyGenerator.HMACSkein-512-224
KeyGenerator.HMACSkein-512-256
KeyGenerator.HMACSkein-512-384
KeyGenerator.HMACSkein-512-512
KeyGenerator.HMACTIGER
KeyGenerator.HMACWHIRLPOOL
KeyGenerator.IDEA
KeyGenerator.NOEKEON
KeyGenerator.NOEKEON-GMAC
KeyGenerator.OID.1.2.392.200011.61.1.1.1.2
KeyGenerator.OID.1.2.392.200011.61.1.1.1.3
KeyGenerator.OID.1.2.392.200011.61.1.1.1.4
KeyGenerator.OID.1.2.392.200011.61.1.1.3.2
KeyGenerator.OID.1.2.392.200011.61.1.1.3.3
KeyGenerator.OID.1.2.392.200011.61.1.1.3.4
KeyGenerator.OID.1.2.410.200004.1.4
KeyGenerator.OID.1.2.410.200004.7.1.1.1
KeyGenerator.OID.1.3.6.1.4.1.188.7.1.1.2
KeyGenerator.OID.2.16.840.1.101.3.4.1.1
KeyGenerator.OID.2.16.840.1.101.3.4.1.2
KeyGenerator.OID.2.16.840.1.101.3.4.1.21
KeyGenerator.OID.2.16.840.1.101.3.4.1.22
KeyGenerator.OID.2.16.840.1.101.3.4.1.23
KeyGenerator.OID.2.16.840.1.101.3.4.1.24
KeyGenerator.OID.2.16.840.1.101.3.4.1.25
KeyGenerator.OID.2.16.840.1.101.3.4.1.26
KeyGenerator.OID.2.16.840.1.101.3.4.1.27
KeyGenerator.OID.2.16.840.1.101.3.4.1.3
KeyGenerator.OID.2.16.840.1.101.3.4.1.4
KeyGenerator.OID.2.16.840.1.101.3.4.1.41
KeyGenerator.OID.2.16.840.1.101.3.4.1.42
KeyGenerator.OID.2.16.840.1.101.3.4.1.43
KeyGenerator.OID.2.16.840.1.101.3.4.1.44
KeyGenerator.OID.2.16.840.1.101.3.4.1.45
KeyGenerator.OID.2.16.840.1.101.3.4.1.46
KeyGenerator.OID.2.16.840.1.101.3.4.1.47
KeyGenerator.OID.2.16.840.1.101.3.4.1.5
KeyGenerator.OID.2.16.840.1.101.3.4.1.6
KeyGenerator.OID.2.16.840.1.101.3.4.1.7
KeyGenerator.POLY1305-AES
KeyGenerator.POLY1305-CAMELLIA
KeyGenerator.POLY1305-CAST6
KeyGenerator.POLY1305-NOEKEON
KeyGenerator.POLY1305-RC6
KeyGenerator.POLY1305-SEED
KeyGenerator.POLY1305-SERPENT
KeyGenerator.POLY1305-SM4
KeyGenerator.POLY1305-Twofish
KeyGenerator.RC2
KeyGenerator.RC5
KeyGenerator.RC5-64
KeyGenerator.RC6
KeyGenerator.RC6-GMAC
KeyGenerator.RIJNDAEL
KeyGenerator.SALSA20
KeyGenerator.SEED
KeyGenerator.SEED-CMAC
KeyGenerator.SEED-GMAC
KeyGenerator.SERPENT-GMAC
KeyGenerator.SHACAL-2
KeyGenerator.SIPHASH
KeyGenerator.SKIPJACK
KeyGenerator.SM4
KeyGenerator.SM4-CMAC
KeyGenerator.SM4-GMAC
KeyGenerator.Serpent
KeyGenerator.Shacal2
KeyGenerator.Skein-MAC-1024-1024
KeyGenerator.Skein-MAC-1024-384
KeyGenerator.Skein-MAC-1024-512
KeyGenerator.Skein-MAC-256-128
KeyGenerator.Skein-MAC-256-160
KeyGenerator.Skein-MAC-256-224
KeyGenerator.Skein-MAC-256-256
KeyGenerator.Skein-MAC-512-128
KeyGenerator.Skein-MAC-512-160
KeyGenerator.Skein-MAC-512-224
KeyGenerator.Skein-MAC-512-256
KeyGenerator.Skein-MAC-512-384
KeyGenerator.Skein-MAC-512-512
KeyGenerator.TEA
KeyGenerator.Threefish-1024
KeyGenerator.Threefish-256
KeyGenerator.Threefish-512
KeyGenerator.Twofish
KeyGenerator.Twofish-GMAC
KeyGenerator.VMPC
KeyGenerator.VMPC-KSA3
KeyGenerator.XSALSA20
KeyGenerator.XTEA
KeyPairGenerator.DH
KeyPairGenerator.DSA
KeyPairGenerator.DSTU4145
KeyPairGenerator.EC
KeyPairGenerator.ECDH
KeyPairGenerator.ECDHC
KeyPairGenerator.ECDHWITHSHA1KDF
KeyPairGenerator.ECDSA
KeyPairGenerator.ECGOST3410
KeyPairGenerator.ECIES
KeyPairGenerator.ECMQV
KeyPairGenerator.ELGAMAL
KeyPairGenerator.ElGamal
KeyPairGenerator.GOST3410
KeyPairGenerator.RSA
KeyStore.BCPKCS12
KeyStore.BKS
KeyStore.BKS-V1
KeyStore.BouncyCastle
KeyStore.PKCS12
KeyStore.PKCS12-3DES-3DES
KeyStore.PKCS12-3DES-40RC2
KeyStore.PKCS12-DEF
KeyStore.PKCS12-DEF-3DES-3DES
KeyStore.PKCS12-DEF-3DES-40RC2
Mac.AES-GMAC
Mac.AESCMAC
Mac.BLOWFISHCMAC
Mac.CAMELLIA-GMAC
Mac.CAST6-GMAC
Mac.DESCMAC
Mac.DESEDECMAC
Mac.DESEDEMAC
Mac.DESEDEMAC/CFB8
Mac.DESEDEMAC64
Mac.DESEDEMAC64WITHISO7816-4PADDING
Mac.DESMAC
Mac.DESMAC/CFB8
Mac.DESMAC64
Mac.DESMAC64WITHISO7816-4PADDING
Mac.DESWITHISO9797
Mac.GOST28147MAC
Mac.HMACGOST3411
Mac.HMACKECCAK224
Mac.HMACKECCAK256
Mac.HMACKECCAK288
Mac.HMACKECCAK384
Mac.HMACKECCAK512
Mac.HMACMD2
Mac.HMACMD4
Mac.HMACMD5
Mac.HMACRIPEMD128
Mac.HMACRIPEMD160
Mac.HMACRIPEMD256
Mac.HMACRIPEMD320
Mac.HMACSHA1
Mac.HMACSHA224
Mac.HMACSHA256
Mac.HMACSHA384
Mac.HMACSHA512
Mac.HMACSHA512/224
Mac.HMACSHA512/256
Mac.HMACSkein-1024-1024
Mac.HMACSkein-1024-384
Mac.HMACSkein-1024-512
Mac.HMACSkein-256-128
Mac.HMACSkein-256-160
Mac.HMACSkein-256-224
Mac.HMACSkein-256-256
Mac.HMACSkein-512-128
Mac.HMACSkein-512-160
Mac.HMACSkein-512-224
Mac.HMACSkein-512-256
Mac.HMACSkein-512-384
Mac.HMACSkein-512-512
Mac.HMACTIGER
Mac.HMACWHIRLPOOL
Mac.IDEAMAC
Mac.IDEAMAC/CFB8
Mac.ISO9797ALG3MAC
Mac.ISO9797ALG3WITHISO7816-4PADDING
Mac.NOEKEON-GMAC
Mac.OLDHMACSHA384
Mac.OLDHMACSHA512
Mac.PBEWITHHMACRIPEMD160
Mac.PBEWITHHMACSHA
Mac.PBEWITHHMACSHA1
Mac.POLY1305-AES
Mac.POLY1305-CAMELLIA
Mac.POLY1305-CAST6
Mac.POLY1305-NOEKEON
Mac.POLY1305-RC6
Mac.POLY1305-SEED
Mac.POLY1305-SERPENT
Mac.POLY1305-SM4
Mac.POLY1305-Twofish
Mac.RC2MAC
Mac.RC2MAC/CFB8
Mac.RC5MAC
Mac.RC5MAC/CFB8
Mac.RC6-GMAC
Mac.SEED-CMAC
Mac.SEED-GMAC
Mac.SERPENT-GMAC
Mac.SIPHASH-2-4
Mac.SIPHASH-4-8
Mac.SKIPJACKMAC
Mac.SKIPJACKMAC/CFB8
Mac.SM4-CMAC
Mac.SM4-GMAC
Mac.Shacal-2CMAC
Mac.Skein-MAC-1024-1024
Mac.Skein-MAC-1024-384
Mac.Skein-MAC-1024-512
Mac.Skein-MAC-256-128
Mac.Skein-MAC-256-160
Mac.Skein-MAC-256-224
Mac.Skein-MAC-256-256
Mac.Skein-MAC-512-128
Mac.Skein-MAC-512-160
Mac.Skein-MAC-512-224
Mac.Skein-MAC-512-256
Mac.Skein-MAC-512-384
Mac.Skein-MAC-512-512
Mac.Threefish-1024CMAC
Mac.Threefish-256CMAC
Mac.Threefish-512CMAC
Mac.Twofish-GMAC
Mac.VMPCMAC
MessageDigest.2.16.840.1.101.3.4.2.10
MessageDigest.2.16.840.1.101.3.4.2.7
MessageDigest.2.16.840.1.101.3.4.2.8
MessageDigest.2.16.840.1.101.3.4.2.9
MessageDigest.GOST3411
MessageDigest.KECCAK-224
MessageDigest.KECCAK-256
MessageDigest.KECCAK-288
MessageDigest.KECCAK-384
MessageDigest.KECCAK-512
MessageDigest.MD2
MessageDigest.MD4
MessageDigest.MD5
MessageDigest.OID.2.16.840.1.101.3.4.2.10
MessageDigest.OID.2.16.840.1.101.3.4.2.7
MessageDigest.OID.2.16.840.1.101.3.4.2.8
MessageDigest.OID.2.16.840.1.101.3.4.2.9
MessageDigest.RIPEMD128
MessageDigest.RIPEMD160
MessageDigest.RIPEMD256
MessageDigest.RIPEMD320
MessageDigest.SHA-1
MessageDigest.SHA-224
MessageDigest.SHA-256
MessageDigest.SHA-384
MessageDigest.SHA-512
MessageDigest.SHA-512/224
MessageDigest.SHA-512/256
MessageDigest.SHA3-224
MessageDigest.SHA3-256
MessageDigest.SHA3-384
MessageDigest.SHA3-512
MessageDigest.SM3
MessageDigest.Skein-1024-1024
MessageDigest.Skein-1024-384
MessageDigest.Skein-1024-512
MessageDigest.Skein-256-128
MessageDigest.Skein-256-160
MessageDigest.Skein-256-224
MessageDigest.Skein-256-256
MessageDigest.Skein-512-128
MessageDigest.Skein-512-160
MessageDigest.Skein-512-224
MessageDigest.Skein-512-256
MessageDigest.Skein-512-384
MessageDigest.Skein-512-512
MessageDigest.TIGER
MessageDigest.Tiger
MessageDigest.WHIRLPOOL
Provider.id className
Provider.id info
Provider.id name
Provider.id version
SecretKeyFactory.DES
SecretKeyFactory.DESEDE
SecretKeyFactory.PBEWITHHMACGOST3411
SecretKeyFactory.PBEWITHHMACRIPEMD160
SecretKeyFactory.PBEWITHHMACSHA1
SecretKeyFactory.PBEWITHHMACSHA256
SecretKeyFactory.PBEWITHHMACTIGER
SecretKeyFactory.PBEWITHMD2ANDDES
SecretKeyFactory.PBEWITHMD2ANDRC2
SecretKeyFactory.PBEWITHMD5AND128BITAES-CBC-OPENSSL
SecretKeyFactory.PBEWITHMD5AND192BITAES-CBC-OPENSSL
SecretKeyFactory.PBEWITHMD5AND256BITAES-CBC-OPENSSL
SecretKeyFactory.PBEWITHMD5ANDDES
SecretKeyFactory.PBEWITHMD5ANDRC2
SecretKeyFactory.PBEWITHSHA1ANDDES
SecretKeyFactory.PBEWITHSHA1ANDRC2
SecretKeyFactory.PBEWITHSHA256AND128BITAES-CBC-BC
SecretKeyFactory.PBEWITHSHA256AND192BITAES-CBC-BC
SecretKeyFactory.PBEWITHSHA256AND256BITAES-CBC-BC
SecretKeyFactory.PBEWITHSHAAND128BITAES-CBC-BC
SecretKeyFactory.PBEWITHSHAAND128BITRC2-CBC
SecretKeyFactory.PBEWITHSHAAND128BITRC4
SecretKeyFactory.PBEWITHSHAAND192BITAES-CBC-BC
SecretKeyFactory.PBEWITHSHAAND2-KEYTRIPLEDES-CBC
SecretKeyFactory.PBEWITHSHAAND256BITAES-CBC-BC
SecretKeyFactory.PBEWITHSHAAND3-KEYTRIPLEDES-CBC
SecretKeyFactory.PBEWITHSHAAND40BITRC2-CBC
SecretKeyFactory.PBEWITHSHAAND40BITRC4
SecretKeyFactory.PBEWITHSHAANDIDEA-CBC
SecretKeyFactory.PBEWITHSHAANDTWOFISH-CBC
SecretKeyFactory.PBKDF-OPENSSL
SecretKeyFactory.PBKDF2
SecretKeyFactory.PBKDF2WITHASCII
SecretKeyFactory.PBKDF2WithHmacSHA1
SecretKeyFactory.PBKDF2WithHmacSHA1And8BIT
Signature.1.2.840.113549.1.1.10
Signature.DETDSA
Signature.DSA
Signature.DSTU4145
Signature.ECDDSA
Signature.ECDSA
Signature.ECGOST3410
Signature.GOST3410
Signature.GOST3411WITHDSTU4145
Signature.GOST3411WITHDSTU4145LE
Signature.GOST3411WITHECGOST3410
Signature.MD2WITHRSA
Signature.MD4WITHRSA
Signature.MD5WITHRSA
Signature.MD5WITHRSA/ISO9796-2
Signature.NONEWITHDSA
Signature.NONEwithECDSA
Signature.OID.1.2.840.113549.1.1.10
Signature.RAWRSASSA-PSS
Signature.RIPEMD128WITHRSA
Signature.RIPEMD128WITHRSA/X9.31
Signature.RIPEMD160WITHECDSA
Signature.RIPEMD160WITHPLAIN-ECDSA
Signature.RIPEMD160WITHRSA
Signature.RIPEMD160WITHRSA/X9.31
Signature.RIPEMD160withRSA/ISO9796-2
Signature.RIPEMD256WITHRSA
Signature.RMD128WITHRSA
Signature.RMD128WITHRSA/X9.31
Signature.RMD160WITHRSA
Signature.RMD160WITHRSA/X9.31
Signature.RMD256WITHRSA
Signature.RSA
Signature.RSASSA-PSS
Signature.SHA1WITHCVC-ECDSA
Signature.SHA1WITHDETDSA
Signature.SHA1WITHECDDSA
Signature.SHA1WITHECNR
Signature.SHA1WITHPLAIN-ECDSA
Signature.SHA1WITHRSA
Signature.SHA1WITHRSA/ISO9796-2
Signature.SHA1WITHRSA/X9.31
Signature.SHA1WITHRSAANDMGF1
Signature.SHA224WITHCVC-ECDSA
Signature.SHA224WITHDETDSA
Signature.SHA224WITHDSA
Signature.SHA224WITHECDDSA
Signature.SHA224WITHECDSA
Signature.SHA224WITHECNR
Signature.SHA224WITHPLAIN-ECDSA
Signature.SHA224WITHRSA
Signature.SHA224WITHRSA/ISO9796-2
Signature.SHA224WITHRSA/X9.31
Signature.SHA224WITHRSAANDMGF1
Signature.SHA256WITHCVC-ECDSA
Signature.SHA256WITHDETDSA
Signature.SHA256WITHDSA
Signature.SHA256WITHECDDSA
Signature.SHA256WITHECDSA
Signature.SHA256WITHECNR
Signature.SHA256WITHPLAIN-ECDSA
Signature.SHA256WITHRSA
Signature.SHA256WITHRSA/ISO9796-2
Signature.SHA256WITHRSA/X9.31
Signature.SHA256WITHRSAANDMGF1
Signature.SHA384WITHCVC-ECDSA
Signature.SHA384WITHDETDSA
Signature.SHA384WITHDSA
Signature.SHA384WITHECDDSA
Signature.SHA384WITHECDSA
Signature.SHA384WITHECNR
Signature.SHA384WITHPLAIN-ECDSA
Signature.SHA384WITHRSA
Signature.SHA384WITHRSA/ISO9796-2
Signature.SHA384WITHRSA/X9.31
Signature.SHA384WITHRSAANDMGF1
Signature.SHA512(224)WITHRSA
Signature.SHA512(224)WITHRSA/ISO9796-2
Signature.SHA512(224)WITHRSA/X9.31
Signature.SHA512(224)WITHRSAANDMGF1
Signature.SHA512(256)WITHRSA
Signature.SHA512(256)WITHRSA/ISO9796-2
Signature.SHA512(256)WITHRSA/X9.31
Signature.SHA512(256)WITHRSAANDMGF1
Signature.SHA512WITHCVC-ECDSA
Signature.SHA512WITHDETDSA
Signature.SHA512WITHDSA
Signature.SHA512WITHECDDSA
Signature.SHA512WITHECDSA
Signature.SHA512WITHECNR
Signature.SHA512WITHPLAIN-ECDSA
Signature.SHA512WITHRSA
Signature.SHA512WITHRSA/ISO9796-2
Signature.SHA512WITHRSA/X9.31
Signature.SHA512WITHRSAANDMGF1
Signature.WHIRLPOOLWITHRSA/ISO9796-2
Signature.WHIRLPOOLWITHRSA/X9.31
Signature.WhirlpoolWITHRSA/ISO9796-2
Signature.WhirlpoolWITHRSA/X9.31
X509Store.ATTRIBUTECERTIFICATE/COLLECTION
X509Store.ATTRIBUTECERTIFICATE/LDAP
X509Store.CERTIFICATE/COLLECTION
X509Store.CERTIFICATE/LDAP
X509Store.CERTIFICATEPAIR/COLLECTION
X509Store.CERTIFICATEPAIR/LDAP
X509Store.CRL/COLLECTION
X509Store.CRL/LDAP
X509StreamParser.ATTRIBUTECERTIFICATE
X509StreamParser.CERTIFICATE
X509StreamParser.CERTIFICATEPAIR
X509StreamParser.CRL
.........E..E..testDhiesBasic:6c875aec4e52290555ed58364dee5e1737f1fd02fbdd59404cdbd2e205d41873ec6f113641b5932fdd636d9ef8b1ff97f616b37c05d22747d7e5df88c6b52ff0c402a1f5f7bd23ece0c5b2b9325acd562965acbcd7bf1b0d443f2c8eb6b5b359b395b044ace6883f13f261a8b98a5c8a9e85360b713e219f155455a6bdc2e4dca96e7aa4b84b1eca7d33d6d8639ae0f4c8ec6f6177e549458dd8b72cb0302686e2d1300397e1a3164750ac1ddeea2bccafd40586f18400f7260a9d6252534598d9ef3e9385f4a3d69d0665a391a3eb49847ded4ad347baaa9cdb9362648b319709be931c1992f296c1c879025a767d28be7ddd7e39fd33a3c8ae0c600e8bbe0ab4282718bda9d60c5f1d9cab9b9b0edcf477f22e62c17de0c69d9385e687c706fbb75377
..E..Invalid DSA signature was verified:303f021c1e41b479ad576905b960fe14eadb91b0ccf34843dab916173bb8c9cd021d00ade65988d237d30f9ef41dd424a4e1c8f16967cf3365813fe87862360500
Invalid DSA signature was verified:303f021c1e41b479ad576905b960fe14eadb91b0ccf34843dab916173bb8c9cd021d00ade65988d237d30f9ef41dd424a4e1c8f16967cf3365813fe87862363000
Invalid DSA signature was verified:305c021c1e41b479ad576905b960fe14eadb91b0ccf34843dab916173bb8c9cd021d00ade65988d237d30f9ef41dd424a4e1c8f16967cf3365813fe8786236021d00ade65988d237d30f9ef41dd424a4e1c8f16967cf3365813fe8786236
E.E..testDefaultSize: keysize=1024
E....testTiming: SHA1WITHDSA
count:50000 cutoff:3935076 relative average:1.0017180046533747 sigmas:0.6653803411226741
count:25000 cutoff:524212 relative average:0.9111083796565177 sigmas:24.343972817655203
count:12501 cutoff:511612 relative average:0.8437813850521593 sigmas:30.252814743016614
count:6251 cutoff:505057 relative average:0.6787503808024191 sigmas:43.99243472862215
count:3127 cutoff:499960 relative average:0.6098112991325912 sigmas:37.79194612945722
count:1563 cutoff:493576 relative average:0.6892695527945459 sigmas:21.277663013999717
count:782 cutoff:485535 relative average:0.7592704101094013 sigmas:11.659863865547898
count:391 cutoff:479533 relative average:0.6523565904427631 sigmas:11.906469580218362
count:196 cutoff:475734 relative average:0.42101901980790246 sigmas:14.0395426403224
count:98 cutoff:472150 relative average:0.2765056998738932 sigmas:12.405343069846952
count:49 cutoff:469432 relative average:0.15513986441387928 sigmas:10.243384760872841
count:25 cutoff:467237 relative average:0.08200643388708335 sigmas:7.950057487644555
count:13 cutoff:465504 relative average:0.059017759184500494 sigmas:5.876432210421234
E...java.security.spec.InvalidKeySpecException: encoded key spec not recognised
java.security.spec.InvalidKeySpecException: encoded key spec not recognised
java.security.spec.InvalidKeySpecException: encoded key spec not recognised
java.security.spec.InvalidKeySpecException: encoded key spec not recognised
java.security.spec.InvalidKeySpecException: encoded key spec not recognised
..Encoded ECPrivateKey:3082024b0201003081ec06072a8648ce3d02013081e0020101302c06072a8648ce3d0101022100ffffffff00000001000000000000000000000000ffffffffffffffffffffffff30440420ffffffff00000001000000000000000000000000fffffffffffffffffffffffc04205ac635d8aa3a93e7b3ebbd55769886bc651d06b0cc53b0f63bce3c3e27d2604b0441046b17d1f2e12c4247f8bce6e563a440f277037d812deb33a0f4a13945d898c2964fe342e2fe1a7f9b8ee7eb4a7c0f9e162bce33576b315ececbb6406837bf51f5022100ffffffff00000000ffffffffffffffffbce6faada7179e84f3b9cac2fc6325510201010482015530820151020101042045d0781fdfd71467b85226f3f1124fa465e23b41596a186607f96efc651c7a4ea081e33081e0020101302c06072a8648ce3d0101022100ffffffff00000001000000000000000000000000ffffffffffffffffffffffff30440420ffffffff00000001000000000000000000000000fffffffffffffffffffffffc04205ac635d8aa3a93e7b3ebbd55769886bc651d06b0cc53b0f63bce3c3e27d2604b0441046b17d1f2e12c4247f8bce6e563a440f277037d812deb33a0f4a13945d898c2964fe342e2fe1a7f9b8ee7eb4a7c0f9e162bce33576b315ececbb6406837bf51f5022100ffffffff00000000ffffffffffffffffbce6faada7179e84f3b9cac2fc632551020101a144034200041c0b64de80f8cad5dd78a7bfc03ba9d1ae8f77fa18b2bc91191af28de3bab41b3c9b2eb4b128eea4a5df30b6822888e292e6666ba12edd819f56532ecbec1639
...Generated shared secret with a modified order:ECDHC
expected:99d23424262401391945c9e15fd1f74b369f6328484e0a8a65f21f4c047074a3 computed:e2da29abfbbafcb5d9489c2bdb1ae672b37b61d49415eb8a99aa8d07ec9916e5
E..testModifiedPublic:public point not on curve throws java.security.spec.InvalidKeySpecException: encoded key spec not recognised
testModifiedPublic:public point = (0,0) throws java.security.spec.InvalidKeySpecException: encoded key spec not recognised
testModifiedPublic:generator = (0,0) throws java.security.spec.InvalidKeySpecException: encoded key spec not recognised
testModifiedPublic:generator not on curve throws java.security.spec.InvalidKeySpecException: encoded key spec not recognised
E.Generated shared secret with a modified order:ECDH
expected:35a161b8c18e9616960dfcc8cea2656f7c8eaa1da785413bf3ee8ebdb6265acc computed:35a161b8c18e9616960dfcc8cea2656f7c8eaa1da785413bf3ee8ebdb6265acc
Generated shared secret with a modified order:ECDH
expected:3ed2f856eb0da5dee1c2c84d334679e455ff3dfb6bebfdcb1ae02c399f545c9e computed:3ed2f856eb0da5dee1c2c84d334679e455ff3dfb6bebfdcb1ae02c399f545c9e
..E...E.Invalid ECDSA signature was verified:3045022100b7babae9332b54b8a3a05b7004579821a887a1b21465f7db8a3d491b39fd2c3f0220747291dd2f3f44af7ace68ea33431d6f94e418c106a6e76285cd59f43260ecce0000
Invalid ECDSA signature was verified:3047022100b7babae9332b54b8a3a05b7004579821a887a1b21465f7db8a3d491b39fd2c3f0220747291dd2f3f44af7ace68ea33431d6f94e418c106a6e76285cd59f43260ecce0500
Invalid ECDSA signature was verified:3047022100b7babae9332b54b8a3a05b7004579821a887a1b21465f7db8a3d491b39fd2c3f0220747291dd2f3f44af7ace68ea33431d6f94e418c106a6e76285cd59f43260ecce3000
Invalid ECDSA signature was verified:3067022100b7babae9332b54b8a3a05b7004579821a887a1b21465f7db8a3d491b39fd2c3f0220747291dd2f3f44af7ace68ea33431d6f94e418c106a6e76285cd59f43260ecce0220747291dd2f3f44af7ace68ea33431d6f94e418c106a6e76285cd59f43260ecce
E.Message:Hello
Hash:185f8db32271fe25f561a6fc938b2e264306ec304eda518007d1764826381969
Curve:secp256r1
Order:115792089210356248762697446949407573529996955224135760342422259061068512044369
Private key:
S:35591105554335353624384205222425594489264100829152044668284468947811779597952
encoded:308193020100301306072a8648ce3d020106082a8648ce3d0301070479307702010104204eafda1451ade0754c3c5b76ed379b189a4d1e1e7c73749ec55670a623c1d680a00a06082a8648ce3d030107a1440342000468cca447fa15dec453bb10a1d308fe29e716fcbd49f763351e560a1050a908466ce785b76a053635c3ffbb57f33959de744b12d68f8a3985adb837d889832a91
Public key:
X:47402106880768651602893340051802961286683442597365757294050778787370905438278
Y:49258852196056186867713937857035945289937507096658214043770009485863760898705
encoded:3059301306072a8648ce3d020106082a8648ce3d0301070342000468cca447fa15dec453bb10a1d308fe29e716fcbd49f763351e560a1050a908466ce785b76a053635c3ffbb57f33959de744b12d68f8a3985adb837d889832a91
Signature:3045022049d43194d101647f144034fb6c4abcdc8ff57d4134eef01c34308474afec7d5d02210089e5ecd71baed7f21eadff69685853927116b491b9fb1912e1cf1b8e87087f47
r:33393751721965405131405273670513554953530486127726984998277147720212445691229
s:62373102845183479563846291208212522633739364039645580944090046879137261977415
.SC curve:secp256r1 countLsb:541 countMsb:521
SC curve:secp224r1 countLsb:518 countMsb:485
SC curve:secp384r1 countLsb:512 countMsb:500
SC curve:secp521r1 countLsb:509 countMsb:515
SC curve:brainpoolP256r1 countLsb:519 countMsb:499
..testTiming algorithm:SHA256WithECDSA
count:50000 cutoff:511388 relative average:1.0027756112395885 sigmas:1.0749896106472652
count:25002 cutoff:148892 relative average:0.9903598435401781 sigmas:2.640171175972835
count:12502 cutoff:146653 relative average:0.9747308333001191 sigmas:4.893744542648618
count:6254 cutoff:145225 relative average:0.9610111436459692 sigmas:5.340477161939596
count:3125 cutoff:143738 relative average:0.9508891537531042 sigmas:4.755137240809508
count:1563 cutoff:141666 relative average:0.9687400210246024 sigmas:2.140566862517457
count:782 cutoff:139435 relative average:0.9448725391503127 sigmas:2.6701274614923363
count:391 cutoff:138174 relative average:0.9393207536586339 sigmas:2.0782088221784667
count:196 cutoff:137219 relative average:0.9280450953535763 sigmas:1.744813709819318
count:98 cutoff:136307 relative average:0.9190022146566386 sigmas:1.388822710707022
count:49 cutoff:135540 relative average:0.951687775420463 sigmas:0.5857545931890521
count:25 cutoff:134864 relative average:0.9375878352302531 sigmas:0.5405052019578094
count:13 cutoff:134439 relative average:0.9088255058801149 sigmas:0.5693845332836688
....04a5e89e05982f183bfe0404f68619e417bf079d02367580baa0502c2dd20a6c7e1732da9a96a6152f1ce7fdf41ab2043d0edb2c44fa24ff78abfff315bfba46734dac2c0d925ba19a98bc6c0777f90f89be4f21e2a7adb2a31e576c5597c224c9ddf98eb09b07d49e9c809e41b4d3884e8af0751d40652e747ac9284c
ECIES:javax.crypto.BadPaddingException: Invalid MAC.
.testEciesBasic:04e4497d7cd0fe39c466ef917d1db080c95d29f010e18baae34a64b1fae6864dfb5a104cbbf6973ea920a814bb9a03a129c6736e28cb65b39f555dca31105753f93db4a4d93efebe5c878a74fce27aba05ec6941ae2a49b20a3f3b217edd1f6c01ce8fedf8
..E.E...E.048571dae5db345a1b5bd8b759d87ba90993505ba1dd7091f4b3a575a1c8b270e43100c8807ca04a931fb95d9f72f2222e37953576b24bcd60f345b1f7de0810fee4924a26c4818d68e5ee57d9a8a338c4925f2bbdc2436d9d7439a023ee79f31911bc402eaeb6e75bd0ddb01c9a53bf1624463da98e691881473a14effdb3ea1d8324506b
ECIESWithAES-CBC:javax.crypto.BadPaddingException: Invalid MAC.
ECIESWithAES-CBC:javax.crypto.BadPaddingException: pad block corrupted
E..E..Exceptions for RSA/ECB/PKCS1PADDING
javax.crypto.BadPaddingException: unknown block type
javax.crypto.BadPaddingException: block truncated
javax.crypto.BadPaddingException: block incorrect size
javax.crypto.BadPaddingException: no data in block
E...testDefaultSize: keysize=2048
....Message:Hello
Hash:185f8db32271fe25f561a6fc938b2e264306ec304eda518007d1764826381969
Public key:
Modulus:17845096817809517098388077877625042145033955830304848689730969571374143877367244064767084139073522620567695882042180581954210061884485359141312310781548475284991936457327969287280493225253601962293151269738572863286855094171337959467091096459705713040301804656449979805119307186869396946346385106051679780100871344735255491689841753419851519250492315203038694129716388663292802856192306664186577482000741086751925973676043578393766251224287439217950414916752881912605699647949323495890282019662438994696270539255092365076151506815564956476352683362674259585202999078475215726623397500697442747125111021730814465310693
E:65537
encoded:30820122300d06092a864886f70d01010105000382010f003082010a02820101008d5c42ee835ff2c05f2c433cad1d90d8a08586a3850056fadccd82f58c37d0d1fd5d9a95abbbfffb3352cd80e4d0af1681b7e4dc147c1a2446ab072616655dbc653437f665ca94f6a5aa85345fa70a99952935fa764b0af01d1403da48d7d2433eda8557ca3b447ecae392facd3b9aec6c385298dcab5c9aec1c4d9be8eb5088090b63d10d53aaa763ad7e3ac06fa8fd603ca277e34c4d0d5264103c045ecebc98a59d8a26a7c5dbdf7a32e4d491ae0c846e33ddaac180d93aaeca0328430be00203c0020d5b6643a04b3f5c873448610fda2a5c446119d9d0c1871a52ed72652f1e7ba9e4c18dcc35d6d3cf3882e834a952905d8bae3dc238945fc0685e7fe50203010001
Private key:
D:3888511320031940145304263899032513246146354955576635609287510012762276350408353612126318519600747793821385217014417357305683588526433377978200036348834984641136283268428313737267969294086399686024961777245206897132669421641017052423206145776690150014500053356845721487128760030347515761196517068270557486910778189293344190787619894359273866190173881679261218564733142482252219538042812213847285507615467081559676341952556065350436203540827895847317893009827947349915860446731444225779094267088128672598891405297778680813670906118592026777588127852254996420340855147987645741690022550651422507697257131818323112453153
encoded:308204bc020100300d06092a864886f70d0101010500048204a6308204a202010002820101008d5c42ee835ff2c05f2c433cad1d90d8a08586a3850056fadccd82f58c37d0d1fd5d9a95abbbfffb3352cd80e4d0af1681b7e4dc147c1a2446ab072616655dbc653437f665ca94f6a5aa85345fa70a99952935fa764b0af01d1403da48d7d2433eda8557ca3b447ecae392facd3b9aec6c385298dcab5c9aec1c4d9be8eb5088090b63d10d53aaa763ad7e3ac06fa8fd603ca277e34c4d0d5264103c045ecebc98a59d8a26a7c5dbdf7a32e4d491ae0c846e33ddaac180d93aaeca0328430be00203c0020d5b6643a04b3f5c873448610fda2a5c446119d9d0c1871a52ed72652f1e7ba9e4c18dcc35d6d3cf3882e834a952905d8bae3dc238945fc0685e7fe50203010001028201001ecd8dad2d15f58efb3e292999dc81315f2b317744d659ddc0cb0c8026ad8bf49225f937278ca81f4c23fd315acae978394c81d37e283bc70f5a19ccf020e6ffd43ac07e11d8c6c4873d84d8b08634fe59fd38acaae5b7ccb23d6808830a7a601a5c62258ae506cc2d38515112f32bd35c529a970230da154d216ebcec508883c47c16ee8efba43d163385df4bd9a44e61d4df181d5004d452de360251200ea589680a8a4c2822e7232e9f961c0ab21262e2e595f114102c615224ee1338e291cbc42a3d3ef1585fe3bd459839db46baa09775d86477d32bc71031e73820031a5beb075e00b76e6fe7b215ddd97c903da4feb9d043867b000caf97b83c05642102818100d8e437649170b1744e643da955b0d521ea540ab8a77f4559c227f31232e9557548372a69d3de7a1b3bde1ff6aeb84f1d45fdccf15a01854419552434639344940c264ab19b00dd79fbf6717e389789f488991ba627ddc083eeecd2dd0093ce62e7cc010ae38648be74ec0a342e3adf2ee2be66f073606210faa34bab3529a56102818100a6d98151da000e05708757c6db05e263f9ae02dc67dd9bfb25f563601afa02cc46cc971b6ac264ab664412e19b2cdfa82759786d2dfed06bf3086915486b122d025d65ccfa1930021ef6326e1a6b869de8cb2cfb81d52cdbd1794351bc132d72770d82fcd446126ffdcdc2655dff99a93da23705fc74b1e46f996bbec3af650502818019674185a9f345159648ef5ff205703134bcfb347d89ce99a0c0051c50923bcc2cd5294693e62eef19a7fe9e6a007463bd5ae8b22c1499834c6448854a546967ddb46e7336f077005e9e92d471d46df81237bca14d720fa66449a0b8f9e455fc07a2414d01312d3c017dd40420960ca5f530cfe5c1ddbc1eb8fc7f546239aa810281805521bfa122e94a3e2e47705b0f5ff63e6aa405e3adbf5e1a0c2923b662ad540624cdb9000d3df89d97c57e18ccd35d9eefccefec4d3ea9db9a9a9cfb7602e3b8416fa444ad0b72fa720fce756d5795cd367d8c8b1b98c895b450fa2f571635e724a5a94315905751fb1f2464124d1b7b45ee61c2d52839a843e4f51bd5bec57d0281805bdbdb0ff93fd3bd85dcffb1e039248b5092053039e03c9de851a3735321e8ae8fdf210133cd1ca36f14c2d169579f846cf5cb9299b070912da3355c10b6ca738eb1edcc6980e6ae13e5b0710eaef760b8e58bf8f5f2b5dd86d19bccdeb248e66c331af760d48a41c5f03189714113f6dcdeda66309605782da4f2e9caa28085
Signature:43cee10336768fc47fa0cbe838c31219f2ff2bb2521c64da8212aca56c7e7c4e15538f4a865f23f9696abb261356ec18a2fdaff20c1dc1c57d710b5ddd15e07100b370021cb0d7412714696e200fa6d7e55fc3bb88ec7955740ec49396e0a2b24f1cd3912553e4c3e2edf5dc88af39c96844cb80d1be93a6c642f3c2d3b9128bcac2dde0573337ea852e09465288281d7e11228ab654c6eb8ac84215d65b4115d9cdf89f33c7f8b4c45d7462c2d3efd3d0b6e38ff6be0534c778b834d7d1c6ea6b96febb9f67eae4f0c7a38e8805521d6b342dccf0dd0c7c3975291ebb8c3f1bef34a2a0afc3c10afe12e1dfb9ad81e66ceb64bbe4e631a832ebb984d3e2e597
..Verfied legacy signature:253e1d19bbe91064f2364c1e7db3ba8eb6dc5b19202e440eab6fbdf28c8c6ec05b812983713c338c72b6e99b8edf506a89ff9fc8e5c2c52362097a56dc228060eca01e1ff318c6c81617691438703411c1f953b21cd74331f87c9b8b189fdffdfe8550bd2bd1d47be915f8604a0f472199dd705e19b1b815f99b68d60bc257c7

Time: 77.785
There were 22 failures:
1) testDefaultTagSizeAlgorithmParameterGenerator(com.google.security.wycheproof.AesGcmTest)
java.lang.AssertionError: expected:<26> but was:<22>
	at org.junit.Assert.fail(Assert.java:88)
	at org.junit.Assert.failNotEquals(Assert.java:743)
	at org.junit.Assert.assertEquals(Assert.java:118)
	at org.junit.Assert.assertEquals(Assert.java:555)
	at org.junit.Assert.assertEquals(Assert.java:542)
	at com.google.security.wycheproof.AesGcmTest.testDefaultTagSizeAlgorithmParameterGenerator(AesGcmTest.java:796)
	at sun.reflect.NativeMethodAccessorImpl.invoke0(Native Method)
	at sun.reflect.NativeMethodAccessorImpl.invoke(NativeMethodAccessorImpl.java:62)
	at sun.reflect.DelegatingMethodAccessorImpl.invoke(DelegatingMethodAccessorImpl.java:43)
	at java.lang.reflect.Method.invoke(Method.java:498)
	at org.junit.runners.model.FrameworkMethod$1.runReflectiveCall(FrameworkMethod.java:47)
	at org.junit.internal.runners.model.ReflectiveCallable.run(ReflectiveCallable.java:12)
	at org.junit.runners.model.FrameworkMethod.invokeExplosively(FrameworkMethod.java:44)
	at org.junit.internal.runners.statements.InvokeMethod.evaluate(InvokeMethod.java:17)
	at org.junit.runners.ParentRunner.runLeaf(ParentRunner.java:271)
	at org.junit.runners.BlockJUnit4ClassRunner.runChild(BlockJUnit4ClassRunner.java:70)
	at org.junit.runners.BlockJUnit4ClassRunner.runChild(BlockJUnit4ClassRunner.java:50)
	at org.junit.runners.ParentRunner$3.run(ParentRunner.java:238)
	at org.junit.runners.ParentRunner$1.schedule(ParentRunner.java:63)
	at org.junit.runners.ParentRunner.runChildren(ParentRunner.java:236)
	at org.junit.runners.ParentRunner.access$000(ParentRunner.java:53)
	at org.junit.runners.ParentRunner$2.evaluate(ParentRunner.java:229)
	at org.junit.runners.ParentRunner.run(ParentRunner.java:309)
	at org.junit.runners.Suite.runChild(Suite.java:127)
	at org.junit.runners.Suite.runChild(Suite.java:26)
	at org.junit.runners.ParentRunner$3.run(ParentRunner.java:238)
	at org.junit.runners.ParentRunner$1.schedule(ParentRunner.java:63)
	at org.junit.runners.ParentRunner.runChildren(ParentRunner.java:236)
	at org.junit.runners.ParentRunner.access$000(ParentRunner.java:53)
	at org.junit.runners.ParentRunner$2.evaluate(ParentRunner.java:229)
	at org.junit.internal.runners.statements.RunBefores.evaluate(RunBefores.java:26)
	at org.junit.runners.ParentRunner.run(ParentRunner.java:309)
	at com.google.testing.junit.runner.internal.junit4.CancellableRequestFactory$CancellableRunner.run(CancellableRequestFactory.java:89)
	at org.junit.runner.JUnitCore.run(JUnitCore.java:160)
	at org.junit.runner.JUnitCore.run(JUnitCore.java:138)
	at com.google.testing.junit.runner.junit4.JUnit4Runner.run(JUnit4Runner.java:112)
	at com.google.testing.junit.runner.BazelTestRunner.runTestsInSuite(BazelTestRunner.java:144)
	at com.google.testing.junit.runner.BazelTestRunner.main(BazelTestRunner.java:82)
2) testLargeArrayAlias(com.google.security.wycheproof.AesGcmTest)
java.lang.AssertionError: testLargeByteBufferAlias failed with outputOffset=1
	at com.google.security.wycheproof.AesGcmTest.testLargeArrayAlias(AesGcmTest.java:470)
	at sun.reflect.NativeMethodAccessorImpl.invoke0(Native Method)
	at sun.reflect.NativeMethodAccessorImpl.invoke(NativeMethodAccessorImpl.java:62)
	at sun.reflect.DelegatingMethodAccessorImpl.invoke(DelegatingMethodAccessorImpl.java:43)
	at java.lang.reflect.Method.invoke(Method.java:498)
	at org.junit.runners.model.FrameworkMethod$1.runReflectiveCall(FrameworkMethod.java:47)
	at org.junit.internal.runners.model.ReflectiveCallable.run(ReflectiveCallable.java:12)
	at org.junit.runners.model.FrameworkMethod.invokeExplosively(FrameworkMethod.java:44)
	at org.junit.internal.runners.statements.InvokeMethod.evaluate(InvokeMethod.java:17)
	at org.junit.runners.ParentRunner.runLeaf(ParentRunner.java:271)
	at org.junit.runners.BlockJUnit4ClassRunner.runChild(BlockJUnit4ClassRunner.java:70)
	at org.junit.runners.BlockJUnit4ClassRunner.runChild(BlockJUnit4ClassRunner.java:50)
	at org.junit.runners.ParentRunner$3.run(ParentRunner.java:238)
	at org.junit.runners.ParentRunner$1.schedule(ParentRunner.java:63)
	at org.junit.runners.ParentRunner.runChildren(ParentRunner.java:236)
	at org.junit.runners.ParentRunner.access$000(ParentRunner.java:53)
	at org.junit.runners.ParentRunner$2.evaluate(ParentRunner.java:229)
	at org.junit.runners.ParentRunner.run(ParentRunner.java:309)
	at org.junit.runners.Suite.runChild(Suite.java:127)
	at org.junit.runners.Suite.runChild(Suite.java:26)
	at org.junit.runners.ParentRunner$3.run(ParentRunner.java:238)
	at org.junit.runners.ParentRunner$1.schedule(ParentRunner.java:63)
	at org.junit.runners.ParentRunner.runChildren(ParentRunner.java:236)
	at org.junit.runners.ParentRunner.access$000(ParentRunner.java:53)
	at org.junit.runners.ParentRunner$2.evaluate(ParentRunner.java:229)
	at org.junit.internal.runners.statements.RunBefores.evaluate(RunBefores.java:26)
	at org.junit.runners.ParentRunner.run(ParentRunner.java:309)
	at com.google.testing.junit.runner.internal.junit4.CancellableRequestFactory$CancellableRunner.run(CancellableRequestFactory.java:89)
	at org.junit.runner.JUnitCore.run(JUnitCore.java:160)
	at org.junit.runner.JUnitCore.run(JUnitCore.java:138)
	at com.google.testing.junit.runner.junit4.JUnit4Runner.run(JUnit4Runner.java:112)
	at com.google.testing.junit.runner.BazelTestRunner.runTestsInSuite(BazelTestRunner.java:144)
	at com.google.testing.junit.runner.BazelTestRunner.main(BazelTestRunner.java:82)
Caused by: arrays first differed at element [16]; expected:<0> but was:<120>
	at org.junit.internal.ComparisonCriteria.arrayEquals(ComparisonCriteria.java:50)
	at org.junit.Assert.internalArrayEquals(Assert.java:473)
	at org.junit.Assert.assertArrayEquals(Assert.java:294)
	at org.junit.Assert.assertArrayEquals(Assert.java:305)
	at com.google.security.wycheproof.AesGcmTest.testLargeArrayAlias(AesGcmTest.java:465)
	... 32 more
3) testByteBufferShiftedAlias(com.google.security.wycheproof.AesGcmTest)
java.lang.AssertionError: Overlapping buffers test failed with buffer type: array backed buffers and output offset 1
	at com.google.security.wycheproof.AesGcmTest.testByteBufferShiftedAlias(AesGcmTest.java:583)
	at sun.reflect.NativeMethodAccessorImpl.invoke0(Native Method)
	at sun.reflect.NativeMethodAccessorImpl.invoke(NativeMethodAccessorImpl.java:62)
	at sun.reflect.DelegatingMethodAccessorImpl.invoke(DelegatingMethodAccessorImpl.java:43)
	at java.lang.reflect.Method.invoke(Method.java:498)
	at org.junit.runners.model.FrameworkMethod$1.runReflectiveCall(FrameworkMethod.java:47)
	at org.junit.internal.runners.model.ReflectiveCallable.run(ReflectiveCallable.java:12)
	at org.junit.runners.model.FrameworkMethod.invokeExplosively(FrameworkMethod.java:44)
	at org.junit.internal.runners.statements.InvokeMethod.evaluate(InvokeMethod.java:17)
	at org.junit.runners.ParentRunner.runLeaf(ParentRunner.java:271)
	at org.junit.runners.BlockJUnit4ClassRunner.runChild(BlockJUnit4ClassRunner.java:70)
	at org.junit.runners.BlockJUnit4ClassRunner.runChild(BlockJUnit4ClassRunner.java:50)
	at org.junit.runners.ParentRunner$3.run(ParentRunner.java:238)
	at org.junit.runners.ParentRunner$1.schedule(ParentRunner.java:63)
	at org.junit.runners.ParentRunner.runChildren(ParentRunner.java:236)
	at org.junit.runners.ParentRunner.access$000(ParentRunner.java:53)
	at org.junit.runners.ParentRunner$2.evaluate(ParentRunner.java:229)
	at org.junit.runners.ParentRunner.run(ParentRunner.java:309)
	at org.junit.runners.Suite.runChild(Suite.java:127)
	at org.junit.runners.Suite.runChild(Suite.java:26)
	at org.junit.runners.ParentRunner$3.run(ParentRunner.java:238)
	at org.junit.runners.ParentRunner$1.schedule(ParentRunner.java:63)
	at org.junit.runners.ParentRunner.runChildren(ParentRunner.java:236)
	at org.junit.runners.ParentRunner.access$000(ParentRunner.java:53)
	at org.junit.runners.ParentRunner$2.evaluate(ParentRunner.java:229)
	at org.junit.internal.runners.statements.RunBefores.evaluate(RunBefores.java:26)
	at org.junit.runners.ParentRunner.run(ParentRunner.java:309)
	at com.google.testing.junit.runner.internal.junit4.CancellableRequestFactory$CancellableRunner.run(CancellableRequestFactory.java:89)
	at org.junit.runner.JUnitCore.run(JUnitCore.java:160)
	at org.junit.runner.JUnitCore.run(JUnitCore.java:138)
	at com.google.testing.junit.runner.junit4.JUnit4Runner.run(JUnit4Runner.java:112)
	at com.google.testing.junit.runner.BazelTestRunner.runTestsInSuite(BazelTestRunner.java:144)
	at com.google.testing.junit.runner.BazelTestRunner.main(BazelTestRunner.java:82)
Caused by: java.lang.AssertionError: expected:<java.nio.HeapByteBuffer[pos=0 lim=8192 cap=8192]> but was:<java.nio.HeapByteBuffer[pos=0 lim=8192 cap=8208]>
	at org.junit.Assert.fail(Assert.java:88)
	at org.junit.Assert.failNotEquals(Assert.java:743)
	at org.junit.Assert.assertEquals(Assert.java:118)
	at org.junit.Assert.assertEquals(Assert.java:144)
	at com.google.security.wycheproof.AesGcmTest.testByteBufferShiftedAlias(AesGcmTest.java:581)
	... 32 more
4) testIvReuse(com.google.security.wycheproof.AesGcmTest)
java.lang.AssertionError: It should not possible to reuse an IV. ct1:26073cc1d851beff176384dc9896d5ff0a3ea7a5487cb5f7d70fb6c58d038554 ct2:26073cc1d851beff176384dc9896d5ff0a3ea7a5487cb5f7d70fb6c58d038554
	at org.junit.Assert.fail(Assert.java:88)
	at com.google.security.wycheproof.AesGcmTest.testIvReuse(AesGcmTest.java:327)
	at sun.reflect.NativeMethodAccessorImpl.invoke0(Native Method)
	at sun.reflect.NativeMethodAccessorImpl.invoke(NativeMethodAccessorImpl.java:62)
	at sun.reflect.DelegatingMethodAccessorImpl.invoke(DelegatingMethodAccessorImpl.java:43)
	at java.lang.reflect.Method.invoke(Method.java:498)
	at org.junit.runners.model.FrameworkMethod$1.runReflectiveCall(FrameworkMethod.java:47)
	at org.junit.internal.runners.model.ReflectiveCallable.run(ReflectiveCallable.java:12)
	at org.junit.runners.model.FrameworkMethod.invokeExplosively(FrameworkMethod.java:44)
	at org.junit.internal.runners.statements.InvokeMethod.evaluate(InvokeMethod.java:17)
	at org.junit.runners.ParentRunner.runLeaf(ParentRunner.java:271)
	at org.junit.runners.BlockJUnit4ClassRunner.runChild(BlockJUnit4ClassRunner.java:70)
	at org.junit.runners.BlockJUnit4ClassRunner.runChild(BlockJUnit4ClassRunner.java:50)
	at org.junit.runners.ParentRunner$3.run(ParentRunner.java:238)
	at org.junit.runners.ParentRunner$1.schedule(ParentRunner.java:63)
	at org.junit.runners.ParentRunner.runChildren(ParentRunner.java:236)
	at org.junit.runners.ParentRunner.access$000(ParentRunner.java:53)
	at org.junit.runners.ParentRunner$2.evaluate(ParentRunner.java:229)
	at org.junit.runners.ParentRunner.run(ParentRunner.java:309)
	at org.junit.runners.Suite.runChild(Suite.java:127)
	at org.junit.runners.Suite.runChild(Suite.java:26)
	at org.junit.runners.ParentRunner$3.run(ParentRunner.java:238)
	at org.junit.runners.ParentRunner$1.schedule(ParentRunner.java:63)
	at org.junit.runners.ParentRunner.runChildren(ParentRunner.java:236)
	at org.junit.runners.ParentRunner.access$000(ParentRunner.java:53)
	at org.junit.runners.ParentRunner$2.evaluate(ParentRunner.java:229)
	at org.junit.internal.runners.statements.RunBefores.evaluate(RunBefores.java:26)
	at org.junit.runners.ParentRunner.run(ParentRunner.java:309)
	at com.google.testing.junit.runner.internal.junit4.CancellableRequestFactory$CancellableRunner.run(CancellableRequestFactory.java:89)
	at org.junit.runner.JUnitCore.run(JUnitCore.java:160)
	at org.junit.runner.JUnitCore.run(JUnitCore.java:138)
	at com.google.testing.junit.runner.junit4.JUnit4Runner.run(JUnit4Runner.java:112)
	at com.google.testing.junit.runner.BazelTestRunner.runTestsInSuite(BazelTestRunner.java:144)
	at com.google.testing.junit.runner.BazelTestRunner.main(BazelTestRunner.java:82)
5) testSubgroupConfinement(com.google.security.wycheproof.DhTest)
java.lang.AssertionError: Generated secrets with weak public key:0 secret:00000000000000000000000000000000000000000000000000000000000000000000000000000000000000000000000000000000000000000000000000000000000000000000000000000000000000000000000000000000000000000000000000000000000000000000000000000000000000000000000000000000000000000000000000000000000000000000000000000000000000000000000000000000000000000000000000000000000000000000000000000000000000000000000000000000000000000000000000000000000000000000000000000000000000000000000000000000000000000000000000000000000000000000000000000000
	at org.junit.Assert.fail(Assert.java:88)
	at com.google.security.wycheproof.DhTest.testSubgroupConfinement(DhTest.java:436)
	at sun.reflect.NativeMethodAccessorImpl.invoke0(Native Method)
	at sun.reflect.NativeMethodAccessorImpl.invoke(NativeMethodAccessorImpl.java:62)
	at sun.reflect.DelegatingMethodAccessorImpl.invoke(DelegatingMethodAccessorImpl.java:43)
	at java.lang.reflect.Method.invoke(Method.java:498)
	at org.junit.runners.model.FrameworkMethod$1.runReflectiveCall(FrameworkMethod.java:47)
	at org.junit.internal.runners.model.ReflectiveCallable.run(ReflectiveCallable.java:12)
	at org.junit.runners.model.FrameworkMethod.invokeExplosively(FrameworkMethod.java:44)
	at org.junit.internal.runners.statements.InvokeMethod.evaluate(InvokeMethod.java:17)
	at org.junit.runners.ParentRunner.runLeaf(ParentRunner.java:271)
	at org.junit.runners.BlockJUnit4ClassRunner.runChild(BlockJUnit4ClassRunner.java:70)
	at org.junit.runners.BlockJUnit4ClassRunner.runChild(BlockJUnit4ClassRunner.java:50)
	at org.junit.runners.ParentRunner$3.run(ParentRunner.java:238)
	at org.junit.runners.ParentRunner$1.schedule(ParentRunner.java:63)
	at org.junit.runners.ParentRunner.runChildren(ParentRunner.java:236)
	at org.junit.runners.ParentRunner.access$000(ParentRunner.java:53)
	at org.junit.runners.ParentRunner$2.evaluate(ParentRunner.java:229)
	at org.junit.runners.ParentRunner.run(ParentRunner.java:309)
	at org.junit.runners.Suite.runChild(Suite.java:127)
	at org.junit.runners.Suite.runChild(Suite.java:26)
	at org.junit.runners.ParentRunner$3.run(ParentRunner.java:238)
	at org.junit.runners.ParentRunner$1.schedule(ParentRunner.java:63)
	at org.junit.runners.ParentRunner.runChildren(ParentRunner.java:236)
	at org.junit.runners.ParentRunner.access$000(ParentRunner.java:53)
	at org.junit.runners.ParentRunner$2.evaluate(ParentRunner.java:229)
	at org.junit.internal.runners.statements.RunBefores.evaluate(RunBefores.java:26)
	at org.junit.runners.ParentRunner.run(ParentRunner.java:309)
	at com.google.testing.junit.runner.internal.junit4.CancellableRequestFactory$CancellableRunner.run(CancellableRequestFactory.java:89)
	at org.junit.runner.JUnitCore.run(JUnitCore.java:160)
	at org.junit.runner.JUnitCore.run(JUnitCore.java:138)
	at com.google.testing.junit.runner.junit4.JUnit4Runner.run(JUnit4Runner.java:112)
	at com.google.testing.junit.runner.BazelTestRunner.runTestsInSuite(BazelTestRunner.java:144)
	at com.google.testing.junit.runner.BazelTestRunner.main(BazelTestRunner.java:82)
6) testSemanticSecurityDhiesWithAes(com.google.security.wycheproof.DhiesTest)
java.lang.AssertionError: Ciphertext repeats at 256:d6c694a656faa3e207df45f02fcb81e2c40db4dab2a81ec44fb40272ed0625cbb86b0b641a984d6c3692c4fa59c5bc08e256a79864a067e2212adc873d98ee8cd5bdabd9b93a29899f9ef4bb5b9da57e9722c23942e1dd2cfb2304c599c9574ce703656fcf76c6ad0c1ebd3c1f327150b587dec8bc8cc64d3f8f8c13a96ff75349302871f301d85eb59b8be2b5b5108340f493709b070721f62956c6a4a4179cce9b9a57aa34b7ab0b5f236ab21ab8d67f4f9e20d83bd5236dd016b14738ce615743fe58a48dbdf38578caeeb14ce67f445baaeebc4380900ae89ee244cb88e5c742e1b2f099b9ab834621a25521d38c60bc01dbc74d57b2a062fe69f5317658d583ec7775abef2d33661542432614d6d583ec7775abef2d33661542432614d6d583ec7775abef2d33661542432614d6d583ec7775abef2d33661542432614d6d583ec7775abef2d33661542432614d6d583ec7775abef2d33661542432614d6d583ec7775abef2d33661542432614d6d583ec7775abef2d33661542432614d6d583ec7775abef2d33661542432614d6d583ec7775abef2d33661542432614d6d583ec7775abef2d33661542432614d6d583ec7775abef2d33661542432614d6d583ec7775abef2d33661542432614d6d583ec7775abef2d33661542432614d6d583ec7775abef2d33661542432614d6d583ec7775abef2d33661542432614d6d583ec7775abef2d33661542432614d6d583ec7775abef2d33661542432614d6d583ec7775abef2d33661542432614d6d583ec7775abef2d33661542432614d6d583ec7775abef2d33661542432614d6d583ec7775abef2d33661542432614d6d583ec7775abef2d33661542432614d6d583ec7775abef2d33661542432614d6d583ec7775abef2d33661542432614d6d583ec7775abef2d33661542432614d6d583ec7775abef2d33661542432614d6d583ec7775abef2d33661542432614d6d583ec7775abef2d33661542432614d6d583ec7775abef2d33661542432614d6d583ec7775abef2d33661542432614d6d583ec7775abef2d33661542432614d6f7803eaead34779272b48b4ed740d44529507955c33188771781650e15a8bc2a6ed41b3b
	at org.junit.Assert.fail(Assert.java:88)
	at org.junit.Assert.assertTrue(Assert.java:41)
	at com.google.security.wycheproof.DhiesTest.testNotEcb(DhiesTest.java:185)
	at com.google.security.wycheproof.DhiesTest.testSemanticSecurityDhiesWithAes(DhiesTest.java:207)
	at sun.reflect.NativeMethodAccessorImpl.invoke0(Native Method)
	at sun.reflect.NativeMethodAccessorImpl.invoke(NativeMethodAccessorImpl.java:62)
	at sun.reflect.DelegatingMethodAccessorImpl.invoke(DelegatingMethodAccessorImpl.java:43)
	at java.lang.reflect.Method.invoke(Method.java:498)
	at org.junit.runners.model.FrameworkMethod$1.runReflectiveCall(FrameworkMethod.java:47)
	at org.junit.internal.runners.model.ReflectiveCallable.run(ReflectiveCallable.java:12)
	at org.junit.runners.model.FrameworkMethod.invokeExplosively(FrameworkMethod.java:44)
	at org.junit.internal.runners.statements.InvokeMethod.evaluate(InvokeMethod.java:17)
	at org.junit.runners.ParentRunner.runLeaf(ParentRunner.java:271)
	at org.junit.runners.BlockJUnit4ClassRunner.runChild(BlockJUnit4ClassRunner.java:70)
	at org.junit.runners.BlockJUnit4ClassRunner.runChild(BlockJUnit4ClassRunner.java:50)
	at org.junit.runners.ParentRunner$3.run(ParentRunner.java:238)
	at org.junit.runners.ParentRunner$1.schedule(ParentRunner.java:63)
	at org.junit.runners.ParentRunner.runChildren(ParentRunner.java:236)
	at org.junit.runners.ParentRunner.access$000(ParentRunner.java:53)
	at org.junit.runners.ParentRunner$2.evaluate(ParentRunner.java:229)
	at org.junit.runners.ParentRunner.run(ParentRunner.java:309)
	at org.junit.runners.Suite.runChild(Suite.java:127)
	at org.junit.runners.Suite.runChild(Suite.java:26)
	at org.junit.runners.ParentRunner$3.run(ParentRunner.java:238)
	at org.junit.runners.ParentRunner$1.schedule(ParentRunner.java:63)
	at org.junit.runners.ParentRunner.runChildren(ParentRunner.java:236)
	at org.junit.runners.ParentRunner.access$000(ParentRunner.java:53)
	at org.junit.runners.ParentRunner$2.evaluate(ParentRunner.java:229)
	at org.junit.internal.runners.statements.RunBefores.evaluate(RunBefores.java:26)
	at org.junit.runners.ParentRunner.run(ParentRunner.java:309)
	at com.google.testing.junit.runner.internal.junit4.CancellableRequestFactory$CancellableRunner.run(CancellableRequestFactory.java:89)
	at org.junit.runner.JUnitCore.run(JUnitCore.java:160)
	at org.junit.runner.JUnitCore.run(JUnitCore.java:138)
	at com.google.testing.junit.runner.junit4.JUnit4Runner.run(JUnit4Runner.java:112)
	at com.google.testing.junit.runner.BazelTestRunner.runTestsInSuite(BazelTestRunner.java:144)
	at com.google.testing.junit.runner.BazelTestRunner.main(BazelTestRunner.java:82)
7) testSemanticSecurityDhiesWithDesede(com.google.security.wycheproof.DhiesTest)
java.lang.AssertionError: Ciphertext repeats at 256:c3aa68aa20ea13f866bf10dd942bc0afa4c1f1ba73d823c4ced00c1e65c4d0684c5228fb1cd2b991861157f485008145010dc0f057e0eaf77e62cdbe4056279904841fac3a2dc57e8ae9d120fd8d63820e6920eea3f304028c71db9e86044dd4dab07bd26fe3e4667b6c02aba765bc46336052810e430a3dcdc26d326dc58ba0eccff3de227f22814d922dd1b727af69bfbe52dc9c9780514074666b9be2575856152d2ee29ed1dc8facef9bc710414670b2791642dff1fe11a84853646877f0b4ab9b224437fc944940eaf610e28fe8839dde1ba1a54c05ab180f09ea1b75d559ca2f922b5cf847f11dde3e029521f2f354fc3f1692f7e287985fc2df30c6f328f9dd54f21fc3eb28f9dd54f21fc3eb28f9dd54f21fc3eb28f9dd54f21fc3eb28f9dd54f21fc3eb28f9dd54f21fc3eb28f9dd54f21fc3eb28f9dd54f21fc3eb28f9dd54f21fc3eb28f9dd54f21fc3eb28f9dd54f21fc3eb28f9dd54f21fc3eb28f9dd54f21fc3eb28f9dd54f21fc3eb28f9dd54f21fc3eb28f9dd54f21fc3eb28f9dd54f21fc3eb28f9dd54f21fc3eb28f9dd54f21fc3eb28f9dd54f21fc3eb28f9dd54f21fc3eb28f9dd54f21fc3eb28f9dd54f21fc3eb28f9dd54f21fc3eb28f9dd54f21fc3eb28f9dd54f21fc3eb28f9dd54f21fc3eb28f9dd54f21fc3eb28f9dd54f21fc3eb28f9dd54f21fc3eb28f9dd54f21fc3eb28f9dd54f21fc3eb28f9dd54f21fc3eb28f9dd54f21fc3eb28f9dd54f21fc3eb28f9dd54f21fc3eb28f9dd54f21fc3eb28f9dd54f21fc3eb28f9dd54f21fc3eb28f9dd54f21fc3eb28f9dd54f21fc3eb28f9dd54f21fc3eb28f9dd54f21fc3eb28f9dd54f21fc3eb28f9dd54f21fc3eb28f9dd54f21fc3eb28f9dd54f21fc3eb28f9dd54f21fc3eb28f9dd54f21fc3eb28f9dd54f21fc3eb28f9dd54f21fc3eb28f9dd54f21fc3eb28f9dd54f21fc3eb28f9dd54f21fc3eb28f9dd54f21fc3eb28f9dd54f21fc3eb28f9dd54f21fc3eb28f9dd54f21fc3eb28f9dd54f21fc3eb28f9dd54f21fc3eb28f9dd54f21fc3eb28f9dd54f21fc3eb28f9dd54f21fc3eb28f9dd54f21fc3eb8ff3767ea850a41c7dc00ba9827e02d0fc037894fb45f0e22e92d2e0
	at org.junit.Assert.fail(Assert.java:88)
	at org.junit.Assert.assertTrue(Assert.java:41)
	at com.google.security.wycheproof.DhiesTest.testNotEcb(DhiesTest.java:185)
	at com.google.security.wycheproof.DhiesTest.testSemanticSecurityDhiesWithDesede(DhiesTest.java:211)
	at sun.reflect.NativeMethodAccessorImpl.invoke0(Native Method)
	at sun.reflect.NativeMethodAccessorImpl.invoke(NativeMethodAccessorImpl.java:62)
	at sun.reflect.DelegatingMethodAccessorImpl.invoke(DelegatingMethodAccessorImpl.java:43)
	at java.lang.reflect.Method.invoke(Method.java:498)
	at org.junit.runners.model.FrameworkMethod$1.runReflectiveCall(FrameworkMethod.java:47)
	at org.junit.internal.runners.model.ReflectiveCallable.run(ReflectiveCallable.java:12)
	at org.junit.runners.model.FrameworkMethod.invokeExplosively(FrameworkMethod.java:44)
	at org.junit.internal.runners.statements.InvokeMethod.evaluate(InvokeMethod.java:17)
	at org.junit.runners.ParentRunner.runLeaf(ParentRunner.java:271)
	at org.junit.runners.BlockJUnit4ClassRunner.runChild(BlockJUnit4ClassRunner.java:70)
	at org.junit.runners.BlockJUnit4ClassRunner.runChild(BlockJUnit4ClassRunner.java:50)
	at org.junit.runners.ParentRunner$3.run(ParentRunner.java:238)
	at org.junit.runners.ParentRunner$1.schedule(ParentRunner.java:63)
	at org.junit.runners.ParentRunner.runChildren(ParentRunner.java:236)
	at org.junit.runners.ParentRunner.access$000(ParentRunner.java:53)
	at org.junit.runners.ParentRunner$2.evaluate(ParentRunner.java:229)
	at org.junit.runners.ParentRunner.run(ParentRunner.java:309)
	at org.junit.runners.Suite.runChild(Suite.java:127)
	at org.junit.runners.Suite.runChild(Suite.java:26)
	at org.junit.runners.ParentRunner$3.run(ParentRunner.java:238)
	at org.junit.runners.ParentRunner$1.schedule(ParentRunner.java:63)
	at org.junit.runners.ParentRunner.runChildren(ParentRunner.java:236)
	at org.junit.runners.ParentRunner.access$000(ParentRunner.java:53)
	at org.junit.runners.ParentRunner$2.evaluate(ParentRunner.java:229)
	at org.junit.internal.runners.statements.RunBefores.evaluate(RunBefores.java:26)
	at org.junit.runners.ParentRunner.run(ParentRunner.java:309)
	at com.google.testing.junit.runner.internal.junit4.CancellableRequestFactory$CancellableRunner.run(CancellableRequestFactory.java:89)
	at org.junit.runner.JUnitCore.run(JUnitCore.java:160)
	at org.junit.runner.JUnitCore.run(JUnitCore.java:138)
	at com.google.testing.junit.runner.junit4.JUnit4Runner.run(JUnit4Runner.java:112)
	at com.google.testing.junit.runner.BazelTestRunner.runTestsInSuite(BazelTestRunner.java:144)
	at com.google.testing.junit.runner.BazelTestRunner.main(BazelTestRunner.java:82)
8) testInvalidSignatures(com.google.security.wycheproof.DsaTest)
java.lang.AssertionError: expected:<0> but was:<3>
	at org.junit.Assert.fail(Assert.java:88)
	at org.junit.Assert.failNotEquals(Assert.java:743)
	at org.junit.Assert.assertEquals(Assert.java:118)
	at org.junit.Assert.assertEquals(Assert.java:555)
	at org.junit.Assert.assertEquals(Assert.java:542)
	at com.google.security.wycheproof.DsaTest.testVectors(DsaTest.java:720)
	at com.google.security.wycheproof.DsaTest.testInvalidSignatures(DsaTest.java:743)
	at sun.reflect.NativeMethodAccessorImpl.invoke0(Native Method)
	at sun.reflect.NativeMethodAccessorImpl.invoke(NativeMethodAccessorImpl.java:62)
	at sun.reflect.DelegatingMethodAccessorImpl.invoke(DelegatingMethodAccessorImpl.java:43)
	at java.lang.reflect.Method.invoke(Method.java:498)
	at org.junit.runners.model.FrameworkMethod$1.runReflectiveCall(FrameworkMethod.java:47)
	at org.junit.internal.runners.model.ReflectiveCallable.run(ReflectiveCallable.java:12)
	at org.junit.runners.model.FrameworkMethod.invokeExplosively(FrameworkMethod.java:44)
	at org.junit.internal.runners.statements.InvokeMethod.evaluate(InvokeMethod.java:17)
	at org.junit.runners.ParentRunner.runLeaf(ParentRunner.java:271)
	at org.junit.runners.BlockJUnit4ClassRunner.runChild(BlockJUnit4ClassRunner.java:70)
	at org.junit.runners.BlockJUnit4ClassRunner.runChild(BlockJUnit4ClassRunner.java:50)
	at org.junit.runners.ParentRunner$3.run(ParentRunner.java:238)
	at org.junit.runners.ParentRunner$1.schedule(ParentRunner.java:63)
	at org.junit.runners.ParentRunner.runChildren(ParentRunner.java:236)
	at org.junit.runners.ParentRunner.access$000(ParentRunner.java:53)
	at org.junit.runners.ParentRunner$2.evaluate(ParentRunner.java:229)
	at org.junit.runners.ParentRunner.run(ParentRunner.java:309)
	at org.junit.runners.Suite.runChild(Suite.java:127)
	at org.junit.runners.Suite.runChild(Suite.java:26)
	at org.junit.runners.ParentRunner$3.run(ParentRunner.java:238)
	at org.junit.runners.ParentRunner$1.schedule(ParentRunner.java:63)
	at org.junit.runners.ParentRunner.runChildren(ParentRunner.java:236)
	at org.junit.runners.ParentRunner.access$000(ParentRunner.java:53)
	at org.junit.runners.ParentRunner$2.evaluate(ParentRunner.java:229)
	at org.junit.internal.runners.statements.RunBefores.evaluate(RunBefores.java:26)
	at org.junit.runners.ParentRunner.run(ParentRunner.java:309)
	at com.google.testing.junit.runner.internal.junit4.CancellableRequestFactory$CancellableRunner.run(CancellableRequestFactory.java:89)
	at org.junit.runner.JUnitCore.run(JUnitCore.java:160)
	at org.junit.runner.JUnitCore.run(JUnitCore.java:138)
	at com.google.testing.junit.runner.junit4.JUnit4Runner.run(JUnit4Runner.java:112)
	at com.google.testing.junit.runner.BazelTestRunner.runTestsInSuite(BazelTestRunner.java:144)
	at com.google.testing.junit.runner.BazelTestRunner.main(BazelTestRunner.java:82)
9) testKeyGenerationAll(com.google.security.wycheproof.DsaTest)
java.lang.AssertionError: Invalid qsize for 2048 bit key:160
	at org.junit.Assert.fail(Assert.java:88)
	at org.junit.Assert.assertTrue(Assert.java:41)
	at com.google.security.wycheproof.DsaTest.testKeyGeneration(DsaTest.java:879)
	at com.google.security.wycheproof.DsaTest.testKeyGenerationAll(DsaTest.java:907)
	at sun.reflect.NativeMethodAccessorImpl.invoke0(Native Method)
	at sun.reflect.NativeMethodAccessorImpl.invoke(NativeMethodAccessorImpl.java:62)
	at sun.reflect.DelegatingMethodAccessorImpl.invoke(DelegatingMethodAccessorImpl.java:43)
	at java.lang.reflect.Method.invoke(Method.java:498)
	at org.junit.runners.model.FrameworkMethod$1.runReflectiveCall(FrameworkMethod.java:47)
	at org.junit.internal.runners.model.ReflectiveCallable.run(ReflectiveCallable.java:12)
	at org.junit.runners.model.FrameworkMethod.invokeExplosively(FrameworkMethod.java:44)
	at org.junit.internal.runners.statements.InvokeMethod.evaluate(InvokeMethod.java:17)
	at org.junit.runners.ParentRunner.runLeaf(ParentRunner.java:271)
	at org.junit.runners.BlockJUnit4ClassRunner.runChild(BlockJUnit4ClassRunner.java:70)
	at org.junit.runners.BlockJUnit4ClassRunner.runChild(BlockJUnit4ClassRunner.java:50)
	at org.junit.runners.ParentRunner$3.run(ParentRunner.java:238)
	at org.junit.runners.ParentRunner$1.schedule(ParentRunner.java:63)
	at org.junit.runners.ParentRunner.runChildren(ParentRunner.java:236)
	at org.junit.runners.ParentRunner.access$000(ParentRunner.java:53)
	at org.junit.runners.ParentRunner$2.evaluate(ParentRunner.java:229)
	at org.junit.runners.ParentRunner.run(ParentRunner.java:309)
	at org.junit.runners.Suite.runChild(Suite.java:127)
	at org.junit.runners.Suite.runChild(Suite.java:26)
	at org.junit.runners.ParentRunner$3.run(ParentRunner.java:238)
	at org.junit.runners.ParentRunner$1.schedule(ParentRunner.java:63)
	at org.junit.runners.ParentRunner.runChildren(ParentRunner.java:236)
	at org.junit.runners.ParentRunner.access$000(ParentRunner.java:53)
	at org.junit.runners.ParentRunner$2.evaluate(ParentRunner.java:229)
	at org.junit.internal.runners.statements.RunBefores.evaluate(RunBefores.java:26)
	at org.junit.runners.ParentRunner.run(ParentRunner.java:309)
	at com.google.testing.junit.runner.internal.junit4.CancellableRequestFactory$CancellableRunner.run(CancellableRequestFactory.java:89)
	at org.junit.runner.JUnitCore.run(JUnitCore.java:160)
	at org.junit.runner.JUnitCore.run(JUnitCore.java:138)
	at com.google.testing.junit.runner.junit4.JUnit4Runner.run(JUnit4Runner.java:112)
	at com.google.testing.junit.runner.BazelTestRunner.runTestsInSuite(BazelTestRunner.java:144)
	at com.google.testing.junit.runner.BazelTestRunner.main(BazelTestRunner.java:82)
10) testDefaultKeySize(com.google.security.wycheproof.DsaTest)
java.lang.AssertionError: DSA default key size too small:1024
	at org.junit.Assert.fail(Assert.java:88)
	at com.google.security.wycheproof.DsaTest.testDefaultKeySize(DsaTest.java:942)
	at sun.reflect.NativeMethodAccessorImpl.invoke0(Native Method)
	at sun.reflect.NativeMethodAccessorImpl.invoke(NativeMethodAccessorImpl.java:62)
	at sun.reflect.DelegatingMethodAccessorImpl.invoke(DelegatingMethodAccessorImpl.java:43)
	at java.lang.reflect.Method.invoke(Method.java:498)
	at org.junit.runners.model.FrameworkMethod$1.runReflectiveCall(FrameworkMethod.java:47)
	at org.junit.internal.runners.model.ReflectiveCallable.run(ReflectiveCallable.java:12)
	at org.junit.runners.model.FrameworkMethod.invokeExplosively(FrameworkMethod.java:44)
	at org.junit.internal.runners.statements.InvokeMethod.evaluate(InvokeMethod.java:17)
	at org.junit.runners.ParentRunner.runLeaf(ParentRunner.java:271)
	at org.junit.runners.BlockJUnit4ClassRunner.runChild(BlockJUnit4ClassRunner.java:70)
	at org.junit.runners.BlockJUnit4ClassRunner.runChild(BlockJUnit4ClassRunner.java:50)
	at org.junit.runners.ParentRunner$3.run(ParentRunner.java:238)
	at org.junit.runners.ParentRunner$1.schedule(ParentRunner.java:63)
	at org.junit.runners.ParentRunner.runChildren(ParentRunner.java:236)
	at org.junit.runners.ParentRunner.access$000(ParentRunner.java:53)
	at org.junit.runners.ParentRunner$2.evaluate(ParentRunner.java:229)
	at org.junit.runners.ParentRunner.run(ParentRunner.java:309)
	at org.junit.runners.Suite.runChild(Suite.java:127)
	at org.junit.runners.Suite.runChild(Suite.java:26)
	at org.junit.runners.ParentRunner$3.run(ParentRunner.java:238)
	at org.junit.runners.ParentRunner$1.schedule(ParentRunner.java:63)
	at org.junit.runners.ParentRunner.runChildren(ParentRunner.java:236)
	at org.junit.runners.ParentRunner.access$000(ParentRunner.java:53)
	at org.junit.runners.ParentRunner$2.evaluate(ParentRunner.java:229)
	at org.junit.internal.runners.statements.RunBefores.evaluate(RunBefores.java:26)
	at org.junit.runners.ParentRunner.run(ParentRunner.java:309)
	at com.google.testing.junit.runner.internal.junit4.CancellableRequestFactory$CancellableRunner.run(CancellableRequestFactory.java:89)
	at org.junit.runner.JUnitCore.run(JUnitCore.java:160)
	at org.junit.runner.JUnitCore.run(JUnitCore.java:138)
	at com.google.testing.junit.runner.junit4.JUnit4Runner.run(JUnit4Runner.java:112)
	at com.google.testing.junit.runner.BazelTestRunner.runTestsInSuite(BazelTestRunner.java:144)
	at com.google.testing.junit.runner.BazelTestRunner.main(BazelTestRunner.java:82)
11) testTiming(com.google.security.wycheproof.DsaTest)
java.lang.AssertionError: Signatures with short timing have a biased k
	at org.junit.Assert.fail(Assert.java:88)
	at com.google.security.wycheproof.DsaTest.testTiming(DsaTest.java:1190)
	at sun.reflect.NativeMethodAccessorImpl.invoke0(Native Method)
	at sun.reflect.NativeMethodAccessorImpl.invoke(NativeMethodAccessorImpl.java:62)
	at sun.reflect.DelegatingMethodAccessorImpl.invoke(DelegatingMethodAccessorImpl.java:43)
	at java.lang.reflect.Method.invoke(Method.java:498)
	at org.junit.runners.model.FrameworkMethod$1.runReflectiveCall(FrameworkMethod.java:47)
	at org.junit.internal.runners.model.ReflectiveCallable.run(ReflectiveCallable.java:12)
	at org.junit.runners.model.FrameworkMethod.invokeExplosively(FrameworkMethod.java:44)
	at org.junit.internal.runners.statements.InvokeMethod.evaluate(InvokeMethod.java:17)
	at org.junit.runners.ParentRunner.runLeaf(ParentRunner.java:271)
	at org.junit.runners.BlockJUnit4ClassRunner.runChild(BlockJUnit4ClassRunner.java:70)
	at org.junit.runners.BlockJUnit4ClassRunner.runChild(BlockJUnit4ClassRunner.java:50)
	at org.junit.runners.ParentRunner$3.run(ParentRunner.java:238)
	at org.junit.runners.ParentRunner$1.schedule(ParentRunner.java:63)
	at org.junit.runners.ParentRunner.runChildren(ParentRunner.java:236)
	at org.junit.runners.ParentRunner.access$000(ParentRunner.java:53)
	at org.junit.runners.ParentRunner$2.evaluate(ParentRunner.java:229)
	at org.junit.runners.ParentRunner.run(ParentRunner.java:309)
	at org.junit.runners.Suite.runChild(Suite.java:127)
	at org.junit.runners.Suite.runChild(Suite.java:26)
	at org.junit.runners.ParentRunner$3.run(ParentRunner.java:238)
	at org.junit.runners.ParentRunner$1.schedule(ParentRunner.java:63)
	at org.junit.runners.ParentRunner.runChildren(ParentRunner.java:236)
	at org.junit.runners.ParentRunner.access$000(ParentRunner.java:53)
	at org.junit.runners.ParentRunner$2.evaluate(ParentRunner.java:229)
	at org.junit.internal.runners.statements.RunBefores.evaluate(RunBefores.java:26)
	at org.junit.runners.ParentRunner.run(ParentRunner.java:309)
	at com.google.testing.junit.runner.internal.junit4.CancellableRequestFactory$CancellableRunner.run(CancellableRequestFactory.java:89)
	at org.junit.runner.JUnitCore.run(JUnitCore.java:160)
	at org.junit.runner.JUnitCore.run(JUnitCore.java:138)
	at com.google.testing.junit.runner.junit4.JUnit4Runner.run(JUnit4Runner.java:112)
	at com.google.testing.junit.runner.BazelTestRunner.runTestsInSuite(BazelTestRunner.java:144)
	at com.google.testing.junit.runner.BazelTestRunner.main(BazelTestRunner.java:82)
12) testWrongOrderEcdhc(com.google.security.wycheproof.EcdhTest)
org.junit.ComparisonFailure: Algorithm:ECDHC expected:<[99d23424262401391945c9e15fd1f74b369f6328484e0a8a65f21f4c047074a3]> but was:<[e2da29abfbbafcb5d9489c2bdb1ae672b37b61d49415eb8a99aa8d07ec9916e5]>
	at org.junit.Assert.assertEquals(Assert.java:115)
	at com.google.security.wycheproof.EcdhTest.testWrongOrder(EcdhTest.java:2150)
	at com.google.security.wycheproof.EcdhTest.testWrongOrderEcdhc(EcdhTest.java:2162)
	at sun.reflect.NativeMethodAccessorImpl.invoke0(Native Method)
	at sun.reflect.NativeMethodAccessorImpl.invoke(NativeMethodAccessorImpl.java:62)
	at sun.reflect.DelegatingMethodAccessorImpl.invoke(DelegatingMethodAccessorImpl.java:43)
	at java.lang.reflect.Method.invoke(Method.java:498)
	at org.junit.runners.model.FrameworkMethod$1.runReflectiveCall(FrameworkMethod.java:47)
	at org.junit.internal.runners.model.ReflectiveCallable.run(ReflectiveCallable.java:12)
	at org.junit.runners.model.FrameworkMethod.invokeExplosively(FrameworkMethod.java:44)
	at org.junit.internal.runners.statements.InvokeMethod.evaluate(InvokeMethod.java:17)
	at org.junit.runners.ParentRunner.runLeaf(ParentRunner.java:271)
	at org.junit.runners.BlockJUnit4ClassRunner.runChild(BlockJUnit4ClassRunner.java:70)
	at org.junit.runners.BlockJUnit4ClassRunner.runChild(BlockJUnit4ClassRunner.java:50)
	at org.junit.runners.ParentRunner$3.run(ParentRunner.java:238)
	at org.junit.runners.ParentRunner$1.schedule(ParentRunner.java:63)
	at org.junit.runners.ParentRunner.runChildren(ParentRunner.java:236)
	at org.junit.runners.ParentRunner.access$000(ParentRunner.java:53)
	at org.junit.runners.ParentRunner$2.evaluate(ParentRunner.java:229)
	at org.junit.runners.ParentRunner.run(ParentRunner.java:309)
	at org.junit.runners.Suite.runChild(Suite.java:127)
	at org.junit.runners.Suite.runChild(Suite.java:26)
	at org.junit.runners.ParentRunner$3.run(ParentRunner.java:238)
	at org.junit.runners.ParentRunner$1.schedule(ParentRunner.java:63)
	at org.junit.runners.ParentRunner.runChildren(ParentRunner.java:236)
	at org.junit.runners.ParentRunner.access$000(ParentRunner.java:53)
	at org.junit.runners.ParentRunner$2.evaluate(ParentRunner.java:229)
	at org.junit.internal.runners.statements.RunBefores.evaluate(RunBefores.java:26)
	at org.junit.runners.ParentRunner.run(ParentRunner.java:309)
	at com.google.testing.junit.runner.internal.junit4.CancellableRequestFactory$CancellableRunner.run(CancellableRequestFactory.java:89)
	at org.junit.runner.JUnitCore.run(JUnitCore.java:160)
	at org.junit.runner.JUnitCore.run(JUnitCore.java:138)
	at com.google.testing.junit.runner.junit4.JUnit4Runner.run(JUnit4Runner.java:112)
	at com.google.testing.junit.runner.BazelTestRunner.runTestsInSuite(BazelTestRunner.java:144)
	at com.google.testing.junit.runner.BazelTestRunner.main(BazelTestRunner.java:82)
13) testModifiedPublic(com.google.security.wycheproof.EcdhTest)
org.junit.ComparisonFailure: algorithm:ECDH test:modified prime expected:<[fd55a0d6bcded4bdf844ac095a31e198f45590f325e1ee99a8b4343eeefa71ad]> but was:<[96377c40a73f754b2536cc29ac91852c98ad828a87dd37a22216256d78cd33a6]>
	at org.junit.Assert.assertEquals(Assert.java:115)
	at com.google.security.wycheproof.EcdhTest.testModifiedPublic(EcdhTest.java:1950)
	at com.google.security.wycheproof.EcdhTest.testModifiedPublic(EcdhTest.java:2010)
	at sun.reflect.NativeMethodAccessorImpl.invoke0(Native Method)
	at sun.reflect.NativeMethodAccessorImpl.invoke(NativeMethodAccessorImpl.java:62)
	at sun.reflect.DelegatingMethodAccessorImpl.invoke(DelegatingMethodAccessorImpl.java:43)
	at java.lang.reflect.Method.invoke(Method.java:498)
	at org.junit.runners.model.FrameworkMethod$1.runReflectiveCall(FrameworkMethod.java:47)
	at org.junit.internal.runners.model.ReflectiveCallable.run(ReflectiveCallable.java:12)
	at org.junit.runners.model.FrameworkMethod.invokeExplosively(FrameworkMethod.java:44)
	at org.junit.internal.runners.statements.InvokeMethod.evaluate(InvokeMethod.java:17)
	at org.junit.runners.ParentRunner.runLeaf(ParentRunner.java:271)
	at org.junit.runners.BlockJUnit4ClassRunner.runChild(BlockJUnit4ClassRunner.java:70)
	at org.junit.runners.BlockJUnit4ClassRunner.runChild(BlockJUnit4ClassRunner.java:50)
	at org.junit.runners.ParentRunner$3.run(ParentRunner.java:238)
	at org.junit.runners.ParentRunner$1.schedule(ParentRunner.java:63)
	at org.junit.runners.ParentRunner.runChildren(ParentRunner.java:236)
	at org.junit.runners.ParentRunner.access$000(ParentRunner.java:53)
	at org.junit.runners.ParentRunner$2.evaluate(ParentRunner.java:229)
	at org.junit.runners.ParentRunner.run(ParentRunner.java:309)
	at org.junit.runners.Suite.runChild(Suite.java:127)
	at org.junit.runners.Suite.runChild(Suite.java:26)
	at org.junit.runners.ParentRunner$3.run(ParentRunner.java:238)
	at org.junit.runners.ParentRunner$1.schedule(ParentRunner.java:63)
	at org.junit.runners.ParentRunner.runChildren(ParentRunner.java:236)
	at org.junit.runners.ParentRunner.access$000(ParentRunner.java:53)
	at org.junit.runners.ParentRunner$2.evaluate(ParentRunner.java:229)
	at org.junit.internal.runners.statements.RunBefores.evaluate(RunBefores.java:26)
	at org.junit.runners.ParentRunner.run(ParentRunner.java:309)
	at com.google.testing.junit.runner.internal.junit4.CancellableRequestFactory$CancellableRunner.run(CancellableRequestFactory.java:89)
	at org.junit.runner.JUnitCore.run(JUnitCore.java:160)
	at org.junit.runner.JUnitCore.run(JUnitCore.java:138)
	at com.google.testing.junit.runner.junit4.JUnit4Runner.run(JUnit4Runner.java:112)
	at com.google.testing.junit.runner.BazelTestRunner.runTestsInSuite(BazelTestRunner.java:144)
	at com.google.testing.junit.runner.BazelTestRunner.main(BazelTestRunner.java:82)
14) testModifiedPublicSpec(com.google.security.wycheproof.EcdhTest)
java.lang.IllegalArgumentException: Invalid point
	at org.spongycastle.math.ec.ECAlgorithms.validatePoint(ECAlgorithms.java:214)
	at org.spongycastle.math.ec.AbstractECMultiplier.multiply(AbstractECMultiplier.java:22)
	at org.spongycastle.math.ec.ECPoint.multiply(ECPoint.java:525)
	at org.spongycastle.crypto.agreement.ECDHBasicAgreement.calculateAgreement(ECDHBasicAgreement.java:45)
	at org.spongycastle.jcajce.provider.asymmetric.ec.KeyAgreementSpi.engineDoPhase(KeyAgreementSpi.java:156)
	at javax.crypto.KeyAgreement.doPhase(KeyAgreement.java:567)
	at com.google.security.wycheproof.EcdhTest.testModifiedPublicSpec(EcdhTest.java:1989)
	at com.google.security.wycheproof.EcdhTest.testModifiedPublicSpec(EcdhTest.java:2016)
	at sun.reflect.NativeMethodAccessorImpl.invoke0(Native Method)
	at sun.reflect.NativeMethodAccessorImpl.invoke(NativeMethodAccessorImpl.java:62)
	at sun.reflect.DelegatingMethodAccessorImpl.invoke(DelegatingMethodAccessorImpl.java:43)
	at java.lang.reflect.Method.invoke(Method.java:498)
	at org.junit.runners.model.FrameworkMethod$1.runReflectiveCall(FrameworkMethod.java:47)
	at org.junit.internal.runners.model.ReflectiveCallable.run(ReflectiveCallable.java:12)
	at org.junit.runners.model.FrameworkMethod.invokeExplosively(FrameworkMethod.java:44)
	at org.junit.internal.runners.statements.InvokeMethod.evaluate(InvokeMethod.java:17)
	at org.junit.runners.ParentRunner.runLeaf(ParentRunner.java:271)
	at org.junit.runners.BlockJUnit4ClassRunner.runChild(BlockJUnit4ClassRunner.java:70)
	at org.junit.runners.BlockJUnit4ClassRunner.runChild(BlockJUnit4ClassRunner.java:50)
	at org.junit.runners.ParentRunner$3.run(ParentRunner.java:238)
	at org.junit.runners.ParentRunner$1.schedule(ParentRunner.java:63)
	at org.junit.runners.ParentRunner.runChildren(ParentRunner.java:236)
	at org.junit.runners.ParentRunner.access$000(ParentRunner.java:53)
	at org.junit.runners.ParentRunner$2.evaluate(ParentRunner.java:229)
	at org.junit.runners.ParentRunner.run(ParentRunner.java:309)
	at org.junit.runners.Suite.runChild(Suite.java:127)
	at org.junit.runners.Suite.runChild(Suite.java:26)
	at org.junit.runners.ParentRunner$3.run(ParentRunner.java:238)
	at org.junit.runners.ParentRunner$1.schedule(ParentRunner.java:63)
	at org.junit.runners.ParentRunner.runChildren(ParentRunner.java:236)
	at org.junit.runners.ParentRunner.access$000(ParentRunner.java:53)
	at org.junit.runners.ParentRunner$2.evaluate(ParentRunner.java:229)
	at org.junit.internal.runners.statements.RunBefores.evaluate(RunBefores.java:26)
	at org.junit.runners.ParentRunner.run(ParentRunner.java:309)
	at com.google.testing.junit.runner.internal.junit4.CancellableRequestFactory$CancellableRunner.run(CancellableRequestFactory.java:89)
	at org.junit.runner.JUnitCore.run(JUnitCore.java:160)
	at org.junit.runner.JUnitCore.run(JUnitCore.java:138)
	at com.google.testing.junit.runner.junit4.JUnit4Runner.run(JUnit4Runner.java:112)
	at com.google.testing.junit.runner.BazelTestRunner.runTestsInSuite(BazelTestRunner.java:144)
	at com.google.testing.junit.runner.BazelTestRunner.main(BazelTestRunner.java:82)
15) testEncode(com.google.security.wycheproof.EcdhTest)
org.junit.ComparisonFailure: expected:<30[8201333081ec06072a8648ce3d02013081e0020101302c06072a8648ce3d0101022100ffffffff00000001000000000000000000000000ffffffffffffffffffffffff30440420ffffffff00000001000000000000000000000000fffffffffffffffffffffffc04205ac635d8aa3a93e7b3ebbd55769886bc651d06b0cc53b0f63bce3c3e27d2604b0441046b17d1f2e12c4247f8bce6e563a440f277037d812deb33a0f4a13945d898c2964fe342e2fe1a7f9b8ee7eb4a7c0f9e162bce33576b315ececbb6406837bf51f5022100ffffffff00000000ffffffffffffffffbce6faada7179e84f3b9cac2fc632551020101]03420004cdeb39edd03e...> but was:<30[59301306072a8648ce3d020106082a8648ce3d030107]03420004cdeb39edd03e...>
	at org.junit.Assert.assertEquals(Assert.java:115)
	at org.junit.Assert.assertEquals(Assert.java:144)
	at com.google.security.wycheproof.EcdhTest.testEncode(EcdhTest.java:1894)
	at sun.reflect.NativeMethodAccessorImpl.invoke0(Native Method)
	at sun.reflect.NativeMethodAccessorImpl.invoke(NativeMethodAccessorImpl.java:62)
	at sun.reflect.DelegatingMethodAccessorImpl.invoke(DelegatingMethodAccessorImpl.java:43)
	at java.lang.reflect.Method.invoke(Method.java:498)
	at org.junit.runners.model.FrameworkMethod$1.runReflectiveCall(FrameworkMethod.java:47)
	at org.junit.internal.runners.model.ReflectiveCallable.run(ReflectiveCallable.java:12)
	at org.junit.runners.model.FrameworkMethod.invokeExplosively(FrameworkMethod.java:44)
	at org.junit.internal.runners.statements.InvokeMethod.evaluate(InvokeMethod.java:17)
	at org.junit.runners.ParentRunner.runLeaf(ParentRunner.java:271)
	at org.junit.runners.BlockJUnit4ClassRunner.runChild(BlockJUnit4ClassRunner.java:70)
	at org.junit.runners.BlockJUnit4ClassRunner.runChild(BlockJUnit4ClassRunner.java:50)
	at org.junit.runners.ParentRunner$3.run(ParentRunner.java:238)
	at org.junit.runners.ParentRunner$1.schedule(ParentRunner.java:63)
	at org.junit.runners.ParentRunner.runChildren(ParentRunner.java:236)
	at org.junit.runners.ParentRunner.access$000(ParentRunner.java:53)
	at org.junit.runners.ParentRunner$2.evaluate(ParentRunner.java:229)
	at org.junit.runners.ParentRunner.run(ParentRunner.java:309)
	at org.junit.runners.Suite.runChild(Suite.java:127)
	at org.junit.runners.Suite.runChild(Suite.java:26)
	at org.junit.runners.ParentRunner$3.run(ParentRunner.java:238)
	at org.junit.runners.ParentRunner$1.schedule(ParentRunner.java:63)
	at org.junit.runners.ParentRunner.runChildren(ParentRunner.java:236)
	at org.junit.runners.ParentRunner.access$000(ParentRunner.java:53)
	at org.junit.runners.ParentRunner$2.evaluate(ParentRunner.java:229)
	at org.junit.internal.runners.statements.RunBefores.evaluate(RunBefores.java:26)
	at org.junit.runners.ParentRunner.run(ParentRunner.java:309)
	at com.google.testing.junit.runner.internal.junit4.CancellableRequestFactory$CancellableRunner.run(CancellableRequestFactory.java:89)
	at org.junit.runner.JUnitCore.run(JUnitCore.java:160)
	at org.junit.runner.JUnitCore.run(JUnitCore.java:138)
	at com.google.testing.junit.runner.junit4.JUnit4Runner.run(JUnit4Runner.java:112)
	at com.google.testing.junit.runner.BazelTestRunner.runTestsInSuite(BazelTestRunner.java:144)
	at com.google.testing.junit.runner.BazelTestRunner.main(BazelTestRunner.java:82)
16) testInvalidSignatures(com.google.security.wycheproof.EcdsaTest)
java.lang.AssertionError: expected:<0> but was:<4>
	at org.junit.Assert.fail(Assert.java:88)
	at org.junit.Assert.failNotEquals(Assert.java:743)
	at org.junit.Assert.assertEquals(Assert.java:118)
	at org.junit.Assert.assertEquals(Assert.java:555)
	at org.junit.Assert.assertEquals(Assert.java:542)
	at com.google.security.wycheproof.EcdsaTest.testVectors(EcdsaTest.java:642)
	at com.google.security.wycheproof.EcdsaTest.testInvalidSignatures(EcdsaTest.java:671)
	at sun.reflect.NativeMethodAccessorImpl.invoke0(Native Method)
	at sun.reflect.NativeMethodAccessorImpl.invoke(NativeMethodAccessorImpl.java:62)
	at sun.reflect.DelegatingMethodAccessorImpl.invoke(DelegatingMethodAccessorImpl.java:43)
	at java.lang.reflect.Method.invoke(Method.java:498)
	at org.junit.runners.model.FrameworkMethod$1.runReflectiveCall(FrameworkMethod.java:47)
	at org.junit.internal.runners.model.ReflectiveCallable.run(ReflectiveCallable.java:12)
	at org.junit.runners.model.FrameworkMethod.invokeExplosively(FrameworkMethod.java:44)
	at org.junit.internal.runners.statements.InvokeMethod.evaluate(InvokeMethod.java:17)
	at org.junit.runners.ParentRunner.runLeaf(ParentRunner.java:271)
	at org.junit.runners.BlockJUnit4ClassRunner.runChild(BlockJUnit4ClassRunner.java:70)
	at org.junit.runners.BlockJUnit4ClassRunner.runChild(BlockJUnit4ClassRunner.java:50)
	at org.junit.runners.ParentRunner$3.run(ParentRunner.java:238)
	at org.junit.runners.ParentRunner$1.schedule(ParentRunner.java:63)
	at org.junit.runners.ParentRunner.runChildren(ParentRunner.java:236)
	at org.junit.runners.ParentRunner.access$000(ParentRunner.java:53)
	at org.junit.runners.ParentRunner$2.evaluate(ParentRunner.java:229)
	at org.junit.runners.ParentRunner.run(ParentRunner.java:309)
	at org.junit.runners.Suite.runChild(Suite.java:127)
	at org.junit.runners.Suite.runChild(Suite.java:26)
	at org.junit.runners.ParentRunner$3.run(ParentRunner.java:238)
	at org.junit.runners.ParentRunner$1.schedule(ParentRunner.java:63)
	at org.junit.runners.ParentRunner.runChildren(ParentRunner.java:236)
	at org.junit.runners.ParentRunner.access$000(ParentRunner.java:53)
	at org.junit.runners.ParentRunner$2.evaluate(ParentRunner.java:229)
	at org.junit.internal.runners.statements.RunBefores.evaluate(RunBefores.java:26)
	at org.junit.runners.ParentRunner.run(ParentRunner.java:309)
	at com.google.testing.junit.runner.internal.junit4.CancellableRequestFactory$CancellableRunner.run(CancellableRequestFactory.java:89)
	at org.junit.runner.JUnitCore.run(JUnitCore.java:160)
	at org.junit.runner.JUnitCore.run(JUnitCore.java:138)
	at com.google.testing.junit.runner.junit4.JUnit4Runner.run(JUnit4Runner.java:112)
	at com.google.testing.junit.runner.BazelTestRunner.runTestsInSuite(BazelTestRunner.java:144)
	at com.google.testing.junit.runner.BazelTestRunner.main(BazelTestRunner.java:82)
17) testByteBuffer(com.google.security.wycheproof.EciesTest)
java.lang.ClassCastException: org.spongycastle.crypto.params.ECPublicKeyParameters cannot be cast to org.spongycastle.jce.interfaces.ECKey
	at org.spongycastle.jcajce.provider.asymmetric.ec.IESCipher.engineGetOutputSize(IESCipher.java:161)
	at javax.crypto.CipherSpi.bufferCrypt(CipherSpi.java:757)
	at javax.crypto.CipherSpi.engineDoFinal(CipherSpi.java:730)
	at javax.crypto.Cipher.doFinal(Cipher.java:2460)
	at com.google.security.wycheproof.EciesTest.testByteBuffer(EciesTest.java:388)
	at sun.reflect.NativeMethodAccessorImpl.invoke0(Native Method)
	at sun.reflect.NativeMethodAccessorImpl.invoke(NativeMethodAccessorImpl.java:62)
	at sun.reflect.DelegatingMethodAccessorImpl.invoke(DelegatingMethodAccessorImpl.java:43)
	at java.lang.reflect.Method.invoke(Method.java:498)
	at org.junit.runners.model.FrameworkMethod$1.runReflectiveCall(FrameworkMethod.java:47)
	at org.junit.internal.runners.model.ReflectiveCallable.run(ReflectiveCallable.java:12)
	at org.junit.runners.model.FrameworkMethod.invokeExplosively(FrameworkMethod.java:44)
	at org.junit.internal.runners.statements.InvokeMethod.evaluate(InvokeMethod.java:17)
	at org.junit.runners.ParentRunner.runLeaf(ParentRunner.java:271)
	at org.junit.runners.BlockJUnit4ClassRunner.runChild(BlockJUnit4ClassRunner.java:70)
	at org.junit.runners.BlockJUnit4ClassRunner.runChild(BlockJUnit4ClassRunner.java:50)
	at org.junit.runners.ParentRunner$3.run(ParentRunner.java:238)
	at org.junit.runners.ParentRunner$1.schedule(ParentRunner.java:63)
	at org.junit.runners.ParentRunner.runChildren(ParentRunner.java:236)
	at org.junit.runners.ParentRunner.access$000(ParentRunner.java:53)
	at org.junit.runners.ParentRunner$2.evaluate(ParentRunner.java:229)
	at org.junit.runners.ParentRunner.run(ParentRunner.java:309)
	at org.junit.runners.Suite.runChild(Suite.java:127)
	at org.junit.runners.Suite.runChild(Suite.java:26)
	at org.junit.runners.ParentRunner$3.run(ParentRunner.java:238)
	at org.junit.runners.ParentRunner$1.schedule(ParentRunner.java:63)
	at org.junit.runners.ParentRunner.runChildren(ParentRunner.java:236)
	at org.junit.runners.ParentRunner.access$000(ParentRunner.java:53)
	at org.junit.runners.ParentRunner$2.evaluate(ParentRunner.java:229)
	at org.junit.internal.runners.statements.RunBefores.evaluate(RunBefores.java:26)
	at org.junit.runners.ParentRunner.run(ParentRunner.java:309)
	at com.google.testing.junit.runner.internal.junit4.CancellableRequestFactory$CancellableRunner.run(CancellableRequestFactory.java:89)
	at org.junit.runner.JUnitCore.run(JUnitCore.java:160)
	at org.junit.runner.JUnitCore.run(JUnitCore.java:138)
	at com.google.testing.junit.runner.junit4.JUnit4Runner.run(JUnit4Runner.java:112)
	at com.google.testing.junit.runner.BazelTestRunner.runTestsInSuite(BazelTestRunner.java:144)
	at com.google.testing.junit.runner.BazelTestRunner.main(BazelTestRunner.java:82)
18) testDefaultEciesWithDESede(com.google.security.wycheproof.EciesTest)
java.lang.AssertionError: Ciphertext repeats:044f09128bb65856c1eb99a5bcf1d3017605ebcace35d20034047d7af531a5e0fd6ca4d60027dee7ba5c33a53d9a9719c9043ba84f642e975378b6938acd40f7efeeb2d561f31978bceeb2d561f31978bceeb2d561f31978bceeb2d561f31978bceeb2d561f31978bceeb2d561f31978bceeb2d561f31978bceeb2d561f31978bceeb2d561f31978bceeb2d561f31978bceeb2d561f31978bceeb2d561f31978bceeb2d561f31978bceeb2d561f31978bceeb2d561f31978bceeb2d561f31978bceeb2d561f31978bceeb2d561f31978bceeb2d561f31978bceeb2d561f31978bceeb2d561f31978bceeb2d561f31978bceeb2d561f31978bceeb2d561f31978bceeb2d561f31978bceeb2d561f31978bceeb2d561f31978bceeb2d561f31978bceeb2d561f31978bceeb2d561f31978bceeb2d561f31978bceeb2d561f31978bceeb2d561f31978bceeb2d561f31978bceeb2d561f31978bceeb2d561f31978bceeb2d561f31978bceeb2d561f31978bceeb2d561f31978bceeb2d561f31978bceeb2d561f31978bceeb2d561f31978bceeb2d561f31978bceeb2d561f31978bceeb2d561f31978bceeb2d561f31978bceeb2d561f31978bceeb2d561f31978bceeb2d561f31978bceeb2d561f31978bceeb2d561f31978bceeb2d561f31978bceeb2d561f31978bceeb2d561f31978bceeb2d561f31978bceeb2d561f31978bceeb2d561f31978bceeb2d561f31978bceeb2d561f31978bceeb2d561f31978bceeb2d561f31978bceeb2d561f31978bceeb2d561f31978bceeb2d561f31978bca7818695a1e7e3f506dbb9f8ead6330d87f304a6e2545d73a449511e
	at org.junit.Assert.fail(Assert.java:88)
	at org.junit.Assert.assertTrue(Assert.java:41)
	at com.google.security.wycheproof.EciesTest.testNotEcb(EciesTest.java:293)
	at com.google.security.wycheproof.EciesTest.testDefaultEciesWithDESede(EciesTest.java:309)
	at sun.reflect.NativeMethodAccessorImpl.invoke0(Native Method)
	at sun.reflect.NativeMethodAccessorImpl.invoke(NativeMethodAccessorImpl.java:62)
	at sun.reflect.DelegatingMethodAccessorImpl.invoke(DelegatingMethodAccessorImpl.java:43)
	at java.lang.reflect.Method.invoke(Method.java:498)
	at org.junit.runners.model.FrameworkMethod$1.runReflectiveCall(FrameworkMethod.java:47)
	at org.junit.internal.runners.model.ReflectiveCallable.run(ReflectiveCallable.java:12)
	at org.junit.runners.model.FrameworkMethod.invokeExplosively(FrameworkMethod.java:44)
	at org.junit.internal.runners.statements.InvokeMethod.evaluate(InvokeMethod.java:17)
	at org.junit.runners.ParentRunner.runLeaf(ParentRunner.java:271)
	at org.junit.runners.BlockJUnit4ClassRunner.runChild(BlockJUnit4ClassRunner.java:70)
	at org.junit.runners.BlockJUnit4ClassRunner.runChild(BlockJUnit4ClassRunner.java:50)
	at org.junit.runners.ParentRunner$3.run(ParentRunner.java:238)
	at org.junit.runners.ParentRunner$1.schedule(ParentRunner.java:63)
	at org.junit.runners.ParentRunner.runChildren(ParentRunner.java:236)
	at org.junit.runners.ParentRunner.access$000(ParentRunner.java:53)
	at org.junit.runners.ParentRunner$2.evaluate(ParentRunner.java:229)
	at org.junit.runners.ParentRunner.run(ParentRunner.java:309)
	at org.junit.runners.Suite.runChild(Suite.java:127)
	at org.junit.runners.Suite.runChild(Suite.java:26)
	at org.junit.runners.ParentRunner$3.run(ParentRunner.java:238)
	at org.junit.runners.ParentRunner$1.schedule(ParentRunner.java:63)
	at org.junit.runners.ParentRunner.runChildren(ParentRunner.java:236)
	at org.junit.runners.ParentRunner.access$000(ParentRunner.java:53)
	at org.junit.runners.ParentRunner$2.evaluate(ParentRunner.java:229)
	at org.junit.internal.runners.statements.RunBefores.evaluate(RunBefores.java:26)
	at org.junit.runners.ParentRunner.run(ParentRunner.java:309)
	at com.google.testing.junit.runner.internal.junit4.CancellableRequestFactory$CancellableRunner.run(CancellableRequestFactory.java:89)
	at org.junit.runner.JUnitCore.run(JUnitCore.java:160)
	at org.junit.runner.JUnitCore.run(JUnitCore.java:138)
	at com.google.testing.junit.runner.junit4.JUnit4Runner.run(JUnit4Runner.java:112)
	at com.google.testing.junit.runner.BazelTestRunner.runTestsInSuite(BazelTestRunner.java:144)
	at com.google.testing.junit.runner.BazelTestRunner.main(BazelTestRunner.java:82)
19) testDefaultEciesWithAes(com.google.security.wycheproof.EciesTest)
java.lang.AssertionError: Ciphertext repeats:048b93e4daaacfdb3aa2217f913d2236f5d775c95b2048ce9e076b39662121457e20876ebfef86c9931cdc8efa5723e87db158bc257d0ad1e54d050a030fcd7132d7c73f0dac888136d6d6e604c37ffd89d7c73f0dac888136d6d6e604c37ffd89d7c73f0dac888136d6d6e604c37ffd89d7c73f0dac888136d6d6e604c37ffd89d7c73f0dac888136d6d6e604c37ffd89d7c73f0dac888136d6d6e604c37ffd89d7c73f0dac888136d6d6e604c37ffd89d7c73f0dac888136d6d6e604c37ffd89d7c73f0dac888136d6d6e604c37ffd89d7c73f0dac888136d6d6e604c37ffd89d7c73f0dac888136d6d6e604c37ffd89d7c73f0dac888136d6d6e604c37ffd89d7c73f0dac888136d6d6e604c37ffd89d7c73f0dac888136d6d6e604c37ffd89d7c73f0dac888136d6d6e604c37ffd89d7c73f0dac888136d6d6e604c37ffd89d7c73f0dac888136d6d6e604c37ffd89d7c73f0dac888136d6d6e604c37ffd89d7c73f0dac888136d6d6e604c37ffd89d7c73f0dac888136d6d6e604c37ffd89d7c73f0dac888136d6d6e604c37ffd89d7c73f0dac888136d6d6e604c37ffd89d7c73f0dac888136d6d6e604c37ffd89d7c73f0dac888136d6d6e604c37ffd89d7c73f0dac888136d6d6e604c37ffd89d7c73f0dac888136d6d6e604c37ffd89d7c73f0dac888136d6d6e604c37ffd89d7c73f0dac888136d6d6e604c37ffd89d7c73f0dac888136d6d6e604c37ffd89d7c73f0dac888136d6d6e604c37ffd89d7c73f0dac888136d6d6e604c37ffd89d7c73f0dac888136d6d6e604c37ffd8938b81a7dfaddf668f0bf3e1f6361877a1c15b76ecbed50dc631eb0b27bdd1d549ffb63fa
	at org.junit.Assert.fail(Assert.java:88)
	at org.junit.Assert.assertTrue(Assert.java:41)
	at com.google.security.wycheproof.EciesTest.testNotEcb(EciesTest.java:293)
	at com.google.security.wycheproof.EciesTest.testDefaultEciesWithAes(EciesTest.java:304)
	at sun.reflect.NativeMethodAccessorImpl.invoke0(Native Method)
	at sun.reflect.NativeMethodAccessorImpl.invoke(NativeMethodAccessorImpl.java:62)
	at sun.reflect.DelegatingMethodAccessorImpl.invoke(DelegatingMethodAccessorImpl.java:43)
	at java.lang.reflect.Method.invoke(Method.java:498)
	at org.junit.runners.model.FrameworkMethod$1.runReflectiveCall(FrameworkMethod.java:47)
	at org.junit.internal.runners.model.ReflectiveCallable.run(ReflectiveCallable.java:12)
	at org.junit.runners.model.FrameworkMethod.invokeExplosively(FrameworkMethod.java:44)
	at org.junit.internal.runners.statements.InvokeMethod.evaluate(InvokeMethod.java:17)
	at org.junit.runners.ParentRunner.runLeaf(ParentRunner.java:271)
	at org.junit.runners.BlockJUnit4ClassRunner.runChild(BlockJUnit4ClassRunner.java:70)
	at org.junit.runners.BlockJUnit4ClassRunner.runChild(BlockJUnit4ClassRunner.java:50)
	at org.junit.runners.ParentRunner$3.run(ParentRunner.java:238)
	at org.junit.runners.ParentRunner$1.schedule(ParentRunner.java:63)
	at org.junit.runners.ParentRunner.runChildren(ParentRunner.java:236)
	at org.junit.runners.ParentRunner.access$000(ParentRunner.java:53)
	at org.junit.runners.ParentRunner$2.evaluate(ParentRunner.java:229)
	at org.junit.runners.ParentRunner.run(ParentRunner.java:309)
	at org.junit.runners.Suite.runChild(Suite.java:127)
	at org.junit.runners.Suite.runChild(Suite.java:26)
	at org.junit.runners.ParentRunner$3.run(ParentRunner.java:238)
	at org.junit.runners.ParentRunner$1.schedule(ParentRunner.java:63)
	at org.junit.runners.ParentRunner.runChildren(ParentRunner.java:236)
	at org.junit.runners.ParentRunner.access$000(ParentRunner.java:53)
	at org.junit.runners.ParentRunner$2.evaluate(ParentRunner.java:229)
	at org.junit.internal.runners.statements.RunBefores.evaluate(RunBefores.java:26)
	at org.junit.runners.ParentRunner.run(ParentRunner.java:309)
	at com.google.testing.junit.runner.internal.junit4.CancellableRequestFactory$CancellableRunner.run(CancellableRequestFactory.java:89)
	at org.junit.runner.JUnitCore.run(JUnitCore.java:160)
	at org.junit.runner.JUnitCore.run(JUnitCore.java:138)
	at com.google.testing.junit.runner.junit4.JUnit4Runner.run(JUnit4Runner.java:112)
	at com.google.testing.junit.runner.BazelTestRunner.runTestsInSuite(BazelTestRunner.java:144)
	at com.google.testing.junit.runner.BazelTestRunner.main(BazelTestRunner.java:82)
20) testEciesCorruptAesCbc(com.google.security.wycheproof.EciesTest)
java.lang.AssertionError: expected:<1> but was:<2>
	at org.junit.Assert.fail(Assert.java:88)
	at org.junit.Assert.failNotEquals(Assert.java:743)
	at org.junit.Assert.assertEquals(Assert.java:118)
	at org.junit.Assert.assertEquals(Assert.java:555)
	at org.junit.Assert.assertEquals(Assert.java:542)
	at com.google.security.wycheproof.EciesTest.testExceptions(EciesTest.java:214)
	at com.google.security.wycheproof.EciesTest.testEciesCorruptAesCbc(EciesTest.java:223)
	at sun.reflect.NativeMethodAccessorImpl.invoke0(Native Method)
	at sun.reflect.NativeMethodAccessorImpl.invoke(NativeMethodAccessorImpl.java:62)
	at sun.reflect.DelegatingMethodAccessorImpl.invoke(DelegatingMethodAccessorImpl.java:43)
	at java.lang.reflect.Method.invoke(Method.java:498)
	at org.junit.runners.model.FrameworkMethod$1.runReflectiveCall(FrameworkMethod.java:47)
	at org.junit.internal.runners.model.ReflectiveCallable.run(ReflectiveCallable.java:12)
	at org.junit.runners.model.FrameworkMethod.invokeExplosively(FrameworkMethod.java:44)
	at org.junit.internal.runners.statements.InvokeMethod.evaluate(InvokeMethod.java:17)
	at org.junit.runners.ParentRunner.runLeaf(ParentRunner.java:271)
	at org.junit.runners.BlockJUnit4ClassRunner.runChild(BlockJUnit4ClassRunner.java:70)
	at org.junit.runners.BlockJUnit4ClassRunner.runChild(BlockJUnit4ClassRunner.java:50)
	at org.junit.runners.ParentRunner$3.run(ParentRunner.java:238)
	at org.junit.runners.ParentRunner$1.schedule(ParentRunner.java:63)
	at org.junit.runners.ParentRunner.runChildren(ParentRunner.java:236)
	at org.junit.runners.ParentRunner.access$000(ParentRunner.java:53)
	at org.junit.runners.ParentRunner$2.evaluate(ParentRunner.java:229)
	at org.junit.runners.ParentRunner.run(ParentRunner.java:309)
	at org.junit.runners.Suite.runChild(Suite.java:127)
	at org.junit.runners.Suite.runChild(Suite.java:26)
	at org.junit.runners.ParentRunner$3.run(ParentRunner.java:238)
	at org.junit.runners.ParentRunner$1.schedule(ParentRunner.java:63)
	at org.junit.runners.ParentRunner.runChildren(ParentRunner.java:236)
	at org.junit.runners.ParentRunner.access$000(ParentRunner.java:53)
	at org.junit.runners.ParentRunner$2.evaluate(ParentRunner.java:229)
	at org.junit.internal.runners.statements.RunBefores.evaluate(RunBefores.java:26)
	at org.junit.runners.ParentRunner.run(ParentRunner.java:309)
	at com.google.testing.junit.runner.internal.junit4.CancellableRequestFactory$CancellableRunner.run(CancellableRequestFactory.java:89)
	at org.junit.runner.JUnitCore.run(JUnitCore.java:160)
	at org.junit.runner.JUnitCore.run(JUnitCore.java:138)
	at com.google.testing.junit.runner.junit4.JUnit4Runner.run(JUnit4Runner.java:112)
	at com.google.testing.junit.runner.BazelTestRunner.runTestsInSuite(BazelTestRunner.java:144)
	at com.google.testing.junit.runner.BazelTestRunner.main(BazelTestRunner.java:82)
21) testByteBufferAlias(com.google.security.wycheproof.EciesTest)
java.lang.ClassCastException: org.spongycastle.crypto.params.ECPublicKeyParameters cannot be cast to org.spongycastle.jce.interfaces.ECKey
	at org.spongycastle.jcajce.provider.asymmetric.ec.IESCipher.engineGetOutputSize(IESCipher.java:161)
	at javax.crypto.CipherSpi.bufferCrypt(CipherSpi.java:757)
	at javax.crypto.CipherSpi.engineDoFinal(CipherSpi.java:730)
	at javax.crypto.Cipher.doFinal(Cipher.java:2460)
	at com.google.security.wycheproof.EciesTest.testByteBufferAlias(EciesTest.java:427)
	at sun.reflect.NativeMethodAccessorImpl.invoke0(Native Method)
	at sun.reflect.NativeMethodAccessorImpl.invoke(NativeMethodAccessorImpl.java:62)
	at sun.reflect.DelegatingMethodAccessorImpl.invoke(DelegatingMethodAccessorImpl.java:43)
	at java.lang.reflect.Method.invoke(Method.java:498)
	at org.junit.runners.model.FrameworkMethod$1.runReflectiveCall(FrameworkMethod.java:47)
	at org.junit.internal.runners.model.ReflectiveCallable.run(ReflectiveCallable.java:12)
	at org.junit.runners.model.FrameworkMethod.invokeExplosively(FrameworkMethod.java:44)
	at org.junit.internal.runners.statements.InvokeMethod.evaluate(InvokeMethod.java:17)
	at org.junit.runners.ParentRunner.runLeaf(ParentRunner.java:271)
	at org.junit.runners.BlockJUnit4ClassRunner.runChild(BlockJUnit4ClassRunner.java:70)
	at org.junit.runners.BlockJUnit4ClassRunner.runChild(BlockJUnit4ClassRunner.java:50)
	at org.junit.runners.ParentRunner$3.run(ParentRunner.java:238)
	at org.junit.runners.ParentRunner$1.schedule(ParentRunner.java:63)
	at org.junit.runners.ParentRunner.runChildren(ParentRunner.java:236)
	at org.junit.runners.ParentRunner.access$000(ParentRunner.java:53)
	at org.junit.runners.ParentRunner$2.evaluate(ParentRunner.java:229)
	at org.junit.runners.ParentRunner.run(ParentRunner.java:309)
	at org.junit.runners.Suite.runChild(Suite.java:127)
	at org.junit.runners.Suite.runChild(Suite.java:26)
	at org.junit.runners.ParentRunner$3.run(ParentRunner.java:238)
	at org.junit.runners.ParentRunner$1.schedule(ParentRunner.java:63)
	at org.junit.runners.ParentRunner.runChildren(ParentRunner.java:236)
	at org.junit.runners.ParentRunner.access$000(ParentRunner.java:53)
	at org.junit.runners.ParentRunner$2.evaluate(ParentRunner.java:229)
	at org.junit.internal.runners.statements.RunBefores.evaluate(RunBefores.java:26)
	at org.junit.runners.ParentRunner.run(ParentRunner.java:309)
	at com.google.testing.junit.runner.internal.junit4.CancellableRequestFactory$CancellableRunner.run(CancellableRequestFactory.java:89)
	at org.junit.runner.JUnitCore.run(JUnitCore.java:160)
	at org.junit.runner.JUnitCore.run(JUnitCore.java:138)
	at com.google.testing.junit.runner.junit4.JUnit4Runner.run(JUnit4Runner.java:112)
	at com.google.testing.junit.runner.BazelTestRunner.runTestsInSuite(BazelTestRunner.java:144)
	at com.google.testing.junit.runner.BazelTestRunner.main(BazelTestRunner.java:82)
22) testExceptionsPKCS1(com.google.security.wycheproof.RsaEncryptionTest)
java.lang.AssertionError: Exceptions leak information about the padding for RSA/ECB/PKCS1PADDING
	at org.junit.Assert.fail(Assert.java:88)
	at com.google.security.wycheproof.RsaEncryptionTest.testExceptions(RsaEncryptionTest.java:138)
	at com.google.security.wycheproof.RsaEncryptionTest.testExceptionsPKCS1(RsaEncryptionTest.java:149)
	at sun.reflect.NativeMethodAccessorImpl.invoke0(Native Method)
	at sun.reflect.NativeMethodAccessorImpl.invoke(NativeMethodAccessorImpl.java:62)
	at sun.reflect.DelegatingMethodAccessorImpl.invoke(DelegatingMethodAccessorImpl.java:43)
	at java.lang.reflect.Method.invoke(Method.java:498)
	at org.junit.runners.model.FrameworkMethod$1.runReflectiveCall(FrameworkMethod.java:47)
	at org.junit.internal.runners.model.ReflectiveCallable.run(ReflectiveCallable.java:12)
	at org.junit.runners.model.FrameworkMethod.invokeExplosively(FrameworkMethod.java:44)
	at org.junit.internal.runners.statements.InvokeMethod.evaluate(InvokeMethod.java:17)
	at org.junit.runners.ParentRunner.runLeaf(ParentRunner.java:271)
	at org.junit.runners.BlockJUnit4ClassRunner.runChild(BlockJUnit4ClassRunner.java:70)
	at org.junit.runners.BlockJUnit4ClassRunner.runChild(BlockJUnit4ClassRunner.java:50)
	at org.junit.runners.ParentRunner$3.run(ParentRunner.java:238)
	at org.junit.runners.ParentRunner$1.schedule(ParentRunner.java:63)
	at org.junit.runners.ParentRunner.runChildren(ParentRunner.java:236)
	at org.junit.runners.ParentRunner.access$000(ParentRunner.java:53)
	at org.junit.runners.ParentRunner$2.evaluate(ParentRunner.java:229)
	at org.junit.runners.ParentRunner.run(ParentRunner.java:309)
	at org.junit.runners.Suite.runChild(Suite.java:127)
	at org.junit.runners.Suite.runChild(Suite.java:26)
	at org.junit.runners.ParentRunner$3.run(ParentRunner.java:238)
	at org.junit.runners.ParentRunner$1.schedule(ParentRunner.java:63)
	at org.junit.runners.ParentRunner.runChildren(ParentRunner.java:236)
	at org.junit.runners.ParentRunner.access$000(ParentRunner.java:53)
	at org.junit.runners.ParentRunner$2.evaluate(ParentRunner.java:229)
	at org.junit.internal.runners.statements.RunBefores.evaluate(RunBefores.java:26)
	at org.junit.runners.ParentRunner.run(ParentRunner.java:309)
	at com.google.testing.junit.runner.internal.junit4.CancellableRequestFactory$CancellableRunner.run(CancellableRequestFactory.java:89)
	at org.junit.runner.JUnitCore.run(JUnitCore.java:160)
	at org.junit.runner.JUnitCore.run(JUnitCore.java:138)
	at com.google.testing.junit.runner.junit4.JUnit4Runner.run(JUnit4Runner.java:112)
	at com.google.testing.junit.runner.BazelTestRunner.runTestsInSuite(BazelTestRunner.java:144)
	at com.google.testing.junit.runner.BazelTestRunner.main(BazelTestRunner.java:82)

FAILURES!!!
Tests run: 90,  Failures: 22


BazelTestRunner exiting with a return value of 1
JVM shutdown hooks (if any) will run now.
The JVM will exit once they complete.

-- JVM shutdown starting at 2018-04-06 23:32:23 --

