exec ${PAGER:-/usr/bin/less} "$0" || exit 1
-----------------------------------------------------------------------------
JUnit4 Test Runner
.E.E..E.....E...........
Provider:SC
AlgorithmParameterGenerator.1.2.804.2.1.1.1.1.1.3.5.1
AlgorithmParameterGenerator.1.2.804.2.1.1.1.1.1.3.5.2
AlgorithmParameterGenerator.1.2.804.2.1.1.1.1.1.3.5.3
AlgorithmParameterGenerator.1.2.840.113549.3.2
AlgorithmParameterGenerator.1.3.6.1.4.1.188.7.1.1.2
AlgorithmParameterGenerator.AES
AlgorithmParameterGenerator.ARIA
AlgorithmParameterGenerator.ARIACCM
AlgorithmParameterGenerator.ARIAGCM
AlgorithmParameterGenerator.CAMELLIA
AlgorithmParameterGenerator.CAST5
AlgorithmParameterGenerator.CCM
AlgorithmParameterGenerator.DES
AlgorithmParameterGenerator.DESEDE
AlgorithmParameterGenerator.DH
AlgorithmParameterGenerator.DSA
AlgorithmParameterGenerator.DSTU7624
AlgorithmParameterGenerator.ELGAMAL
AlgorithmParameterGenerator.ElGamal
AlgorithmParameterGenerator.GCM
AlgorithmParameterGenerator.GOST28147
AlgorithmParameterGenerator.GOST3410
AlgorithmParameterGenerator.IDEA
AlgorithmParameterGenerator.NOEKEON
AlgorithmParameterGenerator.OID.1.2.804.2.1.1.1.1.1.3.5.1
AlgorithmParameterGenerator.OID.1.2.804.2.1.1.1.1.1.3.5.2
AlgorithmParameterGenerator.OID.1.2.804.2.1.1.1.1.1.3.5.3
AlgorithmParameterGenerator.RC2
AlgorithmParameterGenerator.SEED
AlgorithmParameterGenerator.SHACAL-2
AlgorithmParameterGenerator.SM4
AlgorithmParameterGenerator.Shacal2
AlgorithmParameters.1.2.804.2.1.1.1.1.1.3.5.1
AlgorithmParameters.1.2.804.2.1.1.1.1.1.3.5.2
AlgorithmParameters.1.2.804.2.1.1.1.1.1.3.5.3
AlgorithmParameters.1.2.840.113549.3.2
AlgorithmParameters.1.3.6.1.4.1.188.7.1.1.2
AlgorithmParameters.AES
AlgorithmParameters.ARIA
AlgorithmParameters.BLOWFISH
AlgorithmParameters.CAMELLIA
AlgorithmParameters.CAST5
AlgorithmParameters.CCM
AlgorithmParameters.DES
AlgorithmParameters.DESEDE
AlgorithmParameters.DH
AlgorithmParameters.DSA
AlgorithmParameters.DSTU7624
AlgorithmParameters.EC
AlgorithmParameters.ECGOST3410
AlgorithmParameters.ECIES
AlgorithmParameters.ELGAMAL
AlgorithmParameters.ElGamal
AlgorithmParameters.GCM
AlgorithmParameters.GOST28147
AlgorithmParameters.GOST3410
AlgorithmParameters.IDEA
AlgorithmParameters.IES
AlgorithmParameters.NOEKEON
AlgorithmParameters.OAEP
AlgorithmParameters.OID.1.2.804.2.1.1.1.1.1.3.5.1
AlgorithmParameters.OID.1.2.804.2.1.1.1.1.1.3.5.2
AlgorithmParameters.OID.1.2.804.2.1.1.1.1.1.3.5.3
AlgorithmParameters.PBKDF1
AlgorithmParameters.PBKDF2
AlgorithmParameters.PKCS12PBE
AlgorithmParameters.PSS
AlgorithmParameters.RC2
AlgorithmParameters.RC5
AlgorithmParameters.RC5-64
AlgorithmParameters.RC6
AlgorithmParameters.RIJNDAEL
AlgorithmParameters.SEED
AlgorithmParameters.SHACAL-2
AlgorithmParameters.SKIPJACK
AlgorithmParameters.SM4
AlgorithmParameters.Serpent
AlgorithmParameters.Shacal2
AlgorithmParameters.TEA
AlgorithmParameters.Threefish-1024
AlgorithmParameters.Threefish-256
AlgorithmParameters.Threefish-512
AlgorithmParameters.Tnepres
AlgorithmParameters.Twofish
AlgorithmParameters.XTEA
CertPathBuilder.PKIX
CertPathBuilder.RFC3280
CertPathBuilder.RFC3281
CertPathValidator.PKIX
CertPathValidator.RFC3280
CertPathValidator.RFC3281
CertStore.Collection
CertStore.LDAP
CertStore.Multi
CertificateFactory.X.509
Cipher.1.2.392.200011.61.1.1.1.2
Cipher.1.2.392.200011.61.1.1.1.3
Cipher.1.2.392.200011.61.1.1.1.4
Cipher.1.2.410.200004.1.4
Cipher.1.2.410.200046.1.1.1
Cipher.1.2.410.200046.1.1.11
Cipher.1.2.410.200046.1.1.12
Cipher.1.2.410.200046.1.1.13
Cipher.1.2.410.200046.1.1.14
Cipher.1.2.410.200046.1.1.2
Cipher.1.2.410.200046.1.1.3
Cipher.1.2.410.200046.1.1.4
Cipher.1.2.410.200046.1.1.6
Cipher.1.2.410.200046.1.1.7
Cipher.1.2.410.200046.1.1.8
Cipher.1.2.410.200046.1.1.9
Cipher.1.2.643.2.2.13.0
Cipher.1.2.643.2.2.13.1
Cipher.1.2.643.2.2.21
Cipher.1.2.804.2.1.1.1.1.1.3.1.1
Cipher.1.2.804.2.1.1.1.1.1.3.1.2
Cipher.1.2.804.2.1.1.1.1.1.3.1.3
Cipher.1.2.804.2.1.1.1.1.1.3.2.1
Cipher.1.2.804.2.1.1.1.1.1.3.2.2
Cipher.1.2.804.2.1.1.1.1.1.3.2.3
Cipher.1.2.804.2.1.1.1.1.1.3.3.1
Cipher.1.2.804.2.1.1.1.1.1.3.3.2
Cipher.1.2.804.2.1.1.1.1.1.3.3.3
Cipher.1.2.804.2.1.1.1.1.1.3.5.1
Cipher.1.2.804.2.1.1.1.1.1.3.5.2
Cipher.1.2.804.2.1.1.1.1.1.3.5.3
Cipher.1.2.804.2.1.1.1.1.1.3.6.1
Cipher.1.2.804.2.1.1.1.1.1.3.6.2
Cipher.1.2.804.2.1.1.1.1.1.3.6.3
Cipher.1.2.804.2.1.1.1.1.1.3.8.1
Cipher.1.2.804.2.1.1.1.1.1.3.8.2
Cipher.1.2.804.2.1.1.1.1.1.3.8.3
Cipher.1.2.840.113533.7.66.10
Cipher.1.2.840.113549.1.1.1
Cipher.1.2.840.113549.1.1.7
Cipher.1.2.840.113549.1.9.16.3.6
Cipher.1.2.840.113549.3.2
Cipher.1.2.840.113549.3.7
Cipher.1.3.14.3.2.7
Cipher.1.3.6.1.4.1.11591.13.2.1
Cipher.1.3.6.1.4.1.11591.13.2.2
Cipher.1.3.6.1.4.1.11591.13.2.21
Cipher.1.3.6.1.4.1.11591.13.2.22
Cipher.1.3.6.1.4.1.11591.13.2.23
Cipher.1.3.6.1.4.1.11591.13.2.24
Cipher.1.3.6.1.4.1.11591.13.2.3
Cipher.1.3.6.1.4.1.11591.13.2.4
Cipher.1.3.6.1.4.1.11591.13.2.41
Cipher.1.3.6.1.4.1.11591.13.2.42
Cipher.1.3.6.1.4.1.11591.13.2.43
Cipher.1.3.6.1.4.1.11591.13.2.44
Cipher.1.3.6.1.4.1.188.7.1.1.2
Cipher.1.3.6.1.4.1.3029.1.1.2
Cipher.2.16.840.1.101.3.4.1.1
Cipher.2.16.840.1.101.3.4.1.2
Cipher.2.16.840.1.101.3.4.1.21
Cipher.2.16.840.1.101.3.4.1.22
Cipher.2.16.840.1.101.3.4.1.23
Cipher.2.16.840.1.101.3.4.1.24
Cipher.2.16.840.1.101.3.4.1.3
Cipher.2.16.840.1.101.3.4.1.4
Cipher.2.16.840.1.101.3.4.1.41
Cipher.2.16.840.1.101.3.4.1.42
Cipher.2.16.840.1.101.3.4.1.43
Cipher.2.16.840.1.101.3.4.1.44
Cipher.2.5.8.1.1
Cipher.AES
Cipher.AES SupportedKeyClasses
Cipher.AES SupportedKeyFormats
Cipher.AESRFC3211WRAP
Cipher.AESRFC5649WRAP
Cipher.AESWRAP
Cipher.AESWRAP SupportedKeyClasses
Cipher.AESWRAP SupportedKeyFormats
Cipher.AESWRAPPAD
Cipher.AESWRAPPAD SupportedKeyClasses
Cipher.AESWRAPPAD SupportedKeyFormats
Cipher.ARC4
Cipher.ARIA
Cipher.ARIARFC3211WRAP
Cipher.ARIAWRAP
Cipher.ARIAWRAPPAD
Cipher.BLOWFISH
Cipher.BROKENPBEWITHMD5ANDDES
Cipher.BROKENPBEWITHSHA1ANDDES
Cipher.BROKENPBEWITHSHAAND2-KEYTRIPLEDES-CBC
Cipher.BROKENPBEWITHSHAAND3-KEYTRIPLEDES-CBC
Cipher.CAMELLIA
Cipher.CAMELLIARFC3211WRAP
Cipher.CAMELLIAWRAP
Cipher.CAST5
Cipher.CAST6
Cipher.CCM
Cipher.CCM SupportedKeyClasses
Cipher.CCM SupportedKeyFormats
Cipher.CHACHA
Cipher.CHACHA7539
Cipher.DES
Cipher.DESEDE
Cipher.DESEDERFC3211WRAP
Cipher.DESEDEWRAP
Cipher.DESRFC3211WRAP
Cipher.DHIES
Cipher.DHIESWITHAES-CBC
Cipher.DHIESWITHDESEDE-CBC
Cipher.DHIESwithAES-CBC
Cipher.DSTU7624
Cipher.DSTU7624-128
Cipher.DSTU7624-128KW
Cipher.DSTU7624-256
Cipher.DSTU7624-256KW
Cipher.DSTU7624-512
Cipher.DSTU7624-512KW
Cipher.DSTU7624KW
Cipher.ECIES
Cipher.ECIESWITHAES-CBC
Cipher.ECIESWITHDESEDE-CBC
Cipher.ECIESwithAES-CBC
Cipher.ECIESwithDESEDE-CBC
Cipher.ELGAMAL
Cipher.ELGAMAL/PKCS1
Cipher.ElGamal
Cipher.GCM
Cipher.GCM SupportedKeyClasses
Cipher.GCM SupportedKeyFormats
Cipher.GOST28147
Cipher.Grain128
Cipher.Grainv1
Cipher.HC128
Cipher.HC256
Cipher.IDEA
Cipher.IES
Cipher.IESWITHAES-CBC
Cipher.IESWITHDESEDE-CBC
Cipher.IESwithAES-CBC
Cipher.NOEKEON
Cipher.OID.1.2.392.200011.61.1.1.1.2
Cipher.OID.1.2.392.200011.61.1.1.1.3
Cipher.OID.1.2.392.200011.61.1.1.1.4
Cipher.OID.1.2.410.200004.1.4
Cipher.OID.1.2.410.200046.1.1.1
Cipher.OID.1.2.410.200046.1.1.11
Cipher.OID.1.2.410.200046.1.1.12
Cipher.OID.1.2.410.200046.1.1.13
Cipher.OID.1.2.410.200046.1.1.14
Cipher.OID.1.2.410.200046.1.1.2
Cipher.OID.1.2.410.200046.1.1.3
Cipher.OID.1.2.410.200046.1.1.4
Cipher.OID.1.2.410.200046.1.1.6
Cipher.OID.1.2.410.200046.1.1.7
Cipher.OID.1.2.410.200046.1.1.8
Cipher.OID.1.2.410.200046.1.1.9
Cipher.OID.1.2.804.2.1.1.1.1.1.3.1.1
Cipher.OID.1.2.804.2.1.1.1.1.1.3.1.2
Cipher.OID.1.2.804.2.1.1.1.1.1.3.1.3
Cipher.OID.1.2.804.2.1.1.1.1.1.3.2.1
Cipher.OID.1.2.804.2.1.1.1.1.1.3.2.2
Cipher.OID.1.2.804.2.1.1.1.1.1.3.2.3
Cipher.OID.1.2.804.2.1.1.1.1.1.3.3.1
Cipher.OID.1.2.804.2.1.1.1.1.1.3.3.2
Cipher.OID.1.2.804.2.1.1.1.1.1.3.3.3
Cipher.OID.1.2.804.2.1.1.1.1.1.3.5.1
Cipher.OID.1.2.804.2.1.1.1.1.1.3.5.2
Cipher.OID.1.2.804.2.1.1.1.1.1.3.5.3
Cipher.OID.1.2.804.2.1.1.1.1.1.3.6.1
Cipher.OID.1.2.804.2.1.1.1.1.1.3.6.2
Cipher.OID.1.2.804.2.1.1.1.1.1.3.6.3
Cipher.OID.1.2.804.2.1.1.1.1.1.3.8.1
Cipher.OID.1.2.804.2.1.1.1.1.1.3.8.2
Cipher.OID.1.2.804.2.1.1.1.1.1.3.8.3
Cipher.OID.1.2.840.113533.7.66.10
Cipher.OID.1.2.840.113549.1.1.1
Cipher.OID.1.2.840.113549.1.1.7
Cipher.OID.1.2.840.113549.1.9.16.3.6
Cipher.OID.1.2.840.113549.3.2
Cipher.OID.1.2.840.113549.3.7
Cipher.OID.1.3.14.3.2.7
Cipher.OID.1.3.6.1.4.1.11591.13.2.1
Cipher.OID.1.3.6.1.4.1.11591.13.2.2
Cipher.OID.1.3.6.1.4.1.11591.13.2.21
Cipher.OID.1.3.6.1.4.1.11591.13.2.22
Cipher.OID.1.3.6.1.4.1.11591.13.2.23
Cipher.OID.1.3.6.1.4.1.11591.13.2.24
Cipher.OID.1.3.6.1.4.1.11591.13.2.3
Cipher.OID.1.3.6.1.4.1.11591.13.2.4
Cipher.OID.1.3.6.1.4.1.11591.13.2.41
Cipher.OID.1.3.6.1.4.1.11591.13.2.42
Cipher.OID.1.3.6.1.4.1.11591.13.2.43
Cipher.OID.1.3.6.1.4.1.11591.13.2.44
Cipher.OID.1.3.6.1.4.1.188.7.1.1.2
Cipher.OID.1.3.6.1.4.1.3029.1.1.2
Cipher.OID.2.16.840.1.101.3.4.1.1
Cipher.OID.2.16.840.1.101.3.4.1.2
Cipher.OID.2.16.840.1.101.3.4.1.21
Cipher.OID.2.16.840.1.101.3.4.1.22
Cipher.OID.2.16.840.1.101.3.4.1.23
Cipher.OID.2.16.840.1.101.3.4.1.24
Cipher.OID.2.16.840.1.101.3.4.1.3
Cipher.OID.2.16.840.1.101.3.4.1.4
Cipher.OID.2.16.840.1.101.3.4.1.41
Cipher.OID.2.16.840.1.101.3.4.1.42
Cipher.OID.2.16.840.1.101.3.4.1.43
Cipher.OID.2.16.840.1.101.3.4.1.44
Cipher.OID.2.5.8.1.1
Cipher.OLDPBEWITHSHAAND3-KEYTRIPLEDES-CBC
Cipher.OLDPBEWITHSHAANDTWOFISH-CBC
Cipher.PBEWITHMD2ANDDES
Cipher.PBEWITHMD5AND128BITAES-CBC-OPENSSL
Cipher.PBEWITHMD5AND192BITAES-CBC-OPENSSL
Cipher.PBEWITHMD5AND256BITAES-CBC-OPENSSL
Cipher.PBEWITHMD5ANDDES
Cipher.PBEWITHMD5ANDRC2
Cipher.PBEWITHSHA1ANDDES
Cipher.PBEWITHSHA1ANDRC2
Cipher.PBEWITHSHA256AND128BITAES-CBC-BC
Cipher.PBEWITHSHA256AND192BITAES-CBC-BC
Cipher.PBEWITHSHA256AND256BITAES-CBC-BC
Cipher.PBEWITHSHAAND128BITAES-CBC-BC
Cipher.PBEWITHSHAAND128BITRC2-CBC
Cipher.PBEWITHSHAAND128BITRC4
Cipher.PBEWITHSHAAND192BITAES-CBC-BC
Cipher.PBEWITHSHAAND2-KEYTRIPLEDES-CBC
Cipher.PBEWITHSHAAND256BITAES-CBC-BC
Cipher.PBEWITHSHAAND3-KEYTRIPLEDES-CBC
Cipher.PBEWITHSHAAND40BITRC2-CBC
Cipher.PBEWITHSHAAND40BITRC4
Cipher.PBEWITHSHAANDIDEA-CBC
Cipher.PBEWITHSHAANDTWOFISH-CBC
Cipher.RC2
Cipher.RC2WRAP
Cipher.RC5
Cipher.RC5-64
Cipher.RC6
Cipher.RIJNDAEL
Cipher.RSA
Cipher.RSA SupportedKeyClasses
Cipher.RSA SupportedKeyFormats
Cipher.RSA/1
Cipher.RSA/2
Cipher.RSA/ISO9796-1
Cipher.RSA/OAEP
Cipher.RSA/PKCS1
Cipher.RSA/RAW
Cipher.SALSA20
Cipher.SEED
Cipher.SEEDWRAP
Cipher.SHACAL-2
Cipher.SKIPJACK
Cipher.SM4
Cipher.Serpent
Cipher.Shacal2
Cipher.TEA
Cipher.Threefish-1024
Cipher.Threefish-256
Cipher.Threefish-512
Cipher.Tnepres
Cipher.Twofish
Cipher.VMPC
Cipher.VMPC-KSA3
Cipher.XSALSA20
Cipher.XTEA
KeyAgreement.1.2.840.113549.1.9.16.3.10
KeyAgreement.1.2.840.113549.1.9.16.3.5
KeyAgreement.1.3.132.1.11.0
KeyAgreement.1.3.132.1.11.1
KeyAgreement.1.3.132.1.11.2
KeyAgreement.1.3.132.1.11.3
KeyAgreement.1.3.132.1.14.0
KeyAgreement.1.3.132.1.14.1
KeyAgreement.1.3.132.1.14.2
KeyAgreement.1.3.132.1.14.3
KeyAgreement.1.3.132.1.15.0
KeyAgreement.1.3.132.1.15.1
KeyAgreement.1.3.132.1.15.2
KeyAgreement.1.3.132.1.15.3
KeyAgreement.1.3.133.16.840.63.0.16
KeyAgreement.1.3.133.16.840.63.0.2
KeyAgreement.1.3.133.16.840.63.0.3
KeyAgreement.DH
KeyAgreement.DH SupportedKeyClasses
KeyAgreement.DH SupportedKeyFormats
KeyAgreement.ECCDH
KeyAgreement.ECCDH SupportedKeyClasses
KeyAgreement.ECCDH SupportedKeyFormats
KeyAgreement.ECCDHWITHSHA1CKDF
KeyAgreement.ECCDHWITHSHA256CKDF
KeyAgreement.ECCDHWITHSHA384CKDF
KeyAgreement.ECCDHWITHSHA512CKDF
KeyAgreement.ECDH
KeyAgreement.ECDH SupportedKeyClasses
KeyAgreement.ECDH SupportedKeyFormats
KeyAgreement.ECDHC
KeyAgreement.ECDHC SupportedKeyClasses
KeyAgreement.ECDHC SupportedKeyFormats
KeyAgreement.ECDHWITHSHA1KDF
KeyAgreement.ECGOST3410
KeyAgreement.ECGOST3410-2012-256
KeyAgreement.ECGOST3410-2012-512
KeyAgreement.ECMQV
KeyAgreement.ECMQVWITHSHA1CKDF
KeyAgreement.ECMQVWITHSHA224CKDF
KeyAgreement.ECMQVWITHSHA256CKDF
KeyAgreement.ECMQVWITHSHA384CKDF
KeyAgreement.ECMQVWITHSHA512CKDF
KeyAgreement.OID.1.2.840.113549.1.9.16.3.10
KeyAgreement.OID.1.2.840.113549.1.9.16.3.5
KeyFactory.DH
KeyFactory.DSA
KeyFactory.DSTU4145
KeyFactory.EC
KeyFactory.ECDH
KeyFactory.ECDHC
KeyFactory.ECDSA
KeyFactory.ECGOST3410
KeyFactory.ECGOST3410-2012
KeyFactory.ECMQV
KeyFactory.ELGAMAL
KeyFactory.ElGamal
KeyFactory.GOST3410
KeyFactory.RSA
KeyFactory.X.509
KeyGenerator.1.2.392.200011.61.1.1.1.2
KeyGenerator.1.2.392.200011.61.1.1.1.3
KeyGenerator.1.2.392.200011.61.1.1.1.4
KeyGenerator.1.2.392.200011.61.1.1.3.2
KeyGenerator.1.2.392.200011.61.1.1.3.3
KeyGenerator.1.2.392.200011.61.1.1.3.4
KeyGenerator.1.2.410.200004.1.4
KeyGenerator.1.2.410.200004.7.1.1.1
KeyGenerator.1.2.410.200046.1.1.1
KeyGenerator.1.2.410.200046.1.1.11
KeyGenerator.1.2.410.200046.1.1.12
KeyGenerator.1.2.410.200046.1.1.13
KeyGenerator.1.2.410.200046.1.1.14
KeyGenerator.1.2.410.200046.1.1.2
KeyGenerator.1.2.410.200046.1.1.3
KeyGenerator.1.2.410.200046.1.1.34
KeyGenerator.1.2.410.200046.1.1.35
KeyGenerator.1.2.410.200046.1.1.36
KeyGenerator.1.2.410.200046.1.1.37
KeyGenerator.1.2.410.200046.1.1.38
KeyGenerator.1.2.410.200046.1.1.39
KeyGenerator.1.2.410.200046.1.1.4
KeyGenerator.1.2.410.200046.1.1.40
KeyGenerator.1.2.410.200046.1.1.41
KeyGenerator.1.2.410.200046.1.1.42
KeyGenerator.1.2.410.200046.1.1.43
KeyGenerator.1.2.410.200046.1.1.44
KeyGenerator.1.2.410.200046.1.1.45
KeyGenerator.1.2.410.200046.1.1.6
KeyGenerator.1.2.410.200046.1.1.7
KeyGenerator.1.2.410.200046.1.1.8
KeyGenerator.1.2.410.200046.1.1.9
KeyGenerator.1.2.804.2.1.1.1.1.1.3.1.1
KeyGenerator.1.2.804.2.1.1.1.1.1.3.1.2
KeyGenerator.1.2.804.2.1.1.1.1.1.3.1.3
KeyGenerator.1.2.804.2.1.1.1.1.1.3.10.1
KeyGenerator.1.2.804.2.1.1.1.1.1.3.10.2
KeyGenerator.1.2.804.2.1.1.1.1.1.3.10.3
KeyGenerator.1.2.804.2.1.1.1.1.1.3.2.1
KeyGenerator.1.2.804.2.1.1.1.1.1.3.2.2
KeyGenerator.1.2.804.2.1.1.1.1.1.3.2.3
KeyGenerator.1.2.804.2.1.1.1.1.1.3.3.1
KeyGenerator.1.2.804.2.1.1.1.1.1.3.3.2
KeyGenerator.1.2.804.2.1.1.1.1.1.3.3.3
KeyGenerator.1.2.804.2.1.1.1.1.1.3.5.1
KeyGenerator.1.2.804.2.1.1.1.1.1.3.5.2
KeyGenerator.1.2.804.2.1.1.1.1.1.3.5.3
KeyGenerator.1.2.804.2.1.1.1.1.1.3.6.1
KeyGenerator.1.2.804.2.1.1.1.1.1.3.6.2
KeyGenerator.1.2.804.2.1.1.1.1.1.3.6.3
KeyGenerator.1.2.804.2.1.1.1.1.1.3.7.1
KeyGenerator.1.2.804.2.1.1.1.1.1.3.7.2
KeyGenerator.1.2.804.2.1.1.1.1.1.3.7.3
KeyGenerator.1.2.804.2.1.1.1.1.1.3.8.1
KeyGenerator.1.2.804.2.1.1.1.1.1.3.8.2
KeyGenerator.1.2.804.2.1.1.1.1.1.3.8.3
KeyGenerator.1.2.840.113549.3.2
KeyGenerator.1.2.840.113549.3.7
KeyGenerator.1.3.6.1.4.1.188.7.1.1.2
KeyGenerator.2.16.840.1.101.3.4.1.1
KeyGenerator.2.16.840.1.101.3.4.1.2
KeyGenerator.2.16.840.1.101.3.4.1.21
KeyGenerator.2.16.840.1.101.3.4.1.22
KeyGenerator.2.16.840.1.101.3.4.1.23
KeyGenerator.2.16.840.1.101.3.4.1.24
KeyGenerator.2.16.840.1.101.3.4.1.25
KeyGenerator.2.16.840.1.101.3.4.1.26
KeyGenerator.2.16.840.1.101.3.4.1.27
KeyGenerator.2.16.840.1.101.3.4.1.28
KeyGenerator.2.16.840.1.101.3.4.1.3
KeyGenerator.2.16.840.1.101.3.4.1.4
KeyGenerator.2.16.840.1.101.3.4.1.41
KeyGenerator.2.16.840.1.101.3.4.1.42
KeyGenerator.2.16.840.1.101.3.4.1.43
KeyGenerator.2.16.840.1.101.3.4.1.44
KeyGenerator.2.16.840.1.101.3.4.1.45
KeyGenerator.2.16.840.1.101.3.4.1.46
KeyGenerator.2.16.840.1.101.3.4.1.47
KeyGenerator.2.16.840.1.101.3.4.1.48
KeyGenerator.2.16.840.1.101.3.4.1.5
KeyGenerator.2.16.840.1.101.3.4.1.6
KeyGenerator.2.16.840.1.101.3.4.1.7
KeyGenerator.2.16.840.1.101.3.4.1.8
KeyGenerator.2.16.840.1.101.3.4.2
KeyGenerator.2.16.840.1.101.3.4.22
KeyGenerator.2.16.840.1.101.3.4.42
KeyGenerator.AES
KeyGenerator.AES-GMAC
KeyGenerator.AESWRAP
KeyGenerator.AESWRAPPAD
KeyGenerator.ARC4
KeyGenerator.ARIA
KeyGenerator.ARIA-GMAC
KeyGenerator.BLOWFISH
KeyGenerator.CAMELLIA
KeyGenerator.CAMELLIA-GMAC
KeyGenerator.CAST5
KeyGenerator.CAST6
KeyGenerator.CAST6-GMAC
KeyGenerator.CHACHA
KeyGenerator.CHACHA7539
KeyGenerator.DES
KeyGenerator.DESEDE
KeyGenerator.DESEDEWRAP
KeyGenerator.DSTU7624
KeyGenerator.GOST28147
KeyGenerator.Grain128
KeyGenerator.Grainv1
KeyGenerator.HC128
KeyGenerator.HC256
KeyGenerator.HMACDSTU7564-256
KeyGenerator.HMACDSTU7564-384
KeyGenerator.HMACDSTU7564-512
KeyGenerator.HMACGOST3411
KeyGenerator.HMACGOST3411-2012-256
KeyGenerator.HMACGOST3411-2012-512
KeyGenerator.HMACKECCAK224
KeyGenerator.HMACKECCAK256
KeyGenerator.HMACKECCAK288
KeyGenerator.HMACKECCAK384
KeyGenerator.HMACKECCAK512
KeyGenerator.HMACMD2
KeyGenerator.HMACMD4
KeyGenerator.HMACMD5
KeyGenerator.HMACRIPEMD128
KeyGenerator.HMACRIPEMD160
KeyGenerator.HMACRIPEMD256
KeyGenerator.HMACRIPEMD320
KeyGenerator.HMACSHA1
KeyGenerator.HMACSHA224
KeyGenerator.HMACSHA256
KeyGenerator.HMACSHA3-224
KeyGenerator.HMACSHA3-256
KeyGenerator.HMACSHA3-384
KeyGenerator.HMACSHA3-512
KeyGenerator.HMACSHA384
KeyGenerator.HMACSHA512
KeyGenerator.HMACSHA512/224
KeyGenerator.HMACSHA512/256
KeyGenerator.HMACSkein-1024-1024
KeyGenerator.HMACSkein-1024-384
KeyGenerator.HMACSkein-1024-512
KeyGenerator.HMACSkein-256-128
KeyGenerator.HMACSkein-256-160
KeyGenerator.HMACSkein-256-224
KeyGenerator.HMACSkein-256-256
KeyGenerator.HMACSkein-512-128
KeyGenerator.HMACSkein-512-160
KeyGenerator.HMACSkein-512-224
KeyGenerator.HMACSkein-512-256
KeyGenerator.HMACSkein-512-384
KeyGenerator.HMACSkein-512-512
KeyGenerator.HMACTIGER
KeyGenerator.HMACWHIRLPOOL
KeyGenerator.IDEA
KeyGenerator.NOEKEON
KeyGenerator.NOEKEON-GMAC
KeyGenerator.OID.1.2.392.200011.61.1.1.1.2
KeyGenerator.OID.1.2.392.200011.61.1.1.1.3
KeyGenerator.OID.1.2.392.200011.61.1.1.1.4
KeyGenerator.OID.1.2.392.200011.61.1.1.3.2
KeyGenerator.OID.1.2.392.200011.61.1.1.3.3
KeyGenerator.OID.1.2.392.200011.61.1.1.3.4
KeyGenerator.OID.1.2.410.200004.1.4
KeyGenerator.OID.1.2.410.200004.7.1.1.1
KeyGenerator.OID.1.2.410.200046.1.1.1
KeyGenerator.OID.1.2.410.200046.1.1.11
KeyGenerator.OID.1.2.410.200046.1.1.12
KeyGenerator.OID.1.2.410.200046.1.1.13
KeyGenerator.OID.1.2.410.200046.1.1.14
KeyGenerator.OID.1.2.410.200046.1.1.2
KeyGenerator.OID.1.2.410.200046.1.1.3
KeyGenerator.OID.1.2.410.200046.1.1.34
KeyGenerator.OID.1.2.410.200046.1.1.35
KeyGenerator.OID.1.2.410.200046.1.1.36
KeyGenerator.OID.1.2.410.200046.1.1.37
KeyGenerator.OID.1.2.410.200046.1.1.38
KeyGenerator.OID.1.2.410.200046.1.1.39
KeyGenerator.OID.1.2.410.200046.1.1.4
KeyGenerator.OID.1.2.410.200046.1.1.40
KeyGenerator.OID.1.2.410.200046.1.1.41
KeyGenerator.OID.1.2.410.200046.1.1.42
KeyGenerator.OID.1.2.410.200046.1.1.43
KeyGenerator.OID.1.2.410.200046.1.1.44
KeyGenerator.OID.1.2.410.200046.1.1.45
KeyGenerator.OID.1.2.410.200046.1.1.6
KeyGenerator.OID.1.2.410.200046.1.1.7
KeyGenerator.OID.1.2.410.200046.1.1.8
KeyGenerator.OID.1.2.410.200046.1.1.9
KeyGenerator.OID.1.2.804.2.1.1.1.1.1.3.1.1
KeyGenerator.OID.1.2.804.2.1.1.1.1.1.3.1.2
KeyGenerator.OID.1.2.804.2.1.1.1.1.1.3.1.3
KeyGenerator.OID.1.2.804.2.1.1.1.1.1.3.10.1
KeyGenerator.OID.1.2.804.2.1.1.1.1.1.3.10.2
KeyGenerator.OID.1.2.804.2.1.1.1.1.1.3.10.3
KeyGenerator.OID.1.2.804.2.1.1.1.1.1.3.2.1
KeyGenerator.OID.1.2.804.2.1.1.1.1.1.3.2.2
KeyGenerator.OID.1.2.804.2.1.1.1.1.1.3.2.3
KeyGenerator.OID.1.2.804.2.1.1.1.1.1.3.3.1
KeyGenerator.OID.1.2.804.2.1.1.1.1.1.3.3.2
KeyGenerator.OID.1.2.804.2.1.1.1.1.1.3.3.3
KeyGenerator.OID.1.2.804.2.1.1.1.1.1.3.5.1
KeyGenerator.OID.1.2.804.2.1.1.1.1.1.3.5.2
KeyGenerator.OID.1.2.804.2.1.1.1.1.1.3.5.3
KeyGenerator.OID.1.2.804.2.1.1.1.1.1.3.6.1
KeyGenerator.OID.1.2.804.2.1.1.1.1.1.3.6.2
KeyGenerator.OID.1.2.804.2.1.1.1.1.1.3.6.3
KeyGenerator.OID.1.2.804.2.1.1.1.1.1.3.7.1
KeyGenerator.OID.1.2.804.2.1.1.1.1.1.3.7.2
KeyGenerator.OID.1.2.804.2.1.1.1.1.1.3.7.3
KeyGenerator.OID.1.2.804.2.1.1.1.1.1.3.8.1
KeyGenerator.OID.1.2.804.2.1.1.1.1.1.3.8.2
KeyGenerator.OID.1.2.804.2.1.1.1.1.1.3.8.3
KeyGenerator.OID.1.3.6.1.4.1.188.7.1.1.2
KeyGenerator.OID.2.16.840.1.101.3.4.1.1
KeyGenerator.OID.2.16.840.1.101.3.4.1.2
KeyGenerator.OID.2.16.840.1.101.3.4.1.21
KeyGenerator.OID.2.16.840.1.101.3.4.1.22
KeyGenerator.OID.2.16.840.1.101.3.4.1.23
KeyGenerator.OID.2.16.840.1.101.3.4.1.24
KeyGenerator.OID.2.16.840.1.101.3.4.1.25
KeyGenerator.OID.2.16.840.1.101.3.4.1.26
KeyGenerator.OID.2.16.840.1.101.3.4.1.27
KeyGenerator.OID.2.16.840.1.101.3.4.1.28
KeyGenerator.OID.2.16.840.1.101.3.4.1.3
KeyGenerator.OID.2.16.840.1.101.3.4.1.4
KeyGenerator.OID.2.16.840.1.101.3.4.1.41
KeyGenerator.OID.2.16.840.1.101.3.4.1.42
KeyGenerator.OID.2.16.840.1.101.3.4.1.43
KeyGenerator.OID.2.16.840.1.101.3.4.1.44
KeyGenerator.OID.2.16.840.1.101.3.4.1.45
KeyGenerator.OID.2.16.840.1.101.3.4.1.46
KeyGenerator.OID.2.16.840.1.101.3.4.1.47
KeyGenerator.OID.2.16.840.1.101.3.4.1.48
KeyGenerator.OID.2.16.840.1.101.3.4.1.5
KeyGenerator.OID.2.16.840.1.101.3.4.1.6
KeyGenerator.OID.2.16.840.1.101.3.4.1.7
KeyGenerator.OID.2.16.840.1.101.3.4.1.8
KeyGenerator.POLY1305
KeyGenerator.POLY1305-AES
KeyGenerator.POLY1305-ARIA
KeyGenerator.POLY1305-CAMELLIA
KeyGenerator.POLY1305-CAST6
KeyGenerator.POLY1305-NOEKEON
KeyGenerator.POLY1305-RC6
KeyGenerator.POLY1305-SEED
KeyGenerator.POLY1305-SERPENT
KeyGenerator.POLY1305-SM4
KeyGenerator.POLY1305-Twofish
KeyGenerator.RC2
KeyGenerator.RC5
KeyGenerator.RC5-64
KeyGenerator.RC6
KeyGenerator.RC6-GMAC
KeyGenerator.RIJNDAEL
KeyGenerator.SALSA20
KeyGenerator.SEED
KeyGenerator.SEED-CMAC
KeyGenerator.SEED-GMAC
KeyGenerator.SERPENT-GMAC
KeyGenerator.SHACAL-2
KeyGenerator.SIPHASH
KeyGenerator.SKIPJACK
KeyGenerator.SM4
KeyGenerator.SM4-CMAC
KeyGenerator.SM4-GMAC
KeyGenerator.Serpent
KeyGenerator.Shacal2
KeyGenerator.Skein-MAC-1024-1024
KeyGenerator.Skein-MAC-1024-384
KeyGenerator.Skein-MAC-1024-512
KeyGenerator.Skein-MAC-256-128
KeyGenerator.Skein-MAC-256-160
KeyGenerator.Skein-MAC-256-224
KeyGenerator.Skein-MAC-256-256
KeyGenerator.Skein-MAC-512-128
KeyGenerator.Skein-MAC-512-160
KeyGenerator.Skein-MAC-512-224
KeyGenerator.Skein-MAC-512-256
KeyGenerator.Skein-MAC-512-384
KeyGenerator.Skein-MAC-512-512
KeyGenerator.TEA
KeyGenerator.TNEPRES-GMAC
KeyGenerator.Threefish-1024
KeyGenerator.Threefish-256
KeyGenerator.Threefish-512
KeyGenerator.Tnepres
KeyGenerator.Twofish
KeyGenerator.Twofish-GMAC
KeyGenerator.VMPC
KeyGenerator.VMPC-KSA3
KeyGenerator.XSALSA20
KeyGenerator.XTEA
KeyPairGenerator.DH
KeyPairGenerator.DSA
KeyPairGenerator.DSTU4145
KeyPairGenerator.EC
KeyPairGenerator.ECDH
KeyPairGenerator.ECDHC
KeyPairGenerator.ECDHWITHSHA1KDF
KeyPairGenerator.ECDSA
KeyPairGenerator.ECGOST3410
KeyPairGenerator.ECGOST3410-2012
KeyPairGenerator.ECIES
KeyPairGenerator.ECMQV
KeyPairGenerator.ELGAMAL
KeyPairGenerator.ElGamal
KeyPairGenerator.GOST3410
KeyPairGenerator.RSA
KeyStore.BCFKS
KeyStore.BCFKS-DEF
KeyStore.BCPKCS12
KeyStore.BKS
KeyStore.BKS-V1
KeyStore.BouncyCastle
KeyStore.PKCS12
KeyStore.PKCS12-3DES-3DES
KeyStore.PKCS12-3DES-40RC2
KeyStore.PKCS12-DEF
KeyStore.PKCS12-DEF-3DES-3DES
KeyStore.PKCS12-DEF-3DES-40RC2
Mac.AES-GMAC
Mac.AESCCMMAC
Mac.AESCMAC
Mac.ARIA-GMAC
Mac.BLOWFISHCMAC
Mac.CAMELLIA-GMAC
Mac.CAST6-GMAC
Mac.DESCMAC
Mac.DESEDECMAC
Mac.DESEDEMAC
Mac.DESEDEMAC/CFB8
Mac.DESEDEMAC64
Mac.DESEDEMAC64WITHISO7816-4PADDING
Mac.DESMAC
Mac.DESMAC/CFB8
Mac.DESMAC64
Mac.DESMAC64WITHISO7816-4PADDING
Mac.DESWITHISO9797
Mac.DSTU7624-128GMAC
Mac.DSTU7624-256GMAC
Mac.DSTU7624-512GMAC
Mac.DSTU7624GMAC
Mac.GOST28147MAC
Mac.HMACDSTU7564-256
Mac.HMACDSTU7564-384
Mac.HMACDSTU7564-512
Mac.HMACGOST3411
Mac.HMACGOST3411-2012-256
Mac.HMACGOST3411-2012-512
Mac.HMACKECCAK224
Mac.HMACKECCAK256
Mac.HMACKECCAK288
Mac.HMACKECCAK384
Mac.HMACKECCAK512
Mac.HMACMD2
Mac.HMACMD4
Mac.HMACMD5
Mac.HMACRIPEMD128
Mac.HMACRIPEMD160
Mac.HMACRIPEMD256
Mac.HMACRIPEMD320
Mac.HMACSHA1
Mac.HMACSHA224
Mac.HMACSHA256
Mac.HMACSHA3-224
Mac.HMACSHA3-256
Mac.HMACSHA3-384
Mac.HMACSHA3-512
Mac.HMACSHA384
Mac.HMACSHA512
Mac.HMACSHA512/224
Mac.HMACSHA512/256
Mac.HMACSkein-1024-1024
Mac.HMACSkein-1024-384
Mac.HMACSkein-1024-512
Mac.HMACSkein-256-128
Mac.HMACSkein-256-160
Mac.HMACSkein-256-224
Mac.HMACSkein-256-256
Mac.HMACSkein-512-128
Mac.HMACSkein-512-160
Mac.HMACSkein-512-224
Mac.HMACSkein-512-256
Mac.HMACSkein-512-384
Mac.HMACSkein-512-512
Mac.HMACTIGER
Mac.HMACWHIRLPOOL
Mac.IDEAMAC
Mac.IDEAMAC/CFB8
Mac.ISO9797ALG3MAC
Mac.ISO9797ALG3WITHISO7816-4PADDING
Mac.NOEKEON-GMAC
Mac.OLDHMACSHA384
Mac.OLDHMACSHA512
Mac.PBEWITHHMACRIPEMD160
Mac.PBEWITHHMACSHA
Mac.PBEWITHHMACSHA1
Mac.PBEWITHHMACSHA224
Mac.PBEWITHHMACSHA256
Mac.PBEWITHHMACSHA384
Mac.PBEWITHHMACSHA512
Mac.POLY1305
Mac.POLY1305-AES
Mac.POLY1305-ARIA
Mac.POLY1305-CAMELLIA
Mac.POLY1305-CAST6
Mac.POLY1305-NOEKEON
Mac.POLY1305-RC6
Mac.POLY1305-SEED
Mac.POLY1305-SERPENT
Mac.POLY1305-SM4
Mac.POLY1305-Twofish
Mac.RC2MAC
Mac.RC2MAC/CFB8
Mac.RC5MAC
Mac.RC5MAC/CFB8
Mac.RC6-GMAC
Mac.SEED-CMAC
Mac.SEED-GMAC
Mac.SERPENT-GMAC
Mac.SIPHASH-2-4
Mac.SIPHASH-4-8
Mac.SKIPJACKMAC
Mac.SKIPJACKMAC/CFB8
Mac.SM4-CMAC
Mac.SM4-GMAC
Mac.Shacal-2CMAC
Mac.Skein-MAC-1024-1024
Mac.Skein-MAC-1024-384
Mac.Skein-MAC-1024-512
Mac.Skein-MAC-256-128
Mac.Skein-MAC-256-160
Mac.Skein-MAC-256-224
Mac.Skein-MAC-256-256
Mac.Skein-MAC-512-128
Mac.Skein-MAC-512-160
Mac.Skein-MAC-512-224
Mac.Skein-MAC-512-256
Mac.Skein-MAC-512-384
Mac.Skein-MAC-512-512
Mac.TNEPRES-GMAC
Mac.Threefish-1024CMAC
Mac.Threefish-256CMAC
Mac.Threefish-512CMAC
Mac.Twofish-GMAC
Mac.VMPCMAC
MessageDigest.1.2.804.2.1.1.1.1.2.2.1
MessageDigest.1.2.804.2.1.1.1.1.2.2.2
MessageDigest.1.2.804.2.1.1.1.1.2.2.3
MessageDigest.2.16.840.1.101.3.4.2.10
MessageDigest.2.16.840.1.101.3.4.2.7
MessageDigest.2.16.840.1.101.3.4.2.8
MessageDigest.2.16.840.1.101.3.4.2.9
MessageDigest.BLAKE2B-160
MessageDigest.BLAKE2B-256
MessageDigest.BLAKE2B-384
MessageDigest.BLAKE2B-512
MessageDigest.DSTU7564-256
MessageDigest.DSTU7564-384
MessageDigest.DSTU7564-512
MessageDigest.GOST3411
MessageDigest.GOST3411-2012-256
MessageDigest.GOST3411-2012-512
MessageDigest.KECCAK-224
MessageDigest.KECCAK-256
MessageDigest.KECCAK-288
MessageDigest.KECCAK-384
MessageDigest.KECCAK-512
MessageDigest.MD2
MessageDigest.MD4
MessageDigest.MD5
MessageDigest.OID.1.2.804.2.1.1.1.1.2.2.1
MessageDigest.OID.1.2.804.2.1.1.1.1.2.2.2
MessageDigest.OID.1.2.804.2.1.1.1.1.2.2.3
MessageDigest.OID.2.16.840.1.101.3.4.2.10
MessageDigest.OID.2.16.840.1.101.3.4.2.7
MessageDigest.OID.2.16.840.1.101.3.4.2.8
MessageDigest.OID.2.16.840.1.101.3.4.2.9
MessageDigest.RIPEMD128
MessageDigest.RIPEMD160
MessageDigest.RIPEMD256
MessageDigest.RIPEMD320
MessageDigest.SHA-1
MessageDigest.SHA-224
MessageDigest.SHA-256
MessageDigest.SHA-384
MessageDigest.SHA-512
MessageDigest.SHA-512/224
MessageDigest.SHA-512/256
MessageDigest.SHA3-224
MessageDigest.SHA3-256
MessageDigest.SHA3-384
MessageDigest.SHA3-512
MessageDigest.SM3
MessageDigest.Skein-1024-1024
MessageDigest.Skein-1024-384
MessageDigest.Skein-1024-512
MessageDigest.Skein-256-128
MessageDigest.Skein-256-160
MessageDigest.Skein-256-224
MessageDigest.Skein-256-256
MessageDigest.Skein-512-128
MessageDigest.Skein-512-160
MessageDigest.Skein-512-224
MessageDigest.Skein-512-256
MessageDigest.Skein-512-384
MessageDigest.Skein-512-512
MessageDigest.TIGER
MessageDigest.Tiger
MessageDigest.WHIRLPOOL
Provider.id className
Provider.id info
Provider.id name
Provider.id version
SecretKeyFactory.1.3.14.3.2.17
SecretKeyFactory.2.16.840.1.101.3.4.1
SecretKeyFactory.AES
SecretKeyFactory.DES
SecretKeyFactory.DESEDE
SecretKeyFactory.OID.1.3.14.3.2.17
SecretKeyFactory.OID.2.16.840.1.101.3.4.1
SecretKeyFactory.PBEWITHHMACGOST3411
SecretKeyFactory.PBEWITHHMACRIPEMD160
SecretKeyFactory.PBEWITHHMACSHA1
SecretKeyFactory.PBEWITHHMACSHA256
SecretKeyFactory.PBEWITHHMACTIGER
SecretKeyFactory.PBEWITHMD2ANDDES
SecretKeyFactory.PBEWITHMD2ANDRC2
SecretKeyFactory.PBEWITHMD5AND128BITAES-CBC-OPENSSL
SecretKeyFactory.PBEWITHMD5AND192BITAES-CBC-OPENSSL
SecretKeyFactory.PBEWITHMD5AND256BITAES-CBC-OPENSSL
SecretKeyFactory.PBEWITHMD5ANDDES
SecretKeyFactory.PBEWITHMD5ANDRC2
SecretKeyFactory.PBEWITHSHA1ANDDES
SecretKeyFactory.PBEWITHSHA1ANDRC2
SecretKeyFactory.PBEWITHSHA256AND128BITAES-CBC-BC
SecretKeyFactory.PBEWITHSHA256AND192BITAES-CBC-BC
SecretKeyFactory.PBEWITHSHA256AND256BITAES-CBC-BC
SecretKeyFactory.PBEWITHSHAAND128BITAES-CBC-BC
SecretKeyFactory.PBEWITHSHAAND128BITRC2-CBC
SecretKeyFactory.PBEWITHSHAAND128BITRC4
SecretKeyFactory.PBEWITHSHAAND192BITAES-CBC-BC
SecretKeyFactory.PBEWITHSHAAND2-KEYTRIPLEDES-CBC
SecretKeyFactory.PBEWITHSHAAND256BITAES-CBC-BC
SecretKeyFactory.PBEWITHSHAAND3-KEYTRIPLEDES-CBC
SecretKeyFactory.PBEWITHSHAAND40BITRC2-CBC
SecretKeyFactory.PBEWITHSHAAND40BITRC4
SecretKeyFactory.PBEWITHSHAANDIDEA-CBC
SecretKeyFactory.PBEWITHSHAANDTWOFISH-CBC
SecretKeyFactory.PBKDF-OPENSSL
SecretKeyFactory.PBKDF2
SecretKeyFactory.PBKDF2WITHASCII
SecretKeyFactory.PBKDF2WITHHMACGOST3411
SecretKeyFactory.PBKDF2WITHHMACSHA224
SecretKeyFactory.PBKDF2WITHHMACSHA256
SecretKeyFactory.PBKDF2WITHHMACSHA3-224
SecretKeyFactory.PBKDF2WITHHMACSHA3-256
SecretKeyFactory.PBKDF2WITHHMACSHA3-384
SecretKeyFactory.PBKDF2WITHHMACSHA3-512
SecretKeyFactory.PBKDF2WITHHMACSHA384
SecretKeyFactory.PBKDF2WITHHMACSHA512
SecretKeyFactory.TLS10KDF
SecretKeyFactory.TLS11KDF
SecretKeyFactory.TLS12WITHSHA256KDF
SecretKeyFactory.TLS12WITHSHA384KDF
SecretKeyFactory.TLS12WITHSHA512KDF
SecureRandom.DEFAULT
SecureRandom.NONCEANDIV
Signature.1.2.840.113549.1.1.10
Signature.DDSA
Signature.DETDSA
Signature.DSA
Signature.DSTU4145
Signature.ECDDSA
Signature.ECDSA
Signature.ECGOST3410
Signature.ECGOST3410-2012-256
Signature.ECGOST3410-2012-512
Signature.GOST3410
Signature.GOST3411-2012-256WITHECGOST3410-2012-256
Signature.GOST3411-2012-512WITHECGOST3410-2012-512
Signature.GOST3411WITHDSTU4145
Signature.GOST3411WITHDSTU4145LE
Signature.GOST3411WITHECGOST3410
Signature.MD2WITHRSA
Signature.MD4WITHRSA
Signature.MD5WITHRSA
Signature.MD5WITHRSA/ISO9796-2
Signature.NONEWITHDSA
Signature.NONEwithECDSA
Signature.OID.1.2.840.113549.1.1.10
Signature.RAWRSASSA-PSS
Signature.RIPEMD128WITHRSA
Signature.RIPEMD128WITHRSA/X9.31
Signature.RIPEMD160WITHECDSA
Signature.RIPEMD160WITHPLAIN-ECDSA
Signature.RIPEMD160WITHRSA
Signature.RIPEMD160WITHRSA/X9.31
Signature.RIPEMD160withRSA/ISO9796-2
Signature.RIPEMD256WITHRSA
Signature.RMD128WITHRSA
Signature.RMD128WITHRSA/X9.31
Signature.RMD160WITHRSA
Signature.RMD160WITHRSA/X9.31
Signature.RMD256WITHRSA
Signature.RSA
Signature.RSASSA-PSS
Signature.SHA1WITHCVC-ECDSA
Signature.SHA1WITHDDSA
Signature.SHA1WITHDETDSA
Signature.SHA1WITHECDDSA
Signature.SHA1WITHECNR
Signature.SHA1WITHPLAIN-ECDSA
Signature.SHA1WITHRSA
Signature.SHA1WITHRSA/ISO9796-2
Signature.SHA1WITHRSA/X9.31
Signature.SHA1WITHRSAANDMGF1
Signature.SHA224WITHCVC-ECDSA
Signature.SHA224WITHDDSA
Signature.SHA224WITHDETDSA
Signature.SHA224WITHDSA
Signature.SHA224WITHECDDSA
Signature.SHA224WITHECDSA
Signature.SHA224WITHECNR
Signature.SHA224WITHPLAIN-ECDSA
Signature.SHA224WITHRSA
Signature.SHA224WITHRSA/ISO9796-2
Signature.SHA224WITHRSA/X9.31
Signature.SHA224WITHRSAANDMGF1
Signature.SHA256WITHCVC-ECDSA
Signature.SHA256WITHDDSA
Signature.SHA256WITHDETDSA
Signature.SHA256WITHDSA
Signature.SHA256WITHECDDSA
Signature.SHA256WITHECDSA
Signature.SHA256WITHECNR
Signature.SHA256WITHPLAIN-ECDSA
Signature.SHA256WITHRSA
Signature.SHA256WITHRSA/ISO9796-2
Signature.SHA256WITHRSA/X9.31
Signature.SHA256WITHRSAANDMGF1
Signature.SHA3-224WITHDDSA
Signature.SHA3-224WITHDSA
Signature.SHA3-224WITHECDDSA
Signature.SHA3-224WITHECDSA
Signature.SHA3-224WITHRSA
Signature.SHA3-224WITHRSAANDMGF1
Signature.SHA3-256WITHDDSA
Signature.SHA3-256WITHDSA
Signature.SHA3-256WITHECDDSA
Signature.SHA3-256WITHECDSA
Signature.SHA3-256WITHRSA
Signature.SHA3-256WITHRSAANDMGF1
Signature.SHA3-384WITHDDSA
Signature.SHA3-384WITHDSA
Signature.SHA3-384WITHECDDSA
Signature.SHA3-384WITHECDSA
Signature.SHA3-384WITHRSA
Signature.SHA3-384WITHRSAANDMGF1
Signature.SHA3-512WITHDDSA
Signature.SHA3-512WITHDSA
Signature.SHA3-512WITHECDDSA
Signature.SHA3-512WITHECDSA
Signature.SHA3-512WITHRSA
Signature.SHA3-512WITHRSAANDMGF1
Signature.SHA384WITHCVC-ECDSA
Signature.SHA384WITHDDSA
Signature.SHA384WITHDETDSA
Signature.SHA384WITHDSA
Signature.SHA384WITHECDDSA
Signature.SHA384WITHECDSA
Signature.SHA384WITHECNR
Signature.SHA384WITHPLAIN-ECDSA
Signature.SHA384WITHRSA
Signature.SHA384WITHRSA/ISO9796-2
Signature.SHA384WITHRSA/X9.31
Signature.SHA384WITHRSAANDMGF1
Signature.SHA512(224)WITHRSA
Signature.SHA512(224)WITHRSA/ISO9796-2
Signature.SHA512(224)WITHRSA/X9.31
Signature.SHA512(224)WITHRSAANDMGF1
Signature.SHA512(256)WITHRSA
Signature.SHA512(256)WITHRSA/ISO9796-2
Signature.SHA512(256)WITHRSA/X9.31
Signature.SHA512(256)WITHRSAANDMGF1
Signature.SHA512WITHCVC-ECDSA
Signature.SHA512WITHDDSA
Signature.SHA512WITHDETDSA
Signature.SHA512WITHDSA
Signature.SHA512WITHECDDSA
Signature.SHA512WITHECDSA
Signature.SHA512WITHECNR
Signature.SHA512WITHPLAIN-ECDSA
Signature.SHA512WITHRSA
Signature.SHA512WITHRSA/ISO9796-2
Signature.SHA512WITHRSA/X9.31
Signature.SHA512WITHRSAANDMGF1
Signature.SM3WITHSM2
Signature.WHIRLPOOLWITHRSA/ISO9796-2
Signature.WHIRLPOOLWITHRSA/X9.31
Signature.WhirlpoolWITHRSA/ISO9796-2
Signature.WhirlpoolWITHRSA/X9.31
X509Store.ATTRIBUTECERTIFICATE/COLLECTION
X509Store.ATTRIBUTECERTIFICATE/LDAP
X509Store.CERTIFICATE/COLLECTION
X509Store.CERTIFICATE/LDAP
X509Store.CERTIFICATEPAIR/COLLECTION
X509Store.CERTIFICATEPAIR/LDAP
X509Store.CRL/COLLECTION
X509Store.CRL/LDAP
X509StreamParser.ATTRIBUTECERTIFICATE
X509StreamParser.CERTIFICATE
X509StreamParser.CERTIFICATEPAIR
X509StreamParser.CRL
..E.E..E.E.E....No implementation for:DHIESWithAES
...E.No implementation for:DHIESWITHDESEDE
.....testDefaultSize: keysize=2048
....testTiming: SHA1WITHDSA
count:50000 cutoff:1375088 relative average:0.9997802911361559 sigmas:0.08509287706827098
count:25000 cutoff:581029 relative average:0.996578885241564 sigmas:0.9369108625046186
count:12500 cutoff:570135 relative average:0.9903062469347628 sigmas:1.8771872091955555
count:6251 cutoff:565982 relative average:0.9904141590901525 sigmas:1.3127003281708387
count:3125 cutoff:563143 relative average:0.9910468226595356 sigmas:0.8668876683815092
count:1563 cutoff:560981 relative average:0.9913896520980862 sigmas:0.5896045358216376
count:782 cutoff:559138 relative average:1.0006436801338685 sigmas:0.031176984670955137
count:391 cutoff:557501 relative average:0.997091861610485 sigmas:0.0996010863946054
count:197 cutoff:556127 relative average:1.0006547791488407 sigmas:0.015918002973051758
count:98 cutoff:554873 relative average:1.01673141894318 sigmas:0.2868840735846927
count:50 cutoff:553900 relative average:1.0208259247663867 sigmas:0.2550644454961913
count:25 cutoff:552257 relative average:1.156229228507242 sigmas:1.352984807009155
count:13 cutoff:551315 relative average:1.2092807689708973 sigmas:1.3069579833265308
...java.security.spec.InvalidKeySpecException: encoded key spec not recognized: n is not positive
java.security.spec.InvalidKeySpecException: encoded key spec not recognized: Zero length BigInteger
java.security.spec.InvalidKeySpecException: encoded key spec not recognized: h is not positive
java.security.spec.InvalidKeySpecException: encoded key spec not recognized: Zero length BigInteger
java.security.spec.InvalidKeySpecException: encoded key spec not recognized: h is not positive
..Encoded ECPrivateKey:3082024b0201003081ec06072a8648ce3d02013081e0020101302c06072a8648ce3d0101022100ffffffff00000001000000000000000000000000ffffffffffffffffffffffff30440420ffffffff00000001000000000000000000000000fffffffffffffffffffffffc04205ac635d8aa3a93e7b3ebbd55769886bc651d06b0cc53b0f63bce3c3e27d2604b0441046b17d1f2e12c4247f8bce6e563a440f277037d812deb33a0f4a13945d898c2964fe342e2fe1a7f9b8ee7eb4a7c0f9e162bce33576b315ececbb6406837bf51f5022100ffffffff00000000ffffffffffffffffbce6faada7179e84f3b9cac2fc632551020101048201553082015102010104200b4389c193f441b4ef31d17e93f38c6e5eaa0b6f16a42dc4e251f09e55551c72a081e33081e0020101302c06072a8648ce3d0101022100ffffffff00000001000000000000000000000000ffffffffffffffffffffffff30440420ffffffff00000001000000000000000000000000fffffffffffffffffffffffc04205ac635d8aa3a93e7b3ebbd55769886bc651d06b0cc53b0f63bce3c3e27d2604b0441046b17d1f2e12c4247f8bce6e563a440f277037d812deb33a0f4a13945d898c2964fe342e2fe1a7f9b8ee7eb4a7c0f9e162bce33576b315ececbb6406837bf51f5022100ffffffff00000000ffffffffffffffffbce6faada7179e84f3b9cac2fc632551020101a144034200042d6c88dd241fd5d9f1582eca17af30cea91a933cad1a276363d1c0df06184522d2cc873c4051d942ffb5e3f464b150c2c9446a03c0e9e221a0917525d6fa308b
...testWrongOrder:org.spongycastle.jcajce.provider.asymmetric.ec.KeyAgreementSpi$1: calculation failed: ECDHC public key has wrong domain parameters
testWrongOrder:org.spongycastle.jcajce.provider.asymmetric.ec.KeyAgreementSpi$1: calculation failed: ECDHC public key has wrong domain parameters
..testModifiedPublic:public point not on curve throws java.security.spec.InvalidKeySpecException: encoded key spec not recognized: Invalid point coordinates
testModifiedPublic:public point = (0,0) throws java.security.spec.InvalidKeySpecException: encoded key spec not recognized: Invalid point coordinates
testModifiedPublic:order = 1 throws org.spongycastle.jcajce.provider.asymmetric.ec.KeyAgreementSpi$1: calculation failed: ECDH public key has wrong domain parameters
testModifiedPublic:order = 26959946660873538060741835960514744168612397095220107664918121663170 throws org.spongycastle.jcajce.provider.asymmetric.ec.KeyAgreementSpi$1: calculation failed: ECDH public key has wrong domain parameters
testModifiedPublic:generator = (0,0) throws java.security.spec.InvalidKeySpecException: encoded key spec not recognized: Invalid point coordinates
testModifiedPublic:generator not on curve throws java.security.spec.InvalidKeySpecException: encoded key spec not recognized: Invalid point coordinates
testModifiedPublic:cofactor = 2 throws org.spongycastle.jcajce.provider.asymmetric.ec.KeyAgreementSpi$1: calculation failed: ECDH public key has wrong domain parameters
testModifiedPublic:cofactor = None throws org.spongycastle.jcajce.provider.asymmetric.ec.KeyAgreementSpi$1: calculation failed: null
testModifiedPublic:modified prime throws org.spongycastle.jcajce.provider.asymmetric.ec.KeyAgreementSpi$1: calculation failed: ECDH public key has wrong domain parameters
testModifiedPublic:using secp224r1 throws org.spongycastle.jcajce.provider.asymmetric.ec.KeyAgreementSpi$1: calculation failed: ECDH public key has wrong domain parameters
testModifiedPublic:a = 0 throws org.spongycastle.jcajce.provider.asymmetric.ec.KeyAgreementSpi$1: calculation failed: ECDH public key has wrong domain parameters
testModifiedPublic:new curve with generator of order 3 that is also on secp256r1 throws org.spongycastle.jcajce.provider.asymmetric.ec.KeyAgreementSpi$1: calculation failed: ECDH public key has wrong domain parameters
testModifiedPublic:order = -115792089210356248762697446949407573529996955224135760342422259061068512044369 throws java.security.spec.InvalidKeySpecException: encoded key spec not recognized: n is not positive
testModifiedPublic:order = 0 throws java.security.spec.InvalidKeySpecException: encoded key spec not recognized: n is not positive
testModifiedPublic:cofactor = -1 throws java.security.spec.InvalidKeySpecException: encoded key spec not recognized: h is not positive
testModifiedPublic:cofactor = 0 throws java.security.spec.InvalidKeySpecException: encoded key spec not recognized: h is not positive
testModifiedPublic:public point not on curve throws java.security.spec.InvalidKeySpecException: encoded key spec not recognized: Invalid point coordinates
testModifiedPublic:public point = (0,0) throws java.security.spec.InvalidKeySpecException: encoded key spec not recognized: Invalid point coordinates
testModifiedPublic:order = 1 throws org.spongycastle.jcajce.provider.asymmetric.ec.KeyAgreementSpi$1: calculation failed: ECDHC public key has wrong domain parameters
testModifiedPublic:order = 26959946660873538060741835960514744168612397095220107664918121663170 throws org.spongycastle.jcajce.provider.asymmetric.ec.KeyAgreementSpi$1: calculation failed: ECDHC public key has wrong domain parameters
testModifiedPublic:generator = (0,0) throws java.security.spec.InvalidKeySpecException: encoded key spec not recognized: Invalid point coordinates
testModifiedPublic:generator not on curve throws java.security.spec.InvalidKeySpecException: encoded key spec not recognized: Invalid point coordinates
testModifiedPublic:cofactor = 2 throws org.spongycastle.jcajce.provider.asymmetric.ec.KeyAgreementSpi$1: calculation failed: ECDHC public key has wrong domain parameters
testModifiedPublic:cofactor = None throws org.spongycastle.jcajce.provider.asymmetric.ec.KeyAgreementSpi$1: calculation failed: null
testModifiedPublic:modified prime throws org.spongycastle.jcajce.provider.asymmetric.ec.KeyAgreementSpi$1: calculation failed: ECDHC public key has wrong domain parameters
testModifiedPublic:using secp224r1 throws org.spongycastle.jcajce.provider.asymmetric.ec.KeyAgreementSpi$1: calculation failed: ECDHC public key has wrong domain parameters
testModifiedPublic:a = 0 throws org.spongycastle.jcajce.provider.asymmetric.ec.KeyAgreementSpi$1: calculation failed: ECDHC public key has wrong domain parameters
testModifiedPublic:new curve with generator of order 3 that is also on secp256r1 throws org.spongycastle.jcajce.provider.asymmetric.ec.KeyAgreementSpi$1: calculation failed: ECDHC public key has wrong domain parameters
testModifiedPublic:order = -115792089210356248762697446949407573529996955224135760342422259061068512044369 throws java.security.spec.InvalidKeySpecException: encoded key spec not recognized: n is not positive
testModifiedPublic:order = 0 throws java.security.spec.InvalidKeySpecException: encoded key spec not recognized: n is not positive
testModifiedPublic:cofactor = -1 throws java.security.spec.InvalidKeySpecException: encoded key spec not recognized: h is not positive
testModifiedPublic:cofactor = 0 throws java.security.spec.InvalidKeySpecException: encoded key spec not recognized: h is not positive
.testWrongOrder:org.spongycastle.jcajce.provider.asymmetric.ec.KeyAgreementSpi$1: calculation failed: ECDH public key has wrong domain parameters
testWrongOrder:org.spongycastle.jcajce.provider.asymmetric.ec.KeyAgreementSpi$1: calculation failed: ECDH public key has wrong domain parameters
..testModifiedPublic:public point not on curve throws java.security.spec.InvalidKeySpecException: invalid KeySpec: point not on curve
testModifiedPublic:public point = (0,0) throws java.security.spec.InvalidKeySpecException: invalid KeySpec: point not on curve
testModifiedPublic:order = 1 throws org.spongycastle.jcajce.provider.asymmetric.ec.KeyAgreementSpi$1: calculation failed: ECDH public key has wrong domain parameters
testModifiedPublic:order = 26959946660873538060741835960514744168612397095220107664918121663170 throws org.spongycastle.jcajce.provider.asymmetric.ec.KeyAgreementSpi$1: calculation failed: ECDH public key has wrong domain parameters
testModifiedPublic:generator = (0,0) throws org.spongycastle.jcajce.provider.asymmetric.ec.KeyAgreementSpi$1: calculation failed: ECDH public key has wrong domain parameters
testModifiedPublic:generator not on curve throws org.spongycastle.jcajce.provider.asymmetric.ec.KeyAgreementSpi$1: calculation failed: ECDH public key has wrong domain parameters
testModifiedPublic:cofactor = 2 throws org.spongycastle.jcajce.provider.asymmetric.ec.KeyAgreementSpi$1: calculation failed: ECDH public key has wrong domain parameters
modified prime throws java.lang.IllegalArgumentException: first coefficient is too large
testModifiedPublic:using secp224r1 throws org.spongycastle.jcajce.provider.asymmetric.ec.KeyAgreementSpi$1: calculation failed: ECDH public key has wrong domain parameters
testModifiedPublic:a = 0 throws org.spongycastle.jcajce.provider.asymmetric.ec.KeyAgreementSpi$1: calculation failed: ECDH public key has wrong domain parameters
testModifiedPublic:new curve with generator of order 3 that is also on secp256r1 throws org.spongycastle.jcajce.provider.asymmetric.ec.KeyAgreementSpi$1: calculation failed: ECDH public key has wrong domain parameters
order = -115792089210356248762697446949407573529996955224135760342422259061068512044369 throws java.lang.IllegalArgumentException: n is not positive
order = 0 throws java.lang.IllegalArgumentException: n is not positive
cofactor = -1 throws java.lang.IllegalArgumentException: h is not positive
cofactor = 0 throws java.lang.IllegalArgumentException: h is not positive
testModifiedPublic:public point not on curve throws java.security.spec.InvalidKeySpecException: invalid KeySpec: point not on curve
testModifiedPublic:public point = (0,0) throws java.security.spec.InvalidKeySpecException: invalid KeySpec: point not on curve
testModifiedPublic:order = 1 throws org.spongycastle.jcajce.provider.asymmetric.ec.KeyAgreementSpi$1: calculation failed: ECDHC public key has wrong domain parameters
testModifiedPublic:order = 26959946660873538060741835960514744168612397095220107664918121663170 throws org.spongycastle.jcajce.provider.asymmetric.ec.KeyAgreementSpi$1: calculation failed: ECDHC public key has wrong domain parameters
testModifiedPublic:generator = (0,0) throws org.spongycastle.jcajce.provider.asymmetric.ec.KeyAgreementSpi$1: calculation failed: ECDHC public key has wrong domain parameters
testModifiedPublic:generator not on curve throws org.spongycastle.jcajce.provider.asymmetric.ec.KeyAgreementSpi$1: calculation failed: ECDHC public key has wrong domain parameters
testModifiedPublic:cofactor = 2 throws org.spongycastle.jcajce.provider.asymmetric.ec.KeyAgreementSpi$1: calculation failed: ECDHC public key has wrong domain parameters
modified prime throws java.lang.IllegalArgumentException: first coefficient is too large
testModifiedPublic:using secp224r1 throws org.spongycastle.jcajce.provider.asymmetric.ec.KeyAgreementSpi$1: calculation failed: ECDHC public key has wrong domain parameters
testModifiedPublic:a = 0 throws org.spongycastle.jcajce.provider.asymmetric.ec.KeyAgreementSpi$1: calculation failed: ECDHC public key has wrong domain parameters
testModifiedPublic:new curve with generator of order 3 that is also on secp256r1 throws org.spongycastle.jcajce.provider.asymmetric.ec.KeyAgreementSpi$1: calculation failed: ECDHC public key has wrong domain parameters
order = -115792089210356248762697446949407573529996955224135760342422259061068512044369 throws java.lang.IllegalArgumentException: n is not positive
order = 0 throws java.lang.IllegalArgumentException: n is not positive
cofactor = -1 throws java.lang.IllegalArgumentException: h is not positive
cofactor = 0 throws java.lang.IllegalArgumentException: h is not positive
...E..Message:Hello
Hash:185f8db32271fe25f561a6fc938b2e264306ec304eda518007d1764826381969
Curve:secp256r1
Order:115792089210356248762697446949407573529996955224135760342422259061068512044369
Private key:
S:74703253763543855797098260830765997382280286991425430698510833296345645761089
encoded:308193020100301306072a8648ce3d020106082a8648ce3d030107047930770201010420a5288b135c6a94c6a7d1345aa25e7ae7ff0cbabd3af8b45483222dc05250c241a00a06082a8648ce3d030107a1440342000407e0b1892f12b40479ce9e453dfa7e31b186c396e9c005a52b1f30f52155e19764baa33dd80e02af191d3eb8851cfafe6def6f02c7471d3add4b387f84b9d62c
Public key:
X:3563188990166669893741163807675262455480874928013726201841895489128025678231
Y:45561045064339910460064956783742295449383648946197443732523230808636252608044
encoded:3059301306072a8648ce3d020106082a8648ce3d0301070342000407e0b1892f12b40479ce9e453dfa7e31b186c396e9c005a52b1f30f52155e19764baa33dd80e02af191d3eb8851cfafe6def6f02c7471d3add4b387f84b9d62c
Signature:3045022100fbea1e96010586b5a740fa1b8a79be3702604f75538356584271816b024df3720220644f9a7399499c2f5b8c3e12eebfb334dd2220c51056b61a94336447feaf9334
r:113944178304047994846656053213288706723066545800097656544493467893900883391346
s:45371931761918465731580131469502039856867473505698188764885097133455124173620
.SC curve:secp256r1 countLsb:509 countMsb:523
SC curve:secp224r1 countLsb:505 countMsb:513
SC curve:secp384r1 countLsb:537 countMsb:516
SC curve:secp521r1 countLsb:505 countMsb:491
SC curve:brainpoolP256r1 countLsb:514 countMsb:535
..testTiming algorithm:SHA256WithECDSA
count:50000 cutoff:1017535 relative average:0.9963436907980896 sigmas:1.4160824647583847
count:25010 cutoff:161640 relative average:0.9907450107900385 sigmas:2.535090045835862
count:12503 cutoff:160300 relative average:0.9815675110819848 sigmas:3.569864437070069
count:6251 cutoff:159629 relative average:0.9785950777960156 sigmas:2.9312241529876046
count:3130 cutoff:159150 relative average:0.9683760103634618 sigmas:3.0644282347273775
count:1564 cutoff:158784 relative average:0.9563566452403772 sigmas:2.9894901588150025
count:786 cutoff:158450 relative average:0.9465009968404586 sigmas:2.597871050209066
count:391 cutoff:158153 relative average:0.9665974353698704 sigmas:1.1440073613834367
count:196 cutoff:157890 relative average:0.9844594939443001 sigmas:0.376837244893256
count:98 cutoff:157667 relative average:0.9613815648908717 sigmas:0.6621682247750327
count:49 cutoff:157411 relative average:0.9309666652525873 sigmas:0.836984702389002
count:25 cutoff:157230 relative average:0.8197798294829838 sigmas:1.5607524594209938
count:13 cutoff:157124 relative average:0.7483394441328539 sigmas:1.5716196676661558
..E.E.E.E..E.No implementation for:ECIESwithDESede
..E.No implementation for:ECIESWithAES
.E..E.....testDefaultSize: keysize=2048
....Message:Hello
Hash:185f8db32271fe25f561a6fc938b2e264306ec304eda518007d1764826381969
Public key:
Modulus:20225341611847596641763077701397168541661530502081216360077217453250835262967986696754440423677289813219682816249659564048510557279501628758961304296050395338430551724607810873628427560104971381207529663266543282774373802520246953244772683603614699205321331459235792744988575007035344393582661835590309976055843656514875397313075249781812579009164038169473343280403201735042615877635565487919594742739945492341479684526765850541560762240399663210170741028396195872576848467651873941200670877981670207882517990308195191322289630035416039499177450918451950129470701330015730307462093075466632321901844363131628673265931
E:65537
encoded:30820122300d06092a864886f70d01010105000382010f003082010a0282010100a0372f66bb50bd978d65d84eb9161a624766051aadd4c38cbebe67040c7870930b1d0436d123abd93d1c48c0bef4ad12d506a1029254cef6c437935ecdafe92531be9f8163cb8cac0bd8284a5b91a1342d5c4ff8ca7d0d41dbcf3cc9b5d37b20048822af99d36ddc6d098f5a2ac0851aac3bf3a42fd77c3b4ef542609d69abd0214b20e2c2676d094f292b97be97f51398b339ce3d7228772a13aad367e9bd85fca756e8526a93d17b144115c7a6b0c90a8812d82c100f08b8887c46770830277d4f31e161e95725576aed618c8a58d8fbdebacd7578a14a22f4227b6770112c192b04ebf9c242adb63d8e1d3e9fae5f3c3bdffdf8cc5d4300c1e8795d97710b0203010001
Private key:
D:1522123836885342877405188700105758803136899777871507321530934463324896923631089369146165540956423528949480745018944579425363745221996092792849061523246101589761618127410632845429454055143655337387914884800391302307090139444746662538625018387624523847910125135774337808822995401829496705952796202229252588063250211404932172890294523779771652446994109285609986374657953254056211011571984950903758102945900689722228457253536652414304798032342394620291300511881831986126700381118187129226605339608918315632407271127938758885136680485584754536557210205217941308930210182244584680687657541000120695810122502811673266282793
encoded:308204bd020100300d06092a864886f70d0101010500048204a7308204a30201000282010100a0372f66bb50bd978d65d84eb9161a624766051aadd4c38cbebe67040c7870930b1d0436d123abd93d1c48c0bef4ad12d506a1029254cef6c437935ecdafe92531be9f8163cb8cac0bd8284a5b91a1342d5c4ff8ca7d0d41dbcf3cc9b5d37b20048822af99d36ddc6d098f5a2ac0851aac3bf3a42fd77c3b4ef542609d69abd0214b20e2c2676d094f292b97be97f51398b339ce3d7228772a13aad367e9bd85fca756e8526a93d17b144115c7a6b0c90a8812d82c100f08b8887c46770830277d4f31e161e95725576aed618c8a58d8fbdebacd7578a14a22f4227b6770112c192b04ebf9c242adb63d8e1d3e9fae5f3c3bdffdf8cc5d4300c1e8795d97710b0203010001028201000c0ebb2985822c45c898a4fd6c84ecba32c0fe9a8b9af496fc765c4ec8b246f1d3a74996e7560f523eb022725a46475aa079377144b40273710d5b4a8a3b1cbc8f43a3f50e51d65901f730cf7631f0f746e6a8a082e1839e1b0aa24787f3cdecf923f019ef7f22fbb0d511276a3d7686f9f6284aef9933d4186e8ad54fc9ddea0884b068260c5803503d752093e9c37f8b858c246309fb1480c1b9247fc18a0d2fe3c8df00445283fec6aaf197c48d416485390a68e73523d4a1fbe837035e27d320e9c5e23a142dda11a7bb88073392034d5456dd33012baf3c42a137eb146d11aff8fceb20f0cc2b13bd280f69a63169b0d20df6a6a7195e26119c88dce12902818100cd00d37e9eb3761053c446f6b15ecab2ad221d96e975d4f1bb9eaffd980575f2565b77c8075497cfc7e9cb26dfd29450cc65ebed86f773a0bf60de37438fff655bd77875757818233da188c7a88e59ab328e9a1ce8a6c7b6904a45f30b01b9217c116acef1907f2f99fa19195e0c1412552e80ced6f865c120962c9caf799cc702818100c8122819fc9fffd5b496a3af6aa1e82770dc85ed45cea50c215e3854667e6c54175acfc0c32a052ab05179caae6a59cd586ffd2f292e17cea69b2ddfe1195a7a9fa8d1ee43b47b658e6b5d2b51144c594483cfb5abc5878dad232844416cf205a0012419a44ec024f4df925741d4092c928fbc7cbbb62a8f112fd8c063825d9d0281802527af2d55ca24edd4a0d053c9d5ea5af3f228f6bf1d7218d5ee6eeb41704bee3e2499d311310dcac4eae4bd08f7fb95a1561faa8f39ae25464a623c15ecb557438c0bf30df5543a9ee2f60d69c9530b2a409a41ff10ab45b56520c46a0c47e77fbb1066ad7588f7b1aa987df683ade79cb4aef7ce127b2ec39f343ab9bb0ae502818024a93711f3f9b99e8655e82e97a28d70d4bc840a0375a746bec28e1de11e1f699551fda9bbd97252ed3630d413fbc6f2dad6c29526bd9c7d308854f2a643c8119a3a0c25d5e037905775930001fe6f33185bf2eebe4816dbbe332808c1d85dccec11e9748d6824cb60d7aaf0344ecf538c93ac1d4b24494e27ff157fc37c3afd0281810082bf765a326748d7e5264c05211a6a87869b492c1fd6cca4fb0ba7aa39add526a3cc22f0fb6d1edcbb49fec1e9d8bc1eb8357873f68dcca8bd0a4598b60f38260e8f46014747fafdf051afd2cf33b0bbb043c215e20924c448e04af1fef356b3adf45dc747818e8a48f9a241b141859aa164478127bf2ecddaad46ebd0671167
Signature:51f4c88bc4eca5d32931deebfe1b3f0ffafb977adca1b00a3561063b51f797a87484d28f13261714f52b85bce42e79145662dabd77fc056d2b30e19e82f258a5b2ad151213a580f1b550bc4a813916bef7b40c0e6870e17f5c24145ef24ebbecbcd1d6bf7fa3e140ea541723ecc95e4cba49a309616aaa3fe552a5524201181b18a2e52b8d51e222b0a055885da92c5d4e7a138076f992eea89048df8c12ef585b9534533fbc7b7455d8b19e1df5dd2c0eba3c913e58874f85b4fc1c714392e023f518ccba8f6650729cb1112f44eb8698859a03a319b47547ec2a1888ada8f317690dbaaa4848f2d8496ed1239ccf148d7c6628cf669e4610ab10cd5f95f20d
..Verfied legacy signature:253e1d19bbe91064f2364c1e7db3ba8eb6dc5b19202e440eab6fbdf28c8c6ec05b812983713c338c72b6e99b8edf506a89ff9fc8e5c2c52362097a56dc228060eca01e1ff318c6c81617691438703411c1f953b21cd74331f87c9b8b189fdffdfe8550bd2bd1d47be915f8604a0f472199dd705e19b1b815f99b68d60bc257c7

Time: 2,377.41
There were 19 failures:
1) testEax(com.google.security.wycheproof.AesEaxTest)
java.security.InvalidKeyException: Illegal key size
	at javax.crypto.Cipher.checkCryptoPerm(Cipher.java:1039)
	at javax.crypto.Cipher.implInit(Cipher.java:805)
	at javax.crypto.Cipher.chooseProvider(Cipher.java:864)
	at javax.crypto.Cipher.init(Cipher.java:1396)
	at javax.crypto.Cipher.init(Cipher.java:1327)
	at com.google.security.wycheproof.AesEaxTest.testEax(AesEaxTest.java:264)
	at sun.reflect.NativeMethodAccessorImpl.invoke0(Native Method)
	at sun.reflect.NativeMethodAccessorImpl.invoke(NativeMethodAccessorImpl.java:62)
	at sun.reflect.DelegatingMethodAccessorImpl.invoke(DelegatingMethodAccessorImpl.java:43)
	at java.lang.reflect.Method.invoke(Method.java:498)
	at org.junit.runners.model.FrameworkMethod$1.runReflectiveCall(FrameworkMethod.java:47)
	at org.junit.internal.runners.model.ReflectiveCallable.run(ReflectiveCallable.java:12)
	at org.junit.runners.model.FrameworkMethod.invokeExplosively(FrameworkMethod.java:44)
	at org.junit.internal.runners.statements.InvokeMethod.evaluate(InvokeMethod.java:17)
	at org.junit.runners.ParentRunner.runLeaf(ParentRunner.java:271)
	at org.junit.runners.BlockJUnit4ClassRunner.runChild(BlockJUnit4ClassRunner.java:70)
	at org.junit.runners.BlockJUnit4ClassRunner.runChild(BlockJUnit4ClassRunner.java:50)
	at org.junit.runners.ParentRunner$3.run(ParentRunner.java:238)
	at org.junit.runners.ParentRunner$1.schedule(ParentRunner.java:63)
	at org.junit.runners.ParentRunner.runChildren(ParentRunner.java:236)
	at org.junit.runners.ParentRunner.access$000(ParentRunner.java:53)
	at org.junit.runners.ParentRunner$2.evaluate(ParentRunner.java:229)
	at org.junit.runners.ParentRunner.run(ParentRunner.java:309)
	at org.junit.runners.Suite.runChild(Suite.java:127)
	at org.junit.runners.Suite.runChild(Suite.java:26)
	at org.junit.runners.ParentRunner$3.run(ParentRunner.java:238)
	at org.junit.runners.ParentRunner$1.schedule(ParentRunner.java:63)
	at org.junit.runners.ParentRunner.runChildren(ParentRunner.java:236)
	at org.junit.runners.ParentRunner.access$000(ParentRunner.java:53)
	at org.junit.runners.ParentRunner$2.evaluate(ParentRunner.java:229)
	at org.junit.internal.runners.statements.RunBefores.evaluate(RunBefores.java:26)
	at org.junit.runners.ParentRunner.run(ParentRunner.java:309)
	at com.google.testing.junit.runner.internal.junit4.CancellableRequestFactory$CancellableRunner.run(CancellableRequestFactory.java:89)
	at org.junit.runner.JUnitCore.run(JUnitCore.java:160)
	at org.junit.runner.JUnitCore.run(JUnitCore.java:138)
	at com.google.testing.junit.runner.junit4.JUnit4Runner.run(JUnit4Runner.java:112)
	at com.google.testing.junit.runner.BazelTestRunner.runTestsInSuite(BazelTestRunner.java:144)
	at com.google.testing.junit.runner.BazelTestRunner.main(BazelTestRunner.java:82)
2) testLateUpdateAAD(com.google.security.wycheproof.AesEaxTest)
java.security.InvalidKeyException: Illegal key size
	at javax.crypto.Cipher.checkCryptoPerm(Cipher.java:1039)
	at javax.crypto.Cipher.implInit(Cipher.java:805)
	at javax.crypto.Cipher.chooseProvider(Cipher.java:864)
	at javax.crypto.Cipher.init(Cipher.java:1396)
	at javax.crypto.Cipher.init(Cipher.java:1327)
	at com.google.security.wycheproof.AesEaxTest.testLateUpdateAAD(AesEaxTest.java:275)
	at sun.reflect.NativeMethodAccessorImpl.invoke0(Native Method)
	at sun.reflect.NativeMethodAccessorImpl.invoke(NativeMethodAccessorImpl.java:62)
	at sun.reflect.DelegatingMethodAccessorImpl.invoke(DelegatingMethodAccessorImpl.java:43)
	at java.lang.reflect.Method.invoke(Method.java:498)
	at org.junit.runners.model.FrameworkMethod$1.runReflectiveCall(FrameworkMethod.java:47)
	at org.junit.internal.runners.model.ReflectiveCallable.run(ReflectiveCallable.java:12)
	at org.junit.runners.model.FrameworkMethod.invokeExplosively(FrameworkMethod.java:44)
	at org.junit.internal.runners.statements.InvokeMethod.evaluate(InvokeMethod.java:17)
	at org.junit.runners.ParentRunner.runLeaf(ParentRunner.java:271)
	at org.junit.runners.BlockJUnit4ClassRunner.runChild(BlockJUnit4ClassRunner.java:70)
	at org.junit.runners.BlockJUnit4ClassRunner.runChild(BlockJUnit4ClassRunner.java:50)
	at org.junit.runners.ParentRunner$3.run(ParentRunner.java:238)
	at org.junit.runners.ParentRunner$1.schedule(ParentRunner.java:63)
	at org.junit.runners.ParentRunner.runChildren(ParentRunner.java:236)
	at org.junit.runners.ParentRunner.access$000(ParentRunner.java:53)
	at org.junit.runners.ParentRunner$2.evaluate(ParentRunner.java:229)
	at org.junit.runners.ParentRunner.run(ParentRunner.java:309)
	at org.junit.runners.Suite.runChild(Suite.java:127)
	at org.junit.runners.Suite.runChild(Suite.java:26)
	at org.junit.runners.ParentRunner$3.run(ParentRunner.java:238)
	at org.junit.runners.ParentRunner$1.schedule(ParentRunner.java:63)
	at org.junit.runners.ParentRunner.runChildren(ParentRunner.java:236)
	at org.junit.runners.ParentRunner.access$000(ParentRunner.java:53)
	at org.junit.runners.ParentRunner$2.evaluate(ParentRunner.java:229)
	at org.junit.internal.runners.statements.RunBefores.evaluate(RunBefores.java:26)
	at org.junit.runners.ParentRunner.run(ParentRunner.java:309)
	at com.google.testing.junit.runner.internal.junit4.CancellableRequestFactory$CancellableRunner.run(CancellableRequestFactory.java:89)
	at org.junit.runner.JUnitCore.run(JUnitCore.java:160)
	at org.junit.runner.JUnitCore.run(JUnitCore.java:138)
	at com.google.testing.junit.runner.junit4.JUnit4Runner.run(JUnit4Runner.java:112)
	at com.google.testing.junit.runner.BazelTestRunner.runTestsInSuite(BazelTestRunner.java:144)
	at com.google.testing.junit.runner.BazelTestRunner.main(BazelTestRunner.java:82)
3) testLargeArrayAlias(com.google.security.wycheproof.AesGcmTest)
java.lang.AssertionError: testLargeByteBufferAlias failed with outputOffset=1
	at com.google.security.wycheproof.AesGcmTest.testLargeArrayAlias(AesGcmTest.java:470)
	at sun.reflect.NativeMethodAccessorImpl.invoke0(Native Method)
	at sun.reflect.NativeMethodAccessorImpl.invoke(NativeMethodAccessorImpl.java:62)
	at sun.reflect.DelegatingMethodAccessorImpl.invoke(DelegatingMethodAccessorImpl.java:43)
	at java.lang.reflect.Method.invoke(Method.java:498)
	at org.junit.runners.model.FrameworkMethod$1.runReflectiveCall(FrameworkMethod.java:47)
	at org.junit.internal.runners.model.ReflectiveCallable.run(ReflectiveCallable.java:12)
	at org.junit.runners.model.FrameworkMethod.invokeExplosively(FrameworkMethod.java:44)
	at org.junit.internal.runners.statements.InvokeMethod.evaluate(InvokeMethod.java:17)
	at org.junit.runners.ParentRunner.runLeaf(ParentRunner.java:271)
	at org.junit.runners.BlockJUnit4ClassRunner.runChild(BlockJUnit4ClassRunner.java:70)
	at org.junit.runners.BlockJUnit4ClassRunner.runChild(BlockJUnit4ClassRunner.java:50)
	at org.junit.runners.ParentRunner$3.run(ParentRunner.java:238)
	at org.junit.runners.ParentRunner$1.schedule(ParentRunner.java:63)
	at org.junit.runners.ParentRunner.runChildren(ParentRunner.java:236)
	at org.junit.runners.ParentRunner.access$000(ParentRunner.java:53)
	at org.junit.runners.ParentRunner$2.evaluate(ParentRunner.java:229)
	at org.junit.runners.ParentRunner.run(ParentRunner.java:309)
	at org.junit.runners.Suite.runChild(Suite.java:127)
	at org.junit.runners.Suite.runChild(Suite.java:26)
	at org.junit.runners.ParentRunner$3.run(ParentRunner.java:238)
	at org.junit.runners.ParentRunner$1.schedule(ParentRunner.java:63)
	at org.junit.runners.ParentRunner.runChildren(ParentRunner.java:236)
	at org.junit.runners.ParentRunner.access$000(ParentRunner.java:53)
	at org.junit.runners.ParentRunner$2.evaluate(ParentRunner.java:229)
	at org.junit.internal.runners.statements.RunBefores.evaluate(RunBefores.java:26)
	at org.junit.runners.ParentRunner.run(ParentRunner.java:309)
	at com.google.testing.junit.runner.internal.junit4.CancellableRequestFactory$CancellableRunner.run(CancellableRequestFactory.java:89)
	at org.junit.runner.JUnitCore.run(JUnitCore.java:160)
	at org.junit.runner.JUnitCore.run(JUnitCore.java:138)
	at com.google.testing.junit.runner.junit4.JUnit4Runner.run(JUnit4Runner.java:112)
	at com.google.testing.junit.runner.BazelTestRunner.runTestsInSuite(BazelTestRunner.java:144)
	at com.google.testing.junit.runner.BazelTestRunner.main(BazelTestRunner.java:82)
Caused by: arrays first differed at element [16]; expected:<0> but was:<120>
	at org.junit.internal.ComparisonCriteria.arrayEquals(ComparisonCriteria.java:50)
	at org.junit.Assert.internalArrayEquals(Assert.java:473)
	at org.junit.Assert.assertArrayEquals(Assert.java:294)
	at org.junit.Assert.assertArrayEquals(Assert.java:305)
	at com.google.security.wycheproof.AesGcmTest.testLargeArrayAlias(AesGcmTest.java:465)
	... 32 more
4) testByteBufferShiftedAlias(com.google.security.wycheproof.AesGcmTest)
java.lang.AssertionError: Overlapping buffers test failed with buffer type: array backed buffers and output offset 1
	at com.google.security.wycheproof.AesGcmTest.testByteBufferShiftedAlias(AesGcmTest.java:583)
	at sun.reflect.NativeMethodAccessorImpl.invoke0(Native Method)
	at sun.reflect.NativeMethodAccessorImpl.invoke(NativeMethodAccessorImpl.java:62)
	at sun.reflect.DelegatingMethodAccessorImpl.invoke(DelegatingMethodAccessorImpl.java:43)
	at java.lang.reflect.Method.invoke(Method.java:498)
	at org.junit.runners.model.FrameworkMethod$1.runReflectiveCall(FrameworkMethod.java:47)
	at org.junit.internal.runners.model.ReflectiveCallable.run(ReflectiveCallable.java:12)
	at org.junit.runners.model.FrameworkMethod.invokeExplosively(FrameworkMethod.java:44)
	at org.junit.internal.runners.statements.InvokeMethod.evaluate(InvokeMethod.java:17)
	at org.junit.runners.ParentRunner.runLeaf(ParentRunner.java:271)
	at org.junit.runners.BlockJUnit4ClassRunner.runChild(BlockJUnit4ClassRunner.java:70)
	at org.junit.runners.BlockJUnit4ClassRunner.runChild(BlockJUnit4ClassRunner.java:50)
	at org.junit.runners.ParentRunner$3.run(ParentRunner.java:238)
	at org.junit.runners.ParentRunner$1.schedule(ParentRunner.java:63)
	at org.junit.runners.ParentRunner.runChildren(ParentRunner.java:236)
	at org.junit.runners.ParentRunner.access$000(ParentRunner.java:53)
	at org.junit.runners.ParentRunner$2.evaluate(ParentRunner.java:229)
	at org.junit.runners.ParentRunner.run(ParentRunner.java:309)
	at org.junit.runners.Suite.runChild(Suite.java:127)
	at org.junit.runners.Suite.runChild(Suite.java:26)
	at org.junit.runners.ParentRunner$3.run(ParentRunner.java:238)
	at org.junit.runners.ParentRunner$1.schedule(ParentRunner.java:63)
	at org.junit.runners.ParentRunner.runChildren(ParentRunner.java:236)
	at org.junit.runners.ParentRunner.access$000(ParentRunner.java:53)
	at org.junit.runners.ParentRunner$2.evaluate(ParentRunner.java:229)
	at org.junit.internal.runners.statements.RunBefores.evaluate(RunBefores.java:26)
	at org.junit.runners.ParentRunner.run(ParentRunner.java:309)
	at com.google.testing.junit.runner.internal.junit4.CancellableRequestFactory$CancellableRunner.run(CancellableRequestFactory.java:89)
	at org.junit.runner.JUnitCore.run(JUnitCore.java:160)
	at org.junit.runner.JUnitCore.run(JUnitCore.java:138)
	at com.google.testing.junit.runner.junit4.JUnit4Runner.run(JUnit4Runner.java:112)
	at com.google.testing.junit.runner.BazelTestRunner.runTestsInSuite(BazelTestRunner.java:144)
	at com.google.testing.junit.runner.BazelTestRunner.main(BazelTestRunner.java:82)
Caused by: java.lang.AssertionError: expected:<java.nio.HeapByteBuffer[pos=0 lim=8192 cap=8192]> but was:<java.nio.HeapByteBuffer[pos=0 lim=8192 cap=8208]>
	at org.junit.Assert.fail(Assert.java:88)
	at org.junit.Assert.failNotEquals(Assert.java:743)
	at org.junit.Assert.assertEquals(Assert.java:118)
	at org.junit.Assert.assertEquals(Assert.java:144)
	at com.google.security.wycheproof.AesGcmTest.testByteBufferShiftedAlias(AesGcmTest.java:581)
	... 32 more
5) testCorruptAesGcm(com.google.security.wycheproof.CipherInputStreamTest)
java.lang.AssertionError: this should fail; decrypted:67d40c1f045dae988bc33be501df4ea9 pt: 67d40c1f045dae988bc33be501df4ea9
	at org.junit.Assert.fail(Assert.java:88)
	at com.google.security.wycheproof.CipherInputStreamTest.testCorruptDecrypt(CipherInputStreamTest.java:190)
	at com.google.security.wycheproof.CipherInputStreamTest.testCorruptAesGcm(CipherInputStreamTest.java:252)
	at sun.reflect.NativeMethodAccessorImpl.invoke0(Native Method)
	at sun.reflect.NativeMethodAccessorImpl.invoke(NativeMethodAccessorImpl.java:62)
	at sun.reflect.DelegatingMethodAccessorImpl.invoke(DelegatingMethodAccessorImpl.java:43)
	at java.lang.reflect.Method.invoke(Method.java:498)
	at org.junit.runners.model.FrameworkMethod$1.runReflectiveCall(FrameworkMethod.java:47)
	at org.junit.internal.runners.model.ReflectiveCallable.run(ReflectiveCallable.java:12)
	at org.junit.runners.model.FrameworkMethod.invokeExplosively(FrameworkMethod.java:44)
	at org.junit.internal.runners.statements.InvokeMethod.evaluate(InvokeMethod.java:17)
	at org.junit.runners.ParentRunner.runLeaf(ParentRunner.java:271)
	at org.junit.runners.BlockJUnit4ClassRunner.runChild(BlockJUnit4ClassRunner.java:70)
	at org.junit.runners.BlockJUnit4ClassRunner.runChild(BlockJUnit4ClassRunner.java:50)
	at org.junit.runners.ParentRunner$3.run(ParentRunner.java:238)
	at org.junit.runners.ParentRunner$1.schedule(ParentRunner.java:63)
	at org.junit.runners.ParentRunner.runChildren(ParentRunner.java:236)
	at org.junit.runners.ParentRunner.access$000(ParentRunner.java:53)
	at org.junit.runners.ParentRunner$2.evaluate(ParentRunner.java:229)
	at org.junit.runners.ParentRunner.run(ParentRunner.java:309)
	at org.junit.runners.Suite.runChild(Suite.java:127)
	at org.junit.runners.Suite.runChild(Suite.java:26)
	at org.junit.runners.ParentRunner$3.run(ParentRunner.java:238)
	at org.junit.runners.ParentRunner$1.schedule(ParentRunner.java:63)
	at org.junit.runners.ParentRunner.runChildren(ParentRunner.java:236)
	at org.junit.runners.ParentRunner.access$000(ParentRunner.java:53)
	at org.junit.runners.ParentRunner$2.evaluate(ParentRunner.java:229)
	at org.junit.internal.runners.statements.RunBefores.evaluate(RunBefores.java:26)
	at org.junit.runners.ParentRunner.run(ParentRunner.java:309)
	at com.google.testing.junit.runner.internal.junit4.CancellableRequestFactory$CancellableRunner.run(CancellableRequestFactory.java:89)
	at org.junit.runner.JUnitCore.run(JUnitCore.java:160)
	at org.junit.runner.JUnitCore.run(JUnitCore.java:138)
	at com.google.testing.junit.runner.junit4.JUnit4Runner.run(JUnit4Runner.java:112)
	at com.google.testing.junit.runner.BazelTestRunner.runTestsInSuite(BazelTestRunner.java:144)
	at com.google.testing.junit.runner.BazelTestRunner.main(BazelTestRunner.java:82)
6) testAesEax(com.google.security.wycheproof.CipherInputStreamTest)
java.lang.AssertionError: this should fail; decrypted:ccb8fb5a59290f973911c76432d54d38 pt: ccb8fb5a59290f973911c76432d54d38
	at org.junit.Assert.fail(Assert.java:88)
	at com.google.security.wycheproof.CipherInputStreamTest.testCorruptDecrypt(CipherInputStreamTest.java:190)
	at com.google.security.wycheproof.CipherInputStreamTest.testAesEax(CipherInputStreamTest.java:291)
	at sun.reflect.NativeMethodAccessorImpl.invoke0(Native Method)
	at sun.reflect.NativeMethodAccessorImpl.invoke(NativeMethodAccessorImpl.java:62)
	at sun.reflect.DelegatingMethodAccessorImpl.invoke(DelegatingMethodAccessorImpl.java:43)
	at java.lang.reflect.Method.invoke(Method.java:498)
	at org.junit.runners.model.FrameworkMethod$1.runReflectiveCall(FrameworkMethod.java:47)
	at org.junit.internal.runners.model.ReflectiveCallable.run(ReflectiveCallable.java:12)
	at org.junit.runners.model.FrameworkMethod.invokeExplosively(FrameworkMethod.java:44)
	at org.junit.internal.runners.statements.InvokeMethod.evaluate(InvokeMethod.java:17)
	at org.junit.runners.ParentRunner.runLeaf(ParentRunner.java:271)
	at org.junit.runners.BlockJUnit4ClassRunner.runChild(BlockJUnit4ClassRunner.java:70)
	at org.junit.runners.BlockJUnit4ClassRunner.runChild(BlockJUnit4ClassRunner.java:50)
	at org.junit.runners.ParentRunner$3.run(ParentRunner.java:238)
	at org.junit.runners.ParentRunner$1.schedule(ParentRunner.java:63)
	at org.junit.runners.ParentRunner.runChildren(ParentRunner.java:236)
	at org.junit.runners.ParentRunner.access$000(ParentRunner.java:53)
	at org.junit.runners.ParentRunner$2.evaluate(ParentRunner.java:229)
	at org.junit.runners.ParentRunner.run(ParentRunner.java:309)
	at org.junit.runners.Suite.runChild(Suite.java:127)
	at org.junit.runners.Suite.runChild(Suite.java:26)
	at org.junit.runners.ParentRunner$3.run(ParentRunner.java:238)
	at org.junit.runners.ParentRunner$1.schedule(ParentRunner.java:63)
	at org.junit.runners.ParentRunner.runChildren(ParentRunner.java:236)
	at org.junit.runners.ParentRunner.access$000(ParentRunner.java:53)
	at org.junit.runners.ParentRunner$2.evaluate(ParentRunner.java:229)
	at org.junit.internal.runners.statements.RunBefores.evaluate(RunBefores.java:26)
	at org.junit.runners.ParentRunner.run(ParentRunner.java:309)
	at com.google.testing.junit.runner.internal.junit4.CancellableRequestFactory$CancellableRunner.run(CancellableRequestFactory.java:89)
	at org.junit.runner.JUnitCore.run(JUnitCore.java:160)
	at org.junit.runner.JUnitCore.run(JUnitCore.java:138)
	at com.google.testing.junit.runner.junit4.JUnit4Runner.run(JUnit4Runner.java:112)
	at com.google.testing.junit.runner.BazelTestRunner.runTestsInSuite(BazelTestRunner.java:144)
	at com.google.testing.junit.runner.BazelTestRunner.main(BazelTestRunner.java:82)
7) testEmptyPlaintext(com.google.security.wycheproof.CipherOutputStreamTest)
java.lang.AssertionError: this should fail; decrypted: pt: 
	at org.junit.Assert.fail(Assert.java:88)
	at com.google.security.wycheproof.CipherOutputStreamTest.testCorruptDecryptEmpty(CipherOutputStreamTest.java:186)
	at com.google.security.wycheproof.CipherOutputStreamTest.testEmptyPlaintext(CipherOutputStreamTest.java:227)
	at sun.reflect.NativeMethodAccessorImpl.invoke0(Native Method)
	at sun.reflect.NativeMethodAccessorImpl.invoke(NativeMethodAccessorImpl.java:62)
	at sun.reflect.DelegatingMethodAccessorImpl.invoke(DelegatingMethodAccessorImpl.java:43)
	at java.lang.reflect.Method.invoke(Method.java:498)
	at org.junit.runners.model.FrameworkMethod$1.runReflectiveCall(FrameworkMethod.java:47)
	at org.junit.internal.runners.model.ReflectiveCallable.run(ReflectiveCallable.java:12)
	at org.junit.runners.model.FrameworkMethod.invokeExplosively(FrameworkMethod.java:44)
	at org.junit.internal.runners.statements.InvokeMethod.evaluate(InvokeMethod.java:17)
	at org.junit.runners.ParentRunner.runLeaf(ParentRunner.java:271)
	at org.junit.runners.BlockJUnit4ClassRunner.runChild(BlockJUnit4ClassRunner.java:70)
	at org.junit.runners.BlockJUnit4ClassRunner.runChild(BlockJUnit4ClassRunner.java:50)
	at org.junit.runners.ParentRunner$3.run(ParentRunner.java:238)
	at org.junit.runners.ParentRunner$1.schedule(ParentRunner.java:63)
	at org.junit.runners.ParentRunner.runChildren(ParentRunner.java:236)
	at org.junit.runners.ParentRunner.access$000(ParentRunner.java:53)
	at org.junit.runners.ParentRunner$2.evaluate(ParentRunner.java:229)
	at org.junit.runners.ParentRunner.run(ParentRunner.java:309)
	at org.junit.runners.Suite.runChild(Suite.java:127)
	at org.junit.runners.Suite.runChild(Suite.java:26)
	at org.junit.runners.ParentRunner$3.run(ParentRunner.java:238)
	at org.junit.runners.ParentRunner$1.schedule(ParentRunner.java:63)
	at org.junit.runners.ParentRunner.runChildren(ParentRunner.java:236)
	at org.junit.runners.ParentRunner.access$000(ParentRunner.java:53)
	at org.junit.runners.ParentRunner$2.evaluate(ParentRunner.java:229)
	at org.junit.internal.runners.statements.RunBefores.evaluate(RunBefores.java:26)
	at org.junit.runners.ParentRunner.run(ParentRunner.java:309)
	at com.google.testing.junit.runner.internal.junit4.CancellableRequestFactory$CancellableRunner.run(CancellableRequestFactory.java:89)
	at org.junit.runner.JUnitCore.run(JUnitCore.java:160)
	at org.junit.runner.JUnitCore.run(JUnitCore.java:138)
	at com.google.testing.junit.runner.junit4.JUnit4Runner.run(JUnit4Runner.java:112)
	at com.google.testing.junit.runner.BazelTestRunner.runTestsInSuite(BazelTestRunner.java:144)
	at com.google.testing.junit.runner.BazelTestRunner.main(BazelTestRunner.java:82)
8) testAesEax(com.google.security.wycheproof.CipherOutputStreamTest)
java.lang.AssertionError: this should fail; decrypted:a6fe4b74b77a7b0a8957478f3604b529 pt: a6fe4b74b77a7b0a8957478f3604b529
	at org.junit.Assert.fail(Assert.java:88)
	at com.google.security.wycheproof.CipherOutputStreamTest.testCorruptDecrypt(CipherOutputStreamTest.java:159)
	at com.google.security.wycheproof.CipherOutputStreamTest.testAesEax(CipherOutputStreamTest.java:250)
	at sun.reflect.NativeMethodAccessorImpl.invoke0(Native Method)
	at sun.reflect.NativeMethodAccessorImpl.invoke(NativeMethodAccessorImpl.java:62)
	at sun.reflect.DelegatingMethodAccessorImpl.invoke(DelegatingMethodAccessorImpl.java:43)
	at java.lang.reflect.Method.invoke(Method.java:498)
	at org.junit.runners.model.FrameworkMethod$1.runReflectiveCall(FrameworkMethod.java:47)
	at org.junit.internal.runners.model.ReflectiveCallable.run(ReflectiveCallable.java:12)
	at org.junit.runners.model.FrameworkMethod.invokeExplosively(FrameworkMethod.java:44)
	at org.junit.internal.runners.statements.InvokeMethod.evaluate(InvokeMethod.java:17)
	at org.junit.runners.ParentRunner.runLeaf(ParentRunner.java:271)
	at org.junit.runners.BlockJUnit4ClassRunner.runChild(BlockJUnit4ClassRunner.java:70)
	at org.junit.runners.BlockJUnit4ClassRunner.runChild(BlockJUnit4ClassRunner.java:50)
	at org.junit.runners.ParentRunner$3.run(ParentRunner.java:238)
	at org.junit.runners.ParentRunner$1.schedule(ParentRunner.java:63)
	at org.junit.runners.ParentRunner.runChildren(ParentRunner.java:236)
	at org.junit.runners.ParentRunner.access$000(ParentRunner.java:53)
	at org.junit.runners.ParentRunner$2.evaluate(ParentRunner.java:229)
	at org.junit.runners.ParentRunner.run(ParentRunner.java:309)
	at org.junit.runners.Suite.runChild(Suite.java:127)
	at org.junit.runners.Suite.runChild(Suite.java:26)
	at org.junit.runners.ParentRunner$3.run(ParentRunner.java:238)
	at org.junit.runners.ParentRunner$1.schedule(ParentRunner.java:63)
	at org.junit.runners.ParentRunner.runChildren(ParentRunner.java:236)
	at org.junit.runners.ParentRunner.access$000(ParentRunner.java:53)
	at org.junit.runners.ParentRunner$2.evaluate(ParentRunner.java:229)
	at org.junit.internal.runners.statements.RunBefores.evaluate(RunBefores.java:26)
	at org.junit.runners.ParentRunner.run(ParentRunner.java:309)
	at com.google.testing.junit.runner.internal.junit4.CancellableRequestFactory$CancellableRunner.run(CancellableRequestFactory.java:89)
	at org.junit.runner.JUnitCore.run(JUnitCore.java:160)
	at org.junit.runner.JUnitCore.run(JUnitCore.java:138)
	at com.google.testing.junit.runner.junit4.JUnit4Runner.run(JUnit4Runner.java:112)
	at com.google.testing.junit.runner.BazelTestRunner.runTestsInSuite(BazelTestRunner.java:144)
	at com.google.testing.junit.runner.BazelTestRunner.main(BazelTestRunner.java:82)
9) testAesGcm(com.google.security.wycheproof.CipherOutputStreamTest)
java.lang.AssertionError: this should fail; decrypted:479982f5237fcdb602381b22e75fae9c pt: 479982f5237fcdb602381b22e75fae9c
	at org.junit.Assert.fail(Assert.java:88)
	at com.google.security.wycheproof.CipherOutputStreamTest.testCorruptDecrypt(CipherOutputStreamTest.java:159)
	at com.google.security.wycheproof.CipherOutputStreamTest.testAesGcm(CipherOutputStreamTest.java:208)
	at sun.reflect.NativeMethodAccessorImpl.invoke0(Native Method)
	at sun.reflect.NativeMethodAccessorImpl.invoke(NativeMethodAccessorImpl.java:62)
	at sun.reflect.DelegatingMethodAccessorImpl.invoke(DelegatingMethodAccessorImpl.java:43)
	at java.lang.reflect.Method.invoke(Method.java:498)
	at org.junit.runners.model.FrameworkMethod$1.runReflectiveCall(FrameworkMethod.java:47)
	at org.junit.internal.runners.model.ReflectiveCallable.run(ReflectiveCallable.java:12)
	at org.junit.runners.model.FrameworkMethod.invokeExplosively(FrameworkMethod.java:44)
	at org.junit.internal.runners.statements.InvokeMethod.evaluate(InvokeMethod.java:17)
	at org.junit.runners.ParentRunner.runLeaf(ParentRunner.java:271)
	at org.junit.runners.BlockJUnit4ClassRunner.runChild(BlockJUnit4ClassRunner.java:70)
	at org.junit.runners.BlockJUnit4ClassRunner.runChild(BlockJUnit4ClassRunner.java:50)
	at org.junit.runners.ParentRunner$3.run(ParentRunner.java:238)
	at org.junit.runners.ParentRunner$1.schedule(ParentRunner.java:63)
	at org.junit.runners.ParentRunner.runChildren(ParentRunner.java:236)
	at org.junit.runners.ParentRunner.access$000(ParentRunner.java:53)
	at org.junit.runners.ParentRunner$2.evaluate(ParentRunner.java:229)
	at org.junit.runners.ParentRunner.run(ParentRunner.java:309)
	at org.junit.runners.Suite.runChild(Suite.java:127)
	at org.junit.runners.Suite.runChild(Suite.java:26)
	at org.junit.runners.ParentRunner$3.run(ParentRunner.java:238)
	at org.junit.runners.ParentRunner$1.schedule(ParentRunner.java:63)
	at org.junit.runners.ParentRunner.runChildren(ParentRunner.java:236)
	at org.junit.runners.ParentRunner.access$000(ParentRunner.java:53)
	at org.junit.runners.ParentRunner$2.evaluate(ParentRunner.java:229)
	at org.junit.internal.runners.statements.RunBefores.evaluate(RunBefores.java:26)
	at org.junit.runners.ParentRunner.run(ParentRunner.java:309)
	at com.google.testing.junit.runner.internal.junit4.CancellableRequestFactory$CancellableRunner.run(CancellableRequestFactory.java:89)
	at org.junit.runner.JUnitCore.run(JUnitCore.java:160)
	at org.junit.runner.JUnitCore.run(JUnitCore.java:138)
	at com.google.testing.junit.runner.junit4.JUnit4Runner.run(JUnit4Runner.java:112)
	at com.google.testing.junit.runner.BazelTestRunner.runTestsInSuite(BazelTestRunner.java:144)
	at com.google.testing.junit.runner.BazelTestRunner.main(BazelTestRunner.java:82)
10) testSemanticSecurityDhies(com.google.security.wycheproof.DhiesTest)
java.security.InvalidKeyException: Illegal key size or default parameters
	at javax.crypto.Cipher.checkCryptoPerm(Cipher.java:1026)
	at javax.crypto.Cipher.implInit(Cipher.java:801)
	at javax.crypto.Cipher.chooseProvider(Cipher.java:864)
	at javax.crypto.Cipher.init(Cipher.java:1249)
	at javax.crypto.Cipher.init(Cipher.java:1186)
	at com.google.security.wycheproof.DhiesTest.testNotEcb(DhiesTest.java:165)
	at com.google.security.wycheproof.DhiesTest.testSemanticSecurityDhies(DhiesTest.java:178)
	at sun.reflect.NativeMethodAccessorImpl.invoke0(Native Method)
	at sun.reflect.NativeMethodAccessorImpl.invoke(NativeMethodAccessorImpl.java:62)
	at sun.reflect.DelegatingMethodAccessorImpl.invoke(DelegatingMethodAccessorImpl.java:43)
	at java.lang.reflect.Method.invoke(Method.java:498)
	at org.junit.runners.model.FrameworkMethod$1.runReflectiveCall(FrameworkMethod.java:47)
	at org.junit.internal.runners.model.ReflectiveCallable.run(ReflectiveCallable.java:12)
	at org.junit.runners.model.FrameworkMethod.invokeExplosively(FrameworkMethod.java:44)
	at org.junit.internal.runners.statements.InvokeMethod.evaluate(InvokeMethod.java:17)
	at org.junit.runners.ParentRunner.runLeaf(ParentRunner.java:271)
	at org.junit.runners.BlockJUnit4ClassRunner.runChild(BlockJUnit4ClassRunner.java:70)
	at org.junit.runners.BlockJUnit4ClassRunner.runChild(BlockJUnit4ClassRunner.java:50)
	at org.junit.runners.ParentRunner$3.run(ParentRunner.java:238)
	at org.junit.runners.ParentRunner$1.schedule(ParentRunner.java:63)
	at org.junit.runners.ParentRunner.runChildren(ParentRunner.java:236)
	at org.junit.runners.ParentRunner.access$000(ParentRunner.java:53)
	at org.junit.runners.ParentRunner$2.evaluate(ParentRunner.java:229)
	at org.junit.runners.ParentRunner.run(ParentRunner.java:309)
	at org.junit.runners.Suite.runChild(Suite.java:127)
	at org.junit.runners.Suite.runChild(Suite.java:26)
	at org.junit.runners.ParentRunner$3.run(ParentRunner.java:238)
	at org.junit.runners.ParentRunner$1.schedule(ParentRunner.java:63)
	at org.junit.runners.ParentRunner.runChildren(ParentRunner.java:236)
	at org.junit.runners.ParentRunner.access$000(ParentRunner.java:53)
	at org.junit.runners.ParentRunner$2.evaluate(ParentRunner.java:229)
	at org.junit.internal.runners.statements.RunBefores.evaluate(RunBefores.java:26)
	at org.junit.runners.ParentRunner.run(ParentRunner.java:309)
	at com.google.testing.junit.runner.internal.junit4.CancellableRequestFactory$CancellableRunner.run(CancellableRequestFactory.java:89)
	at org.junit.runner.JUnitCore.run(JUnitCore.java:160)
	at org.junit.runner.JUnitCore.run(JUnitCore.java:138)
	at com.google.testing.junit.runner.junit4.JUnit4Runner.run(JUnit4Runner.java:112)
	at com.google.testing.junit.runner.BazelTestRunner.runTestsInSuite(BazelTestRunner.java:144)
	at com.google.testing.junit.runner.BazelTestRunner.main(BazelTestRunner.java:82)
11) testEncode(com.google.security.wycheproof.EcdhTest)
org.junit.ComparisonFailure: expected:<30[8201333081ec06072a8648ce3d02013081e0020101302c06072a8648ce3d0101022100ffffffff00000001000000000000000000000000ffffffffffffffffffffffff30440420ffffffff00000001000000000000000000000000fffffffffffffffffffffffc04205ac635d8aa3a93e7b3ebbd55769886bc651d06b0cc53b0f63bce3c3e27d2604b0441046b17d1f2e12c4247f8bce6e563a440f277037d812deb33a0f4a13945d898c2964fe342e2fe1a7f9b8ee7eb4a7c0f9e162bce33576b315ececbb6406837bf51f5022100ffffffff00000000ffffffffffffffffbce6faada7179e84f3b9cac2fc632551020101]03420004cdeb39edd03e...> but was:<30[59301306072a8648ce3d020106082a8648ce3d030107]03420004cdeb39edd03e...>
	at org.junit.Assert.assertEquals(Assert.java:115)
	at org.junit.Assert.assertEquals(Assert.java:144)
	at com.google.security.wycheproof.EcdhTest.testEncode(EcdhTest.java:1894)
	at sun.reflect.NativeMethodAccessorImpl.invoke0(Native Method)
	at sun.reflect.NativeMethodAccessorImpl.invoke(NativeMethodAccessorImpl.java:62)
	at sun.reflect.DelegatingMethodAccessorImpl.invoke(DelegatingMethodAccessorImpl.java:43)
	at java.lang.reflect.Method.invoke(Method.java:498)
	at org.junit.runners.model.FrameworkMethod$1.runReflectiveCall(FrameworkMethod.java:47)
	at org.junit.internal.runners.model.ReflectiveCallable.run(ReflectiveCallable.java:12)
	at org.junit.runners.model.FrameworkMethod.invokeExplosively(FrameworkMethod.java:44)
	at org.junit.internal.runners.statements.InvokeMethod.evaluate(InvokeMethod.java:17)
	at org.junit.runners.ParentRunner.runLeaf(ParentRunner.java:271)
	at org.junit.runners.BlockJUnit4ClassRunner.runChild(BlockJUnit4ClassRunner.java:70)
	at org.junit.runners.BlockJUnit4ClassRunner.runChild(BlockJUnit4ClassRunner.java:50)
	at org.junit.runners.ParentRunner$3.run(ParentRunner.java:238)
	at org.junit.runners.ParentRunner$1.schedule(ParentRunner.java:63)
	at org.junit.runners.ParentRunner.runChildren(ParentRunner.java:236)
	at org.junit.runners.ParentRunner.access$000(ParentRunner.java:53)
	at org.junit.runners.ParentRunner$2.evaluate(ParentRunner.java:229)
	at org.junit.runners.ParentRunner.run(ParentRunner.java:309)
	at org.junit.runners.Suite.runChild(Suite.java:127)
	at org.junit.runners.Suite.runChild(Suite.java:26)
	at org.junit.runners.ParentRunner$3.run(ParentRunner.java:238)
	at org.junit.runners.ParentRunner$1.schedule(ParentRunner.java:63)
	at org.junit.runners.ParentRunner.runChildren(ParentRunner.java:236)
	at org.junit.runners.ParentRunner.access$000(ParentRunner.java:53)
	at org.junit.runners.ParentRunner$2.evaluate(ParentRunner.java:229)
	at org.junit.internal.runners.statements.RunBefores.evaluate(RunBefores.java:26)
	at org.junit.runners.ParentRunner.run(ParentRunner.java:309)
	at com.google.testing.junit.runner.internal.junit4.CancellableRequestFactory$CancellableRunner.run(CancellableRequestFactory.java:89)
	at org.junit.runner.JUnitCore.run(JUnitCore.java:160)
	at org.junit.runner.JUnitCore.run(JUnitCore.java:138)
	at com.google.testing.junit.runner.junit4.JUnit4Runner.run(JUnit4Runner.java:112)
	at com.google.testing.junit.runner.BazelTestRunner.runTestsInSuite(BazelTestRunner.java:144)
	at com.google.testing.junit.runner.BazelTestRunner.main(BazelTestRunner.java:82)
12) testModifyPoint(com.google.security.wycheproof.EciesTest)
java.security.InvalidKeyException: Illegal key size or default parameters
	at javax.crypto.Cipher.checkCryptoPerm(Cipher.java:1026)
	at javax.crypto.Cipher.implInit(Cipher.java:801)
	at javax.crypto.Cipher.chooseProvider(Cipher.java:864)
	at javax.crypto.Cipher.init(Cipher.java:1249)
	at javax.crypto.Cipher.init(Cipher.java:1186)
	at com.google.security.wycheproof.EciesTest.testModifyPoint(EciesTest.java:227)
	at sun.reflect.NativeMethodAccessorImpl.invoke0(Native Method)
	at sun.reflect.NativeMethodAccessorImpl.invoke(NativeMethodAccessorImpl.java:62)
	at sun.reflect.DelegatingMethodAccessorImpl.invoke(DelegatingMethodAccessorImpl.java:43)
	at java.lang.reflect.Method.invoke(Method.java:498)
	at org.junit.runners.model.FrameworkMethod$1.runReflectiveCall(FrameworkMethod.java:47)
	at org.junit.internal.runners.model.ReflectiveCallable.run(ReflectiveCallable.java:12)
	at org.junit.runners.model.FrameworkMethod.invokeExplosively(FrameworkMethod.java:44)
	at org.junit.internal.runners.statements.InvokeMethod.evaluate(InvokeMethod.java:17)
	at org.junit.runners.ParentRunner.runLeaf(ParentRunner.java:271)
	at org.junit.runners.BlockJUnit4ClassRunner.runChild(BlockJUnit4ClassRunner.java:70)
	at org.junit.runners.BlockJUnit4ClassRunner.runChild(BlockJUnit4ClassRunner.java:50)
	at org.junit.runners.ParentRunner$3.run(ParentRunner.java:238)
	at org.junit.runners.ParentRunner$1.schedule(ParentRunner.java:63)
	at org.junit.runners.ParentRunner.runChildren(ParentRunner.java:236)
	at org.junit.runners.ParentRunner.access$000(ParentRunner.java:53)
	at org.junit.runners.ParentRunner$2.evaluate(ParentRunner.java:229)
	at org.junit.runners.ParentRunner.run(ParentRunner.java:309)
	at org.junit.runners.Suite.runChild(Suite.java:127)
	at org.junit.runners.Suite.runChild(Suite.java:26)
	at org.junit.runners.ParentRunner$3.run(ParentRunner.java:238)
	at org.junit.runners.ParentRunner$1.schedule(ParentRunner.java:63)
	at org.junit.runners.ParentRunner.runChildren(ParentRunner.java:236)
	at org.junit.runners.ParentRunner.access$000(ParentRunner.java:53)
	at org.junit.runners.ParentRunner$2.evaluate(ParentRunner.java:229)
	at org.junit.internal.runners.statements.RunBefores.evaluate(RunBefores.java:26)
	at org.junit.runners.ParentRunner.run(ParentRunner.java:309)
	at com.google.testing.junit.runner.internal.junit4.CancellableRequestFactory$CancellableRunner.run(CancellableRequestFactory.java:89)
	at org.junit.runner.JUnitCore.run(JUnitCore.java:160)
	at org.junit.runner.JUnitCore.run(JUnitCore.java:138)
	at com.google.testing.junit.runner.junit4.JUnit4Runner.run(JUnit4Runner.java:112)
	at com.google.testing.junit.runner.BazelTestRunner.runTestsInSuite(BazelTestRunner.java:144)
	at com.google.testing.junit.runner.BazelTestRunner.main(BazelTestRunner.java:82)
13) testAlias(com.google.security.wycheproof.EciesTest)
java.security.InvalidKeyException: Illegal key size or default parameters
	at javax.crypto.Cipher.checkCryptoPerm(Cipher.java:1026)
	at javax.crypto.Cipher.implInit(Cipher.java:801)
	at javax.crypto.Cipher.chooseProvider(Cipher.java:864)
	at javax.crypto.Cipher.init(Cipher.java:1249)
	at javax.crypto.Cipher.init(Cipher.java:1186)
	at com.google.security.wycheproof.EciesTest.testIsAlias(EciesTest.java:322)
	at com.google.security.wycheproof.EciesTest.testAlias(EciesTest.java:332)
	at sun.reflect.NativeMethodAccessorImpl.invoke0(Native Method)
	at sun.reflect.NativeMethodAccessorImpl.invoke(NativeMethodAccessorImpl.java:62)
	at sun.reflect.DelegatingMethodAccessorImpl.invoke(DelegatingMethodAccessorImpl.java:43)
	at java.lang.reflect.Method.invoke(Method.java:498)
	at org.junit.runners.model.FrameworkMethod$1.runReflectiveCall(FrameworkMethod.java:47)
	at org.junit.internal.runners.model.ReflectiveCallable.run(ReflectiveCallable.java:12)
	at org.junit.runners.model.FrameworkMethod.invokeExplosively(FrameworkMethod.java:44)
	at org.junit.internal.runners.statements.InvokeMethod.evaluate(InvokeMethod.java:17)
	at org.junit.runners.ParentRunner.runLeaf(ParentRunner.java:271)
	at org.junit.runners.BlockJUnit4ClassRunner.runChild(BlockJUnit4ClassRunner.java:70)
	at org.junit.runners.BlockJUnit4ClassRunner.runChild(BlockJUnit4ClassRunner.java:50)
	at org.junit.runners.ParentRunner$3.run(ParentRunner.java:238)
	at org.junit.runners.ParentRunner$1.schedule(ParentRunner.java:63)
	at org.junit.runners.ParentRunner.runChildren(ParentRunner.java:236)
	at org.junit.runners.ParentRunner.access$000(ParentRunner.java:53)
	at org.junit.runners.ParentRunner$2.evaluate(ParentRunner.java:229)
	at org.junit.runners.ParentRunner.run(ParentRunner.java:309)
	at org.junit.runners.Suite.runChild(Suite.java:127)
	at org.junit.runners.Suite.runChild(Suite.java:26)
	at org.junit.runners.ParentRunner$3.run(ParentRunner.java:238)
	at org.junit.runners.ParentRunner$1.schedule(ParentRunner.java:63)
	at org.junit.runners.ParentRunner.runChildren(ParentRunner.java:236)
	at org.junit.runners.ParentRunner.access$000(ParentRunner.java:53)
	at org.junit.runners.ParentRunner$2.evaluate(ParentRunner.java:229)
	at org.junit.internal.runners.statements.RunBefores.evaluate(RunBefores.java:26)
	at org.junit.runners.ParentRunner.run(ParentRunner.java:309)
	at com.google.testing.junit.runner.internal.junit4.CancellableRequestFactory$CancellableRunner.run(CancellableRequestFactory.java:89)
	at org.junit.runner.JUnitCore.run(JUnitCore.java:160)
	at org.junit.runner.JUnitCore.run(JUnitCore.java:138)
	at com.google.testing.junit.runner.junit4.JUnit4Runner.run(JUnit4Runner.java:112)
	at com.google.testing.junit.runner.BazelTestRunner.runTestsInSuite(BazelTestRunner.java:144)
	at com.google.testing.junit.runner.BazelTestRunner.main(BazelTestRunner.java:82)
14) testEciesCorruptDefault(com.google.security.wycheproof.EciesTest)
java.security.InvalidKeyException: Illegal key size or default parameters
	at javax.crypto.Cipher.checkCryptoPerm(Cipher.java:1026)
	at javax.crypto.Cipher.implInit(Cipher.java:801)
	at javax.crypto.Cipher.chooseProvider(Cipher.java:864)
	at javax.crypto.Cipher.init(Cipher.java:1249)
	at javax.crypto.Cipher.init(Cipher.java:1186)
	at com.google.security.wycheproof.EciesTest.testExceptions(EciesTest.java:183)
	at com.google.security.wycheproof.EciesTest.testEciesCorruptDefault(EciesTest.java:209)
	at sun.reflect.NativeMethodAccessorImpl.invoke0(Native Method)
	at sun.reflect.NativeMethodAccessorImpl.invoke(NativeMethodAccessorImpl.java:62)
	at sun.reflect.DelegatingMethodAccessorImpl.invoke(DelegatingMethodAccessorImpl.java:43)
	at java.lang.reflect.Method.invoke(Method.java:498)
	at org.junit.runners.model.FrameworkMethod$1.runReflectiveCall(FrameworkMethod.java:47)
	at org.junit.internal.runners.model.ReflectiveCallable.run(ReflectiveCallable.java:12)
	at org.junit.runners.model.FrameworkMethod.invokeExplosively(FrameworkMethod.java:44)
	at org.junit.internal.runners.statements.InvokeMethod.evaluate(InvokeMethod.java:17)
	at org.junit.runners.ParentRunner.runLeaf(ParentRunner.java:271)
	at org.junit.runners.BlockJUnit4ClassRunner.runChild(BlockJUnit4ClassRunner.java:70)
	at org.junit.runners.BlockJUnit4ClassRunner.runChild(BlockJUnit4ClassRunner.java:50)
	at org.junit.runners.ParentRunner$3.run(ParentRunner.java:238)
	at org.junit.runners.ParentRunner$1.schedule(ParentRunner.java:63)
	at org.junit.runners.ParentRunner.runChildren(ParentRunner.java:236)
	at org.junit.runners.ParentRunner.access$000(ParentRunner.java:53)
	at org.junit.runners.ParentRunner$2.evaluate(ParentRunner.java:229)
	at org.junit.runners.ParentRunner.run(ParentRunner.java:309)
	at org.junit.runners.Suite.runChild(Suite.java:127)
	at org.junit.runners.Suite.runChild(Suite.java:26)
	at org.junit.runners.ParentRunner$3.run(ParentRunner.java:238)
	at org.junit.runners.ParentRunner$1.schedule(ParentRunner.java:63)
	at org.junit.runners.ParentRunner.runChildren(ParentRunner.java:236)
	at org.junit.runners.ParentRunner.access$000(ParentRunner.java:53)
	at org.junit.runners.ParentRunner$2.evaluate(ParentRunner.java:229)
	at org.junit.internal.runners.statements.RunBefores.evaluate(RunBefores.java:26)
	at org.junit.runners.ParentRunner.run(ParentRunner.java:309)
	at com.google.testing.junit.runner.internal.junit4.CancellableRequestFactory$CancellableRunner.run(CancellableRequestFactory.java:89)
	at org.junit.runner.JUnitCore.run(JUnitCore.java:160)
	at org.junit.runner.JUnitCore.run(JUnitCore.java:138)
	at com.google.testing.junit.runner.junit4.JUnit4Runner.run(JUnit4Runner.java:112)
	at com.google.testing.junit.runner.BazelTestRunner.runTestsInSuite(BazelTestRunner.java:144)
	at com.google.testing.junit.runner.BazelTestRunner.main(BazelTestRunner.java:82)
15) testEciesBasic(com.google.security.wycheproof.EciesTest)
java.security.InvalidKeyException: Illegal key size or default parameters
	at javax.crypto.Cipher.checkCryptoPerm(Cipher.java:1026)
	at javax.crypto.Cipher.implInit(Cipher.java:801)
	at javax.crypto.Cipher.chooseProvider(Cipher.java:864)
	at javax.crypto.Cipher.init(Cipher.java:1249)
	at javax.crypto.Cipher.init(Cipher.java:1186)
	at com.google.security.wycheproof.EciesTest.testEciesBasic(EciesTest.java:89)
	at sun.reflect.NativeMethodAccessorImpl.invoke0(Native Method)
	at sun.reflect.NativeMethodAccessorImpl.invoke(NativeMethodAccessorImpl.java:62)
	at sun.reflect.DelegatingMethodAccessorImpl.invoke(DelegatingMethodAccessorImpl.java:43)
	at java.lang.reflect.Method.invoke(Method.java:498)
	at org.junit.runners.model.FrameworkMethod$1.runReflectiveCall(FrameworkMethod.java:47)
	at org.junit.internal.runners.model.ReflectiveCallable.run(ReflectiveCallable.java:12)
	at org.junit.runners.model.FrameworkMethod.invokeExplosively(FrameworkMethod.java:44)
	at org.junit.internal.runners.statements.InvokeMethod.evaluate(InvokeMethod.java:17)
	at org.junit.runners.ParentRunner.runLeaf(ParentRunner.java:271)
	at org.junit.runners.BlockJUnit4ClassRunner.runChild(BlockJUnit4ClassRunner.java:70)
	at org.junit.runners.BlockJUnit4ClassRunner.runChild(BlockJUnit4ClassRunner.java:50)
	at org.junit.runners.ParentRunner$3.run(ParentRunner.java:238)
	at org.junit.runners.ParentRunner$1.schedule(ParentRunner.java:63)
	at org.junit.runners.ParentRunner.runChildren(ParentRunner.java:236)
	at org.junit.runners.ParentRunner.access$000(ParentRunner.java:53)
	at org.junit.runners.ParentRunner$2.evaluate(ParentRunner.java:229)
	at org.junit.runners.ParentRunner.run(ParentRunner.java:309)
	at org.junit.runners.Suite.runChild(Suite.java:127)
	at org.junit.runners.Suite.runChild(Suite.java:26)
	at org.junit.runners.ParentRunner$3.run(ParentRunner.java:238)
	at org.junit.runners.ParentRunner$1.schedule(ParentRunner.java:63)
	at org.junit.runners.ParentRunner.runChildren(ParentRunner.java:236)
	at org.junit.runners.ParentRunner.access$000(ParentRunner.java:53)
	at org.junit.runners.ParentRunner$2.evaluate(ParentRunner.java:229)
	at org.junit.internal.runners.statements.RunBefores.evaluate(RunBefores.java:26)
	at org.junit.runners.ParentRunner.run(ParentRunner.java:309)
	at com.google.testing.junit.runner.internal.junit4.CancellableRequestFactory$CancellableRunner.run(CancellableRequestFactory.java:89)
	at org.junit.runner.JUnitCore.run(JUnitCore.java:160)
	at org.junit.runner.JUnitCore.run(JUnitCore.java:138)
	at com.google.testing.junit.runner.junit4.JUnit4Runner.run(JUnit4Runner.java:112)
	at com.google.testing.junit.runner.BazelTestRunner.runTestsInSuite(BazelTestRunner.java:144)
	at com.google.testing.junit.runner.BazelTestRunner.main(BazelTestRunner.java:82)
16) testByteBuffer(com.google.security.wycheproof.EciesTest)
java.security.InvalidKeyException: Illegal key size or default parameters
	at javax.crypto.Cipher.checkCryptoPerm(Cipher.java:1026)
	at javax.crypto.Cipher.implInit(Cipher.java:801)
	at javax.crypto.Cipher.chooseProvider(Cipher.java:864)
	at javax.crypto.Cipher.init(Cipher.java:1249)
	at javax.crypto.Cipher.init(Cipher.java:1186)
	at com.google.security.wycheproof.EciesTest.testByteBuffer(EciesTest.java:359)
	at sun.reflect.NativeMethodAccessorImpl.invoke0(Native Method)
	at sun.reflect.NativeMethodAccessorImpl.invoke(NativeMethodAccessorImpl.java:62)
	at sun.reflect.DelegatingMethodAccessorImpl.invoke(DelegatingMethodAccessorImpl.java:43)
	at java.lang.reflect.Method.invoke(Method.java:498)
	at org.junit.runners.model.FrameworkMethod$1.runReflectiveCall(FrameworkMethod.java:47)
	at org.junit.internal.runners.model.ReflectiveCallable.run(ReflectiveCallable.java:12)
	at org.junit.runners.model.FrameworkMethod.invokeExplosively(FrameworkMethod.java:44)
	at org.junit.internal.runners.statements.InvokeMethod.evaluate(InvokeMethod.java:17)
	at org.junit.runners.ParentRunner.runLeaf(ParentRunner.java:271)
	at org.junit.runners.BlockJUnit4ClassRunner.runChild(BlockJUnit4ClassRunner.java:70)
	at org.junit.runners.BlockJUnit4ClassRunner.runChild(BlockJUnit4ClassRunner.java:50)
	at org.junit.runners.ParentRunner$3.run(ParentRunner.java:238)
	at org.junit.runners.ParentRunner$1.schedule(ParentRunner.java:63)
	at org.junit.runners.ParentRunner.runChildren(ParentRunner.java:236)
	at org.junit.runners.ParentRunner.access$000(ParentRunner.java:53)
	at org.junit.runners.ParentRunner$2.evaluate(ParentRunner.java:229)
	at org.junit.runners.ParentRunner.run(ParentRunner.java:309)
	at org.junit.runners.Suite.runChild(Suite.java:127)
	at org.junit.runners.Suite.runChild(Suite.java:26)
	at org.junit.runners.ParentRunner$3.run(ParentRunner.java:238)
	at org.junit.runners.ParentRunner$1.schedule(ParentRunner.java:63)
	at org.junit.runners.ParentRunner.runChildren(ParentRunner.java:236)
	at org.junit.runners.ParentRunner.access$000(ParentRunner.java:53)
	at org.junit.runners.ParentRunner$2.evaluate(ParentRunner.java:229)
	at org.junit.internal.runners.statements.RunBefores.evaluate(RunBefores.java:26)
	at org.junit.runners.ParentRunner.run(ParentRunner.java:309)
	at com.google.testing.junit.runner.internal.junit4.CancellableRequestFactory$CancellableRunner.run(CancellableRequestFactory.java:89)
	at org.junit.runner.JUnitCore.run(JUnitCore.java:160)
	at org.junit.runner.JUnitCore.run(JUnitCore.java:138)
	at com.google.testing.junit.runner.junit4.JUnit4Runner.run(JUnit4Runner.java:112)
	at com.google.testing.junit.runner.BazelTestRunner.runTestsInSuite(BazelTestRunner.java:144)
	at com.google.testing.junit.runner.BazelTestRunner.main(BazelTestRunner.java:82)
17) testDefaultEcies(com.google.security.wycheproof.EciesTest)
java.security.InvalidKeyException: Illegal key size or default parameters
	at javax.crypto.Cipher.checkCryptoPerm(Cipher.java:1026)
	at javax.crypto.Cipher.implInit(Cipher.java:801)
	at javax.crypto.Cipher.chooseProvider(Cipher.java:864)
	at javax.crypto.Cipher.init(Cipher.java:1249)
	at javax.crypto.Cipher.init(Cipher.java:1186)
	at com.google.security.wycheproof.EciesTest.testNotEcb(EciesTest.java:273)
	at com.google.security.wycheproof.EciesTest.testDefaultEcies(EciesTest.java:282)
	at sun.reflect.NativeMethodAccessorImpl.invoke0(Native Method)
	at sun.reflect.NativeMethodAccessorImpl.invoke(NativeMethodAccessorImpl.java:62)
	at sun.reflect.DelegatingMethodAccessorImpl.invoke(DelegatingMethodAccessorImpl.java:43)
	at java.lang.reflect.Method.invoke(Method.java:498)
	at org.junit.runners.model.FrameworkMethod$1.runReflectiveCall(FrameworkMethod.java:47)
	at org.junit.internal.runners.model.ReflectiveCallable.run(ReflectiveCallable.java:12)
	at org.junit.runners.model.FrameworkMethod.invokeExplosively(FrameworkMethod.java:44)
	at org.junit.internal.runners.statements.InvokeMethod.evaluate(InvokeMethod.java:17)
	at org.junit.runners.ParentRunner.runLeaf(ParentRunner.java:271)
	at org.junit.runners.BlockJUnit4ClassRunner.runChild(BlockJUnit4ClassRunner.java:70)
	at org.junit.runners.BlockJUnit4ClassRunner.runChild(BlockJUnit4ClassRunner.java:50)
	at org.junit.runners.ParentRunner$3.run(ParentRunner.java:238)
	at org.junit.runners.ParentRunner$1.schedule(ParentRunner.java:63)
	at org.junit.runners.ParentRunner.runChildren(ParentRunner.java:236)
	at org.junit.runners.ParentRunner.access$000(ParentRunner.java:53)
	at org.junit.runners.ParentRunner$2.evaluate(ParentRunner.java:229)
	at org.junit.runners.ParentRunner.run(ParentRunner.java:309)
	at org.junit.runners.Suite.runChild(Suite.java:127)
	at org.junit.runners.Suite.runChild(Suite.java:26)
	at org.junit.runners.ParentRunner$3.run(ParentRunner.java:238)
	at org.junit.runners.ParentRunner$1.schedule(ParentRunner.java:63)
	at org.junit.runners.ParentRunner.runChildren(ParentRunner.java:236)
	at org.junit.runners.ParentRunner.access$000(ParentRunner.java:53)
	at org.junit.runners.ParentRunner$2.evaluate(ParentRunner.java:229)
	at org.junit.internal.runners.statements.RunBefores.evaluate(RunBefores.java:26)
	at org.junit.runners.ParentRunner.run(ParentRunner.java:309)
	at com.google.testing.junit.runner.internal.junit4.CancellableRequestFactory$CancellableRunner.run(CancellableRequestFactory.java:89)
	at org.junit.runner.JUnitCore.run(JUnitCore.java:160)
	at org.junit.runner.JUnitCore.run(JUnitCore.java:138)
	at com.google.testing.junit.runner.junit4.JUnit4Runner.run(JUnit4Runner.java:112)
	at com.google.testing.junit.runner.BazelTestRunner.runTestsInSuite(BazelTestRunner.java:144)
	at com.google.testing.junit.runner.BazelTestRunner.main(BazelTestRunner.java:82)
18) testEciesCorruptAesCbc(com.google.security.wycheproof.EciesTest)
java.security.InvalidKeyException: Illegal key size or default parameters
	at javax.crypto.Cipher.checkCryptoPerm(Cipher.java:1026)
	at javax.crypto.Cipher.implInit(Cipher.java:801)
	at javax.crypto.Cipher.chooseProvider(Cipher.java:864)
	at javax.crypto.Cipher.init(Cipher.java:1249)
	at javax.crypto.Cipher.init(Cipher.java:1186)
	at com.google.security.wycheproof.EciesTest.testExceptions(EciesTest.java:183)
	at com.google.security.wycheproof.EciesTest.testEciesCorruptAesCbc(EciesTest.java:213)
	at sun.reflect.NativeMethodAccessorImpl.invoke0(Native Method)
	at sun.reflect.NativeMethodAccessorImpl.invoke(NativeMethodAccessorImpl.java:62)
	at sun.reflect.DelegatingMethodAccessorImpl.invoke(DelegatingMethodAccessorImpl.java:43)
	at java.lang.reflect.Method.invoke(Method.java:498)
	at org.junit.runners.model.FrameworkMethod$1.runReflectiveCall(FrameworkMethod.java:47)
	at org.junit.internal.runners.model.ReflectiveCallable.run(ReflectiveCallable.java:12)
	at org.junit.runners.model.FrameworkMethod.invokeExplosively(FrameworkMethod.java:44)
	at org.junit.internal.runners.statements.InvokeMethod.evaluate(InvokeMethod.java:17)
	at org.junit.runners.ParentRunner.runLeaf(ParentRunner.java:271)
	at org.junit.runners.BlockJUnit4ClassRunner.runChild(BlockJUnit4ClassRunner.java:70)
	at org.junit.runners.BlockJUnit4ClassRunner.runChild(BlockJUnit4ClassRunner.java:50)
	at org.junit.runners.ParentRunner$3.run(ParentRunner.java:238)
	at org.junit.runners.ParentRunner$1.schedule(ParentRunner.java:63)
	at org.junit.runners.ParentRunner.runChildren(ParentRunner.java:236)
	at org.junit.runners.ParentRunner.access$000(ParentRunner.java:53)
	at org.junit.runners.ParentRunner$2.evaluate(ParentRunner.java:229)
	at org.junit.runners.ParentRunner.run(ParentRunner.java:309)
	at org.junit.runners.Suite.runChild(Suite.java:127)
	at org.junit.runners.Suite.runChild(Suite.java:26)
	at org.junit.runners.ParentRunner$3.run(ParentRunner.java:238)
	at org.junit.runners.ParentRunner$1.schedule(ParentRunner.java:63)
	at org.junit.runners.ParentRunner.runChildren(ParentRunner.java:236)
	at org.junit.runners.ParentRunner.access$000(ParentRunner.java:53)
	at org.junit.runners.ParentRunner$2.evaluate(ParentRunner.java:229)
	at org.junit.internal.runners.statements.RunBefores.evaluate(RunBefores.java:26)
	at org.junit.runners.ParentRunner.run(ParentRunner.java:309)
	at com.google.testing.junit.runner.internal.junit4.CancellableRequestFactory$CancellableRunner.run(CancellableRequestFactory.java:89)
	at org.junit.runner.JUnitCore.run(JUnitCore.java:160)
	at org.junit.runner.JUnitCore.run(JUnitCore.java:138)
	at com.google.testing.junit.runner.junit4.JUnit4Runner.run(JUnit4Runner.java:112)
	at com.google.testing.junit.runner.BazelTestRunner.runTestsInSuite(BazelTestRunner.java:144)
	at com.google.testing.junit.runner.BazelTestRunner.main(BazelTestRunner.java:82)
19) testByteBufferAlias(com.google.security.wycheproof.EciesTest)
java.security.InvalidKeyException: Illegal key size or default parameters
	at javax.crypto.Cipher.checkCryptoPerm(Cipher.java:1026)
	at javax.crypto.Cipher.implInit(Cipher.java:801)
	at javax.crypto.Cipher.chooseProvider(Cipher.java:864)
	at javax.crypto.Cipher.init(Cipher.java:1249)
	at javax.crypto.Cipher.init(Cipher.java:1186)
	at com.google.security.wycheproof.EciesTest.testByteBufferAlias(EciesTest.java:394)
	at sun.reflect.NativeMethodAccessorImpl.invoke0(Native Method)
	at sun.reflect.NativeMethodAccessorImpl.invoke(NativeMethodAccessorImpl.java:62)
	at sun.reflect.DelegatingMethodAccessorImpl.invoke(DelegatingMethodAccessorImpl.java:43)
	at java.lang.reflect.Method.invoke(Method.java:498)
	at org.junit.runners.model.FrameworkMethod$1.runReflectiveCall(FrameworkMethod.java:47)
	at org.junit.internal.runners.model.ReflectiveCallable.run(ReflectiveCallable.java:12)
	at org.junit.runners.model.FrameworkMethod.invokeExplosively(FrameworkMethod.java:44)
	at org.junit.internal.runners.statements.InvokeMethod.evaluate(InvokeMethod.java:17)
	at org.junit.runners.ParentRunner.runLeaf(ParentRunner.java:271)
	at org.junit.runners.BlockJUnit4ClassRunner.runChild(BlockJUnit4ClassRunner.java:70)
	at org.junit.runners.BlockJUnit4ClassRunner.runChild(BlockJUnit4ClassRunner.java:50)
	at org.junit.runners.ParentRunner$3.run(ParentRunner.java:238)
	at org.junit.runners.ParentRunner$1.schedule(ParentRunner.java:63)
	at org.junit.runners.ParentRunner.runChildren(ParentRunner.java:236)
	at org.junit.runners.ParentRunner.access$000(ParentRunner.java:53)
	at org.junit.runners.ParentRunner$2.evaluate(ParentRunner.java:229)
	at org.junit.runners.ParentRunner.run(ParentRunner.java:309)
	at org.junit.runners.Suite.runChild(Suite.java:127)
	at org.junit.runners.Suite.runChild(Suite.java:26)
	at org.junit.runners.ParentRunner$3.run(ParentRunner.java:238)
	at org.junit.runners.ParentRunner$1.schedule(ParentRunner.java:63)
	at org.junit.runners.ParentRunner.runChildren(ParentRunner.java:236)
	at org.junit.runners.ParentRunner.access$000(ParentRunner.java:53)
	at org.junit.runners.ParentRunner$2.evaluate(ParentRunner.java:229)
	at org.junit.internal.runners.statements.RunBefores.evaluate(RunBefores.java:26)
	at org.junit.runners.ParentRunner.run(ParentRunner.java:309)
	at com.google.testing.junit.runner.internal.junit4.CancellableRequestFactory$CancellableRunner.run(CancellableRequestFactory.java:89)
	at org.junit.runner.JUnitCore.run(JUnitCore.java:160)
	at org.junit.runner.JUnitCore.run(JUnitCore.java:138)
	at com.google.testing.junit.runner.junit4.JUnit4Runner.run(JUnit4Runner.java:112)
	at com.google.testing.junit.runner.BazelTestRunner.runTestsInSuite(BazelTestRunner.java:144)
	at com.google.testing.junit.runner.BazelTestRunner.main(BazelTestRunner.java:82)

FAILURES!!!
Tests run: 90,  Failures: 19


BazelTestRunner exiting with a return value of 1
JVM shutdown hooks (if any) will run now.
The JVM will exit once they complete.

-- JVM shutdown starting at 2018-04-06 21:46:31 --

