exec ${PAGER:-/usr/bin/less} "$0" || exit 1
-----------------------------------------------------------------------------
JUnit4 Test Runner
.E.E.E.E.....E.........E..
Provider:SC
AlgorithmParameterGenerator.1.2.840.113549.3.2
AlgorithmParameterGenerator.1.3.6.1.4.1.188.7.1.1.2
AlgorithmParameterGenerator.AES
AlgorithmParameterGenerator.CAMELLIA
AlgorithmParameterGenerator.CAST5
AlgorithmParameterGenerator.CCM
AlgorithmParameterGenerator.DES
AlgorithmParameterGenerator.DESEDE
AlgorithmParameterGenerator.DH
AlgorithmParameterGenerator.DSA
AlgorithmParameterGenerator.ELGAMAL
AlgorithmParameterGenerator.ElGamal
AlgorithmParameterGenerator.GCM
AlgorithmParameterGenerator.GOST3410
AlgorithmParameterGenerator.IDEA
AlgorithmParameterGenerator.NOEKEON
AlgorithmParameterGenerator.RC2
AlgorithmParameterGenerator.SEED
AlgorithmParameterGenerator.SHACAL-2
AlgorithmParameterGenerator.SM4
AlgorithmParameterGenerator.Shacal2
AlgorithmParameters.1.2.840.113549.3.2
AlgorithmParameters.1.3.6.1.4.1.188.7.1.1.2
AlgorithmParameters.AES
AlgorithmParameters.BLOWFISH
AlgorithmParameters.CAMELLIA
AlgorithmParameters.CAST5
AlgorithmParameters.CCM
AlgorithmParameters.DES
AlgorithmParameters.DESEDE
AlgorithmParameters.DH
AlgorithmParameters.DSA
AlgorithmParameters.EC
AlgorithmParameters.ECIES
AlgorithmParameters.ELGAMAL
AlgorithmParameters.ElGamal
AlgorithmParameters.GCM
AlgorithmParameters.GOST3410
AlgorithmParameters.IDEA
AlgorithmParameters.IES
AlgorithmParameters.NOEKEON
AlgorithmParameters.OAEP
AlgorithmParameters.PBKDF2
AlgorithmParameters.PKCS12PBE
AlgorithmParameters.PSS
AlgorithmParameters.RC2
AlgorithmParameters.RC5
AlgorithmParameters.RC5-64
AlgorithmParameters.RC6
AlgorithmParameters.RIJNDAEL
AlgorithmParameters.SEED
AlgorithmParameters.SHACAL-2
AlgorithmParameters.SKIPJACK
AlgorithmParameters.SM4
AlgorithmParameters.Serpent
AlgorithmParameters.Shacal2
AlgorithmParameters.TEA
AlgorithmParameters.Threefish-1024
AlgorithmParameters.Threefish-256
AlgorithmParameters.Threefish-512
AlgorithmParameters.Tnepres
AlgorithmParameters.Twofish
AlgorithmParameters.XTEA
CertPathBuilder.PKIX
CertPathBuilder.RFC3280
CertPathBuilder.RFC3281
CertPathValidator.PKIX
CertPathValidator.RFC3280
CertPathValidator.RFC3281
CertStore.Collection
CertStore.LDAP
CertStore.Multi
CertificateFactory.X.509
Cipher.1.2.392.200011.61.1.1.1.2
Cipher.1.2.392.200011.61.1.1.1.3
Cipher.1.2.392.200011.61.1.1.1.4
Cipher.1.2.410.200004.1.4
Cipher.1.2.643.2.2.21
Cipher.1.2.840.113533.7.66.10
Cipher.1.2.840.113549.1.1.1
Cipher.1.2.840.113549.1.1.7
Cipher.1.2.840.113549.1.9.16.3.6
Cipher.1.2.840.113549.3.2
Cipher.1.2.840.113549.3.7
Cipher.1.3.14.3.2.7
Cipher.1.3.6.1.4.1.11591.13.2.1
Cipher.1.3.6.1.4.1.11591.13.2.2
Cipher.1.3.6.1.4.1.11591.13.2.21
Cipher.1.3.6.1.4.1.11591.13.2.22
Cipher.1.3.6.1.4.1.11591.13.2.23
Cipher.1.3.6.1.4.1.11591.13.2.24
Cipher.1.3.6.1.4.1.11591.13.2.3
Cipher.1.3.6.1.4.1.11591.13.2.4
Cipher.1.3.6.1.4.1.11591.13.2.41
Cipher.1.3.6.1.4.1.11591.13.2.42
Cipher.1.3.6.1.4.1.11591.13.2.43
Cipher.1.3.6.1.4.1.11591.13.2.44
Cipher.1.3.6.1.4.1.188.7.1.1.2
Cipher.1.3.6.1.4.1.3029.1.1.2
Cipher.2.16.840.1.101.3.4.1.1
Cipher.2.16.840.1.101.3.4.1.2
Cipher.2.16.840.1.101.3.4.1.21
Cipher.2.16.840.1.101.3.4.1.22
Cipher.2.16.840.1.101.3.4.1.23
Cipher.2.16.840.1.101.3.4.1.24
Cipher.2.16.840.1.101.3.4.1.3
Cipher.2.16.840.1.101.3.4.1.4
Cipher.2.16.840.1.101.3.4.1.41
Cipher.2.16.840.1.101.3.4.1.42
Cipher.2.16.840.1.101.3.4.1.43
Cipher.2.16.840.1.101.3.4.1.44
Cipher.2.5.8.1.1
Cipher.AES
Cipher.AESRFC3211WRAP
Cipher.AESRFC5649WRAP
Cipher.AESWRAP
Cipher.ARC4
Cipher.BLOWFISH
Cipher.BROKENPBEWITHMD5ANDDES
Cipher.BROKENPBEWITHSHA1ANDDES
Cipher.BROKENPBEWITHSHAAND2-KEYTRIPLEDES-CBC
Cipher.BROKENPBEWITHSHAAND3-KEYTRIPLEDES-CBC
Cipher.CAMELLIA
Cipher.CAMELLIARFC3211WRAP
Cipher.CAMELLIAWRAP
Cipher.CAST5
Cipher.CAST6
Cipher.CCM
Cipher.CHACHA
Cipher.DES
Cipher.DESEDE
Cipher.DESEDERFC3211WRAP
Cipher.DESEDEWRAP
Cipher.DESRFC3211WRAP
Cipher.DHIES
Cipher.DHIESWITHAES
Cipher.DHIESWITHDESEDE
Cipher.DHIESwithAES
Cipher.ECIES
Cipher.ECIESWITHAES
Cipher.ECIESWITHAES-CBC
Cipher.ECIESWITHDESEDE
Cipher.ECIESWITHDESEDE-CBC
Cipher.ECIESwithAES
Cipher.ECIESwithAES-CBC
Cipher.ECIESwithDESEDE
Cipher.ECIESwithDESEDE-CBC
Cipher.ELGAMAL
Cipher.ELGAMAL/PKCS1
Cipher.ElGamal
Cipher.GCM
Cipher.GOST28147
Cipher.Grain128
Cipher.Grainv1
Cipher.HC128
Cipher.HC256
Cipher.IDEA
Cipher.IES
Cipher.IESWITHAES
Cipher.IESWITHDESEDE
Cipher.IESwithAES
Cipher.NOEKEON
Cipher.OID.1.2.392.200011.61.1.1.1.2
Cipher.OID.1.2.392.200011.61.1.1.1.3
Cipher.OID.1.2.392.200011.61.1.1.1.4
Cipher.OID.1.2.410.200004.1.4
Cipher.OID.1.2.840.113533.7.66.10
Cipher.OID.1.2.840.113549.1.1.1
Cipher.OID.1.2.840.113549.1.1.7
Cipher.OID.1.2.840.113549.1.9.16.3.6
Cipher.OID.1.2.840.113549.3.2
Cipher.OID.1.2.840.113549.3.7
Cipher.OID.1.3.14.3.2.7
Cipher.OID.1.3.6.1.4.1.11591.13.2.1
Cipher.OID.1.3.6.1.4.1.11591.13.2.2
Cipher.OID.1.3.6.1.4.1.11591.13.2.21
Cipher.OID.1.3.6.1.4.1.11591.13.2.22
Cipher.OID.1.3.6.1.4.1.11591.13.2.23
Cipher.OID.1.3.6.1.4.1.11591.13.2.24
Cipher.OID.1.3.6.1.4.1.11591.13.2.3
Cipher.OID.1.3.6.1.4.1.11591.13.2.4
Cipher.OID.1.3.6.1.4.1.11591.13.2.41
Cipher.OID.1.3.6.1.4.1.11591.13.2.42
Cipher.OID.1.3.6.1.4.1.11591.13.2.43
Cipher.OID.1.3.6.1.4.1.11591.13.2.44
Cipher.OID.1.3.6.1.4.1.188.7.1.1.2
Cipher.OID.1.3.6.1.4.1.3029.1.1.2
Cipher.OID.2.16.840.1.101.3.4.1.1
Cipher.OID.2.16.840.1.101.3.4.1.2
Cipher.OID.2.16.840.1.101.3.4.1.21
Cipher.OID.2.16.840.1.101.3.4.1.22
Cipher.OID.2.16.840.1.101.3.4.1.23
Cipher.OID.2.16.840.1.101.3.4.1.24
Cipher.OID.2.16.840.1.101.3.4.1.3
Cipher.OID.2.16.840.1.101.3.4.1.4
Cipher.OID.2.16.840.1.101.3.4.1.41
Cipher.OID.2.16.840.1.101.3.4.1.42
Cipher.OID.2.16.840.1.101.3.4.1.43
Cipher.OID.2.16.840.1.101.3.4.1.44
Cipher.OID.2.5.8.1.1
Cipher.OLDDHIES
Cipher.OLDDHIESWITHAES
Cipher.OLDDHIESWITHDESEDE
Cipher.OLDDHIESwithAES
Cipher.OLDPBEWITHSHAAND3-KEYTRIPLEDES-CBC
Cipher.OLDPBEWITHSHAANDTWOFISH-CBC
Cipher.OldECIES
Cipher.OldECIESWITHAES
Cipher.OldECIESWITHAES-CBC
Cipher.OldECIESWITHDESEDE
Cipher.OldECIESWITHDESEDE-CBC
Cipher.OldECIESwithAES
Cipher.OldECIESwithAES-CBC
Cipher.OldECIESwithDESEDE
Cipher.OldECIESwithDESEDE-CBC
Cipher.PBEWITHMD2ANDDES
Cipher.PBEWITHMD5AND128BITAES-CBC-OPENSSL
Cipher.PBEWITHMD5AND192BITAES-CBC-OPENSSL
Cipher.PBEWITHMD5AND256BITAES-CBC-OPENSSL
Cipher.PBEWITHMD5ANDDES
Cipher.PBEWITHMD5ANDRC2
Cipher.PBEWITHSHA1ANDDES
Cipher.PBEWITHSHA1ANDRC2
Cipher.PBEWITHSHA256AND128BITAES-CBC-BC
Cipher.PBEWITHSHA256AND192BITAES-CBC-BC
Cipher.PBEWITHSHA256AND256BITAES-CBC-BC
Cipher.PBEWITHSHAAND128BITAES-CBC-BC
Cipher.PBEWITHSHAAND128BITRC2-CBC
Cipher.PBEWITHSHAAND128BITRC4
Cipher.PBEWITHSHAAND192BITAES-CBC-BC
Cipher.PBEWITHSHAAND2-KEYTRIPLEDES-CBC
Cipher.PBEWITHSHAAND256BITAES-CBC-BC
Cipher.PBEWITHSHAAND3-KEYTRIPLEDES-CBC
Cipher.PBEWITHSHAAND40BITRC2-CBC
Cipher.PBEWITHSHAAND40BITRC4
Cipher.PBEWITHSHAANDIDEA-CBC
Cipher.PBEWITHSHAANDTWOFISH-CBC
Cipher.RC2
Cipher.RC2WRAP
Cipher.RC5
Cipher.RC5-64
Cipher.RC6
Cipher.RIJNDAEL
Cipher.RSA
Cipher.RSA/1
Cipher.RSA/2
Cipher.RSA/ISO9796-1
Cipher.RSA/OAEP
Cipher.RSA/PKCS1
Cipher.RSA/RAW
Cipher.SALSA20
Cipher.SEED
Cipher.SEEDWRAP
Cipher.SHACAL-2
Cipher.SKIPJACK
Cipher.SM4
Cipher.Serpent
Cipher.Shacal2
Cipher.TEA
Cipher.Threefish-1024
Cipher.Threefish-256
Cipher.Threefish-512
Cipher.Tnepres
Cipher.Twofish
Cipher.VMPC
Cipher.VMPC-KSA3
Cipher.XSALSA20
Cipher.XTEA
KeyAgreement.1.2.840.113549.1.9.16.3.10
KeyAgreement.1.2.840.113549.1.9.16.3.5
KeyAgreement.1.3.132.1.11.0
KeyAgreement.1.3.132.1.11.1
KeyAgreement.1.3.132.1.11.2
KeyAgreement.1.3.132.1.11.3
KeyAgreement.1.3.132.1.14.0
KeyAgreement.1.3.132.1.14.1
KeyAgreement.1.3.132.1.14.2
KeyAgreement.1.3.132.1.14.3
KeyAgreement.1.3.132.1.15.0
KeyAgreement.1.3.132.1.15.1
KeyAgreement.1.3.132.1.15.2
KeyAgreement.1.3.132.1.15.3
KeyAgreement.1.3.133.16.840.63.0.16
KeyAgreement.1.3.133.16.840.63.0.2
KeyAgreement.1.3.133.16.840.63.0.3
KeyAgreement.DH
KeyAgreement.ECCDH
KeyAgreement.ECCDHWITHSHA1CKDF
KeyAgreement.ECCDHWITHSHA256CKDF
KeyAgreement.ECCDHWITHSHA384CKDF
KeyAgreement.ECCDHWITHSHA512CKDF
KeyAgreement.ECDH
KeyAgreement.ECDHC
KeyAgreement.ECDHWITHSHA1KDF
KeyAgreement.ECMQV
KeyAgreement.ECMQVWITHSHA1CKDF
KeyAgreement.ECMQVWITHSHA224CKDF
KeyAgreement.ECMQVWITHSHA256CKDF
KeyAgreement.ECMQVWITHSHA384CKDF
KeyAgreement.ECMQVWITHSHA512CKDF
KeyAgreement.OID.1.2.840.113549.1.9.16.3.10
KeyAgreement.OID.1.2.840.113549.1.9.16.3.5
KeyFactory.DH
KeyFactory.DSA
KeyFactory.DSTU4145
KeyFactory.EC
KeyFactory.ECDH
KeyFactory.ECDHC
KeyFactory.ECDSA
KeyFactory.ECGOST3410
KeyFactory.ECMQV
KeyFactory.ELGAMAL
KeyFactory.ElGamal
KeyFactory.GOST3410
KeyFactory.RSA
KeyFactory.X.509
KeyGenerator.1.2.392.200011.61.1.1.1.2
KeyGenerator.1.2.392.200011.61.1.1.1.3
KeyGenerator.1.2.392.200011.61.1.1.1.4
KeyGenerator.1.2.392.200011.61.1.1.3.2
KeyGenerator.1.2.392.200011.61.1.1.3.3
KeyGenerator.1.2.392.200011.61.1.1.3.4
KeyGenerator.1.2.410.200004.1.4
KeyGenerator.1.2.410.200004.7.1.1.1
KeyGenerator.1.2.840.113549.3.2
KeyGenerator.1.2.840.113549.3.7
KeyGenerator.1.3.6.1.4.1.188.7.1.1.2
KeyGenerator.2.16.840.1.101.3.4.1.1
KeyGenerator.2.16.840.1.101.3.4.1.2
KeyGenerator.2.16.840.1.101.3.4.1.21
KeyGenerator.2.16.840.1.101.3.4.1.22
KeyGenerator.2.16.840.1.101.3.4.1.23
KeyGenerator.2.16.840.1.101.3.4.1.24
KeyGenerator.2.16.840.1.101.3.4.1.25
KeyGenerator.2.16.840.1.101.3.4.1.26
KeyGenerator.2.16.840.1.101.3.4.1.27
KeyGenerator.2.16.840.1.101.3.4.1.3
KeyGenerator.2.16.840.1.101.3.4.1.4
KeyGenerator.2.16.840.1.101.3.4.1.41
KeyGenerator.2.16.840.1.101.3.4.1.42
KeyGenerator.2.16.840.1.101.3.4.1.43
KeyGenerator.2.16.840.1.101.3.4.1.44
KeyGenerator.2.16.840.1.101.3.4.1.45
KeyGenerator.2.16.840.1.101.3.4.1.46
KeyGenerator.2.16.840.1.101.3.4.1.47
KeyGenerator.2.16.840.1.101.3.4.1.5
KeyGenerator.2.16.840.1.101.3.4.1.6
KeyGenerator.2.16.840.1.101.3.4.1.7
KeyGenerator.2.16.840.1.101.3.4.2
KeyGenerator.2.16.840.1.101.3.4.22
KeyGenerator.2.16.840.1.101.3.4.42
KeyGenerator.AES
KeyGenerator.AES-GMAC
KeyGenerator.AESWRAP
KeyGenerator.ARC4
KeyGenerator.BLOWFISH
KeyGenerator.CAMELLIA
KeyGenerator.CAMELLIA-GMAC
KeyGenerator.CAST5
KeyGenerator.CAST6
KeyGenerator.CAST6-GMAC
KeyGenerator.CHACHA
KeyGenerator.DES
KeyGenerator.DESEDE
KeyGenerator.DESEDEWRAP
KeyGenerator.GOST28147
KeyGenerator.Grain128
KeyGenerator.Grainv1
KeyGenerator.HC128
KeyGenerator.HC256
KeyGenerator.HMACGOST3411
KeyGenerator.HMACKECCAK224
KeyGenerator.HMACKECCAK256
KeyGenerator.HMACKECCAK288
KeyGenerator.HMACKECCAK384
KeyGenerator.HMACKECCAK512
KeyGenerator.HMACMD2
KeyGenerator.HMACMD4
KeyGenerator.HMACMD5
KeyGenerator.HMACRIPEMD128
KeyGenerator.HMACRIPEMD160
KeyGenerator.HMACRIPEMD256
KeyGenerator.HMACRIPEMD320
KeyGenerator.HMACSHA1
KeyGenerator.HMACSHA224
KeyGenerator.HMACSHA256
KeyGenerator.HMACSHA384
KeyGenerator.HMACSHA512
KeyGenerator.HMACSHA512/224
KeyGenerator.HMACSHA512/256
KeyGenerator.HMACSkein-1024-1024
KeyGenerator.HMACSkein-1024-384
KeyGenerator.HMACSkein-1024-512
KeyGenerator.HMACSkein-256-128
KeyGenerator.HMACSkein-256-160
KeyGenerator.HMACSkein-256-224
KeyGenerator.HMACSkein-256-256
KeyGenerator.HMACSkein-512-128
KeyGenerator.HMACSkein-512-160
KeyGenerator.HMACSkein-512-224
KeyGenerator.HMACSkein-512-256
KeyGenerator.HMACSkein-512-384
KeyGenerator.HMACSkein-512-512
KeyGenerator.HMACTIGER
KeyGenerator.HMACWHIRLPOOL
KeyGenerator.IDEA
KeyGenerator.NOEKEON
KeyGenerator.NOEKEON-GMAC
KeyGenerator.OID.1.2.392.200011.61.1.1.1.2
KeyGenerator.OID.1.2.392.200011.61.1.1.1.3
KeyGenerator.OID.1.2.392.200011.61.1.1.1.4
KeyGenerator.OID.1.2.392.200011.61.1.1.3.2
KeyGenerator.OID.1.2.392.200011.61.1.1.3.3
KeyGenerator.OID.1.2.392.200011.61.1.1.3.4
KeyGenerator.OID.1.2.410.200004.1.4
KeyGenerator.OID.1.2.410.200004.7.1.1.1
KeyGenerator.OID.1.3.6.1.4.1.188.7.1.1.2
KeyGenerator.OID.2.16.840.1.101.3.4.1.1
KeyGenerator.OID.2.16.840.1.101.3.4.1.2
KeyGenerator.OID.2.16.840.1.101.3.4.1.21
KeyGenerator.OID.2.16.840.1.101.3.4.1.22
KeyGenerator.OID.2.16.840.1.101.3.4.1.23
KeyGenerator.OID.2.16.840.1.101.3.4.1.24
KeyGenerator.OID.2.16.840.1.101.3.4.1.25
KeyGenerator.OID.2.16.840.1.101.3.4.1.26
KeyGenerator.OID.2.16.840.1.101.3.4.1.27
KeyGenerator.OID.2.16.840.1.101.3.4.1.3
KeyGenerator.OID.2.16.840.1.101.3.4.1.4
KeyGenerator.OID.2.16.840.1.101.3.4.1.41
KeyGenerator.OID.2.16.840.1.101.3.4.1.42
KeyGenerator.OID.2.16.840.1.101.3.4.1.43
KeyGenerator.OID.2.16.840.1.101.3.4.1.44
KeyGenerator.OID.2.16.840.1.101.3.4.1.45
KeyGenerator.OID.2.16.840.1.101.3.4.1.46
KeyGenerator.OID.2.16.840.1.101.3.4.1.47
KeyGenerator.OID.2.16.840.1.101.3.4.1.5
KeyGenerator.OID.2.16.840.1.101.3.4.1.6
KeyGenerator.OID.2.16.840.1.101.3.4.1.7
KeyGenerator.POLY1305-AES
KeyGenerator.POLY1305-CAMELLIA
KeyGenerator.POLY1305-CAST6
KeyGenerator.POLY1305-NOEKEON
KeyGenerator.POLY1305-RC6
KeyGenerator.POLY1305-SEED
KeyGenerator.POLY1305-SERPENT
KeyGenerator.POLY1305-SM4
KeyGenerator.POLY1305-Twofish
KeyGenerator.RC2
KeyGenerator.RC5
KeyGenerator.RC5-64
KeyGenerator.RC6
KeyGenerator.RC6-GMAC
KeyGenerator.RIJNDAEL
KeyGenerator.SALSA20
KeyGenerator.SEED
KeyGenerator.SEED-CMAC
KeyGenerator.SEED-GMAC
KeyGenerator.SERPENT-GMAC
KeyGenerator.SHACAL-2
KeyGenerator.SIPHASH
KeyGenerator.SKIPJACK
KeyGenerator.SM4
KeyGenerator.SM4-CMAC
KeyGenerator.SM4-GMAC
KeyGenerator.Serpent
KeyGenerator.Shacal2
KeyGenerator.Skein-MAC-1024-1024
KeyGenerator.Skein-MAC-1024-384
KeyGenerator.Skein-MAC-1024-512
KeyGenerator.Skein-MAC-256-128
KeyGenerator.Skein-MAC-256-160
KeyGenerator.Skein-MAC-256-224
KeyGenerator.Skein-MAC-256-256
KeyGenerator.Skein-MAC-512-128
KeyGenerator.Skein-MAC-512-160
KeyGenerator.Skein-MAC-512-224
KeyGenerator.Skein-MAC-512-256
KeyGenerator.Skein-MAC-512-384
KeyGenerator.Skein-MAC-512-512
KeyGenerator.TEA
KeyGenerator.TNEPRES-GMAC
KeyGenerator.Threefish-1024
KeyGenerator.Threefish-256
KeyGenerator.Threefish-512
KeyGenerator.Tnepres
KeyGenerator.Twofish
KeyGenerator.Twofish-GMAC
KeyGenerator.VMPC
KeyGenerator.VMPC-KSA3
KeyGenerator.XSALSA20
KeyGenerator.XTEA
KeyPairGenerator.DH
KeyPairGenerator.DSA
KeyPairGenerator.DSTU4145
KeyPairGenerator.EC
KeyPairGenerator.ECDH
KeyPairGenerator.ECDHC
KeyPairGenerator.ECDHWITHSHA1KDF
KeyPairGenerator.ECDSA
KeyPairGenerator.ECGOST3410
KeyPairGenerator.ECIES
KeyPairGenerator.ECMQV
KeyPairGenerator.ELGAMAL
KeyPairGenerator.ElGamal
KeyPairGenerator.GOST3410
KeyPairGenerator.RSA
KeyStore.BCPKCS12
KeyStore.BKS
KeyStore.BKS-V1
KeyStore.BouncyCastle
KeyStore.PKCS12
KeyStore.PKCS12-3DES-3DES
KeyStore.PKCS12-3DES-40RC2
KeyStore.PKCS12-DEF
KeyStore.PKCS12-DEF-3DES-3DES
KeyStore.PKCS12-DEF-3DES-40RC2
Mac.AES-GMAC
Mac.AESCMAC
Mac.BLOWFISHCMAC
Mac.CAMELLIA-GMAC
Mac.CAST6-GMAC
Mac.DESCMAC
Mac.DESEDECMAC
Mac.DESEDEMAC
Mac.DESEDEMAC/CFB8
Mac.DESEDEMAC64
Mac.DESEDEMAC64WITHISO7816-4PADDING
Mac.DESMAC
Mac.DESMAC/CFB8
Mac.DESMAC64
Mac.DESMAC64WITHISO7816-4PADDING
Mac.DESWITHISO9797
Mac.GOST28147MAC
Mac.HMACGOST3411
Mac.HMACKECCAK224
Mac.HMACKECCAK256
Mac.HMACKECCAK288
Mac.HMACKECCAK384
Mac.HMACKECCAK512
Mac.HMACMD2
Mac.HMACMD4
Mac.HMACMD5
Mac.HMACRIPEMD128
Mac.HMACRIPEMD160
Mac.HMACRIPEMD256
Mac.HMACRIPEMD320
Mac.HMACSHA1
Mac.HMACSHA224
Mac.HMACSHA256
Mac.HMACSHA384
Mac.HMACSHA512
Mac.HMACSHA512/224
Mac.HMACSHA512/256
Mac.HMACSkein-1024-1024
Mac.HMACSkein-1024-384
Mac.HMACSkein-1024-512
Mac.HMACSkein-256-128
Mac.HMACSkein-256-160
Mac.HMACSkein-256-224
Mac.HMACSkein-256-256
Mac.HMACSkein-512-128
Mac.HMACSkein-512-160
Mac.HMACSkein-512-224
Mac.HMACSkein-512-256
Mac.HMACSkein-512-384
Mac.HMACSkein-512-512
Mac.HMACTIGER
Mac.HMACWHIRLPOOL
Mac.IDEAMAC
Mac.IDEAMAC/CFB8
Mac.ISO9797ALG3MAC
Mac.ISO9797ALG3WITHISO7816-4PADDING
Mac.NOEKEON-GMAC
Mac.OLDHMACSHA384
Mac.OLDHMACSHA512
Mac.PBEWITHHMACRIPEMD160
Mac.PBEWITHHMACSHA
Mac.PBEWITHHMACSHA1
Mac.POLY1305-AES
Mac.POLY1305-CAMELLIA
Mac.POLY1305-CAST6
Mac.POLY1305-NOEKEON
Mac.POLY1305-RC6
Mac.POLY1305-SEED
Mac.POLY1305-SERPENT
Mac.POLY1305-SM4
Mac.POLY1305-Twofish
Mac.RC2MAC
Mac.RC2MAC/CFB8
Mac.RC5MAC
Mac.RC5MAC/CFB8
Mac.RC6-GMAC
Mac.SEED-CMAC
Mac.SEED-GMAC
Mac.SERPENT-GMAC
Mac.SIPHASH-2-4
Mac.SIPHASH-4-8
Mac.SKIPJACKMAC
Mac.SKIPJACKMAC/CFB8
Mac.SM4-CMAC
Mac.SM4-GMAC
Mac.Shacal-2CMAC
Mac.Skein-MAC-1024-1024
Mac.Skein-MAC-1024-384
Mac.Skein-MAC-1024-512
Mac.Skein-MAC-256-128
Mac.Skein-MAC-256-160
Mac.Skein-MAC-256-224
Mac.Skein-MAC-256-256
Mac.Skein-MAC-512-128
Mac.Skein-MAC-512-160
Mac.Skein-MAC-512-224
Mac.Skein-MAC-512-256
Mac.Skein-MAC-512-384
Mac.Skein-MAC-512-512
Mac.TNEPRES-GMAC
Mac.Threefish-1024CMAC
Mac.Threefish-256CMAC
Mac.Threefish-512CMAC
Mac.Twofish-GMAC
Mac.VMPCMAC
MessageDigest.2.16.840.1.101.3.4.2.10
MessageDigest.2.16.840.1.101.3.4.2.7
MessageDigest.2.16.840.1.101.3.4.2.8
MessageDigest.2.16.840.1.101.3.4.2.9
MessageDigest.BLAKE2B-160
MessageDigest.BLAKE2B-256
MessageDigest.BLAKE2B-384
MessageDigest.BLAKE2B-512
MessageDigest.GOST3411
MessageDigest.KECCAK-224
MessageDigest.KECCAK-256
MessageDigest.KECCAK-288
MessageDigest.KECCAK-384
MessageDigest.KECCAK-512
MessageDigest.MD2
MessageDigest.MD4
MessageDigest.MD5
MessageDigest.OID.2.16.840.1.101.3.4.2.10
MessageDigest.OID.2.16.840.1.101.3.4.2.7
MessageDigest.OID.2.16.840.1.101.3.4.2.8
MessageDigest.OID.2.16.840.1.101.3.4.2.9
MessageDigest.RIPEMD128
MessageDigest.RIPEMD160
MessageDigest.RIPEMD256
MessageDigest.RIPEMD320
MessageDigest.SHA-1
MessageDigest.SHA-224
MessageDigest.SHA-256
MessageDigest.SHA-384
MessageDigest.SHA-512
MessageDigest.SHA-512/224
MessageDigest.SHA-512/256
MessageDigest.SHA3-224
MessageDigest.SHA3-256
MessageDigest.SHA3-384
MessageDigest.SHA3-512
MessageDigest.SM3
MessageDigest.Skein-1024-1024
MessageDigest.Skein-1024-384
MessageDigest.Skein-1024-512
MessageDigest.Skein-256-128
MessageDigest.Skein-256-160
MessageDigest.Skein-256-224
MessageDigest.Skein-256-256
MessageDigest.Skein-512-128
MessageDigest.Skein-512-160
MessageDigest.Skein-512-224
MessageDigest.Skein-512-256
MessageDigest.Skein-512-384
MessageDigest.Skein-512-512
MessageDigest.TIGER
MessageDigest.Tiger
MessageDigest.WHIRLPOOL
Provider.id className
Provider.id info
Provider.id name
Provider.id version
SecretKeyFactory.DES
SecretKeyFactory.DESEDE
SecretKeyFactory.PBEWITHHMACGOST3411
SecretKeyFactory.PBEWITHHMACRIPEMD160
SecretKeyFactory.PBEWITHHMACSHA1
SecretKeyFactory.PBEWITHHMACSHA256
SecretKeyFactory.PBEWITHHMACTIGER
SecretKeyFactory.PBEWITHMD2ANDDES
SecretKeyFactory.PBEWITHMD2ANDRC2
SecretKeyFactory.PBEWITHMD5AND128BITAES-CBC-OPENSSL
SecretKeyFactory.PBEWITHMD5AND192BITAES-CBC-OPENSSL
SecretKeyFactory.PBEWITHMD5AND256BITAES-CBC-OPENSSL
SecretKeyFactory.PBEWITHMD5ANDDES
SecretKeyFactory.PBEWITHMD5ANDRC2
SecretKeyFactory.PBEWITHSHA1ANDDES
SecretKeyFactory.PBEWITHSHA1ANDRC2
SecretKeyFactory.PBEWITHSHA256AND128BITAES-CBC-BC
SecretKeyFactory.PBEWITHSHA256AND192BITAES-CBC-BC
SecretKeyFactory.PBEWITHSHA256AND256BITAES-CBC-BC
SecretKeyFactory.PBEWITHSHAAND128BITAES-CBC-BC
SecretKeyFactory.PBEWITHSHAAND128BITRC2-CBC
SecretKeyFactory.PBEWITHSHAAND128BITRC4
SecretKeyFactory.PBEWITHSHAAND192BITAES-CBC-BC
SecretKeyFactory.PBEWITHSHAAND2-KEYTRIPLEDES-CBC
SecretKeyFactory.PBEWITHSHAAND256BITAES-CBC-BC
SecretKeyFactory.PBEWITHSHAAND3-KEYTRIPLEDES-CBC
SecretKeyFactory.PBEWITHSHAAND40BITRC2-CBC
SecretKeyFactory.PBEWITHSHAAND40BITRC4
SecretKeyFactory.PBEWITHSHAANDIDEA-CBC
SecretKeyFactory.PBEWITHSHAANDTWOFISH-CBC
SecretKeyFactory.PBKDF-OPENSSL
SecretKeyFactory.PBKDF2
SecretKeyFactory.PBKDF2WITHASCII
SecretKeyFactory.PBKDF2WithHmacSHA1
SecretKeyFactory.PBKDF2WithHmacSHA1And8BIT
Signature.1.2.840.113549.1.1.10
Signature.DETDSA
Signature.DSA
Signature.DSTU4145
Signature.ECDDSA
Signature.ECDSA
Signature.ECGOST3410
Signature.GOST3410
Signature.GOST3411WITHDSTU4145
Signature.GOST3411WITHDSTU4145LE
Signature.GOST3411WITHECGOST3410
Signature.MD2WITHRSA
Signature.MD4WITHRSA
Signature.MD5WITHRSA
Signature.MD5WITHRSA/ISO9796-2
Signature.NONEWITHDSA
Signature.NONEwithECDSA
Signature.OID.1.2.840.113549.1.1.10
Signature.RAWRSASSA-PSS
Signature.RIPEMD128WITHRSA
Signature.RIPEMD128WITHRSA/X9.31
Signature.RIPEMD160WITHECDSA
Signature.RIPEMD160WITHPLAIN-ECDSA
Signature.RIPEMD160WITHRSA
Signature.RIPEMD160WITHRSA/X9.31
Signature.RIPEMD160withRSA/ISO9796-2
Signature.RIPEMD256WITHRSA
Signature.RMD128WITHRSA
Signature.RMD128WITHRSA/X9.31
Signature.RMD160WITHRSA
Signature.RMD160WITHRSA/X9.31
Signature.RMD256WITHRSA
Signature.RSA
Signature.RSASSA-PSS
Signature.SHA1WITHCVC-ECDSA
Signature.SHA1WITHDETDSA
Signature.SHA1WITHECDDSA
Signature.SHA1WITHECNR
Signature.SHA1WITHPLAIN-ECDSA
Signature.SHA1WITHRSA
Signature.SHA1WITHRSA/ISO9796-2
Signature.SHA1WITHRSA/X9.31
Signature.SHA1WITHRSAANDMGF1
Signature.SHA224WITHCVC-ECDSA
Signature.SHA224WITHDETDSA
Signature.SHA224WITHDSA
Signature.SHA224WITHECDDSA
Signature.SHA224WITHECDSA
Signature.SHA224WITHECNR
Signature.SHA224WITHPLAIN-ECDSA
Signature.SHA224WITHRSA
Signature.SHA224WITHRSA/ISO9796-2
Signature.SHA224WITHRSA/X9.31
Signature.SHA224WITHRSAANDMGF1
Signature.SHA256WITHCVC-ECDSA
Signature.SHA256WITHDETDSA
Signature.SHA256WITHDSA
Signature.SHA256WITHECDDSA
Signature.SHA256WITHECDSA
Signature.SHA256WITHECNR
Signature.SHA256WITHPLAIN-ECDSA
Signature.SHA256WITHRSA
Signature.SHA256WITHRSA/ISO9796-2
Signature.SHA256WITHRSA/X9.31
Signature.SHA256WITHRSAANDMGF1
Signature.SHA384WITHCVC-ECDSA
Signature.SHA384WITHDETDSA
Signature.SHA384WITHDSA
Signature.SHA384WITHECDDSA
Signature.SHA384WITHECDSA
Signature.SHA384WITHECNR
Signature.SHA384WITHPLAIN-ECDSA
Signature.SHA384WITHRSA
Signature.SHA384WITHRSA/ISO9796-2
Signature.SHA384WITHRSA/X9.31
Signature.SHA384WITHRSAANDMGF1
Signature.SHA512(224)WITHRSA
Signature.SHA512(224)WITHRSA/ISO9796-2
Signature.SHA512(224)WITHRSA/X9.31
Signature.SHA512(224)WITHRSAANDMGF1
Signature.SHA512(256)WITHRSA
Signature.SHA512(256)WITHRSA/ISO9796-2
Signature.SHA512(256)WITHRSA/X9.31
Signature.SHA512(256)WITHRSAANDMGF1
Signature.SHA512WITHCVC-ECDSA
Signature.SHA512WITHDETDSA
Signature.SHA512WITHDSA
Signature.SHA512WITHECDDSA
Signature.SHA512WITHECDSA
Signature.SHA512WITHECNR
Signature.SHA512WITHPLAIN-ECDSA
Signature.SHA512WITHRSA
Signature.SHA512WITHRSA/ISO9796-2
Signature.SHA512WITHRSA/X9.31
Signature.SHA512WITHRSAANDMGF1
Signature.WHIRLPOOLWITHRSA/ISO9796-2
Signature.WHIRLPOOLWITHRSA/X9.31
Signature.WhirlpoolWITHRSA/ISO9796-2
Signature.WhirlpoolWITHRSA/X9.31
X509Store.ATTRIBUTECERTIFICATE/COLLECTION
X509Store.ATTRIBUTECERTIFICATE/LDAP
X509Store.CERTIFICATE/COLLECTION
X509Store.CERTIFICATE/LDAP
X509Store.CERTIFICATEPAIR/COLLECTION
X509Store.CERTIFICATEPAIR/LDAP
X509Store.CRL/COLLECTION
X509Store.CRL/LDAP
X509StreamParser.ATTRIBUTECERTIFICATE
X509StreamParser.CERTIFICATE
X509StreamParser.CERTIFICATEPAIR
X509StreamParser.CRL
..E.E..E.E.E..E..E.E.E.E.E..Invalid DSA signature was verified:303f021c1e41b479ad576905b960fe14eadb91b0ccf34843dab916173bb8c9cd021d00ade65988d237d30f9ef41dd424a4e1c8f16967cf3365813fe87862360500
Invalid DSA signature was verified:303f021c1e41b479ad576905b960fe14eadb91b0ccf34843dab916173bb8c9cd021d00ade65988d237d30f9ef41dd424a4e1c8f16967cf3365813fe87862363000
Invalid DSA signature was verified:305c021c1e41b479ad576905b960fe14eadb91b0ccf34843dab916173bb8c9cd021d00ade65988d237d30f9ef41dd424a4e1c8f16967cf3365813fe8786236021d00ade65988d237d30f9ef41dd424a4e1c8f16967cf3365813fe8786236
E.E..testDefaultSize: keysize=1024
E....testTiming: SHA1WITHDSA
count:50000 cutoff:2199709 relative average:1.0002402909823298 sigmas:0.09306429728069811
count:25000 cutoff:536397 relative average:0.9453880984966427 sigmas:14.956085180819517
count:12500 cutoff:516725 relative average:0.8849496423446364 sigmas:22.279405958721526
count:6250 cutoff:503453 relative average:0.8492186848606438 sigmas:20.64658188803015
count:3125 cutoff:495208 relative average:0.7358028378571123 sigmas:25.580780227366617
count:1564 cutoff:490076 relative average:0.5650317259423022 sigmas:29.794533024653177
count:782 cutoff:486559 relative average:0.39790148104102907 sigmas:29.162957357672887
count:391 cutoff:483447 relative average:0.26299474210271384 sigmas:25.241757623972063
count:196 cutoff:480315 relative average:0.17351719331678064 sigmas:20.04114297860447
count:98 cutoff:476986 relative average:0.07768434267205057 sigmas:15.81441919563196
count:49 cutoff:474299 relative average:0.05391112000058344 sigmas:11.470718060444469
count:25 cutoff:472795 relative average:0.018692767886274206 sigmas:8.498369919278794
count:13 cutoff:469816 relative average:0.014410930481285283 sigmas:6.155001766387713
E...java.security.spec.InvalidKeySpecException: encoded key spec not recognised
java.security.spec.InvalidKeySpecException: encoded key spec not recognised
java.security.spec.InvalidKeySpecException: encoded key spec not recognised
java.security.spec.InvalidKeySpecException: encoded key spec not recognised
java.security.spec.InvalidKeySpecException: encoded key spec not recognised
..Encoded ECPrivateKey:3082024b0201003081ec06072a8648ce3d02013081e0020101302c06072a8648ce3d0101022100ffffffff00000001000000000000000000000000ffffffffffffffffffffffff30440420ffffffff00000001000000000000000000000000fffffffffffffffffffffffc04205ac635d8aa3a93e7b3ebbd55769886bc651d06b0cc53b0f63bce3c3e27d2604b0441046b17d1f2e12c4247f8bce6e563a440f277037d812deb33a0f4a13945d898c2964fe342e2fe1a7f9b8ee7eb4a7c0f9e162bce33576b315ececbb6406837bf51f5022100ffffffff00000000ffffffffffffffffbce6faada7179e84f3b9cac2fc63255102010104820155308201510201010420bb86b8c0e2687469ccd45f1c05457e08e6c9a5bf94b1828925c7916594ca5df8a081e33081e0020101302c06072a8648ce3d0101022100ffffffff00000001000000000000000000000000ffffffffffffffffffffffff30440420ffffffff00000001000000000000000000000000fffffffffffffffffffffffc04205ac635d8aa3a93e7b3ebbd55769886bc651d06b0cc53b0f63bce3c3e27d2604b0441046b17d1f2e12c4247f8bce6e563a440f277037d812deb33a0f4a13945d898c2964fe342e2fe1a7f9b8ee7eb4a7c0f9e162bce33576b315ececbb6406837bf51f5022100ffffffff00000000ffffffffffffffffbce6faada7179e84f3b9cac2fc632551020101a14403420004436914c442a425aacfbf3068301ba0be6fadd21ebbe96aaf8bc0a02b95897fbe393bc34b0c4162b9fe2ae6b24c5fa4ab6771adb5525b8899508352a8c4691898
...Generated shared secret with a modified order:ECDHC
expected:a8cd6bb19fe21c9d4786cdd932474220c95130043ca3f63c232e73c6bb918a5d computed:5f16ce02e5d7e3b6962c087d5d5d48ddec2e48535fab46b9eed022a56677c7a9
E..testModifiedPublic:public point not on curve throws java.security.spec.InvalidKeySpecException: encoded key spec not recognised
testModifiedPublic:public point = (0,0) throws java.security.spec.InvalidKeySpecException: encoded key spec not recognised
testModifiedPublic:generator = (0,0) throws java.security.spec.InvalidKeySpecException: encoded key spec not recognised
testModifiedPublic:generator not on curve throws java.security.spec.InvalidKeySpecException: encoded key spec not recognised
E.Generated shared secret with a modified order:ECDH
expected:fe0acc5b55731173c6c86b7b950330a8ea05f58d6f1c7b318221e7344fb960fb computed:fe0acc5b55731173c6c86b7b950330a8ea05f58d6f1c7b318221e7344fb960fb
Generated shared secret with a modified order:ECDH
expected:6e69cc8114e47e0e160634631d58e2ab312a26b4247f317c55da2b2bd43a3034 computed:6e69cc8114e47e0e160634631d58e2ab312a26b4247f317c55da2b2bd43a3034
..E...E.Invalid ECDSA signature was verified:3047022100b7babae9332b54b8a3a05b7004579821a887a1b21465f7db8a3d491b39fd2c3f0220747291dd2f3f44af7ace68ea33431d6f94e418c106a6e76285cd59f43260ecce0500
Invalid ECDSA signature was verified:3047022100b7babae9332b54b8a3a05b7004579821a887a1b21465f7db8a3d491b39fd2c3f0220747291dd2f3f44af7ace68ea33431d6f94e418c106a6e76285cd59f43260ecce3000
Invalid ECDSA signature was verified:3067022100b7babae9332b54b8a3a05b7004579821a887a1b21465f7db8a3d491b39fd2c3f0220747291dd2f3f44af7ace68ea33431d6f94e418c106a6e76285cd59f43260ecce0220747291dd2f3f44af7ace68ea33431d6f94e418c106a6e76285cd59f43260ecce
E.Message:Hello
Hash:185f8db32271fe25f561a6fc938b2e264306ec304eda518007d1764826381969
Curve:secp256r1
Order:115792089210356248762697446949407573529996955224135760342422259061068512044369
Private key:
S:45370290052080199999603295713897197170639239109092174809555923496648361317771
encoded:308193020100301306072a8648ce3d020106082a8648ce3d030107047930770201010420644eac95324ca5ecf2eb16be7f37ad6d8f429ea106cccbafca4b61818843158ba00a06082a8648ce3d030107a14403420004328eb78ea2325769ca52bf339abbd8afb36c95b2a4666f027966bdc01c39257907ec3b594fd09384b0d186c876d009016888b2aa4224a8b107c77b35119f4bd2
Public key:
X:22867801577337039926970250890728407037700219873906433156949598409290591839609
Y:3583575458245751771667559407818502332873699816132877097828362726859358555090
encoded:3059301306072a8648ce3d020106082a8648ce3d03010703420004328eb78ea2325769ca52bf339abbd8afb36c95b2a4666f027966bdc01c39257907ec3b594fd09384b0d186c876d009016888b2aa4224a8b107c77b35119f4bd2
Signature:304402200fd24f59f3022dd1bfe81945c76ebd1db90163fe55c38806aabb5618dcf8ad9c02205a51fd30914da48d79eebf28dc5cd43808683ee2399a9ac37fbdc975d1327f59
r:7156278275340889622328352283901482213458730888514423885005234783576055655836
s:40853018435946424800733959862952586498981052115012905995392826995271810580313
.SC curve:secp256r1 countLsb:503 countMsb:494
SC curve:secp224r1 countLsb:511 countMsb:488
SC curve:secp384r1 countLsb:505 countMsb:534
SC curve:secp521r1 countLsb:527 countMsb:544
SC curve:brainpoolP256r1 countLsb:506 countMsb:503
..testTiming algorithm:SHA256WithECDSA
count:50000 cutoff:1358428 relative average:1.0003605807237672 sigmas:0.1396523138113912
count:25001 cutoff:145290 relative average:1.0026330200920879 sigmas:0.7210966709012002
count:12503 cutoff:137090 relative average:0.9860327493315513 sigmas:2.7050710116638754
count:6250 cutoff:135680 relative average:0.9750242382800296 sigmas:3.4199470212254535
count:3126 cutoff:134678 relative average:0.9600982745610588 sigmas:3.864086058176965
count:1563 cutoff:133871 relative average:0.9448782788479783 sigmas:3.7745300403371322
count:782 cutoff:133179 relative average:0.9518953021432865 sigmas:2.329976254923605
count:392 cutoff:132509 relative average:0.9155624944619983 sigmas:2.895603252101462
count:196 cutoff:131940 relative average:0.9044887568787522 sigmas:2.316024560920904
count:98 cutoff:131433 relative average:0.9503394929761472 sigmas:0.8515003180343758
count:49 cutoff:130907 relative average:0.8198940766908537 sigmas:2.1836682694088165
count:25 cutoff:130503 relative average:0.8836963368259186 sigmas:1.0072192686194321
count:13 cutoff:130059 relative average:0.943355020557978 sigmas:0.35374778323474565
..E.E.E.E..E.E..E.E.E..E..Exceptions for RSA/ECB/PKCS1PADDING
javax.crypto.BadPaddingException: unknown block type
javax.crypto.BadPaddingException: block truncated
javax.crypto.BadPaddingException: block incorrect size
javax.crypto.BadPaddingException: no data in block
E...testDefaultSize: keysize=2048
....Message:Hello
Hash:185f8db32271fe25f561a6fc938b2e264306ec304eda518007d1764826381969
Public key:
Modulus:27806080787662867565999437203492846703089263238525353887404726752951995185028423176128042179803599219181474425008000033548592167404337912144533325861694099011645797877749913713849629172340348145225610965981258760652487706685987261001228380423453952823347628989002763124879551937268312425250223671195130508506000201608348923316904560366160678043300468083770022805967234317543288103886143509694186913372307538071559470838796314015231511847174510210638668553136388941974102271117392723688566739599867078593500265704258094828087715221465678614696337439939847232203770057533004566017370811092326002292759518569127881628879
E:65537
encoded:30820122300d06092a864886f70d01010105000382010f003082010a0282010100dc443f26cf630003932eeaa7a325cc5e3bd0f68abc12c3fc98eaac8f5bd876a0d4bdbcc59bd854e5ebff5c9c1ee3e899e0ccdefd7e4ee47aded3ab16ccf3ed48b5cda0f00345265691376c370b7af1dbc28c684897379a7b9cd1820e66002753e9c40df4e56cc3cda811b4928f97839eaec26fdbba7bb95f38a61870a4c6083be004752c6e8eaff5c31e46d7067d5d9c87c782b818ef5462d621d5414fed40baa5977d06ebd998a2aa1dd5f5e4703319443fc19f07ede774785f6f03d2540c147add8e20c5ed53e377373aa0352bece3c1478145232a5ebce40cf3ca373d601d1890fce7f6f0415a4557f38aa20ab927547329c9e68cec45aef8441ebcda5ccf0203010001
Private key:
D:965097045918139922335882323352382043231971417365747668887548791075496361559800620280135698587463372200407817854822935791667775202644826141336422762104869674918854615040691574648976249915063428511220477144493999739040929095651703460500086302443148013420023397576711656846148294957652237107321189212381660181997270678604835996761394708919026435975971078426380197529994783125400341172795231740965734972265882502272905322949854496859438860871014820782734475706704253013976130643743859071631617445341262352627342718358146694626404804635941467073789743383406235574682192560107175110052622612122368675283835776149344062529
encoded:308204bf020100300d06092a864886f70d0101010500048204a9308204a50201000282010100dc443f26cf630003932eeaa7a325cc5e3bd0f68abc12c3fc98eaac8f5bd876a0d4bdbcc59bd854e5ebff5c9c1ee3e899e0ccdefd7e4ee47aded3ab16ccf3ed48b5cda0f00345265691376c370b7af1dbc28c684897379a7b9cd1820e66002753e9c40df4e56cc3cda811b4928f97839eaec26fdbba7bb95f38a61870a4c6083be004752c6e8eaff5c31e46d7067d5d9c87c782b818ef5462d621d5414fed40baa5977d06ebd998a2aa1dd5f5e4703319443fc19f07ede774785f6f03d2540c147add8e20c5ed53e377373aa0352bece3c1478145232a5ebce40cf3ca373d601d1890fce7f6f0415a4557f38aa20ab927547329c9e68cec45aef8441ebcda5ccf02030100010282010007a5216bff6c0d916787b6ad4ad9ad00e2f7f06c05a06bc7ab51b9db8a9c8b6c2ef61c448a3c354b7afd74ac16866289b4bbbcf6f4c3583acb867291c006020906b109bcf58ac38c8da316d11cf23a22c93086636946e21dc2e64d554d4504186d82032f54d1deef41be1b93b002da414fb4d547bdc3e83dddd6d0a7ad90675e06ccd6c80db839fa2defe4b72fb05a9e2da31f439e8b86a43a7413688c251c551ffa4b1eae4c9c7c380195435369f4742eb1d502fdeb3926dd9252a37073e32114d4144ff79d8be7096d932b4698b7905e29c821b855291fcb30385d7314d47603620b66e49cfef76cb302681bae415c4a40830760be3dfcc6c34e79d8d18c4102818100fc451b309d4c26b9d1759aa334a0093a33557404281de71929f704b2942e66a455d6931e840ed6fe7f5cb47229802b95186445016428f033657acba8ece43d5a08b9922b3e07494fb287e774c38f6050dfcf1be9adfea43dd61e6fe59359d4218e110a14aa643b025c3524358e94272a9cf471ab6e4bd8d8e8dfe6772dc1bc2d02818100df86004c57ae4ff0ec9fabb4acb3a761b36fb4825e282d63f5a96798b0011fc34b5138baa0be703751b788cd7b9e69906c017c12a7df2e3d9db6b2500b53cb2afe9d673eeaeabf550b4b2b288b45b8de7749782bafd1d4595ac29929e128066919f307ba6337e3a1ed5d221d2b5b4adf7fbba61fd88f3fcd7a27fb8953974e6b02818100d8e230f622c60da543c770235063268bbb0684afee2d8739c33273ff7416507888b3e9d81a8107a5d5a9c6194044c9336dbd06f6a33def04c1024985f9e4603abfb58b4d520ec1a09b44ec611ea06d961a54dd12925c92a7f72643dd84497e6f3accbb75f8e823336c42e3d687b627d6230aa58f554c302a8c4bb2c053be742102818100ba6986d62449bb61b1f577bdb64a1dcddd57cbb2edd3940749597e8c583c97c0c78f75402fcea2c77fdf10b84de04f29a2e99a0ff4f0ac1fb6e826cd9aa4c74b940cb18e475c7f34edb642c80d5e984ef02cd58b9995e502a02eaa8dc2b91e9f8884a66d4b51d105ba6f7183e224c0cca43a5ad1344a436b99f4be5248e4670102818100be1d1c6820b10f1d57d0ed6a5c7e5f6a35fa6d44738833132566a8e422eaa27183ea2c21a01737e0a82a1abe7f4559eea873652dbc2a983a4d13e1c8f880111e05c412e82fc5782a3d7faeda07eb8eaffb98602aede044623fde7fd9110c91c85fc6f2ed56691d61608ad6baba59e7bb8e2bc6067d81e57a7838a961d67fc2b9
Signature:0db820e19e4f71648476e8c9c5865450809a0c2911ce94a127dc6ea84b1e72f2ec2d5de2e67bf2bc7a44a2f5464cb8322a720dba4fa2fed0cb8f002540218ffbba8e6ce05b45c371ead23192ceb5f76133bdde059e21bdfcc59415174245d4a02a935a8256f2aa66b45922d437e541dc01cac58219a75a935ec6fdc366d602e4adf2445b9851afeed4667fd526218338536a3aa481a8b97442ee07000bf3b8e4a77adf1e0a12275d2d28bfb856e016a2c7a895d5ad6aabb89623f956837c770510135f036cacf62d5936ae17defd8cf9571278f4625ad3a04a9194b4ea3b2ccb9593f92ca70e8334443e92ab9fe9cc1b429786a3c7efabba3e44aab3e945a80b
..Verfied legacy signature:253e1d19bbe91064f2364c1e7db3ba8eb6dc5b19202e440eab6fbdf28c8c6ec05b812983713c338c72b6e99b8edf506a89ff9fc8e5c2c52362097a56dc228060eca01e1ff318c6c81617691438703411c1f953b21cd74331f87c9b8b189fdffdfe8550bd2bd1d47be915f8604a0f472199dd705e19b1b815f99b68d60bc257c7

Time: 74.775
There were 37 failures:
1) testEax(com.google.security.wycheproof.AesEaxTest)
java.security.InvalidKeyException: Illegal key size
	at javax.crypto.Cipher.checkCryptoPerm(Cipher.java:1039)
	at javax.crypto.Cipher.implInit(Cipher.java:805)
	at javax.crypto.Cipher.chooseProvider(Cipher.java:864)
	at javax.crypto.Cipher.init(Cipher.java:1396)
	at javax.crypto.Cipher.init(Cipher.java:1327)
	at com.google.security.wycheproof.AesEaxTest.testEax(AesEaxTest.java:264)
	at sun.reflect.NativeMethodAccessorImpl.invoke0(Native Method)
	at sun.reflect.NativeMethodAccessorImpl.invoke(NativeMethodAccessorImpl.java:62)
	at sun.reflect.DelegatingMethodAccessorImpl.invoke(DelegatingMethodAccessorImpl.java:43)
	at java.lang.reflect.Method.invoke(Method.java:498)
	at org.junit.runners.model.FrameworkMethod$1.runReflectiveCall(FrameworkMethod.java:47)
	at org.junit.internal.runners.model.ReflectiveCallable.run(ReflectiveCallable.java:12)
	at org.junit.runners.model.FrameworkMethod.invokeExplosively(FrameworkMethod.java:44)
	at org.junit.internal.runners.statements.InvokeMethod.evaluate(InvokeMethod.java:17)
	at org.junit.runners.ParentRunner.runLeaf(ParentRunner.java:271)
	at org.junit.runners.BlockJUnit4ClassRunner.runChild(BlockJUnit4ClassRunner.java:70)
	at org.junit.runners.BlockJUnit4ClassRunner.runChild(BlockJUnit4ClassRunner.java:50)
	at org.junit.runners.ParentRunner$3.run(ParentRunner.java:238)
	at org.junit.runners.ParentRunner$1.schedule(ParentRunner.java:63)
	at org.junit.runners.ParentRunner.runChildren(ParentRunner.java:236)
	at org.junit.runners.ParentRunner.access$000(ParentRunner.java:53)
	at org.junit.runners.ParentRunner$2.evaluate(ParentRunner.java:229)
	at org.junit.runners.ParentRunner.run(ParentRunner.java:309)
	at org.junit.runners.Suite.runChild(Suite.java:127)
	at org.junit.runners.Suite.runChild(Suite.java:26)
	at org.junit.runners.ParentRunner$3.run(ParentRunner.java:238)
	at org.junit.runners.ParentRunner$1.schedule(ParentRunner.java:63)
	at org.junit.runners.ParentRunner.runChildren(ParentRunner.java:236)
	at org.junit.runners.ParentRunner.access$000(ParentRunner.java:53)
	at org.junit.runners.ParentRunner$2.evaluate(ParentRunner.java:229)
	at org.junit.internal.runners.statements.RunBefores.evaluate(RunBefores.java:26)
	at org.junit.runners.ParentRunner.run(ParentRunner.java:309)
	at com.google.testing.junit.runner.internal.junit4.CancellableRequestFactory$CancellableRunner.run(CancellableRequestFactory.java:89)
	at org.junit.runner.JUnitCore.run(JUnitCore.java:160)
	at org.junit.runner.JUnitCore.run(JUnitCore.java:138)
	at com.google.testing.junit.runner.junit4.JUnit4Runner.run(JUnit4Runner.java:112)
	at com.google.testing.junit.runner.BazelTestRunner.runTestsInSuite(BazelTestRunner.java:144)
	at com.google.testing.junit.runner.BazelTestRunner.main(BazelTestRunner.java:82)
2) testLateUpdateAAD(com.google.security.wycheproof.AesEaxTest)
java.security.InvalidKeyException: Illegal key size
	at javax.crypto.Cipher.checkCryptoPerm(Cipher.java:1039)
	at javax.crypto.Cipher.implInit(Cipher.java:805)
	at javax.crypto.Cipher.chooseProvider(Cipher.java:864)
	at javax.crypto.Cipher.init(Cipher.java:1396)
	at javax.crypto.Cipher.init(Cipher.java:1327)
	at com.google.security.wycheproof.AesEaxTest.testLateUpdateAAD(AesEaxTest.java:275)
	at sun.reflect.NativeMethodAccessorImpl.invoke0(Native Method)
	at sun.reflect.NativeMethodAccessorImpl.invoke(NativeMethodAccessorImpl.java:62)
	at sun.reflect.DelegatingMethodAccessorImpl.invoke(DelegatingMethodAccessorImpl.java:43)
	at java.lang.reflect.Method.invoke(Method.java:498)
	at org.junit.runners.model.FrameworkMethod$1.runReflectiveCall(FrameworkMethod.java:47)
	at org.junit.internal.runners.model.ReflectiveCallable.run(ReflectiveCallable.java:12)
	at org.junit.runners.model.FrameworkMethod.invokeExplosively(FrameworkMethod.java:44)
	at org.junit.internal.runners.statements.InvokeMethod.evaluate(InvokeMethod.java:17)
	at org.junit.runners.ParentRunner.runLeaf(ParentRunner.java:271)
	at org.junit.runners.BlockJUnit4ClassRunner.runChild(BlockJUnit4ClassRunner.java:70)
	at org.junit.runners.BlockJUnit4ClassRunner.runChild(BlockJUnit4ClassRunner.java:50)
	at org.junit.runners.ParentRunner$3.run(ParentRunner.java:238)
	at org.junit.runners.ParentRunner$1.schedule(ParentRunner.java:63)
	at org.junit.runners.ParentRunner.runChildren(ParentRunner.java:236)
	at org.junit.runners.ParentRunner.access$000(ParentRunner.java:53)
	at org.junit.runners.ParentRunner$2.evaluate(ParentRunner.java:229)
	at org.junit.runners.ParentRunner.run(ParentRunner.java:309)
	at org.junit.runners.Suite.runChild(Suite.java:127)
	at org.junit.runners.Suite.runChild(Suite.java:26)
	at org.junit.runners.ParentRunner$3.run(ParentRunner.java:238)
	at org.junit.runners.ParentRunner$1.schedule(ParentRunner.java:63)
	at org.junit.runners.ParentRunner.runChildren(ParentRunner.java:236)
	at org.junit.runners.ParentRunner.access$000(ParentRunner.java:53)
	at org.junit.runners.ParentRunner$2.evaluate(ParentRunner.java:229)
	at org.junit.internal.runners.statements.RunBefores.evaluate(RunBefores.java:26)
	at org.junit.runners.ParentRunner.run(ParentRunner.java:309)
	at com.google.testing.junit.runner.internal.junit4.CancellableRequestFactory$CancellableRunner.run(CancellableRequestFactory.java:89)
	at org.junit.runner.JUnitCore.run(JUnitCore.java:160)
	at org.junit.runner.JUnitCore.run(JUnitCore.java:138)
	at com.google.testing.junit.runner.junit4.JUnit4Runner.run(JUnit4Runner.java:112)
	at com.google.testing.junit.runner.BazelTestRunner.runTestsInSuite(BazelTestRunner.java:144)
	at com.google.testing.junit.runner.BazelTestRunner.main(BazelTestRunner.java:82)
3) testDefaultTagSizeAlgorithmParameterGenerator(com.google.security.wycheproof.AesGcmTest)
java.lang.AssertionError: expected:<26> but was:<22>
	at org.junit.Assert.fail(Assert.java:88)
	at org.junit.Assert.failNotEquals(Assert.java:743)
	at org.junit.Assert.assertEquals(Assert.java:118)
	at org.junit.Assert.assertEquals(Assert.java:555)
	at org.junit.Assert.assertEquals(Assert.java:542)
	at com.google.security.wycheproof.AesGcmTest.testDefaultTagSizeAlgorithmParameterGenerator(AesGcmTest.java:796)
	at sun.reflect.NativeMethodAccessorImpl.invoke0(Native Method)
	at sun.reflect.NativeMethodAccessorImpl.invoke(NativeMethodAccessorImpl.java:62)
	at sun.reflect.DelegatingMethodAccessorImpl.invoke(DelegatingMethodAccessorImpl.java:43)
	at java.lang.reflect.Method.invoke(Method.java:498)
	at org.junit.runners.model.FrameworkMethod$1.runReflectiveCall(FrameworkMethod.java:47)
	at org.junit.internal.runners.model.ReflectiveCallable.run(ReflectiveCallable.java:12)
	at org.junit.runners.model.FrameworkMethod.invokeExplosively(FrameworkMethod.java:44)
	at org.junit.internal.runners.statements.InvokeMethod.evaluate(InvokeMethod.java:17)
	at org.junit.runners.ParentRunner.runLeaf(ParentRunner.java:271)
	at org.junit.runners.BlockJUnit4ClassRunner.runChild(BlockJUnit4ClassRunner.java:70)
	at org.junit.runners.BlockJUnit4ClassRunner.runChild(BlockJUnit4ClassRunner.java:50)
	at org.junit.runners.ParentRunner$3.run(ParentRunner.java:238)
	at org.junit.runners.ParentRunner$1.schedule(ParentRunner.java:63)
	at org.junit.runners.ParentRunner.runChildren(ParentRunner.java:236)
	at org.junit.runners.ParentRunner.access$000(ParentRunner.java:53)
	at org.junit.runners.ParentRunner$2.evaluate(ParentRunner.java:229)
	at org.junit.runners.ParentRunner.run(ParentRunner.java:309)
	at org.junit.runners.Suite.runChild(Suite.java:127)
	at org.junit.runners.Suite.runChild(Suite.java:26)
	at org.junit.runners.ParentRunner$3.run(ParentRunner.java:238)
	at org.junit.runners.ParentRunner$1.schedule(ParentRunner.java:63)
	at org.junit.runners.ParentRunner.runChildren(ParentRunner.java:236)
	at org.junit.runners.ParentRunner.access$000(ParentRunner.java:53)
	at org.junit.runners.ParentRunner$2.evaluate(ParentRunner.java:229)
	at org.junit.internal.runners.statements.RunBefores.evaluate(RunBefores.java:26)
	at org.junit.runners.ParentRunner.run(ParentRunner.java:309)
	at com.google.testing.junit.runner.internal.junit4.CancellableRequestFactory$CancellableRunner.run(CancellableRequestFactory.java:89)
	at org.junit.runner.JUnitCore.run(JUnitCore.java:160)
	at org.junit.runner.JUnitCore.run(JUnitCore.java:138)
	at com.google.testing.junit.runner.junit4.JUnit4Runner.run(JUnit4Runner.java:112)
	at com.google.testing.junit.runner.BazelTestRunner.runTestsInSuite(BazelTestRunner.java:144)
	at com.google.testing.junit.runner.BazelTestRunner.main(BazelTestRunner.java:82)
4) testLargeArrayAlias(com.google.security.wycheproof.AesGcmTest)
java.lang.AssertionError: testLargeByteBufferAlias failed with outputOffset=1
	at com.google.security.wycheproof.AesGcmTest.testLargeArrayAlias(AesGcmTest.java:470)
	at sun.reflect.NativeMethodAccessorImpl.invoke0(Native Method)
	at sun.reflect.NativeMethodAccessorImpl.invoke(NativeMethodAccessorImpl.java:62)
	at sun.reflect.DelegatingMethodAccessorImpl.invoke(DelegatingMethodAccessorImpl.java:43)
	at java.lang.reflect.Method.invoke(Method.java:498)
	at org.junit.runners.model.FrameworkMethod$1.runReflectiveCall(FrameworkMethod.java:47)
	at org.junit.internal.runners.model.ReflectiveCallable.run(ReflectiveCallable.java:12)
	at org.junit.runners.model.FrameworkMethod.invokeExplosively(FrameworkMethod.java:44)
	at org.junit.internal.runners.statements.InvokeMethod.evaluate(InvokeMethod.java:17)
	at org.junit.runners.ParentRunner.runLeaf(ParentRunner.java:271)
	at org.junit.runners.BlockJUnit4ClassRunner.runChild(BlockJUnit4ClassRunner.java:70)
	at org.junit.runners.BlockJUnit4ClassRunner.runChild(BlockJUnit4ClassRunner.java:50)
	at org.junit.runners.ParentRunner$3.run(ParentRunner.java:238)
	at org.junit.runners.ParentRunner$1.schedule(ParentRunner.java:63)
	at org.junit.runners.ParentRunner.runChildren(ParentRunner.java:236)
	at org.junit.runners.ParentRunner.access$000(ParentRunner.java:53)
	at org.junit.runners.ParentRunner$2.evaluate(ParentRunner.java:229)
	at org.junit.runners.ParentRunner.run(ParentRunner.java:309)
	at org.junit.runners.Suite.runChild(Suite.java:127)
	at org.junit.runners.Suite.runChild(Suite.java:26)
	at org.junit.runners.ParentRunner$3.run(ParentRunner.java:238)
	at org.junit.runners.ParentRunner$1.schedule(ParentRunner.java:63)
	at org.junit.runners.ParentRunner.runChildren(ParentRunner.java:236)
	at org.junit.runners.ParentRunner.access$000(ParentRunner.java:53)
	at org.junit.runners.ParentRunner$2.evaluate(ParentRunner.java:229)
	at org.junit.internal.runners.statements.RunBefores.evaluate(RunBefores.java:26)
	at org.junit.runners.ParentRunner.run(ParentRunner.java:309)
	at com.google.testing.junit.runner.internal.junit4.CancellableRequestFactory$CancellableRunner.run(CancellableRequestFactory.java:89)
	at org.junit.runner.JUnitCore.run(JUnitCore.java:160)
	at org.junit.runner.JUnitCore.run(JUnitCore.java:138)
	at com.google.testing.junit.runner.junit4.JUnit4Runner.run(JUnit4Runner.java:112)
	at com.google.testing.junit.runner.BazelTestRunner.runTestsInSuite(BazelTestRunner.java:144)
	at com.google.testing.junit.runner.BazelTestRunner.main(BazelTestRunner.java:82)
Caused by: arrays first differed at element [16]; expected:<0> but was:<120>
	at org.junit.internal.ComparisonCriteria.arrayEquals(ComparisonCriteria.java:50)
	at org.junit.Assert.internalArrayEquals(Assert.java:473)
	at org.junit.Assert.assertArrayEquals(Assert.java:294)
	at org.junit.Assert.assertArrayEquals(Assert.java:305)
	at com.google.security.wycheproof.AesGcmTest.testLargeArrayAlias(AesGcmTest.java:465)
	... 32 more
5) testByteBufferShiftedAlias(com.google.security.wycheproof.AesGcmTest)
java.lang.AssertionError: Overlapping buffers test failed with buffer type: array backed buffers and output offset 1
	at com.google.security.wycheproof.AesGcmTest.testByteBufferShiftedAlias(AesGcmTest.java:583)
	at sun.reflect.NativeMethodAccessorImpl.invoke0(Native Method)
	at sun.reflect.NativeMethodAccessorImpl.invoke(NativeMethodAccessorImpl.java:62)
	at sun.reflect.DelegatingMethodAccessorImpl.invoke(DelegatingMethodAccessorImpl.java:43)
	at java.lang.reflect.Method.invoke(Method.java:498)
	at org.junit.runners.model.FrameworkMethod$1.runReflectiveCall(FrameworkMethod.java:47)
	at org.junit.internal.runners.model.ReflectiveCallable.run(ReflectiveCallable.java:12)
	at org.junit.runners.model.FrameworkMethod.invokeExplosively(FrameworkMethod.java:44)
	at org.junit.internal.runners.statements.InvokeMethod.evaluate(InvokeMethod.java:17)
	at org.junit.runners.ParentRunner.runLeaf(ParentRunner.java:271)
	at org.junit.runners.BlockJUnit4ClassRunner.runChild(BlockJUnit4ClassRunner.java:70)
	at org.junit.runners.BlockJUnit4ClassRunner.runChild(BlockJUnit4ClassRunner.java:50)
	at org.junit.runners.ParentRunner$3.run(ParentRunner.java:238)
	at org.junit.runners.ParentRunner$1.schedule(ParentRunner.java:63)
	at org.junit.runners.ParentRunner.runChildren(ParentRunner.java:236)
	at org.junit.runners.ParentRunner.access$000(ParentRunner.java:53)
	at org.junit.runners.ParentRunner$2.evaluate(ParentRunner.java:229)
	at org.junit.runners.ParentRunner.run(ParentRunner.java:309)
	at org.junit.runners.Suite.runChild(Suite.java:127)
	at org.junit.runners.Suite.runChild(Suite.java:26)
	at org.junit.runners.ParentRunner$3.run(ParentRunner.java:238)
	at org.junit.runners.ParentRunner$1.schedule(ParentRunner.java:63)
	at org.junit.runners.ParentRunner.runChildren(ParentRunner.java:236)
	at org.junit.runners.ParentRunner.access$000(ParentRunner.java:53)
	at org.junit.runners.ParentRunner$2.evaluate(ParentRunner.java:229)
	at org.junit.internal.runners.statements.RunBefores.evaluate(RunBefores.java:26)
	at org.junit.runners.ParentRunner.run(ParentRunner.java:309)
	at com.google.testing.junit.runner.internal.junit4.CancellableRequestFactory$CancellableRunner.run(CancellableRequestFactory.java:89)
	at org.junit.runner.JUnitCore.run(JUnitCore.java:160)
	at org.junit.runner.JUnitCore.run(JUnitCore.java:138)
	at com.google.testing.junit.runner.junit4.JUnit4Runner.run(JUnit4Runner.java:112)
	at com.google.testing.junit.runner.BazelTestRunner.runTestsInSuite(BazelTestRunner.java:144)
	at com.google.testing.junit.runner.BazelTestRunner.main(BazelTestRunner.java:82)
Caused by: java.lang.AssertionError: expected:<java.nio.HeapByteBuffer[pos=0 lim=8192 cap=8192]> but was:<java.nio.HeapByteBuffer[pos=0 lim=8192 cap=8208]>
	at org.junit.Assert.fail(Assert.java:88)
	at org.junit.Assert.failNotEquals(Assert.java:743)
	at org.junit.Assert.assertEquals(Assert.java:118)
	at org.junit.Assert.assertEquals(Assert.java:144)
	at com.google.security.wycheproof.AesGcmTest.testByteBufferShiftedAlias(AesGcmTest.java:581)
	... 32 more
6) testIvReuse(com.google.security.wycheproof.AesGcmTest)
java.lang.AssertionError: It should not possible to reuse an IV. ct1:26073cc1d851beff176384dc9896d5ff0a3ea7a5487cb5f7d70fb6c58d038554 ct2:26073cc1d851beff176384dc9896d5ff0a3ea7a5487cb5f7d70fb6c58d038554
	at org.junit.Assert.fail(Assert.java:88)
	at com.google.security.wycheproof.AesGcmTest.testIvReuse(AesGcmTest.java:327)
	at sun.reflect.NativeMethodAccessorImpl.invoke0(Native Method)
	at sun.reflect.NativeMethodAccessorImpl.invoke(NativeMethodAccessorImpl.java:62)
	at sun.reflect.DelegatingMethodAccessorImpl.invoke(DelegatingMethodAccessorImpl.java:43)
	at java.lang.reflect.Method.invoke(Method.java:498)
	at org.junit.runners.model.FrameworkMethod$1.runReflectiveCall(FrameworkMethod.java:47)
	at org.junit.internal.runners.model.ReflectiveCallable.run(ReflectiveCallable.java:12)
	at org.junit.runners.model.FrameworkMethod.invokeExplosively(FrameworkMethod.java:44)
	at org.junit.internal.runners.statements.InvokeMethod.evaluate(InvokeMethod.java:17)
	at org.junit.runners.ParentRunner.runLeaf(ParentRunner.java:271)
	at org.junit.runners.BlockJUnit4ClassRunner.runChild(BlockJUnit4ClassRunner.java:70)
	at org.junit.runners.BlockJUnit4ClassRunner.runChild(BlockJUnit4ClassRunner.java:50)
	at org.junit.runners.ParentRunner$3.run(ParentRunner.java:238)
	at org.junit.runners.ParentRunner$1.schedule(ParentRunner.java:63)
	at org.junit.runners.ParentRunner.runChildren(ParentRunner.java:236)
	at org.junit.runners.ParentRunner.access$000(ParentRunner.java:53)
	at org.junit.runners.ParentRunner$2.evaluate(ParentRunner.java:229)
	at org.junit.runners.ParentRunner.run(ParentRunner.java:309)
	at org.junit.runners.Suite.runChild(Suite.java:127)
	at org.junit.runners.Suite.runChild(Suite.java:26)
	at org.junit.runners.ParentRunner$3.run(ParentRunner.java:238)
	at org.junit.runners.ParentRunner$1.schedule(ParentRunner.java:63)
	at org.junit.runners.ParentRunner.runChildren(ParentRunner.java:236)
	at org.junit.runners.ParentRunner.access$000(ParentRunner.java:53)
	at org.junit.runners.ParentRunner$2.evaluate(ParentRunner.java:229)
	at org.junit.internal.runners.statements.RunBefores.evaluate(RunBefores.java:26)
	at org.junit.runners.ParentRunner.run(ParentRunner.java:309)
	at com.google.testing.junit.runner.internal.junit4.CancellableRequestFactory$CancellableRunner.run(CancellableRequestFactory.java:89)
	at org.junit.runner.JUnitCore.run(JUnitCore.java:160)
	at org.junit.runner.JUnitCore.run(JUnitCore.java:138)
	at com.google.testing.junit.runner.junit4.JUnit4Runner.run(JUnit4Runner.java:112)
	at com.google.testing.junit.runner.BazelTestRunner.runTestsInSuite(BazelTestRunner.java:144)
	at com.google.testing.junit.runner.BazelTestRunner.main(BazelTestRunner.java:82)
7) testCorruptAesGcm(com.google.security.wycheproof.CipherInputStreamTest)
java.lang.AssertionError: this should fail; decrypted:3ba697fb542d69be3358db2fb8f97f36 pt: 3ba697fb542d69be3358db2fb8f97f36
	at org.junit.Assert.fail(Assert.java:88)
	at com.google.security.wycheproof.CipherInputStreamTest.testCorruptDecrypt(CipherInputStreamTest.java:190)
	at com.google.security.wycheproof.CipherInputStreamTest.testCorruptAesGcm(CipherInputStreamTest.java:252)
	at sun.reflect.NativeMethodAccessorImpl.invoke0(Native Method)
	at sun.reflect.NativeMethodAccessorImpl.invoke(NativeMethodAccessorImpl.java:62)
	at sun.reflect.DelegatingMethodAccessorImpl.invoke(DelegatingMethodAccessorImpl.java:43)
	at java.lang.reflect.Method.invoke(Method.java:498)
	at org.junit.runners.model.FrameworkMethod$1.runReflectiveCall(FrameworkMethod.java:47)
	at org.junit.internal.runners.model.ReflectiveCallable.run(ReflectiveCallable.java:12)
	at org.junit.runners.model.FrameworkMethod.invokeExplosively(FrameworkMethod.java:44)
	at org.junit.internal.runners.statements.InvokeMethod.evaluate(InvokeMethod.java:17)
	at org.junit.runners.ParentRunner.runLeaf(ParentRunner.java:271)
	at org.junit.runners.BlockJUnit4ClassRunner.runChild(BlockJUnit4ClassRunner.java:70)
	at org.junit.runners.BlockJUnit4ClassRunner.runChild(BlockJUnit4ClassRunner.java:50)
	at org.junit.runners.ParentRunner$3.run(ParentRunner.java:238)
	at org.junit.runners.ParentRunner$1.schedule(ParentRunner.java:63)
	at org.junit.runners.ParentRunner.runChildren(ParentRunner.java:236)
	at org.junit.runners.ParentRunner.access$000(ParentRunner.java:53)
	at org.junit.runners.ParentRunner$2.evaluate(ParentRunner.java:229)
	at org.junit.runners.ParentRunner.run(ParentRunner.java:309)
	at org.junit.runners.Suite.runChild(Suite.java:127)
	at org.junit.runners.Suite.runChild(Suite.java:26)
	at org.junit.runners.ParentRunner$3.run(ParentRunner.java:238)
	at org.junit.runners.ParentRunner$1.schedule(ParentRunner.java:63)
	at org.junit.runners.ParentRunner.runChildren(ParentRunner.java:236)
	at org.junit.runners.ParentRunner.access$000(ParentRunner.java:53)
	at org.junit.runners.ParentRunner$2.evaluate(ParentRunner.java:229)
	at org.junit.internal.runners.statements.RunBefores.evaluate(RunBefores.java:26)
	at org.junit.runners.ParentRunner.run(ParentRunner.java:309)
	at com.google.testing.junit.runner.internal.junit4.CancellableRequestFactory$CancellableRunner.run(CancellableRequestFactory.java:89)
	at org.junit.runner.JUnitCore.run(JUnitCore.java:160)
	at org.junit.runner.JUnitCore.run(JUnitCore.java:138)
	at com.google.testing.junit.runner.junit4.JUnit4Runner.run(JUnit4Runner.java:112)
	at com.google.testing.junit.runner.BazelTestRunner.runTestsInSuite(BazelTestRunner.java:144)
	at com.google.testing.junit.runner.BazelTestRunner.main(BazelTestRunner.java:82)
8) testAesEax(com.google.security.wycheproof.CipherInputStreamTest)
java.lang.AssertionError: this should fail; decrypted:b76f4b4ec207d72cdb438bde06cd0fbe pt: b76f4b4ec207d72cdb438bde06cd0fbe
	at org.junit.Assert.fail(Assert.java:88)
	at com.google.security.wycheproof.CipherInputStreamTest.testCorruptDecrypt(CipherInputStreamTest.java:190)
	at com.google.security.wycheproof.CipherInputStreamTest.testAesEax(CipherInputStreamTest.java:291)
	at sun.reflect.NativeMethodAccessorImpl.invoke0(Native Method)
	at sun.reflect.NativeMethodAccessorImpl.invoke(NativeMethodAccessorImpl.java:62)
	at sun.reflect.DelegatingMethodAccessorImpl.invoke(DelegatingMethodAccessorImpl.java:43)
	at java.lang.reflect.Method.invoke(Method.java:498)
	at org.junit.runners.model.FrameworkMethod$1.runReflectiveCall(FrameworkMethod.java:47)
	at org.junit.internal.runners.model.ReflectiveCallable.run(ReflectiveCallable.java:12)
	at org.junit.runners.model.FrameworkMethod.invokeExplosively(FrameworkMethod.java:44)
	at org.junit.internal.runners.statements.InvokeMethod.evaluate(InvokeMethod.java:17)
	at org.junit.runners.ParentRunner.runLeaf(ParentRunner.java:271)
	at org.junit.runners.BlockJUnit4ClassRunner.runChild(BlockJUnit4ClassRunner.java:70)
	at org.junit.runners.BlockJUnit4ClassRunner.runChild(BlockJUnit4ClassRunner.java:50)
	at org.junit.runners.ParentRunner$3.run(ParentRunner.java:238)
	at org.junit.runners.ParentRunner$1.schedule(ParentRunner.java:63)
	at org.junit.runners.ParentRunner.runChildren(ParentRunner.java:236)
	at org.junit.runners.ParentRunner.access$000(ParentRunner.java:53)
	at org.junit.runners.ParentRunner$2.evaluate(ParentRunner.java:229)
	at org.junit.runners.ParentRunner.run(ParentRunner.java:309)
	at org.junit.runners.Suite.runChild(Suite.java:127)
	at org.junit.runners.Suite.runChild(Suite.java:26)
	at org.junit.runners.ParentRunner$3.run(ParentRunner.java:238)
	at org.junit.runners.ParentRunner$1.schedule(ParentRunner.java:63)
	at org.junit.runners.ParentRunner.runChildren(ParentRunner.java:236)
	at org.junit.runners.ParentRunner.access$000(ParentRunner.java:53)
	at org.junit.runners.ParentRunner$2.evaluate(ParentRunner.java:229)
	at org.junit.internal.runners.statements.RunBefores.evaluate(RunBefores.java:26)
	at org.junit.runners.ParentRunner.run(ParentRunner.java:309)
	at com.google.testing.junit.runner.internal.junit4.CancellableRequestFactory$CancellableRunner.run(CancellableRequestFactory.java:89)
	at org.junit.runner.JUnitCore.run(JUnitCore.java:160)
	at org.junit.runner.JUnitCore.run(JUnitCore.java:138)
	at com.google.testing.junit.runner.junit4.JUnit4Runner.run(JUnit4Runner.java:112)
	at com.google.testing.junit.runner.BazelTestRunner.runTestsInSuite(BazelTestRunner.java:144)
	at com.google.testing.junit.runner.BazelTestRunner.main(BazelTestRunner.java:82)
9) testEmptyPlaintext(com.google.security.wycheproof.CipherOutputStreamTest)
java.lang.AssertionError: this should fail; decrypted: pt: 
	at org.junit.Assert.fail(Assert.java:88)
	at com.google.security.wycheproof.CipherOutputStreamTest.testCorruptDecryptEmpty(CipherOutputStreamTest.java:186)
	at com.google.security.wycheproof.CipherOutputStreamTest.testEmptyPlaintext(CipherOutputStreamTest.java:227)
	at sun.reflect.NativeMethodAccessorImpl.invoke0(Native Method)
	at sun.reflect.NativeMethodAccessorImpl.invoke(NativeMethodAccessorImpl.java:62)
	at sun.reflect.DelegatingMethodAccessorImpl.invoke(DelegatingMethodAccessorImpl.java:43)
	at java.lang.reflect.Method.invoke(Method.java:498)
	at org.junit.runners.model.FrameworkMethod$1.runReflectiveCall(FrameworkMethod.java:47)
	at org.junit.internal.runners.model.ReflectiveCallable.run(ReflectiveCallable.java:12)
	at org.junit.runners.model.FrameworkMethod.invokeExplosively(FrameworkMethod.java:44)
	at org.junit.internal.runners.statements.InvokeMethod.evaluate(InvokeMethod.java:17)
	at org.junit.runners.ParentRunner.runLeaf(ParentRunner.java:271)
	at org.junit.runners.BlockJUnit4ClassRunner.runChild(BlockJUnit4ClassRunner.java:70)
	at org.junit.runners.BlockJUnit4ClassRunner.runChild(BlockJUnit4ClassRunner.java:50)
	at org.junit.runners.ParentRunner$3.run(ParentRunner.java:238)
	at org.junit.runners.ParentRunner$1.schedule(ParentRunner.java:63)
	at org.junit.runners.ParentRunner.runChildren(ParentRunner.java:236)
	at org.junit.runners.ParentRunner.access$000(ParentRunner.java:53)
	at org.junit.runners.ParentRunner$2.evaluate(ParentRunner.java:229)
	at org.junit.runners.ParentRunner.run(ParentRunner.java:309)
	at org.junit.runners.Suite.runChild(Suite.java:127)
	at org.junit.runners.Suite.runChild(Suite.java:26)
	at org.junit.runners.ParentRunner$3.run(ParentRunner.java:238)
	at org.junit.runners.ParentRunner$1.schedule(ParentRunner.java:63)
	at org.junit.runners.ParentRunner.runChildren(ParentRunner.java:236)
	at org.junit.runners.ParentRunner.access$000(ParentRunner.java:53)
	at org.junit.runners.ParentRunner$2.evaluate(ParentRunner.java:229)
	at org.junit.internal.runners.statements.RunBefores.evaluate(RunBefores.java:26)
	at org.junit.runners.ParentRunner.run(ParentRunner.java:309)
	at com.google.testing.junit.runner.internal.junit4.CancellableRequestFactory$CancellableRunner.run(CancellableRequestFactory.java:89)
	at org.junit.runner.JUnitCore.run(JUnitCore.java:160)
	at org.junit.runner.JUnitCore.run(JUnitCore.java:138)
	at com.google.testing.junit.runner.junit4.JUnit4Runner.run(JUnit4Runner.java:112)
	at com.google.testing.junit.runner.BazelTestRunner.runTestsInSuite(BazelTestRunner.java:144)
	at com.google.testing.junit.runner.BazelTestRunner.main(BazelTestRunner.java:82)
10) testAesEax(com.google.security.wycheproof.CipherOutputStreamTest)
java.lang.AssertionError: this should fail; decrypted:7dc7e4f192cd6e13a350e558b478cc21 pt: 7dc7e4f192cd6e13a350e558b478cc21
	at org.junit.Assert.fail(Assert.java:88)
	at com.google.security.wycheproof.CipherOutputStreamTest.testCorruptDecrypt(CipherOutputStreamTest.java:159)
	at com.google.security.wycheproof.CipherOutputStreamTest.testAesEax(CipherOutputStreamTest.java:250)
	at sun.reflect.NativeMethodAccessorImpl.invoke0(Native Method)
	at sun.reflect.NativeMethodAccessorImpl.invoke(NativeMethodAccessorImpl.java:62)
	at sun.reflect.DelegatingMethodAccessorImpl.invoke(DelegatingMethodAccessorImpl.java:43)
	at java.lang.reflect.Method.invoke(Method.java:498)
	at org.junit.runners.model.FrameworkMethod$1.runReflectiveCall(FrameworkMethod.java:47)
	at org.junit.internal.runners.model.ReflectiveCallable.run(ReflectiveCallable.java:12)
	at org.junit.runners.model.FrameworkMethod.invokeExplosively(FrameworkMethod.java:44)
	at org.junit.internal.runners.statements.InvokeMethod.evaluate(InvokeMethod.java:17)
	at org.junit.runners.ParentRunner.runLeaf(ParentRunner.java:271)
	at org.junit.runners.BlockJUnit4ClassRunner.runChild(BlockJUnit4ClassRunner.java:70)
	at org.junit.runners.BlockJUnit4ClassRunner.runChild(BlockJUnit4ClassRunner.java:50)
	at org.junit.runners.ParentRunner$3.run(ParentRunner.java:238)
	at org.junit.runners.ParentRunner$1.schedule(ParentRunner.java:63)
	at org.junit.runners.ParentRunner.runChildren(ParentRunner.java:236)
	at org.junit.runners.ParentRunner.access$000(ParentRunner.java:53)
	at org.junit.runners.ParentRunner$2.evaluate(ParentRunner.java:229)
	at org.junit.runners.ParentRunner.run(ParentRunner.java:309)
	at org.junit.runners.Suite.runChild(Suite.java:127)
	at org.junit.runners.Suite.runChild(Suite.java:26)
	at org.junit.runners.ParentRunner$3.run(ParentRunner.java:238)
	at org.junit.runners.ParentRunner$1.schedule(ParentRunner.java:63)
	at org.junit.runners.ParentRunner.runChildren(ParentRunner.java:236)
	at org.junit.runners.ParentRunner.access$000(ParentRunner.java:53)
	at org.junit.runners.ParentRunner$2.evaluate(ParentRunner.java:229)
	at org.junit.internal.runners.statements.RunBefores.evaluate(RunBefores.java:26)
	at org.junit.runners.ParentRunner.run(ParentRunner.java:309)
	at com.google.testing.junit.runner.internal.junit4.CancellableRequestFactory$CancellableRunner.run(CancellableRequestFactory.java:89)
	at org.junit.runner.JUnitCore.run(JUnitCore.java:160)
	at org.junit.runner.JUnitCore.run(JUnitCore.java:138)
	at com.google.testing.junit.runner.junit4.JUnit4Runner.run(JUnit4Runner.java:112)
	at com.google.testing.junit.runner.BazelTestRunner.runTestsInSuite(BazelTestRunner.java:144)
	at com.google.testing.junit.runner.BazelTestRunner.main(BazelTestRunner.java:82)
11) testAesGcm(com.google.security.wycheproof.CipherOutputStreamTest)
java.lang.AssertionError: this should fail; decrypted:d954ce42d92de5dcd99bbbaa8bce4b5d pt: d954ce42d92de5dcd99bbbaa8bce4b5d
	at org.junit.Assert.fail(Assert.java:88)
	at com.google.security.wycheproof.CipherOutputStreamTest.testCorruptDecrypt(CipherOutputStreamTest.java:159)
	at com.google.security.wycheproof.CipherOutputStreamTest.testAesGcm(CipherOutputStreamTest.java:208)
	at sun.reflect.NativeMethodAccessorImpl.invoke0(Native Method)
	at sun.reflect.NativeMethodAccessorImpl.invoke(NativeMethodAccessorImpl.java:62)
	at sun.reflect.DelegatingMethodAccessorImpl.invoke(DelegatingMethodAccessorImpl.java:43)
	at java.lang.reflect.Method.invoke(Method.java:498)
	at org.junit.runners.model.FrameworkMethod$1.runReflectiveCall(FrameworkMethod.java:47)
	at org.junit.internal.runners.model.ReflectiveCallable.run(ReflectiveCallable.java:12)
	at org.junit.runners.model.FrameworkMethod.invokeExplosively(FrameworkMethod.java:44)
	at org.junit.internal.runners.statements.InvokeMethod.evaluate(InvokeMethod.java:17)
	at org.junit.runners.ParentRunner.runLeaf(ParentRunner.java:271)
	at org.junit.runners.BlockJUnit4ClassRunner.runChild(BlockJUnit4ClassRunner.java:70)
	at org.junit.runners.BlockJUnit4ClassRunner.runChild(BlockJUnit4ClassRunner.java:50)
	at org.junit.runners.ParentRunner$3.run(ParentRunner.java:238)
	at org.junit.runners.ParentRunner$1.schedule(ParentRunner.java:63)
	at org.junit.runners.ParentRunner.runChildren(ParentRunner.java:236)
	at org.junit.runners.ParentRunner.access$000(ParentRunner.java:53)
	at org.junit.runners.ParentRunner$2.evaluate(ParentRunner.java:229)
	at org.junit.runners.ParentRunner.run(ParentRunner.java:309)
	at org.junit.runners.Suite.runChild(Suite.java:127)
	at org.junit.runners.Suite.runChild(Suite.java:26)
	at org.junit.runners.ParentRunner$3.run(ParentRunner.java:238)
	at org.junit.runners.ParentRunner$1.schedule(ParentRunner.java:63)
	at org.junit.runners.ParentRunner.runChildren(ParentRunner.java:236)
	at org.junit.runners.ParentRunner.access$000(ParentRunner.java:53)
	at org.junit.runners.ParentRunner$2.evaluate(ParentRunner.java:229)
	at org.junit.internal.runners.statements.RunBefores.evaluate(RunBefores.java:26)
	at org.junit.runners.ParentRunner.run(ParentRunner.java:309)
	at com.google.testing.junit.runner.internal.junit4.CancellableRequestFactory$CancellableRunner.run(CancellableRequestFactory.java:89)
	at org.junit.runner.JUnitCore.run(JUnitCore.java:160)
	at org.junit.runner.JUnitCore.run(JUnitCore.java:138)
	at com.google.testing.junit.runner.junit4.JUnit4Runner.run(JUnit4Runner.java:112)
	at com.google.testing.junit.runner.BazelTestRunner.runTestsInSuite(BazelTestRunner.java:144)
	at com.google.testing.junit.runner.BazelTestRunner.main(BazelTestRunner.java:82)
12) testSubgroupConfinement(com.google.security.wycheproof.DhTest)
java.lang.AssertionError: Generated secrets with weak public key:0 secret:00000000000000000000000000000000000000000000000000000000000000000000000000000000000000000000000000000000000000000000000000000000000000000000000000000000000000000000000000000000000000000000000000000000000000000000000000000000000000000000000000000000000000000000000000000000000000000000000000000000000000000000000000000000000000000000000000000000000000000000000000000000000000000000000000000000000000000000000000000000000000000000000000000000000000000000000000000000000000000000000000000000000000000000000000000000
	at org.junit.Assert.fail(Assert.java:88)
	at com.google.security.wycheproof.DhTest.testSubgroupConfinement(DhTest.java:436)
	at sun.reflect.NativeMethodAccessorImpl.invoke0(Native Method)
	at sun.reflect.NativeMethodAccessorImpl.invoke(NativeMethodAccessorImpl.java:62)
	at sun.reflect.DelegatingMethodAccessorImpl.invoke(DelegatingMethodAccessorImpl.java:43)
	at java.lang.reflect.Method.invoke(Method.java:498)
	at org.junit.runners.model.FrameworkMethod$1.runReflectiveCall(FrameworkMethod.java:47)
	at org.junit.internal.runners.model.ReflectiveCallable.run(ReflectiveCallable.java:12)
	at org.junit.runners.model.FrameworkMethod.invokeExplosively(FrameworkMethod.java:44)
	at org.junit.internal.runners.statements.InvokeMethod.evaluate(InvokeMethod.java:17)
	at org.junit.runners.ParentRunner.runLeaf(ParentRunner.java:271)
	at org.junit.runners.BlockJUnit4ClassRunner.runChild(BlockJUnit4ClassRunner.java:70)
	at org.junit.runners.BlockJUnit4ClassRunner.runChild(BlockJUnit4ClassRunner.java:50)
	at org.junit.runners.ParentRunner$3.run(ParentRunner.java:238)
	at org.junit.runners.ParentRunner$1.schedule(ParentRunner.java:63)
	at org.junit.runners.ParentRunner.runChildren(ParentRunner.java:236)
	at org.junit.runners.ParentRunner.access$000(ParentRunner.java:53)
	at org.junit.runners.ParentRunner$2.evaluate(ParentRunner.java:229)
	at org.junit.runners.ParentRunner.run(ParentRunner.java:309)
	at org.junit.runners.Suite.runChild(Suite.java:127)
	at org.junit.runners.Suite.runChild(Suite.java:26)
	at org.junit.runners.ParentRunner$3.run(ParentRunner.java:238)
	at org.junit.runners.ParentRunner$1.schedule(ParentRunner.java:63)
	at org.junit.runners.ParentRunner.runChildren(ParentRunner.java:236)
	at org.junit.runners.ParentRunner.access$000(ParentRunner.java:53)
	at org.junit.runners.ParentRunner$2.evaluate(ParentRunner.java:229)
	at org.junit.internal.runners.statements.RunBefores.evaluate(RunBefores.java:26)
	at org.junit.runners.ParentRunner.run(ParentRunner.java:309)
	at com.google.testing.junit.runner.internal.junit4.CancellableRequestFactory$CancellableRunner.run(CancellableRequestFactory.java:89)
	at org.junit.runner.JUnitCore.run(JUnitCore.java:160)
	at org.junit.runner.JUnitCore.run(JUnitCore.java:138)
	at com.google.testing.junit.runner.junit4.JUnit4Runner.run(JUnit4Runner.java:112)
	at com.google.testing.junit.runner.BazelTestRunner.runTestsInSuite(BazelTestRunner.java:144)
	at com.google.testing.junit.runner.BazelTestRunner.main(BazelTestRunner.java:82)
13) testSemanticSecurityDhiesWithAes(com.google.security.wycheproof.DhiesTest)
java.security.InvalidKeyException: Illegal key size or default parameters
	at javax.crypto.Cipher.checkCryptoPerm(Cipher.java:1026)
	at javax.crypto.Cipher.implInit(Cipher.java:801)
	at javax.crypto.Cipher.chooseProvider(Cipher.java:864)
	at javax.crypto.Cipher.init(Cipher.java:1249)
	at javax.crypto.Cipher.init(Cipher.java:1186)
	at com.google.security.wycheproof.DhiesTest.testNotEcb(DhiesTest.java:165)
	at com.google.security.wycheproof.DhiesTest.testSemanticSecurityDhiesWithAes(DhiesTest.java:192)
	at sun.reflect.NativeMethodAccessorImpl.invoke0(Native Method)
	at sun.reflect.NativeMethodAccessorImpl.invoke(NativeMethodAccessorImpl.java:62)
	at sun.reflect.DelegatingMethodAccessorImpl.invoke(DelegatingMethodAccessorImpl.java:43)
	at java.lang.reflect.Method.invoke(Method.java:498)
	at org.junit.runners.model.FrameworkMethod$1.runReflectiveCall(FrameworkMethod.java:47)
	at org.junit.internal.runners.model.ReflectiveCallable.run(ReflectiveCallable.java:12)
	at org.junit.runners.model.FrameworkMethod.invokeExplosively(FrameworkMethod.java:44)
	at org.junit.internal.runners.statements.InvokeMethod.evaluate(InvokeMethod.java:17)
	at org.junit.runners.ParentRunner.runLeaf(ParentRunner.java:271)
	at org.junit.runners.BlockJUnit4ClassRunner.runChild(BlockJUnit4ClassRunner.java:70)
	at org.junit.runners.BlockJUnit4ClassRunner.runChild(BlockJUnit4ClassRunner.java:50)
	at org.junit.runners.ParentRunner$3.run(ParentRunner.java:238)
	at org.junit.runners.ParentRunner$1.schedule(ParentRunner.java:63)
	at org.junit.runners.ParentRunner.runChildren(ParentRunner.java:236)
	at org.junit.runners.ParentRunner.access$000(ParentRunner.java:53)
	at org.junit.runners.ParentRunner$2.evaluate(ParentRunner.java:229)
	at org.junit.runners.ParentRunner.run(ParentRunner.java:309)
	at org.junit.runners.Suite.runChild(Suite.java:127)
	at org.junit.runners.Suite.runChild(Suite.java:26)
	at org.junit.runners.ParentRunner$3.run(ParentRunner.java:238)
	at org.junit.runners.ParentRunner$1.schedule(ParentRunner.java:63)
	at org.junit.runners.ParentRunner.runChildren(ParentRunner.java:236)
	at org.junit.runners.ParentRunner.access$000(ParentRunner.java:53)
	at org.junit.runners.ParentRunner$2.evaluate(ParentRunner.java:229)
	at org.junit.internal.runners.statements.RunBefores.evaluate(RunBefores.java:26)
	at org.junit.runners.ParentRunner.run(ParentRunner.java:309)
	at com.google.testing.junit.runner.internal.junit4.CancellableRequestFactory$CancellableRunner.run(CancellableRequestFactory.java:89)
	at org.junit.runner.JUnitCore.run(JUnitCore.java:160)
	at org.junit.runner.JUnitCore.run(JUnitCore.java:138)
	at com.google.testing.junit.runner.junit4.JUnit4Runner.run(JUnit4Runner.java:112)
	at com.google.testing.junit.runner.BazelTestRunner.runTestsInSuite(BazelTestRunner.java:144)
	at com.google.testing.junit.runner.BazelTestRunner.main(BazelTestRunner.java:82)
14) testDhiesCorrupt(com.google.security.wycheproof.DhiesTest)
java.security.InvalidKeyException: Illegal key size or default parameters
	at javax.crypto.Cipher.checkCryptoPerm(Cipher.java:1026)
	at javax.crypto.Cipher.implInit(Cipher.java:801)
	at javax.crypto.Cipher.chooseProvider(Cipher.java:864)
	at javax.crypto.Cipher.init(Cipher.java:1249)
	at javax.crypto.Cipher.init(Cipher.java:1186)
	at com.google.security.wycheproof.DhiesTest.testDhiesCorrupt(DhiesTest.java:129)
	at sun.reflect.NativeMethodAccessorImpl.invoke0(Native Method)
	at sun.reflect.NativeMethodAccessorImpl.invoke(NativeMethodAccessorImpl.java:62)
	at sun.reflect.DelegatingMethodAccessorImpl.invoke(DelegatingMethodAccessorImpl.java:43)
	at java.lang.reflect.Method.invoke(Method.java:498)
	at org.junit.runners.model.FrameworkMethod$1.runReflectiveCall(FrameworkMethod.java:47)
	at org.junit.internal.runners.model.ReflectiveCallable.run(ReflectiveCallable.java:12)
	at org.junit.runners.model.FrameworkMethod.invokeExplosively(FrameworkMethod.java:44)
	at org.junit.internal.runners.statements.InvokeMethod.evaluate(InvokeMethod.java:17)
	at org.junit.runners.ParentRunner.runLeaf(ParentRunner.java:271)
	at org.junit.runners.BlockJUnit4ClassRunner.runChild(BlockJUnit4ClassRunner.java:70)
	at org.junit.runners.BlockJUnit4ClassRunner.runChild(BlockJUnit4ClassRunner.java:50)
	at org.junit.runners.ParentRunner$3.run(ParentRunner.java:238)
	at org.junit.runners.ParentRunner$1.schedule(ParentRunner.java:63)
	at org.junit.runners.ParentRunner.runChildren(ParentRunner.java:236)
	at org.junit.runners.ParentRunner.access$000(ParentRunner.java:53)
	at org.junit.runners.ParentRunner$2.evaluate(ParentRunner.java:229)
	at org.junit.runners.ParentRunner.run(ParentRunner.java:309)
	at org.junit.runners.Suite.runChild(Suite.java:127)
	at org.junit.runners.Suite.runChild(Suite.java:26)
	at org.junit.runners.ParentRunner$3.run(ParentRunner.java:238)
	at org.junit.runners.ParentRunner$1.schedule(ParentRunner.java:63)
	at org.junit.runners.ParentRunner.runChildren(ParentRunner.java:236)
	at org.junit.runners.ParentRunner.access$000(ParentRunner.java:53)
	at org.junit.runners.ParentRunner$2.evaluate(ParentRunner.java:229)
	at org.junit.internal.runners.statements.RunBefores.evaluate(RunBefores.java:26)
	at org.junit.runners.ParentRunner.run(ParentRunner.java:309)
	at com.google.testing.junit.runner.internal.junit4.CancellableRequestFactory$CancellableRunner.run(CancellableRequestFactory.java:89)
	at org.junit.runner.JUnitCore.run(JUnitCore.java:160)
	at org.junit.runner.JUnitCore.run(JUnitCore.java:138)
	at com.google.testing.junit.runner.junit4.JUnit4Runner.run(JUnit4Runner.java:112)
	at com.google.testing.junit.runner.BazelTestRunner.runTestsInSuite(BazelTestRunner.java:144)
	at com.google.testing.junit.runner.BazelTestRunner.main(BazelTestRunner.java:82)
15) testDhiesBasic(com.google.security.wycheproof.DhiesTest)
java.security.InvalidKeyException: Illegal key size or default parameters
	at javax.crypto.Cipher.checkCryptoPerm(Cipher.java:1026)
	at javax.crypto.Cipher.implInit(Cipher.java:801)
	at javax.crypto.Cipher.chooseProvider(Cipher.java:864)
	at javax.crypto.Cipher.init(Cipher.java:1249)
	at javax.crypto.Cipher.init(Cipher.java:1186)
	at com.google.security.wycheproof.DhiesTest.testDhiesBasic(DhiesTest.java:100)
	at sun.reflect.NativeMethodAccessorImpl.invoke0(Native Method)
	at sun.reflect.NativeMethodAccessorImpl.invoke(NativeMethodAccessorImpl.java:62)
	at sun.reflect.DelegatingMethodAccessorImpl.invoke(DelegatingMethodAccessorImpl.java:43)
	at java.lang.reflect.Method.invoke(Method.java:498)
	at org.junit.runners.model.FrameworkMethod$1.runReflectiveCall(FrameworkMethod.java:47)
	at org.junit.internal.runners.model.ReflectiveCallable.run(ReflectiveCallable.java:12)
	at org.junit.runners.model.FrameworkMethod.invokeExplosively(FrameworkMethod.java:44)
	at org.junit.internal.runners.statements.InvokeMethod.evaluate(InvokeMethod.java:17)
	at org.junit.runners.ParentRunner.runLeaf(ParentRunner.java:271)
	at org.junit.runners.BlockJUnit4ClassRunner.runChild(BlockJUnit4ClassRunner.java:70)
	at org.junit.runners.BlockJUnit4ClassRunner.runChild(BlockJUnit4ClassRunner.java:50)
	at org.junit.runners.ParentRunner$3.run(ParentRunner.java:238)
	at org.junit.runners.ParentRunner$1.schedule(ParentRunner.java:63)
	at org.junit.runners.ParentRunner.runChildren(ParentRunner.java:236)
	at org.junit.runners.ParentRunner.access$000(ParentRunner.java:53)
	at org.junit.runners.ParentRunner$2.evaluate(ParentRunner.java:229)
	at org.junit.runners.ParentRunner.run(ParentRunner.java:309)
	at org.junit.runners.Suite.runChild(Suite.java:127)
	at org.junit.runners.Suite.runChild(Suite.java:26)
	at org.junit.runners.ParentRunner$3.run(ParentRunner.java:238)
	at org.junit.runners.ParentRunner$1.schedule(ParentRunner.java:63)
	at org.junit.runners.ParentRunner.runChildren(ParentRunner.java:236)
	at org.junit.runners.ParentRunner.access$000(ParentRunner.java:53)
	at org.junit.runners.ParentRunner$2.evaluate(ParentRunner.java:229)
	at org.junit.internal.runners.statements.RunBefores.evaluate(RunBefores.java:26)
	at org.junit.runners.ParentRunner.run(ParentRunner.java:309)
	at com.google.testing.junit.runner.internal.junit4.CancellableRequestFactory$CancellableRunner.run(CancellableRequestFactory.java:89)
	at org.junit.runner.JUnitCore.run(JUnitCore.java:160)
	at org.junit.runner.JUnitCore.run(JUnitCore.java:138)
	at com.google.testing.junit.runner.junit4.JUnit4Runner.run(JUnit4Runner.java:112)
	at com.google.testing.junit.runner.BazelTestRunner.runTestsInSuite(BazelTestRunner.java:144)
	at com.google.testing.junit.runner.BazelTestRunner.main(BazelTestRunner.java:82)
16) testSemanticSecurityDhies(com.google.security.wycheproof.DhiesTest)
java.security.InvalidKeyException: Illegal key size or default parameters
	at javax.crypto.Cipher.checkCryptoPerm(Cipher.java:1026)
	at javax.crypto.Cipher.implInit(Cipher.java:801)
	at javax.crypto.Cipher.chooseProvider(Cipher.java:864)
	at javax.crypto.Cipher.init(Cipher.java:1249)
	at javax.crypto.Cipher.init(Cipher.java:1186)
	at com.google.security.wycheproof.DhiesTest.testNotEcb(DhiesTest.java:165)
	at com.google.security.wycheproof.DhiesTest.testSemanticSecurityDhies(DhiesTest.java:178)
	at sun.reflect.NativeMethodAccessorImpl.invoke0(Native Method)
	at sun.reflect.NativeMethodAccessorImpl.invoke(NativeMethodAccessorImpl.java:62)
	at sun.reflect.DelegatingMethodAccessorImpl.invoke(DelegatingMethodAccessorImpl.java:43)
	at java.lang.reflect.Method.invoke(Method.java:498)
	at org.junit.runners.model.FrameworkMethod$1.runReflectiveCall(FrameworkMethod.java:47)
	at org.junit.internal.runners.model.ReflectiveCallable.run(ReflectiveCallable.java:12)
	at org.junit.runners.model.FrameworkMethod.invokeExplosively(FrameworkMethod.java:44)
	at org.junit.internal.runners.statements.InvokeMethod.evaluate(InvokeMethod.java:17)
	at org.junit.runners.ParentRunner.runLeaf(ParentRunner.java:271)
	at org.junit.runners.BlockJUnit4ClassRunner.runChild(BlockJUnit4ClassRunner.java:70)
	at org.junit.runners.BlockJUnit4ClassRunner.runChild(BlockJUnit4ClassRunner.java:50)
	at org.junit.runners.ParentRunner$3.run(ParentRunner.java:238)
	at org.junit.runners.ParentRunner$1.schedule(ParentRunner.java:63)
	at org.junit.runners.ParentRunner.runChildren(ParentRunner.java:236)
	at org.junit.runners.ParentRunner.access$000(ParentRunner.java:53)
	at org.junit.runners.ParentRunner$2.evaluate(ParentRunner.java:229)
	at org.junit.runners.ParentRunner.run(ParentRunner.java:309)
	at org.junit.runners.Suite.runChild(Suite.java:127)
	at org.junit.runners.Suite.runChild(Suite.java:26)
	at org.junit.runners.ParentRunner$3.run(ParentRunner.java:238)
	at org.junit.runners.ParentRunner$1.schedule(ParentRunner.java:63)
	at org.junit.runners.ParentRunner.runChildren(ParentRunner.java:236)
	at org.junit.runners.ParentRunner.access$000(ParentRunner.java:53)
	at org.junit.runners.ParentRunner$2.evaluate(ParentRunner.java:229)
	at org.junit.internal.runners.statements.RunBefores.evaluate(RunBefores.java:26)
	at org.junit.runners.ParentRunner.run(ParentRunner.java:309)
	at com.google.testing.junit.runner.internal.junit4.CancellableRequestFactory$CancellableRunner.run(CancellableRequestFactory.java:89)
	at org.junit.runner.JUnitCore.run(JUnitCore.java:160)
	at org.junit.runner.JUnitCore.run(JUnitCore.java:138)
	at com.google.testing.junit.runner.junit4.JUnit4Runner.run(JUnit4Runner.java:112)
	at com.google.testing.junit.runner.BazelTestRunner.runTestsInSuite(BazelTestRunner.java:144)
	at com.google.testing.junit.runner.BazelTestRunner.main(BazelTestRunner.java:82)
17) testSemanticSecurityDhiesWithDesede(com.google.security.wycheproof.DhiesTest)
java.security.InvalidKeyException: Illegal key size or default parameters
	at javax.crypto.Cipher.checkCryptoPerm(Cipher.java:1026)
	at javax.crypto.Cipher.implInit(Cipher.java:801)
	at javax.crypto.Cipher.chooseProvider(Cipher.java:864)
	at javax.crypto.Cipher.init(Cipher.java:1249)
	at javax.crypto.Cipher.init(Cipher.java:1186)
	at com.google.security.wycheproof.DhiesTest.testNotEcb(DhiesTest.java:165)
	at com.google.security.wycheproof.DhiesTest.testSemanticSecurityDhiesWithDesede(DhiesTest.java:196)
	at sun.reflect.NativeMethodAccessorImpl.invoke0(Native Method)
	at sun.reflect.NativeMethodAccessorImpl.invoke(NativeMethodAccessorImpl.java:62)
	at sun.reflect.DelegatingMethodAccessorImpl.invoke(DelegatingMethodAccessorImpl.java:43)
	at java.lang.reflect.Method.invoke(Method.java:498)
	at org.junit.runners.model.FrameworkMethod$1.runReflectiveCall(FrameworkMethod.java:47)
	at org.junit.internal.runners.model.ReflectiveCallable.run(ReflectiveCallable.java:12)
	at org.junit.runners.model.FrameworkMethod.invokeExplosively(FrameworkMethod.java:44)
	at org.junit.internal.runners.statements.InvokeMethod.evaluate(InvokeMethod.java:17)
	at org.junit.runners.ParentRunner.runLeaf(ParentRunner.java:271)
	at org.junit.runners.BlockJUnit4ClassRunner.runChild(BlockJUnit4ClassRunner.java:70)
	at org.junit.runners.BlockJUnit4ClassRunner.runChild(BlockJUnit4ClassRunner.java:50)
	at org.junit.runners.ParentRunner$3.run(ParentRunner.java:238)
	at org.junit.runners.ParentRunner$1.schedule(ParentRunner.java:63)
	at org.junit.runners.ParentRunner.runChildren(ParentRunner.java:236)
	at org.junit.runners.ParentRunner.access$000(ParentRunner.java:53)
	at org.junit.runners.ParentRunner$2.evaluate(ParentRunner.java:229)
	at org.junit.runners.ParentRunner.run(ParentRunner.java:309)
	at org.junit.runners.Suite.runChild(Suite.java:127)
	at org.junit.runners.Suite.runChild(Suite.java:26)
	at org.junit.runners.ParentRunner$3.run(ParentRunner.java:238)
	at org.junit.runners.ParentRunner$1.schedule(ParentRunner.java:63)
	at org.junit.runners.ParentRunner.runChildren(ParentRunner.java:236)
	at org.junit.runners.ParentRunner.access$000(ParentRunner.java:53)
	at org.junit.runners.ParentRunner$2.evaluate(ParentRunner.java:229)
	at org.junit.internal.runners.statements.RunBefores.evaluate(RunBefores.java:26)
	at org.junit.runners.ParentRunner.run(ParentRunner.java:309)
	at com.google.testing.junit.runner.internal.junit4.CancellableRequestFactory$CancellableRunner.run(CancellableRequestFactory.java:89)
	at org.junit.runner.JUnitCore.run(JUnitCore.java:160)
	at org.junit.runner.JUnitCore.run(JUnitCore.java:138)
	at com.google.testing.junit.runner.junit4.JUnit4Runner.run(JUnit4Runner.java:112)
	at com.google.testing.junit.runner.BazelTestRunner.runTestsInSuite(BazelTestRunner.java:144)
	at com.google.testing.junit.runner.BazelTestRunner.main(BazelTestRunner.java:82)
18) testInvalidSignatures(com.google.security.wycheproof.DsaTest)
java.lang.AssertionError: expected:<0> but was:<3>
	at org.junit.Assert.fail(Assert.java:88)
	at org.junit.Assert.failNotEquals(Assert.java:743)
	at org.junit.Assert.assertEquals(Assert.java:118)
	at org.junit.Assert.assertEquals(Assert.java:555)
	at org.junit.Assert.assertEquals(Assert.java:542)
	at com.google.security.wycheproof.DsaTest.testVectors(DsaTest.java:720)
	at com.google.security.wycheproof.DsaTest.testInvalidSignatures(DsaTest.java:743)
	at sun.reflect.NativeMethodAccessorImpl.invoke0(Native Method)
	at sun.reflect.NativeMethodAccessorImpl.invoke(NativeMethodAccessorImpl.java:62)
	at sun.reflect.DelegatingMethodAccessorImpl.invoke(DelegatingMethodAccessorImpl.java:43)
	at java.lang.reflect.Method.invoke(Method.java:498)
	at org.junit.runners.model.FrameworkMethod$1.runReflectiveCall(FrameworkMethod.java:47)
	at org.junit.internal.runners.model.ReflectiveCallable.run(ReflectiveCallable.java:12)
	at org.junit.runners.model.FrameworkMethod.invokeExplosively(FrameworkMethod.java:44)
	at org.junit.internal.runners.statements.InvokeMethod.evaluate(InvokeMethod.java:17)
	at org.junit.runners.ParentRunner.runLeaf(ParentRunner.java:271)
	at org.junit.runners.BlockJUnit4ClassRunner.runChild(BlockJUnit4ClassRunner.java:70)
	at org.junit.runners.BlockJUnit4ClassRunner.runChild(BlockJUnit4ClassRunner.java:50)
	at org.junit.runners.ParentRunner$3.run(ParentRunner.java:238)
	at org.junit.runners.ParentRunner$1.schedule(ParentRunner.java:63)
	at org.junit.runners.ParentRunner.runChildren(ParentRunner.java:236)
	at org.junit.runners.ParentRunner.access$000(ParentRunner.java:53)
	at org.junit.runners.ParentRunner$2.evaluate(ParentRunner.java:229)
	at org.junit.runners.ParentRunner.run(ParentRunner.java:309)
	at org.junit.runners.Suite.runChild(Suite.java:127)
	at org.junit.runners.Suite.runChild(Suite.java:26)
	at org.junit.runners.ParentRunner$3.run(ParentRunner.java:238)
	at org.junit.runners.ParentRunner$1.schedule(ParentRunner.java:63)
	at org.junit.runners.ParentRunner.runChildren(ParentRunner.java:236)
	at org.junit.runners.ParentRunner.access$000(ParentRunner.java:53)
	at org.junit.runners.ParentRunner$2.evaluate(ParentRunner.java:229)
	at org.junit.internal.runners.statements.RunBefores.evaluate(RunBefores.java:26)
	at org.junit.runners.ParentRunner.run(ParentRunner.java:309)
	at com.google.testing.junit.runner.internal.junit4.CancellableRequestFactory$CancellableRunner.run(CancellableRequestFactory.java:89)
	at org.junit.runner.JUnitCore.run(JUnitCore.java:160)
	at org.junit.runner.JUnitCore.run(JUnitCore.java:138)
	at com.google.testing.junit.runner.junit4.JUnit4Runner.run(JUnit4Runner.java:112)
	at com.google.testing.junit.runner.BazelTestRunner.runTestsInSuite(BazelTestRunner.java:144)
	at com.google.testing.junit.runner.BazelTestRunner.main(BazelTestRunner.java:82)
19) testKeyGenerationAll(com.google.security.wycheproof.DsaTest)
java.lang.AssertionError: Invalid qsize for 2048 bit key:160
	at org.junit.Assert.fail(Assert.java:88)
	at org.junit.Assert.assertTrue(Assert.java:41)
	at com.google.security.wycheproof.DsaTest.testKeyGeneration(DsaTest.java:879)
	at com.google.security.wycheproof.DsaTest.testKeyGenerationAll(DsaTest.java:907)
	at sun.reflect.NativeMethodAccessorImpl.invoke0(Native Method)
	at sun.reflect.NativeMethodAccessorImpl.invoke(NativeMethodAccessorImpl.java:62)
	at sun.reflect.DelegatingMethodAccessorImpl.invoke(DelegatingMethodAccessorImpl.java:43)
	at java.lang.reflect.Method.invoke(Method.java:498)
	at org.junit.runners.model.FrameworkMethod$1.runReflectiveCall(FrameworkMethod.java:47)
	at org.junit.internal.runners.model.ReflectiveCallable.run(ReflectiveCallable.java:12)
	at org.junit.runners.model.FrameworkMethod.invokeExplosively(FrameworkMethod.java:44)
	at org.junit.internal.runners.statements.InvokeMethod.evaluate(InvokeMethod.java:17)
	at org.junit.runners.ParentRunner.runLeaf(ParentRunner.java:271)
	at org.junit.runners.BlockJUnit4ClassRunner.runChild(BlockJUnit4ClassRunner.java:70)
	at org.junit.runners.BlockJUnit4ClassRunner.runChild(BlockJUnit4ClassRunner.java:50)
	at org.junit.runners.ParentRunner$3.run(ParentRunner.java:238)
	at org.junit.runners.ParentRunner$1.schedule(ParentRunner.java:63)
	at org.junit.runners.ParentRunner.runChildren(ParentRunner.java:236)
	at org.junit.runners.ParentRunner.access$000(ParentRunner.java:53)
	at org.junit.runners.ParentRunner$2.evaluate(ParentRunner.java:229)
	at org.junit.runners.ParentRunner.run(ParentRunner.java:309)
	at org.junit.runners.Suite.runChild(Suite.java:127)
	at org.junit.runners.Suite.runChild(Suite.java:26)
	at org.junit.runners.ParentRunner$3.run(ParentRunner.java:238)
	at org.junit.runners.ParentRunner$1.schedule(ParentRunner.java:63)
	at org.junit.runners.ParentRunner.runChildren(ParentRunner.java:236)
	at org.junit.runners.ParentRunner.access$000(ParentRunner.java:53)
	at org.junit.runners.ParentRunner$2.evaluate(ParentRunner.java:229)
	at org.junit.internal.runners.statements.RunBefores.evaluate(RunBefores.java:26)
	at org.junit.runners.ParentRunner.run(ParentRunner.java:309)
	at com.google.testing.junit.runner.internal.junit4.CancellableRequestFactory$CancellableRunner.run(CancellableRequestFactory.java:89)
	at org.junit.runner.JUnitCore.run(JUnitCore.java:160)
	at org.junit.runner.JUnitCore.run(JUnitCore.java:138)
	at com.google.testing.junit.runner.junit4.JUnit4Runner.run(JUnit4Runner.java:112)
	at com.google.testing.junit.runner.BazelTestRunner.runTestsInSuite(BazelTestRunner.java:144)
	at com.google.testing.junit.runner.BazelTestRunner.main(BazelTestRunner.java:82)
20) testDefaultKeySize(com.google.security.wycheproof.DsaTest)
java.lang.AssertionError: DSA default key size too small:1024
	at org.junit.Assert.fail(Assert.java:88)
	at com.google.security.wycheproof.DsaTest.testDefaultKeySize(DsaTest.java:942)
	at sun.reflect.NativeMethodAccessorImpl.invoke0(Native Method)
	at sun.reflect.NativeMethodAccessorImpl.invoke(NativeMethodAccessorImpl.java:62)
	at sun.reflect.DelegatingMethodAccessorImpl.invoke(DelegatingMethodAccessorImpl.java:43)
	at java.lang.reflect.Method.invoke(Method.java:498)
	at org.junit.runners.model.FrameworkMethod$1.runReflectiveCall(FrameworkMethod.java:47)
	at org.junit.internal.runners.model.ReflectiveCallable.run(ReflectiveCallable.java:12)
	at org.junit.runners.model.FrameworkMethod.invokeExplosively(FrameworkMethod.java:44)
	at org.junit.internal.runners.statements.InvokeMethod.evaluate(InvokeMethod.java:17)
	at org.junit.runners.ParentRunner.runLeaf(ParentRunner.java:271)
	at org.junit.runners.BlockJUnit4ClassRunner.runChild(BlockJUnit4ClassRunner.java:70)
	at org.junit.runners.BlockJUnit4ClassRunner.runChild(BlockJUnit4ClassRunner.java:50)
	at org.junit.runners.ParentRunner$3.run(ParentRunner.java:238)
	at org.junit.runners.ParentRunner$1.schedule(ParentRunner.java:63)
	at org.junit.runners.ParentRunner.runChildren(ParentRunner.java:236)
	at org.junit.runners.ParentRunner.access$000(ParentRunner.java:53)
	at org.junit.runners.ParentRunner$2.evaluate(ParentRunner.java:229)
	at org.junit.runners.ParentRunner.run(ParentRunner.java:309)
	at org.junit.runners.Suite.runChild(Suite.java:127)
	at org.junit.runners.Suite.runChild(Suite.java:26)
	at org.junit.runners.ParentRunner$3.run(ParentRunner.java:238)
	at org.junit.runners.ParentRunner$1.schedule(ParentRunner.java:63)
	at org.junit.runners.ParentRunner.runChildren(ParentRunner.java:236)
	at org.junit.runners.ParentRunner.access$000(ParentRunner.java:53)
	at org.junit.runners.ParentRunner$2.evaluate(ParentRunner.java:229)
	at org.junit.internal.runners.statements.RunBefores.evaluate(RunBefores.java:26)
	at org.junit.runners.ParentRunner.run(ParentRunner.java:309)
	at com.google.testing.junit.runner.internal.junit4.CancellableRequestFactory$CancellableRunner.run(CancellableRequestFactory.java:89)
	at org.junit.runner.JUnitCore.run(JUnitCore.java:160)
	at org.junit.runner.JUnitCore.run(JUnitCore.java:138)
	at com.google.testing.junit.runner.junit4.JUnit4Runner.run(JUnit4Runner.java:112)
	at com.google.testing.junit.runner.BazelTestRunner.runTestsInSuite(BazelTestRunner.java:144)
	at com.google.testing.junit.runner.BazelTestRunner.main(BazelTestRunner.java:82)
21) testTiming(com.google.security.wycheproof.DsaTest)
java.lang.AssertionError: Signatures with short timing have a biased k
	at org.junit.Assert.fail(Assert.java:88)
	at com.google.security.wycheproof.DsaTest.testTiming(DsaTest.java:1190)
	at sun.reflect.NativeMethodAccessorImpl.invoke0(Native Method)
	at sun.reflect.NativeMethodAccessorImpl.invoke(NativeMethodAccessorImpl.java:62)
	at sun.reflect.DelegatingMethodAccessorImpl.invoke(DelegatingMethodAccessorImpl.java:43)
	at java.lang.reflect.Method.invoke(Method.java:498)
	at org.junit.runners.model.FrameworkMethod$1.runReflectiveCall(FrameworkMethod.java:47)
	at org.junit.internal.runners.model.ReflectiveCallable.run(ReflectiveCallable.java:12)
	at org.junit.runners.model.FrameworkMethod.invokeExplosively(FrameworkMethod.java:44)
	at org.junit.internal.runners.statements.InvokeMethod.evaluate(InvokeMethod.java:17)
	at org.junit.runners.ParentRunner.runLeaf(ParentRunner.java:271)
	at org.junit.runners.BlockJUnit4ClassRunner.runChild(BlockJUnit4ClassRunner.java:70)
	at org.junit.runners.BlockJUnit4ClassRunner.runChild(BlockJUnit4ClassRunner.java:50)
	at org.junit.runners.ParentRunner$3.run(ParentRunner.java:238)
	at org.junit.runners.ParentRunner$1.schedule(ParentRunner.java:63)
	at org.junit.runners.ParentRunner.runChildren(ParentRunner.java:236)
	at org.junit.runners.ParentRunner.access$000(ParentRunner.java:53)
	at org.junit.runners.ParentRunner$2.evaluate(ParentRunner.java:229)
	at org.junit.runners.ParentRunner.run(ParentRunner.java:309)
	at org.junit.runners.Suite.runChild(Suite.java:127)
	at org.junit.runners.Suite.runChild(Suite.java:26)
	at org.junit.runners.ParentRunner$3.run(ParentRunner.java:238)
	at org.junit.runners.ParentRunner$1.schedule(ParentRunner.java:63)
	at org.junit.runners.ParentRunner.runChildren(ParentRunner.java:236)
	at org.junit.runners.ParentRunner.access$000(ParentRunner.java:53)
	at org.junit.runners.ParentRunner$2.evaluate(ParentRunner.java:229)
	at org.junit.internal.runners.statements.RunBefores.evaluate(RunBefores.java:26)
	at org.junit.runners.ParentRunner.run(ParentRunner.java:309)
	at com.google.testing.junit.runner.internal.junit4.CancellableRequestFactory$CancellableRunner.run(CancellableRequestFactory.java:89)
	at org.junit.runner.JUnitCore.run(JUnitCore.java:160)
	at org.junit.runner.JUnitCore.run(JUnitCore.java:138)
	at com.google.testing.junit.runner.junit4.JUnit4Runner.run(JUnit4Runner.java:112)
	at com.google.testing.junit.runner.BazelTestRunner.runTestsInSuite(BazelTestRunner.java:144)
	at com.google.testing.junit.runner.BazelTestRunner.main(BazelTestRunner.java:82)
22) testWrongOrderEcdhc(com.google.security.wycheproof.EcdhTest)
org.junit.ComparisonFailure: Algorithm:ECDHC expected:<[a8cd6bb19fe21c9d4786cdd932474220c95130043ca3f63c232e73c6bb918a5d]> but was:<[5f16ce02e5d7e3b6962c087d5d5d48ddec2e48535fab46b9eed022a56677c7a9]>
	at org.junit.Assert.assertEquals(Assert.java:115)
	at com.google.security.wycheproof.EcdhTest.testWrongOrder(EcdhTest.java:2150)
	at com.google.security.wycheproof.EcdhTest.testWrongOrderEcdhc(EcdhTest.java:2162)
	at sun.reflect.NativeMethodAccessorImpl.invoke0(Native Method)
	at sun.reflect.NativeMethodAccessorImpl.invoke(NativeMethodAccessorImpl.java:62)
	at sun.reflect.DelegatingMethodAccessorImpl.invoke(DelegatingMethodAccessorImpl.java:43)
	at java.lang.reflect.Method.invoke(Method.java:498)
	at org.junit.runners.model.FrameworkMethod$1.runReflectiveCall(FrameworkMethod.java:47)
	at org.junit.internal.runners.model.ReflectiveCallable.run(ReflectiveCallable.java:12)
	at org.junit.runners.model.FrameworkMethod.invokeExplosively(FrameworkMethod.java:44)
	at org.junit.internal.runners.statements.InvokeMethod.evaluate(InvokeMethod.java:17)
	at org.junit.runners.ParentRunner.runLeaf(ParentRunner.java:271)
	at org.junit.runners.BlockJUnit4ClassRunner.runChild(BlockJUnit4ClassRunner.java:70)
	at org.junit.runners.BlockJUnit4ClassRunner.runChild(BlockJUnit4ClassRunner.java:50)
	at org.junit.runners.ParentRunner$3.run(ParentRunner.java:238)
	at org.junit.runners.ParentRunner$1.schedule(ParentRunner.java:63)
	at org.junit.runners.ParentRunner.runChildren(ParentRunner.java:236)
	at org.junit.runners.ParentRunner.access$000(ParentRunner.java:53)
	at org.junit.runners.ParentRunner$2.evaluate(ParentRunner.java:229)
	at org.junit.runners.ParentRunner.run(ParentRunner.java:309)
	at org.junit.runners.Suite.runChild(Suite.java:127)
	at org.junit.runners.Suite.runChild(Suite.java:26)
	at org.junit.runners.ParentRunner$3.run(ParentRunner.java:238)
	at org.junit.runners.ParentRunner$1.schedule(ParentRunner.java:63)
	at org.junit.runners.ParentRunner.runChildren(ParentRunner.java:236)
	at org.junit.runners.ParentRunner.access$000(ParentRunner.java:53)
	at org.junit.runners.ParentRunner$2.evaluate(ParentRunner.java:229)
	at org.junit.internal.runners.statements.RunBefores.evaluate(RunBefores.java:26)
	at org.junit.runners.ParentRunner.run(ParentRunner.java:309)
	at com.google.testing.junit.runner.internal.junit4.CancellableRequestFactory$CancellableRunner.run(CancellableRequestFactory.java:89)
	at org.junit.runner.JUnitCore.run(JUnitCore.java:160)
	at org.junit.runner.JUnitCore.run(JUnitCore.java:138)
	at com.google.testing.junit.runner.junit4.JUnit4Runner.run(JUnit4Runner.java:112)
	at com.google.testing.junit.runner.BazelTestRunner.runTestsInSuite(BazelTestRunner.java:144)
	at com.google.testing.junit.runner.BazelTestRunner.main(BazelTestRunner.java:82)
23) testModifiedPublic(com.google.security.wycheproof.EcdhTest)
org.junit.ComparisonFailure: algorithm:ECDH test:modified prime expected:<[e4355da5f3f4e5c720f0526cafa98b73249b056a7e5c1a9fe34732c94779d38b]> but was:<[353243b1174f47878b73383ab0d355f0ac45f32723b8e46d2c885a89f73ad7ee]>
	at org.junit.Assert.assertEquals(Assert.java:115)
	at com.google.security.wycheproof.EcdhTest.testModifiedPublic(EcdhTest.java:1950)
	at com.google.security.wycheproof.EcdhTest.testModifiedPublic(EcdhTest.java:2010)
	at sun.reflect.NativeMethodAccessorImpl.invoke0(Native Method)
	at sun.reflect.NativeMethodAccessorImpl.invoke(NativeMethodAccessorImpl.java:62)
	at sun.reflect.DelegatingMethodAccessorImpl.invoke(DelegatingMethodAccessorImpl.java:43)
	at java.lang.reflect.Method.invoke(Method.java:498)
	at org.junit.runners.model.FrameworkMethod$1.runReflectiveCall(FrameworkMethod.java:47)
	at org.junit.internal.runners.model.ReflectiveCallable.run(ReflectiveCallable.java:12)
	at org.junit.runners.model.FrameworkMethod.invokeExplosively(FrameworkMethod.java:44)
	at org.junit.internal.runners.statements.InvokeMethod.evaluate(InvokeMethod.java:17)
	at org.junit.runners.ParentRunner.runLeaf(ParentRunner.java:271)
	at org.junit.runners.BlockJUnit4ClassRunner.runChild(BlockJUnit4ClassRunner.java:70)
	at org.junit.runners.BlockJUnit4ClassRunner.runChild(BlockJUnit4ClassRunner.java:50)
	at org.junit.runners.ParentRunner$3.run(ParentRunner.java:238)
	at org.junit.runners.ParentRunner$1.schedule(ParentRunner.java:63)
	at org.junit.runners.ParentRunner.runChildren(ParentRunner.java:236)
	at org.junit.runners.ParentRunner.access$000(ParentRunner.java:53)
	at org.junit.runners.ParentRunner$2.evaluate(ParentRunner.java:229)
	at org.junit.runners.ParentRunner.run(ParentRunner.java:309)
	at org.junit.runners.Suite.runChild(Suite.java:127)
	at org.junit.runners.Suite.runChild(Suite.java:26)
	at org.junit.runners.ParentRunner$3.run(ParentRunner.java:238)
	at org.junit.runners.ParentRunner$1.schedule(ParentRunner.java:63)
	at org.junit.runners.ParentRunner.runChildren(ParentRunner.java:236)
	at org.junit.runners.ParentRunner.access$000(ParentRunner.java:53)
	at org.junit.runners.ParentRunner$2.evaluate(ParentRunner.java:229)
	at org.junit.internal.runners.statements.RunBefores.evaluate(RunBefores.java:26)
	at org.junit.runners.ParentRunner.run(ParentRunner.java:309)
	at com.google.testing.junit.runner.internal.junit4.CancellableRequestFactory$CancellableRunner.run(CancellableRequestFactory.java:89)
	at org.junit.runner.JUnitCore.run(JUnitCore.java:160)
	at org.junit.runner.JUnitCore.run(JUnitCore.java:138)
	at com.google.testing.junit.runner.junit4.JUnit4Runner.run(JUnit4Runner.java:112)
	at com.google.testing.junit.runner.BazelTestRunner.runTestsInSuite(BazelTestRunner.java:144)
	at com.google.testing.junit.runner.BazelTestRunner.main(BazelTestRunner.java:82)
24) testModifiedPublicSpec(com.google.security.wycheproof.EcdhTest)
java.lang.IllegalArgumentException: Invalid point
	at org.spongycastle.math.ec.ECAlgorithms.validatePoint(ECAlgorithms.java:214)
	at org.spongycastle.math.ec.AbstractECMultiplier.multiply(AbstractECMultiplier.java:22)
	at org.spongycastle.math.ec.ECPoint.multiply(ECPoint.java:525)
	at org.spongycastle.crypto.agreement.ECDHBasicAgreement.calculateAgreement(ECDHBasicAgreement.java:45)
	at org.spongycastle.jcajce.provider.asymmetric.ec.KeyAgreementSpi.engineDoPhase(KeyAgreementSpi.java:128)
	at javax.crypto.KeyAgreement.doPhase(KeyAgreement.java:567)
	at com.google.security.wycheproof.EcdhTest.testModifiedPublicSpec(EcdhTest.java:1989)
	at com.google.security.wycheproof.EcdhTest.testModifiedPublicSpec(EcdhTest.java:2016)
	at sun.reflect.NativeMethodAccessorImpl.invoke0(Native Method)
	at sun.reflect.NativeMethodAccessorImpl.invoke(NativeMethodAccessorImpl.java:62)
	at sun.reflect.DelegatingMethodAccessorImpl.invoke(DelegatingMethodAccessorImpl.java:43)
	at java.lang.reflect.Method.invoke(Method.java:498)
	at org.junit.runners.model.FrameworkMethod$1.runReflectiveCall(FrameworkMethod.java:47)
	at org.junit.internal.runners.model.ReflectiveCallable.run(ReflectiveCallable.java:12)
	at org.junit.runners.model.FrameworkMethod.invokeExplosively(FrameworkMethod.java:44)
	at org.junit.internal.runners.statements.InvokeMethod.evaluate(InvokeMethod.java:17)
	at org.junit.runners.ParentRunner.runLeaf(ParentRunner.java:271)
	at org.junit.runners.BlockJUnit4ClassRunner.runChild(BlockJUnit4ClassRunner.java:70)
	at org.junit.runners.BlockJUnit4ClassRunner.runChild(BlockJUnit4ClassRunner.java:50)
	at org.junit.runners.ParentRunner$3.run(ParentRunner.java:238)
	at org.junit.runners.ParentRunner$1.schedule(ParentRunner.java:63)
	at org.junit.runners.ParentRunner.runChildren(ParentRunner.java:236)
	at org.junit.runners.ParentRunner.access$000(ParentRunner.java:53)
	at org.junit.runners.ParentRunner$2.evaluate(ParentRunner.java:229)
	at org.junit.runners.ParentRunner.run(ParentRunner.java:309)
	at org.junit.runners.Suite.runChild(Suite.java:127)
	at org.junit.runners.Suite.runChild(Suite.java:26)
	at org.junit.runners.ParentRunner$3.run(ParentRunner.java:238)
	at org.junit.runners.ParentRunner$1.schedule(ParentRunner.java:63)
	at org.junit.runners.ParentRunner.runChildren(ParentRunner.java:236)
	at org.junit.runners.ParentRunner.access$000(ParentRunner.java:53)
	at org.junit.runners.ParentRunner$2.evaluate(ParentRunner.java:229)
	at org.junit.internal.runners.statements.RunBefores.evaluate(RunBefores.java:26)
	at org.junit.runners.ParentRunner.run(ParentRunner.java:309)
	at com.google.testing.junit.runner.internal.junit4.CancellableRequestFactory$CancellableRunner.run(CancellableRequestFactory.java:89)
	at org.junit.runner.JUnitCore.run(JUnitCore.java:160)
	at org.junit.runner.JUnitCore.run(JUnitCore.java:138)
	at com.google.testing.junit.runner.junit4.JUnit4Runner.run(JUnit4Runner.java:112)
	at com.google.testing.junit.runner.BazelTestRunner.runTestsInSuite(BazelTestRunner.java:144)
	at com.google.testing.junit.runner.BazelTestRunner.main(BazelTestRunner.java:82)
25) testEncode(com.google.security.wycheproof.EcdhTest)
org.junit.ComparisonFailure: expected:<30[8201333081ec06072a8648ce3d02013081e0020101302c06072a8648ce3d0101022100ffffffff00000001000000000000000000000000ffffffffffffffffffffffff30440420ffffffff00000001000000000000000000000000fffffffffffffffffffffffc04205ac635d8aa3a93e7b3ebbd55769886bc651d06b0cc53b0f63bce3c3e27d2604b0441046b17d1f2e12c4247f8bce6e563a440f277037d812deb33a0f4a13945d898c2964fe342e2fe1a7f9b8ee7eb4a7c0f9e162bce33576b315ececbb6406837bf51f5022100ffffffff00000000ffffffffffffffffbce6faada7179e84f3b9cac2fc632551020101]03420004cdeb39edd03e...> but was:<30[59301306072a8648ce3d020106082a8648ce3d030107]03420004cdeb39edd03e...>
	at org.junit.Assert.assertEquals(Assert.java:115)
	at org.junit.Assert.assertEquals(Assert.java:144)
	at com.google.security.wycheproof.EcdhTest.testEncode(EcdhTest.java:1894)
	at sun.reflect.NativeMethodAccessorImpl.invoke0(Native Method)
	at sun.reflect.NativeMethodAccessorImpl.invoke(NativeMethodAccessorImpl.java:62)
	at sun.reflect.DelegatingMethodAccessorImpl.invoke(DelegatingMethodAccessorImpl.java:43)
	at java.lang.reflect.Method.invoke(Method.java:498)
	at org.junit.runners.model.FrameworkMethod$1.runReflectiveCall(FrameworkMethod.java:47)
	at org.junit.internal.runners.model.ReflectiveCallable.run(ReflectiveCallable.java:12)
	at org.junit.runners.model.FrameworkMethod.invokeExplosively(FrameworkMethod.java:44)
	at org.junit.internal.runners.statements.InvokeMethod.evaluate(InvokeMethod.java:17)
	at org.junit.runners.ParentRunner.runLeaf(ParentRunner.java:271)
	at org.junit.runners.BlockJUnit4ClassRunner.runChild(BlockJUnit4ClassRunner.java:70)
	at org.junit.runners.BlockJUnit4ClassRunner.runChild(BlockJUnit4ClassRunner.java:50)
	at org.junit.runners.ParentRunner$3.run(ParentRunner.java:238)
	at org.junit.runners.ParentRunner$1.schedule(ParentRunner.java:63)
	at org.junit.runners.ParentRunner.runChildren(ParentRunner.java:236)
	at org.junit.runners.ParentRunner.access$000(ParentRunner.java:53)
	at org.junit.runners.ParentRunner$2.evaluate(ParentRunner.java:229)
	at org.junit.runners.ParentRunner.run(ParentRunner.java:309)
	at org.junit.runners.Suite.runChild(Suite.java:127)
	at org.junit.runners.Suite.runChild(Suite.java:26)
	at org.junit.runners.ParentRunner$3.run(ParentRunner.java:238)
	at org.junit.runners.ParentRunner$1.schedule(ParentRunner.java:63)
	at org.junit.runners.ParentRunner.runChildren(ParentRunner.java:236)
	at org.junit.runners.ParentRunner.access$000(ParentRunner.java:53)
	at org.junit.runners.ParentRunner$2.evaluate(ParentRunner.java:229)
	at org.junit.internal.runners.statements.RunBefores.evaluate(RunBefores.java:26)
	at org.junit.runners.ParentRunner.run(ParentRunner.java:309)
	at com.google.testing.junit.runner.internal.junit4.CancellableRequestFactory$CancellableRunner.run(CancellableRequestFactory.java:89)
	at org.junit.runner.JUnitCore.run(JUnitCore.java:160)
	at org.junit.runner.JUnitCore.run(JUnitCore.java:138)
	at com.google.testing.junit.runner.junit4.JUnit4Runner.run(JUnit4Runner.java:112)
	at com.google.testing.junit.runner.BazelTestRunner.runTestsInSuite(BazelTestRunner.java:144)
	at com.google.testing.junit.runner.BazelTestRunner.main(BazelTestRunner.java:82)
26) testInvalidSignatures(com.google.security.wycheproof.EcdsaTest)
java.lang.AssertionError: expected:<0> but was:<3>
	at org.junit.Assert.fail(Assert.java:88)
	at org.junit.Assert.failNotEquals(Assert.java:743)
	at org.junit.Assert.assertEquals(Assert.java:118)
	at org.junit.Assert.assertEquals(Assert.java:555)
	at org.junit.Assert.assertEquals(Assert.java:542)
	at com.google.security.wycheproof.EcdsaTest.testVectors(EcdsaTest.java:642)
	at com.google.security.wycheproof.EcdsaTest.testInvalidSignatures(EcdsaTest.java:671)
	at sun.reflect.NativeMethodAccessorImpl.invoke0(Native Method)
	at sun.reflect.NativeMethodAccessorImpl.invoke(NativeMethodAccessorImpl.java:62)
	at sun.reflect.DelegatingMethodAccessorImpl.invoke(DelegatingMethodAccessorImpl.java:43)
	at java.lang.reflect.Method.invoke(Method.java:498)
	at org.junit.runners.model.FrameworkMethod$1.runReflectiveCall(FrameworkMethod.java:47)
	at org.junit.internal.runners.model.ReflectiveCallable.run(ReflectiveCallable.java:12)
	at org.junit.runners.model.FrameworkMethod.invokeExplosively(FrameworkMethod.java:44)
	at org.junit.internal.runners.statements.InvokeMethod.evaluate(InvokeMethod.java:17)
	at org.junit.runners.ParentRunner.runLeaf(ParentRunner.java:271)
	at org.junit.runners.BlockJUnit4ClassRunner.runChild(BlockJUnit4ClassRunner.java:70)
	at org.junit.runners.BlockJUnit4ClassRunner.runChild(BlockJUnit4ClassRunner.java:50)
	at org.junit.runners.ParentRunner$3.run(ParentRunner.java:238)
	at org.junit.runners.ParentRunner$1.schedule(ParentRunner.java:63)
	at org.junit.runners.ParentRunner.runChildren(ParentRunner.java:236)
	at org.junit.runners.ParentRunner.access$000(ParentRunner.java:53)
	at org.junit.runners.ParentRunner$2.evaluate(ParentRunner.java:229)
	at org.junit.runners.ParentRunner.run(ParentRunner.java:309)
	at org.junit.runners.Suite.runChild(Suite.java:127)
	at org.junit.runners.Suite.runChild(Suite.java:26)
	at org.junit.runners.ParentRunner$3.run(ParentRunner.java:238)
	at org.junit.runners.ParentRunner$1.schedule(ParentRunner.java:63)
	at org.junit.runners.ParentRunner.runChildren(ParentRunner.java:236)
	at org.junit.runners.ParentRunner.access$000(ParentRunner.java:53)
	at org.junit.runners.ParentRunner$2.evaluate(ParentRunner.java:229)
	at org.junit.internal.runners.statements.RunBefores.evaluate(RunBefores.java:26)
	at org.junit.runners.ParentRunner.run(ParentRunner.java:309)
	at com.google.testing.junit.runner.internal.junit4.CancellableRequestFactory$CancellableRunner.run(CancellableRequestFactory.java:89)
	at org.junit.runner.JUnitCore.run(JUnitCore.java:160)
	at org.junit.runner.JUnitCore.run(JUnitCore.java:138)
	at com.google.testing.junit.runner.junit4.JUnit4Runner.run(JUnit4Runner.java:112)
	at com.google.testing.junit.runner.BazelTestRunner.runTestsInSuite(BazelTestRunner.java:144)
	at com.google.testing.junit.runner.BazelTestRunner.main(BazelTestRunner.java:82)
27) testModifyPoint(com.google.security.wycheproof.EciesTest)
java.security.InvalidKeyException: Illegal key size or default parameters
	at javax.crypto.Cipher.checkCryptoPerm(Cipher.java:1026)
	at javax.crypto.Cipher.implInit(Cipher.java:801)
	at javax.crypto.Cipher.chooseProvider(Cipher.java:864)
	at javax.crypto.Cipher.init(Cipher.java:1249)
	at javax.crypto.Cipher.init(Cipher.java:1186)
	at com.google.security.wycheproof.EciesTest.testModifyPoint(EciesTest.java:227)
	at sun.reflect.NativeMethodAccessorImpl.invoke0(Native Method)
	at sun.reflect.NativeMethodAccessorImpl.invoke(NativeMethodAccessorImpl.java:62)
	at sun.reflect.DelegatingMethodAccessorImpl.invoke(DelegatingMethodAccessorImpl.java:43)
	at java.lang.reflect.Method.invoke(Method.java:498)
	at org.junit.runners.model.FrameworkMethod$1.runReflectiveCall(FrameworkMethod.java:47)
	at org.junit.internal.runners.model.ReflectiveCallable.run(ReflectiveCallable.java:12)
	at org.junit.runners.model.FrameworkMethod.invokeExplosively(FrameworkMethod.java:44)
	at org.junit.internal.runners.statements.InvokeMethod.evaluate(InvokeMethod.java:17)
	at org.junit.runners.ParentRunner.runLeaf(ParentRunner.java:271)
	at org.junit.runners.BlockJUnit4ClassRunner.runChild(BlockJUnit4ClassRunner.java:70)
	at org.junit.runners.BlockJUnit4ClassRunner.runChild(BlockJUnit4ClassRunner.java:50)
	at org.junit.runners.ParentRunner$3.run(ParentRunner.java:238)
	at org.junit.runners.ParentRunner$1.schedule(ParentRunner.java:63)
	at org.junit.runners.ParentRunner.runChildren(ParentRunner.java:236)
	at org.junit.runners.ParentRunner.access$000(ParentRunner.java:53)
	at org.junit.runners.ParentRunner$2.evaluate(ParentRunner.java:229)
	at org.junit.runners.ParentRunner.run(ParentRunner.java:309)
	at org.junit.runners.Suite.runChild(Suite.java:127)
	at org.junit.runners.Suite.runChild(Suite.java:26)
	at org.junit.runners.ParentRunner$3.run(ParentRunner.java:238)
	at org.junit.runners.ParentRunner$1.schedule(ParentRunner.java:63)
	at org.junit.runners.ParentRunner.runChildren(ParentRunner.java:236)
	at org.junit.runners.ParentRunner.access$000(ParentRunner.java:53)
	at org.junit.runners.ParentRunner$2.evaluate(ParentRunner.java:229)
	at org.junit.internal.runners.statements.RunBefores.evaluate(RunBefores.java:26)
	at org.junit.runners.ParentRunner.run(ParentRunner.java:309)
	at com.google.testing.junit.runner.internal.junit4.CancellableRequestFactory$CancellableRunner.run(CancellableRequestFactory.java:89)
	at org.junit.runner.JUnitCore.run(JUnitCore.java:160)
	at org.junit.runner.JUnitCore.run(JUnitCore.java:138)
	at com.google.testing.junit.runner.junit4.JUnit4Runner.run(JUnit4Runner.java:112)
	at com.google.testing.junit.runner.BazelTestRunner.runTestsInSuite(BazelTestRunner.java:144)
	at com.google.testing.junit.runner.BazelTestRunner.main(BazelTestRunner.java:82)
28) testAlias(com.google.security.wycheproof.EciesTest)
java.security.InvalidKeyException: Illegal key size or default parameters
	at javax.crypto.Cipher.checkCryptoPerm(Cipher.java:1026)
	at javax.crypto.Cipher.implInit(Cipher.java:801)
	at javax.crypto.Cipher.chooseProvider(Cipher.java:864)
	at javax.crypto.Cipher.init(Cipher.java:1249)
	at javax.crypto.Cipher.init(Cipher.java:1186)
	at com.google.security.wycheproof.EciesTest.testIsAlias(EciesTest.java:322)
	at com.google.security.wycheproof.EciesTest.testAlias(EciesTest.java:332)
	at sun.reflect.NativeMethodAccessorImpl.invoke0(Native Method)
	at sun.reflect.NativeMethodAccessorImpl.invoke(NativeMethodAccessorImpl.java:62)
	at sun.reflect.DelegatingMethodAccessorImpl.invoke(DelegatingMethodAccessorImpl.java:43)
	at java.lang.reflect.Method.invoke(Method.java:498)
	at org.junit.runners.model.FrameworkMethod$1.runReflectiveCall(FrameworkMethod.java:47)
	at org.junit.internal.runners.model.ReflectiveCallable.run(ReflectiveCallable.java:12)
	at org.junit.runners.model.FrameworkMethod.invokeExplosively(FrameworkMethod.java:44)
	at org.junit.internal.runners.statements.InvokeMethod.evaluate(InvokeMethod.java:17)
	at org.junit.runners.ParentRunner.runLeaf(ParentRunner.java:271)
	at org.junit.runners.BlockJUnit4ClassRunner.runChild(BlockJUnit4ClassRunner.java:70)
	at org.junit.runners.BlockJUnit4ClassRunner.runChild(BlockJUnit4ClassRunner.java:50)
	at org.junit.runners.ParentRunner$3.run(ParentRunner.java:238)
	at org.junit.runners.ParentRunner$1.schedule(ParentRunner.java:63)
	at org.junit.runners.ParentRunner.runChildren(ParentRunner.java:236)
	at org.junit.runners.ParentRunner.access$000(ParentRunner.java:53)
	at org.junit.runners.ParentRunner$2.evaluate(ParentRunner.java:229)
	at org.junit.runners.ParentRunner.run(ParentRunner.java:309)
	at org.junit.runners.Suite.runChild(Suite.java:127)
	at org.junit.runners.Suite.runChild(Suite.java:26)
	at org.junit.runners.ParentRunner$3.run(ParentRunner.java:238)
	at org.junit.runners.ParentRunner$1.schedule(ParentRunner.java:63)
	at org.junit.runners.ParentRunner.runChildren(ParentRunner.java:236)
	at org.junit.runners.ParentRunner.access$000(ParentRunner.java:53)
	at org.junit.runners.ParentRunner$2.evaluate(ParentRunner.java:229)
	at org.junit.internal.runners.statements.RunBefores.evaluate(RunBefores.java:26)
	at org.junit.runners.ParentRunner.run(ParentRunner.java:309)
	at com.google.testing.junit.runner.internal.junit4.CancellableRequestFactory$CancellableRunner.run(CancellableRequestFactory.java:89)
	at org.junit.runner.JUnitCore.run(JUnitCore.java:160)
	at org.junit.runner.JUnitCore.run(JUnitCore.java:138)
	at com.google.testing.junit.runner.junit4.JUnit4Runner.run(JUnit4Runner.java:112)
	at com.google.testing.junit.runner.BazelTestRunner.runTestsInSuite(BazelTestRunner.java:144)
	at com.google.testing.junit.runner.BazelTestRunner.main(BazelTestRunner.java:82)
29) testEciesCorruptDefault(com.google.security.wycheproof.EciesTest)
java.security.InvalidKeyException: Illegal key size or default parameters
	at javax.crypto.Cipher.checkCryptoPerm(Cipher.java:1026)
	at javax.crypto.Cipher.implInit(Cipher.java:801)
	at javax.crypto.Cipher.chooseProvider(Cipher.java:864)
	at javax.crypto.Cipher.init(Cipher.java:1249)
	at javax.crypto.Cipher.init(Cipher.java:1186)
	at com.google.security.wycheproof.EciesTest.testExceptions(EciesTest.java:183)
	at com.google.security.wycheproof.EciesTest.testEciesCorruptDefault(EciesTest.java:209)
	at sun.reflect.NativeMethodAccessorImpl.invoke0(Native Method)
	at sun.reflect.NativeMethodAccessorImpl.invoke(NativeMethodAccessorImpl.java:62)
	at sun.reflect.DelegatingMethodAccessorImpl.invoke(DelegatingMethodAccessorImpl.java:43)
	at java.lang.reflect.Method.invoke(Method.java:498)
	at org.junit.runners.model.FrameworkMethod$1.runReflectiveCall(FrameworkMethod.java:47)
	at org.junit.internal.runners.model.ReflectiveCallable.run(ReflectiveCallable.java:12)
	at org.junit.runners.model.FrameworkMethod.invokeExplosively(FrameworkMethod.java:44)
	at org.junit.internal.runners.statements.InvokeMethod.evaluate(InvokeMethod.java:17)
	at org.junit.runners.ParentRunner.runLeaf(ParentRunner.java:271)
	at org.junit.runners.BlockJUnit4ClassRunner.runChild(BlockJUnit4ClassRunner.java:70)
	at org.junit.runners.BlockJUnit4ClassRunner.runChild(BlockJUnit4ClassRunner.java:50)
	at org.junit.runners.ParentRunner$3.run(ParentRunner.java:238)
	at org.junit.runners.ParentRunner$1.schedule(ParentRunner.java:63)
	at org.junit.runners.ParentRunner.runChildren(ParentRunner.java:236)
	at org.junit.runners.ParentRunner.access$000(ParentRunner.java:53)
	at org.junit.runners.ParentRunner$2.evaluate(ParentRunner.java:229)
	at org.junit.runners.ParentRunner.run(ParentRunner.java:309)
	at org.junit.runners.Suite.runChild(Suite.java:127)
	at org.junit.runners.Suite.runChild(Suite.java:26)
	at org.junit.runners.ParentRunner$3.run(ParentRunner.java:238)
	at org.junit.runners.ParentRunner$1.schedule(ParentRunner.java:63)
	at org.junit.runners.ParentRunner.runChildren(ParentRunner.java:236)
	at org.junit.runners.ParentRunner.access$000(ParentRunner.java:53)
	at org.junit.runners.ParentRunner$2.evaluate(ParentRunner.java:229)
	at org.junit.internal.runners.statements.RunBefores.evaluate(RunBefores.java:26)
	at org.junit.runners.ParentRunner.run(ParentRunner.java:309)
	at com.google.testing.junit.runner.internal.junit4.CancellableRequestFactory$CancellableRunner.run(CancellableRequestFactory.java:89)
	at org.junit.runner.JUnitCore.run(JUnitCore.java:160)
	at org.junit.runner.JUnitCore.run(JUnitCore.java:138)
	at com.google.testing.junit.runner.junit4.JUnit4Runner.run(JUnit4Runner.java:112)
	at com.google.testing.junit.runner.BazelTestRunner.runTestsInSuite(BazelTestRunner.java:144)
	at com.google.testing.junit.runner.BazelTestRunner.main(BazelTestRunner.java:82)
30) testEciesBasic(com.google.security.wycheproof.EciesTest)
java.security.InvalidKeyException: Illegal key size or default parameters
	at javax.crypto.Cipher.checkCryptoPerm(Cipher.java:1026)
	at javax.crypto.Cipher.implInit(Cipher.java:801)
	at javax.crypto.Cipher.chooseProvider(Cipher.java:864)
	at javax.crypto.Cipher.init(Cipher.java:1249)
	at javax.crypto.Cipher.init(Cipher.java:1186)
	at com.google.security.wycheproof.EciesTest.testEciesBasic(EciesTest.java:89)
	at sun.reflect.NativeMethodAccessorImpl.invoke0(Native Method)
	at sun.reflect.NativeMethodAccessorImpl.invoke(NativeMethodAccessorImpl.java:62)
	at sun.reflect.DelegatingMethodAccessorImpl.invoke(DelegatingMethodAccessorImpl.java:43)
	at java.lang.reflect.Method.invoke(Method.java:498)
	at org.junit.runners.model.FrameworkMethod$1.runReflectiveCall(FrameworkMethod.java:47)
	at org.junit.internal.runners.model.ReflectiveCallable.run(ReflectiveCallable.java:12)
	at org.junit.runners.model.FrameworkMethod.invokeExplosively(FrameworkMethod.java:44)
	at org.junit.internal.runners.statements.InvokeMethod.evaluate(InvokeMethod.java:17)
	at org.junit.runners.ParentRunner.runLeaf(ParentRunner.java:271)
	at org.junit.runners.BlockJUnit4ClassRunner.runChild(BlockJUnit4ClassRunner.java:70)
	at org.junit.runners.BlockJUnit4ClassRunner.runChild(BlockJUnit4ClassRunner.java:50)
	at org.junit.runners.ParentRunner$3.run(ParentRunner.java:238)
	at org.junit.runners.ParentRunner$1.schedule(ParentRunner.java:63)
	at org.junit.runners.ParentRunner.runChildren(ParentRunner.java:236)
	at org.junit.runners.ParentRunner.access$000(ParentRunner.java:53)
	at org.junit.runners.ParentRunner$2.evaluate(ParentRunner.java:229)
	at org.junit.runners.ParentRunner.run(ParentRunner.java:309)
	at org.junit.runners.Suite.runChild(Suite.java:127)
	at org.junit.runners.Suite.runChild(Suite.java:26)
	at org.junit.runners.ParentRunner$3.run(ParentRunner.java:238)
	at org.junit.runners.ParentRunner$1.schedule(ParentRunner.java:63)
	at org.junit.runners.ParentRunner.runChildren(ParentRunner.java:236)
	at org.junit.runners.ParentRunner.access$000(ParentRunner.java:53)
	at org.junit.runners.ParentRunner$2.evaluate(ParentRunner.java:229)
	at org.junit.internal.runners.statements.RunBefores.evaluate(RunBefores.java:26)
	at org.junit.runners.ParentRunner.run(ParentRunner.java:309)
	at com.google.testing.junit.runner.internal.junit4.CancellableRequestFactory$CancellableRunner.run(CancellableRequestFactory.java:89)
	at org.junit.runner.JUnitCore.run(JUnitCore.java:160)
	at org.junit.runner.JUnitCore.run(JUnitCore.java:138)
	at com.google.testing.junit.runner.junit4.JUnit4Runner.run(JUnit4Runner.java:112)
	at com.google.testing.junit.runner.BazelTestRunner.runTestsInSuite(BazelTestRunner.java:144)
	at com.google.testing.junit.runner.BazelTestRunner.main(BazelTestRunner.java:82)
31) testByteBuffer(com.google.security.wycheproof.EciesTest)
java.security.InvalidKeyException: Illegal key size or default parameters
	at javax.crypto.Cipher.checkCryptoPerm(Cipher.java:1026)
	at javax.crypto.Cipher.implInit(Cipher.java:801)
	at javax.crypto.Cipher.chooseProvider(Cipher.java:864)
	at javax.crypto.Cipher.init(Cipher.java:1249)
	at javax.crypto.Cipher.init(Cipher.java:1186)
	at com.google.security.wycheproof.EciesTest.testByteBuffer(EciesTest.java:359)
	at sun.reflect.NativeMethodAccessorImpl.invoke0(Native Method)
	at sun.reflect.NativeMethodAccessorImpl.invoke(NativeMethodAccessorImpl.java:62)
	at sun.reflect.DelegatingMethodAccessorImpl.invoke(DelegatingMethodAccessorImpl.java:43)
	at java.lang.reflect.Method.invoke(Method.java:498)
	at org.junit.runners.model.FrameworkMethod$1.runReflectiveCall(FrameworkMethod.java:47)
	at org.junit.internal.runners.model.ReflectiveCallable.run(ReflectiveCallable.java:12)
	at org.junit.runners.model.FrameworkMethod.invokeExplosively(FrameworkMethod.java:44)
	at org.junit.internal.runners.statements.InvokeMethod.evaluate(InvokeMethod.java:17)
	at org.junit.runners.ParentRunner.runLeaf(ParentRunner.java:271)
	at org.junit.runners.BlockJUnit4ClassRunner.runChild(BlockJUnit4ClassRunner.java:70)
	at org.junit.runners.BlockJUnit4ClassRunner.runChild(BlockJUnit4ClassRunner.java:50)
	at org.junit.runners.ParentRunner$3.run(ParentRunner.java:238)
	at org.junit.runners.ParentRunner$1.schedule(ParentRunner.java:63)
	at org.junit.runners.ParentRunner.runChildren(ParentRunner.java:236)
	at org.junit.runners.ParentRunner.access$000(ParentRunner.java:53)
	at org.junit.runners.ParentRunner$2.evaluate(ParentRunner.java:229)
	at org.junit.runners.ParentRunner.run(ParentRunner.java:309)
	at org.junit.runners.Suite.runChild(Suite.java:127)
	at org.junit.runners.Suite.runChild(Suite.java:26)
	at org.junit.runners.ParentRunner$3.run(ParentRunner.java:238)
	at org.junit.runners.ParentRunner$1.schedule(ParentRunner.java:63)
	at org.junit.runners.ParentRunner.runChildren(ParentRunner.java:236)
	at org.junit.runners.ParentRunner.access$000(ParentRunner.java:53)
	at org.junit.runners.ParentRunner$2.evaluate(ParentRunner.java:229)
	at org.junit.internal.runners.statements.RunBefores.evaluate(RunBefores.java:26)
	at org.junit.runners.ParentRunner.run(ParentRunner.java:309)
	at com.google.testing.junit.runner.internal.junit4.CancellableRequestFactory$CancellableRunner.run(CancellableRequestFactory.java:89)
	at org.junit.runner.JUnitCore.run(JUnitCore.java:160)
	at org.junit.runner.JUnitCore.run(JUnitCore.java:138)
	at com.google.testing.junit.runner.junit4.JUnit4Runner.run(JUnit4Runner.java:112)
	at com.google.testing.junit.runner.BazelTestRunner.runTestsInSuite(BazelTestRunner.java:144)
	at com.google.testing.junit.runner.BazelTestRunner.main(BazelTestRunner.java:82)
32) testDefaultEciesWithDESede(com.google.security.wycheproof.EciesTest)
java.security.InvalidKeyException: Illegal key size or default parameters
	at javax.crypto.Cipher.checkCryptoPerm(Cipher.java:1026)
	at javax.crypto.Cipher.implInit(Cipher.java:801)
	at javax.crypto.Cipher.chooseProvider(Cipher.java:864)
	at javax.crypto.Cipher.init(Cipher.java:1249)
	at javax.crypto.Cipher.init(Cipher.java:1186)
	at com.google.security.wycheproof.EciesTest.testNotEcb(EciesTest.java:273)
	at com.google.security.wycheproof.EciesTest.testDefaultEciesWithDESede(EciesTest.java:293)
	at sun.reflect.NativeMethodAccessorImpl.invoke0(Native Method)
	at sun.reflect.NativeMethodAccessorImpl.invoke(NativeMethodAccessorImpl.java:62)
	at sun.reflect.DelegatingMethodAccessorImpl.invoke(DelegatingMethodAccessorImpl.java:43)
	at java.lang.reflect.Method.invoke(Method.java:498)
	at org.junit.runners.model.FrameworkMethod$1.runReflectiveCall(FrameworkMethod.java:47)
	at org.junit.internal.runners.model.ReflectiveCallable.run(ReflectiveCallable.java:12)
	at org.junit.runners.model.FrameworkMethod.invokeExplosively(FrameworkMethod.java:44)
	at org.junit.internal.runners.statements.InvokeMethod.evaluate(InvokeMethod.java:17)
	at org.junit.runners.ParentRunner.runLeaf(ParentRunner.java:271)
	at org.junit.runners.BlockJUnit4ClassRunner.runChild(BlockJUnit4ClassRunner.java:70)
	at org.junit.runners.BlockJUnit4ClassRunner.runChild(BlockJUnit4ClassRunner.java:50)
	at org.junit.runners.ParentRunner$3.run(ParentRunner.java:238)
	at org.junit.runners.ParentRunner$1.schedule(ParentRunner.java:63)
	at org.junit.runners.ParentRunner.runChildren(ParentRunner.java:236)
	at org.junit.runners.ParentRunner.access$000(ParentRunner.java:53)
	at org.junit.runners.ParentRunner$2.evaluate(ParentRunner.java:229)
	at org.junit.runners.ParentRunner.run(ParentRunner.java:309)
	at org.junit.runners.Suite.runChild(Suite.java:127)
	at org.junit.runners.Suite.runChild(Suite.java:26)
	at org.junit.runners.ParentRunner$3.run(ParentRunner.java:238)
	at org.junit.runners.ParentRunner$1.schedule(ParentRunner.java:63)
	at org.junit.runners.ParentRunner.runChildren(ParentRunner.java:236)
	at org.junit.runners.ParentRunner.access$000(ParentRunner.java:53)
	at org.junit.runners.ParentRunner$2.evaluate(ParentRunner.java:229)
	at org.junit.internal.runners.statements.RunBefores.evaluate(RunBefores.java:26)
	at org.junit.runners.ParentRunner.run(ParentRunner.java:309)
	at com.google.testing.junit.runner.internal.junit4.CancellableRequestFactory$CancellableRunner.run(CancellableRequestFactory.java:89)
	at org.junit.runner.JUnitCore.run(JUnitCore.java:160)
	at org.junit.runner.JUnitCore.run(JUnitCore.java:138)
	at com.google.testing.junit.runner.junit4.JUnit4Runner.run(JUnit4Runner.java:112)
	at com.google.testing.junit.runner.BazelTestRunner.runTestsInSuite(BazelTestRunner.java:144)
	at com.google.testing.junit.runner.BazelTestRunner.main(BazelTestRunner.java:82)
33) testDefaultEcies(com.google.security.wycheproof.EciesTest)
java.security.InvalidKeyException: Illegal key size or default parameters
	at javax.crypto.Cipher.checkCryptoPerm(Cipher.java:1026)
	at javax.crypto.Cipher.implInit(Cipher.java:801)
	at javax.crypto.Cipher.chooseProvider(Cipher.java:864)
	at javax.crypto.Cipher.init(Cipher.java:1249)
	at javax.crypto.Cipher.init(Cipher.java:1186)
	at com.google.security.wycheproof.EciesTest.testNotEcb(EciesTest.java:273)
	at com.google.security.wycheproof.EciesTest.testDefaultEcies(EciesTest.java:282)
	at sun.reflect.NativeMethodAccessorImpl.invoke0(Native Method)
	at sun.reflect.NativeMethodAccessorImpl.invoke(NativeMethodAccessorImpl.java:62)
	at sun.reflect.DelegatingMethodAccessorImpl.invoke(DelegatingMethodAccessorImpl.java:43)
	at java.lang.reflect.Method.invoke(Method.java:498)
	at org.junit.runners.model.FrameworkMethod$1.runReflectiveCall(FrameworkMethod.java:47)
	at org.junit.internal.runners.model.ReflectiveCallable.run(ReflectiveCallable.java:12)
	at org.junit.runners.model.FrameworkMethod.invokeExplosively(FrameworkMethod.java:44)
	at org.junit.internal.runners.statements.InvokeMethod.evaluate(InvokeMethod.java:17)
	at org.junit.runners.ParentRunner.runLeaf(ParentRunner.java:271)
	at org.junit.runners.BlockJUnit4ClassRunner.runChild(BlockJUnit4ClassRunner.java:70)
	at org.junit.runners.BlockJUnit4ClassRunner.runChild(BlockJUnit4ClassRunner.java:50)
	at org.junit.runners.ParentRunner$3.run(ParentRunner.java:238)
	at org.junit.runners.ParentRunner$1.schedule(ParentRunner.java:63)
	at org.junit.runners.ParentRunner.runChildren(ParentRunner.java:236)
	at org.junit.runners.ParentRunner.access$000(ParentRunner.java:53)
	at org.junit.runners.ParentRunner$2.evaluate(ParentRunner.java:229)
	at org.junit.runners.ParentRunner.run(ParentRunner.java:309)
	at org.junit.runners.Suite.runChild(Suite.java:127)
	at org.junit.runners.Suite.runChild(Suite.java:26)
	at org.junit.runners.ParentRunner$3.run(ParentRunner.java:238)
	at org.junit.runners.ParentRunner$1.schedule(ParentRunner.java:63)
	at org.junit.runners.ParentRunner.runChildren(ParentRunner.java:236)
	at org.junit.runners.ParentRunner.access$000(ParentRunner.java:53)
	at org.junit.runners.ParentRunner$2.evaluate(ParentRunner.java:229)
	at org.junit.internal.runners.statements.RunBefores.evaluate(RunBefores.java:26)
	at org.junit.runners.ParentRunner.run(ParentRunner.java:309)
	at com.google.testing.junit.runner.internal.junit4.CancellableRequestFactory$CancellableRunner.run(CancellableRequestFactory.java:89)
	at org.junit.runner.JUnitCore.run(JUnitCore.java:160)
	at org.junit.runner.JUnitCore.run(JUnitCore.java:138)
	at com.google.testing.junit.runner.junit4.JUnit4Runner.run(JUnit4Runner.java:112)
	at com.google.testing.junit.runner.BazelTestRunner.runTestsInSuite(BazelTestRunner.java:144)
	at com.google.testing.junit.runner.BazelTestRunner.main(BazelTestRunner.java:82)
34) testDefaultEciesWithAes(com.google.security.wycheproof.EciesTest)
java.security.InvalidKeyException: Illegal key size or default parameters
	at javax.crypto.Cipher.checkCryptoPerm(Cipher.java:1026)
	at javax.crypto.Cipher.implInit(Cipher.java:801)
	at javax.crypto.Cipher.chooseProvider(Cipher.java:864)
	at javax.crypto.Cipher.init(Cipher.java:1249)
	at javax.crypto.Cipher.init(Cipher.java:1186)
	at com.google.security.wycheproof.EciesTest.testNotEcb(EciesTest.java:273)
	at com.google.security.wycheproof.EciesTest.testDefaultEciesWithAes(EciesTest.java:288)
	at sun.reflect.NativeMethodAccessorImpl.invoke0(Native Method)
	at sun.reflect.NativeMethodAccessorImpl.invoke(NativeMethodAccessorImpl.java:62)
	at sun.reflect.DelegatingMethodAccessorImpl.invoke(DelegatingMethodAccessorImpl.java:43)
	at java.lang.reflect.Method.invoke(Method.java:498)
	at org.junit.runners.model.FrameworkMethod$1.runReflectiveCall(FrameworkMethod.java:47)
	at org.junit.internal.runners.model.ReflectiveCallable.run(ReflectiveCallable.java:12)
	at org.junit.runners.model.FrameworkMethod.invokeExplosively(FrameworkMethod.java:44)
	at org.junit.internal.runners.statements.InvokeMethod.evaluate(InvokeMethod.java:17)
	at org.junit.runners.ParentRunner.runLeaf(ParentRunner.java:271)
	at org.junit.runners.BlockJUnit4ClassRunner.runChild(BlockJUnit4ClassRunner.java:70)
	at org.junit.runners.BlockJUnit4ClassRunner.runChild(BlockJUnit4ClassRunner.java:50)
	at org.junit.runners.ParentRunner$3.run(ParentRunner.java:238)
	at org.junit.runners.ParentRunner$1.schedule(ParentRunner.java:63)
	at org.junit.runners.ParentRunner.runChildren(ParentRunner.java:236)
	at org.junit.runners.ParentRunner.access$000(ParentRunner.java:53)
	at org.junit.runners.ParentRunner$2.evaluate(ParentRunner.java:229)
	at org.junit.runners.ParentRunner.run(ParentRunner.java:309)
	at org.junit.runners.Suite.runChild(Suite.java:127)
	at org.junit.runners.Suite.runChild(Suite.java:26)
	at org.junit.runners.ParentRunner$3.run(ParentRunner.java:238)
	at org.junit.runners.ParentRunner$1.schedule(ParentRunner.java:63)
	at org.junit.runners.ParentRunner.runChildren(ParentRunner.java:236)
	at org.junit.runners.ParentRunner.access$000(ParentRunner.java:53)
	at org.junit.runners.ParentRunner$2.evaluate(ParentRunner.java:229)
	at org.junit.internal.runners.statements.RunBefores.evaluate(RunBefores.java:26)
	at org.junit.runners.ParentRunner.run(ParentRunner.java:309)
	at com.google.testing.junit.runner.internal.junit4.CancellableRequestFactory$CancellableRunner.run(CancellableRequestFactory.java:89)
	at org.junit.runner.JUnitCore.run(JUnitCore.java:160)
	at org.junit.runner.JUnitCore.run(JUnitCore.java:138)
	at com.google.testing.junit.runner.junit4.JUnit4Runner.run(JUnit4Runner.java:112)
	at com.google.testing.junit.runner.BazelTestRunner.runTestsInSuite(BazelTestRunner.java:144)
	at com.google.testing.junit.runner.BazelTestRunner.main(BazelTestRunner.java:82)
35) testEciesCorruptAesCbc(com.google.security.wycheproof.EciesTest)
java.security.InvalidKeyException: Illegal key size or default parameters
	at javax.crypto.Cipher.checkCryptoPerm(Cipher.java:1026)
	at javax.crypto.Cipher.implInit(Cipher.java:801)
	at javax.crypto.Cipher.chooseProvider(Cipher.java:864)
	at javax.crypto.Cipher.init(Cipher.java:1249)
	at javax.crypto.Cipher.init(Cipher.java:1186)
	at com.google.security.wycheproof.EciesTest.testExceptions(EciesTest.java:183)
	at com.google.security.wycheproof.EciesTest.testEciesCorruptAesCbc(EciesTest.java:213)
	at sun.reflect.NativeMethodAccessorImpl.invoke0(Native Method)
	at sun.reflect.NativeMethodAccessorImpl.invoke(NativeMethodAccessorImpl.java:62)
	at sun.reflect.DelegatingMethodAccessorImpl.invoke(DelegatingMethodAccessorImpl.java:43)
	at java.lang.reflect.Method.invoke(Method.java:498)
	at org.junit.runners.model.FrameworkMethod$1.runReflectiveCall(FrameworkMethod.java:47)
	at org.junit.internal.runners.model.ReflectiveCallable.run(ReflectiveCallable.java:12)
	at org.junit.runners.model.FrameworkMethod.invokeExplosively(FrameworkMethod.java:44)
	at org.junit.internal.runners.statements.InvokeMethod.evaluate(InvokeMethod.java:17)
	at org.junit.runners.ParentRunner.runLeaf(ParentRunner.java:271)
	at org.junit.runners.BlockJUnit4ClassRunner.runChild(BlockJUnit4ClassRunner.java:70)
	at org.junit.runners.BlockJUnit4ClassRunner.runChild(BlockJUnit4ClassRunner.java:50)
	at org.junit.runners.ParentRunner$3.run(ParentRunner.java:238)
	at org.junit.runners.ParentRunner$1.schedule(ParentRunner.java:63)
	at org.junit.runners.ParentRunner.runChildren(ParentRunner.java:236)
	at org.junit.runners.ParentRunner.access$000(ParentRunner.java:53)
	at org.junit.runners.ParentRunner$2.evaluate(ParentRunner.java:229)
	at org.junit.runners.ParentRunner.run(ParentRunner.java:309)
	at org.junit.runners.Suite.runChild(Suite.java:127)
	at org.junit.runners.Suite.runChild(Suite.java:26)
	at org.junit.runners.ParentRunner$3.run(ParentRunner.java:238)
	at org.junit.runners.ParentRunner$1.schedule(ParentRunner.java:63)
	at org.junit.runners.ParentRunner.runChildren(ParentRunner.java:236)
	at org.junit.runners.ParentRunner.access$000(ParentRunner.java:53)
	at org.junit.runners.ParentRunner$2.evaluate(ParentRunner.java:229)
	at org.junit.internal.runners.statements.RunBefores.evaluate(RunBefores.java:26)
	at org.junit.runners.ParentRunner.run(ParentRunner.java:309)
	at com.google.testing.junit.runner.internal.junit4.CancellableRequestFactory$CancellableRunner.run(CancellableRequestFactory.java:89)
	at org.junit.runner.JUnitCore.run(JUnitCore.java:160)
	at org.junit.runner.JUnitCore.run(JUnitCore.java:138)
	at com.google.testing.junit.runner.junit4.JUnit4Runner.run(JUnit4Runner.java:112)
	at com.google.testing.junit.runner.BazelTestRunner.runTestsInSuite(BazelTestRunner.java:144)
	at com.google.testing.junit.runner.BazelTestRunner.main(BazelTestRunner.java:82)
36) testByteBufferAlias(com.google.security.wycheproof.EciesTest)
java.security.InvalidKeyException: Illegal key size or default parameters
	at javax.crypto.Cipher.checkCryptoPerm(Cipher.java:1026)
	at javax.crypto.Cipher.implInit(Cipher.java:801)
	at javax.crypto.Cipher.chooseProvider(Cipher.java:864)
	at javax.crypto.Cipher.init(Cipher.java:1249)
	at javax.crypto.Cipher.init(Cipher.java:1186)
	at com.google.security.wycheproof.EciesTest.testByteBufferAlias(EciesTest.java:394)
	at sun.reflect.NativeMethodAccessorImpl.invoke0(Native Method)
	at sun.reflect.NativeMethodAccessorImpl.invoke(NativeMethodAccessorImpl.java:62)
	at sun.reflect.DelegatingMethodAccessorImpl.invoke(DelegatingMethodAccessorImpl.java:43)
	at java.lang.reflect.Method.invoke(Method.java:498)
	at org.junit.runners.model.FrameworkMethod$1.runReflectiveCall(FrameworkMethod.java:47)
	at org.junit.internal.runners.model.ReflectiveCallable.run(ReflectiveCallable.java:12)
	at org.junit.runners.model.FrameworkMethod.invokeExplosively(FrameworkMethod.java:44)
	at org.junit.internal.runners.statements.InvokeMethod.evaluate(InvokeMethod.java:17)
	at org.junit.runners.ParentRunner.runLeaf(ParentRunner.java:271)
	at org.junit.runners.BlockJUnit4ClassRunner.runChild(BlockJUnit4ClassRunner.java:70)
	at org.junit.runners.BlockJUnit4ClassRunner.runChild(BlockJUnit4ClassRunner.java:50)
	at org.junit.runners.ParentRunner$3.run(ParentRunner.java:238)
	at org.junit.runners.ParentRunner$1.schedule(ParentRunner.java:63)
	at org.junit.runners.ParentRunner.runChildren(ParentRunner.java:236)
	at org.junit.runners.ParentRunner.access$000(ParentRunner.java:53)
	at org.junit.runners.ParentRunner$2.evaluate(ParentRunner.java:229)
	at org.junit.runners.ParentRunner.run(ParentRunner.java:309)
	at org.junit.runners.Suite.runChild(Suite.java:127)
	at org.junit.runners.Suite.runChild(Suite.java:26)
	at org.junit.runners.ParentRunner$3.run(ParentRunner.java:238)
	at org.junit.runners.ParentRunner$1.schedule(ParentRunner.java:63)
	at org.junit.runners.ParentRunner.runChildren(ParentRunner.java:236)
	at org.junit.runners.ParentRunner.access$000(ParentRunner.java:53)
	at org.junit.runners.ParentRunner$2.evaluate(ParentRunner.java:229)
	at org.junit.internal.runners.statements.RunBefores.evaluate(RunBefores.java:26)
	at org.junit.runners.ParentRunner.run(ParentRunner.java:309)
	at com.google.testing.junit.runner.internal.junit4.CancellableRequestFactory$CancellableRunner.run(CancellableRequestFactory.java:89)
	at org.junit.runner.JUnitCore.run(JUnitCore.java:160)
	at org.junit.runner.JUnitCore.run(JUnitCore.java:138)
	at com.google.testing.junit.runner.junit4.JUnit4Runner.run(JUnit4Runner.java:112)
	at com.google.testing.junit.runner.BazelTestRunner.runTestsInSuite(BazelTestRunner.java:144)
	at com.google.testing.junit.runner.BazelTestRunner.main(BazelTestRunner.java:82)
37) testExceptionsPKCS1(com.google.security.wycheproof.RsaEncryptionTest)
java.lang.AssertionError: Exceptions leak information about the padding for RSA/ECB/PKCS1PADDING
	at org.junit.Assert.fail(Assert.java:88)
	at com.google.security.wycheproof.RsaEncryptionTest.testExceptions(RsaEncryptionTest.java:138)
	at com.google.security.wycheproof.RsaEncryptionTest.testExceptionsPKCS1(RsaEncryptionTest.java:149)
	at sun.reflect.NativeMethodAccessorImpl.invoke0(Native Method)
	at sun.reflect.NativeMethodAccessorImpl.invoke(NativeMethodAccessorImpl.java:62)
	at sun.reflect.DelegatingMethodAccessorImpl.invoke(DelegatingMethodAccessorImpl.java:43)
	at java.lang.reflect.Method.invoke(Method.java:498)
	at org.junit.runners.model.FrameworkMethod$1.runReflectiveCall(FrameworkMethod.java:47)
	at org.junit.internal.runners.model.ReflectiveCallable.run(ReflectiveCallable.java:12)
	at org.junit.runners.model.FrameworkMethod.invokeExplosively(FrameworkMethod.java:44)
	at org.junit.internal.runners.statements.InvokeMethod.evaluate(InvokeMethod.java:17)
	at org.junit.runners.ParentRunner.runLeaf(ParentRunner.java:271)
	at org.junit.runners.BlockJUnit4ClassRunner.runChild(BlockJUnit4ClassRunner.java:70)
	at org.junit.runners.BlockJUnit4ClassRunner.runChild(BlockJUnit4ClassRunner.java:50)
	at org.junit.runners.ParentRunner$3.run(ParentRunner.java:238)
	at org.junit.runners.ParentRunner$1.schedule(ParentRunner.java:63)
	at org.junit.runners.ParentRunner.runChildren(ParentRunner.java:236)
	at org.junit.runners.ParentRunner.access$000(ParentRunner.java:53)
	at org.junit.runners.ParentRunner$2.evaluate(ParentRunner.java:229)
	at org.junit.runners.ParentRunner.run(ParentRunner.java:309)
	at org.junit.runners.Suite.runChild(Suite.java:127)
	at org.junit.runners.Suite.runChild(Suite.java:26)
	at org.junit.runners.ParentRunner$3.run(ParentRunner.java:238)
	at org.junit.runners.ParentRunner$1.schedule(ParentRunner.java:63)
	at org.junit.runners.ParentRunner.runChildren(ParentRunner.java:236)
	at org.junit.runners.ParentRunner.access$000(ParentRunner.java:53)
	at org.junit.runners.ParentRunner$2.evaluate(ParentRunner.java:229)
	at org.junit.internal.runners.statements.RunBefores.evaluate(RunBefores.java:26)
	at org.junit.runners.ParentRunner.run(ParentRunner.java:309)
	at com.google.testing.junit.runner.internal.junit4.CancellableRequestFactory$CancellableRunner.run(CancellableRequestFactory.java:89)
	at org.junit.runner.JUnitCore.run(JUnitCore.java:160)
	at org.junit.runner.JUnitCore.run(JUnitCore.java:138)
	at com.google.testing.junit.runner.junit4.JUnit4Runner.run(JUnit4Runner.java:112)
	at com.google.testing.junit.runner.BazelTestRunner.runTestsInSuite(BazelTestRunner.java:144)
	at com.google.testing.junit.runner.BazelTestRunner.main(BazelTestRunner.java:82)

FAILURES!!!
Tests run: 90,  Failures: 37


BazelTestRunner exiting with a return value of 1
JVM shutdown hooks (if any) will run now.
The JVM will exit once they complete.

-- JVM shutdown starting at 2018-04-06 18:52:14 --

